ARM GAS  /tmp/cceIpWFB.s 			page 1


   1              		.cpu cortex-m3
   2              		.eabi_attribute 20, 1
   3              		.eabi_attribute 21, 1
   4              		.eabi_attribute 23, 3
   5              		.eabi_attribute 24, 1
   6              		.eabi_attribute 25, 1
   7              		.eabi_attribute 26, 1
   8              		.eabi_attribute 30, 2
   9              		.eabi_attribute 34, 1
  10              		.eabi_attribute 18, 4
  11              		.file	"board.c"
  12              		.section	.gnu.lto_.profile.78fa3354bfb20784,"",%progbits
  13 0000 789C6363 		.ascii	"x\234cc```\001bF\006>f\000\000\227\000\035"
  13      60606001 
  13      6246063E 
  13      66000097 
  13      001D
  14              		.text
  15              		.section	.gnu.lto_.icf.78fa3354bfb20784,"",%progbits
  16 0000 789C6363 		.ascii	"x\234cc``\020a@\000f\206\023/^\356gf<\361\270\177\012"
  16      60601061 
  16      40006686 
  16      132F5EEE 
  16      67663CF1 
  17 0017 0BD3A70D 		.ascii	"\013\323\247\015\223\2339\030\000fB\011\016"
  17      939B3918 
  17      00664209 
  17      0E
  18              		.text
  19              		.section	.gnu.lto_.jmpfuncs.78fa3354bfb20784,"",%progbits
  20 0000 789C6363 		.ascii	"x\234cc``\340d@\000&\020\301\010\304\000\001\202\000"
  20      6060E064 
  20      40002610 
  20      C108C400 
  20      018200
  21 0013 13       		.ascii	"\023"
  22              		.text
  23              		.section	.gnu.lto_.inline.78fa3354bfb20784,"",%progbits
  24 0000 789C6363 		.ascii	"x\234cc``\320f@\000&\006\006\026\036F\020\305\300\266"
  24      6060D066 
  24      40002606 
  24      06161E46 
  24      10C5C0B6 
  25 0014 401E4431 		.ascii	"@\036D10r\201\010\006f&Ta\006\000-\266\001\351"
  25      30728108 
  25      06662654 
  25      6106002D 
  25      B601E9
  26              		.text
  27              		.section	.gnu.lto_.pureconst.78fa3354bfb20784,"",%progbits
  28 0000 789C6363 		.ascii	"x\234cc```\005b&\006\011F\006\000\000\334\000'"
  28      60606005 
  28      62260609 
  28      46060000 
  28      DC0027
  29              		.text
  30              		.section	.gnu.lto___early_init.78fa3354bfb20784,"",%progbits
ARM GAS  /tmp/cceIpWFB.s 			page 2


  31 0000 789C6363 		.ascii	"x\234cc``X\001\304f@,\015\304\214\314\014\214L\023\316"
  31      60605801 
  31      C466402C 
  31      0DC48CCC 
  31      0C8C4C13 
  32 0015 31303472 		.ascii	"104r012\202\030\015\034\214\014\365L\214\365\214=\314"
  32      30313282 
  32      180D1C8C 
  32      0CF54C8C 
  32      F58C3DCC 
  33 0029 5398190F 		.ascii	"S\230\031\017\265?\333\311\244\271\274\001\010\016L"
  33      B53FDBC9 
  33      A4B9BC01 
  33      080E4C
  34 0038 DF20D9B0 		.ascii	"\337 \331\260\342\000\343\034f\006\206i@\014\002\214"
  34      E200E31C 
  34      66068669 
  34      400C028C 
  35 0048 9B193519 		.ascii	"\233\0315\031\200\312\036m\3747\225\227\215\005\"\316"
  35      80CA1E6D 
  35      FC379597 
  35      8D0522CE 
  36 0058 B885918D 		.ascii	"\270\205\221\215\201\021\310X\177\211\365@\303\277\377"
  36      8111C858 
  36      7F89F540 
  36      C3BFFF
  37 0067 ED0D07CE 		.ascii	"\355\015\007\316,f\334\316\012\224\353\000b\240%\015"
  37      2C66DCCE 
  37      0A94EB00 
  37      62A0250D 
  38 0077 07183A99 		.ascii	"\007\030:\231\231@\254\346\003\014o\030\233\027\274"
  38      9940ACE6 
  38      030C6F18 
  38      9B17BC
  39 0086 96026B02 		.ascii	"\226\002k\002\232\264s\347\233\333\354\365\177\0338"
  39      9AB473E7 
  39      9BDBECF5 
  39      7F1B38
  40 0095 E630334E 		.ascii	"\34603Nc\006\232\302\270\225\261\236a\016P\365;\306"
  40      63069AC2 
  40      B895B19E 
  40      610E50F5 
  40      3BC6
  41 00a7 A605EFB9 		.ascii	"\246\005\357\271\300\352@\240\003(\0114\200\211\201"
  41      C0EA40A0 
  41      03280934 
  41      808981
  42 00b6 C1444FDF 		.ascii	"\301DO\3379#3)\323?X?\277X?#1G?)?\261(\245X?8\304\327"
  42      39233329 
  42      D33F583F 
  42      BF583F23 
  42      31473F29 
  43 00d3 D8C8CDD0 		.ascii	"\330\310\315\320\300\330\331\"\336\327\323\317\323\327"
  43      C0D8D922 
  43      DED7D3CF 
  43      D3D7
  44 00e1 D10722A5 		.ascii	"\321\007\"\245\227\314\000\000*\351I\303"
ARM GAS  /tmp/cceIpWFB.s 			page 3


  44      97CC0000 
  44      2AE949C3 
  45              		.text
  46              		.section	.gnu.lto_boardInit.78fa3354bfb20784,"",%progbits
  47 0000 789C6363 		.ascii	"x\234cc``\250\003b3 \226\006bFf\006F\246\011\347\030"
  47      6060A803 
  47      62332096 
  47      06624666 
  47      0646A609 
  48 0016 181A3998 		.ascii	"\030\0329\230\030\031A\214\006\016F\206z&\306z\306\036"
  48      1819418C 
  48      060E4686 
  48      7A26C67A 
  48      C61E
  49 0028 E629CC8C 		.ascii	"\346)\314\214\207\332\237\355d\322\\\336\000\004\007"
  49      87DA9FED 
  49      64D25CDE 
  49      000407
  50 0037 A65F906C 		.ascii	"\246_\220lXq\200q\0163\003\3034 \006\001\306\315\214"
  50      58718071 
  50      0E3303C3 
  50      34200601 
  50      C6CD8C
  51 004a 9A0C4065 		.ascii	"\232\014@e\2176\376\233\312\313\306\002\021g\334\302"
  51      8F36FE9B 
  51      CACBC602 
  51      1167DCC2 
  52 005a C8C6C008 		.ascii	"\310\306\300\010d\254\277\304z\240\341\337\377\366\206"
  52      64ACBFC4 
  52      7AA0E1DF 
  52      FFF686
  53 0069 035F1631 		.ascii	"\003_\0261^feb`\350\000\312\003-i8\300\320\311\314\004"
  53      5E666562 
  53      60E800CA 
  53      032D6938 
  53      C0D0C9CC 
  54 007e 62351F60 		.ascii	"b5\037`x\307\330\244\000\326\002\002\035\314\214 a\240"
  54      78C7D8A4 
  54      00D60202 
  54      1DCC8C20 
  54      61A0
  55 0090 52133D7D 		.ascii	"R\023=}\347\214\314\244L\377`\375\374b\375\214\304\034"
  55      E78CCCA4 
  55      4CFF60FD 
  55      FC62FD8C 
  55      C41C
  56 00a2 FDA4FCC4 		.ascii	"\375\244\374\304\242\224b\375\340\020_c#7C\003cg\213"
  56      A29462FD 
  56      E0105F63 
  56      23374303 
  56      63678B
  57 00b5 785F4F3F 		.ascii	"x_O?O_G\037\210\224^2\003\000E\205;\304"
  57      4F5F471F 
  57      88945E32 
  57      03004585 
  57      3BC4
  58              		.text
ARM GAS  /tmp/cceIpWFB.s 			page 4


  59              		.section	.gnu.lto_pal_default_config.78fa3354bfb20784,"",%progbits
  60 0000 789C6363 		.ascii	"x\234cc``\360cd`\000\"0\230\302\314xp\323\204U\314\335"
  60      6060F063 
  60      64600022 
  60      3098C2CC 
  60      7870D384 
  61 0017 CC739819 		.ascii	"\314s\230\031\030;&.:\302\001\024\272{b\345j\250\320"
  61      183B262E 
  61      3AC20114 
  61      BA7B62E5 
  61      6AA8D0
  62 002a 7F20E007 		.ascii	"\177 \340\007\012}\271\177\355\006\267\305\266\206\216"
  62      0A7DB97F 
  62      ED06B7C5 
  62      B6868E
  63 0039 050D0673 		.ascii	"\005\015\006s\230\031\247\002\245\2660\312Lefd\334\014"
  63      9819A702 
  63      A5B630CA 
  63      4C656664 
  63      DC0C
  64 004b A2984014 		.ascii	"\242\230@\024\310\264?S^o\342\200h=2\001b\332\306\315"
  64      C8B43F53 
  64      5E6FE280 
  64      683D3201 
  64      62DAC6CD 
  65 005f B3FF3362 		.ascii	"\263\3773b\325\272\015E\353\213\2773\017\363\300\034"
  65      D5BA0D45 
  65      EB8BBF33 
  65      0FF3C01C 
  66 006f F2E82048 		.ascii	"\362\350 H\353\241\263K\037r\341\263u\007D+\261\256"
  66      EBA1B34B 
  66      1F72E1B3 
  66      7507442B 
  66      B1AE
  67 0081 2356DDC5 		.ascii	"#V\335\3059'\373\371!\352\002\34603Meff\334\315h1\225"
  67      3927FBF9 
  67      21EA02E6 
  67      30334D65 
  67      6666DCCD 
  68 0098 99857117 		.ascii	"\231\205q\027\210be\334\011\242\330\030\267\203(v\306"
  68      886265DC 
  68      09A2D818 
  68      B7832876 
  68      C6
  69 00a9 AD8C160C 		.ascii	"\255\214\026\014\214{\200\004\000\341\331lf"
  69      8C7B8004 
  69      00E1D96C 
  69      66
  70              		.text
  71              		.section	.gnu.lto_.symbol_nodes.78fa3354bfb20784,"",%progbits
  72 0000 789C6363 		.ascii	"x\234cc``\360\000b\006\246V\246z\006\206\011\347\030"
  72      6060F000 
  72      6206A656 
  72      A67A0686 
  72      09E718
  73 0013 1880D4AE 		.ascii	"\030\200\324\256\006G\240H\033S=#\212\010k\013\023C"
  73      0647A048 
ARM GAS  /tmp/cceIpWFB.s 			page 5


  73      1B533D23 
  73      8A086B0B 
  73      1343
  74 0025 A3125031 		.ascii	"\243\022P1c;S=\023X\212\201\241\241\301\201\201\201"
  74      633B533D 
  74      13588A81 
  74      A1A1C181 
  74      8181
  75 0037 1908973C 		.ascii	"\031\010\227<\370\307\310\000\000b!\020q"
  75      F8C7C800 
  75      00622110 
  75      71
  76              		.text
  77              		.section	.gnu.lto_.refs.78fa3354bfb20784,"",%progbits
  78 0000 789C6363 		.ascii	"x\234cc```\004b\006\000\000D\000\010"
  78      60606004 
  78      62060000 
  78      440008
  79              		.text
  80              		.section	.gnu.lto_.decls.78fa3354bfb20784,"",%progbits
  81 0000 789C9D55 		.ascii	"x\234\235UmL\223W\024\276\347\275P\2410K`Y\374\3412"
  81      6D4C9357 
  81      14BEE7BD 
  81      50A1304B 
  81      6059FCE1 
  82 0015 626AEC1F 		.ascii	"bj\354\037\251\310\262\370cY\342ps$\240$n\177\366c\265"
  82      A9C8B2F8 
  82      6359E270 
  82      7324A024 
  82      6E7FF663 
  83 002a 962ACD6A 		.ascii	"\226*\315jK\332\262iL\266\027\301\314!\031:\3112\335"
  83      4BDAB269 
  83      4CB617C1 
  83      CC21193A 
  83      C932DD
  84 003d 18C4CFA1 		.ascii	"\030\304\317\241fb\224\251\024\241\350\370\320\011*"
  84      666294A9 
  84      14A1E8F8 
  84      D0092A
  85 004c 5314C747 		.ascii	"S\024\307G\375\240T\005th4~Dv\356\275o\373\326\002\316"
  85      FDA05405 
  85      7468347E 
  85      4476EEBD 
  85      6FFBD602 
  86 0061 EC86D3FB 		.ascii	"\354\206\323\373\236{\237\363<\347\236s\337\027\015"
  86      9E7B9FF3 
  86      3CE79E73 
  86      DF170D
  87 0070 21C41047 		.ascii	"!\304\020GH?\020\322\213\317\3438bpn&\352\240h^\264"
  87      483F10D2 
  87      8BCFE338 
  87      62706E26 
  87      EAA0685E 
  88 0085 13684D68 		.ascii	"\023hMh\010%\243\344\305\361%\010\334r\264\273h\365"
  88      0825A3E4 
  88      C5F12508 
  88      DC72B4BB 
ARM GAS  /tmp/cceIpWFB.s 			page 6


  88      68F5
  89 0097 CABAA4C4 		.ascii	"\312\272\244\3046\221\211c\035\010\256\345\212\017\212"
  89      36918963 
  89      1D08AEE5 
  89      8A0F8A
  90 00a6 46F4E853 		.ascii	"F\364\350S\270\347\020\221\343\010\032\246L\272\321"
  90      B8E71091 
  90      E3081AA6 
  90      4CBAD1
  91 00b5 2EA35D41 		.ascii	".\243]A\033B\273\205v\003\355&\332\340$<lTP\250o>\321"
  91      1B42BB85 
  91      7603ED26 
  91      DAE0243C 
  91      6C5450A8 
  92 00cc 9430007D 		.ascii	"\2240\000}\200\271A\222P\006\361\21333\356\217\207\006"
  92      80B94192 
  92      5006F18B 
  92      3333EE8F 
  92      8706
  93 00de 88755C95 		.ascii	"\210u\\\225\304\244@\231\023\012\201\360\212\244pH!"
  93      C4A44099 
  93      130A81F0 
  93      8AA47048 
  93      21
  94 00ef 5EFEA710 		.ascii	"^\376\247\020@$\253\330\027r\241!\252 \036\"\342\304"
  94      4024ABD8 
  94      1772A121 
  94      AA201E22 
  94      E2C4
  95 0101 92A48A45 		.ascii	"\222\244\212E\204L\310\225\204\267\303I\251\207\004"
  95      844CC895 
  95      84B7C349 
  95      A98704
  96 0110 A508876E 		.ascii	"\245\010\207n\016\224I~\300\266\303\247\204l\216\263"
  96      0E94497E 
  96      C0B6C3A7 
  96      846C8EB3 
  97 0120 035BFD67 		.ascii	"\003[\375g\244\274SG%\376<8\372\353m\240:\376\274\367"
  97      A4BC5347 
  97      25FE3C38 
  97      FAEB6DA0 
  97      3AFEBCF7 
  98 0134 D140374D 		.ascii	"\321@7M; \213\021\267\211\022\370\035h\250\240-\343"
  98      3B208B11 
  98      B78912F8 
  98      1D68A8A0 
  98      2DE3
  99 0146 8F7CBA4D 		.ascii	"\217|\272M\024\222\265 \241\333u\357le\002\272\257k"
  99      1492B520 
  99      A1DB75EF 
  99      6C6502BA 
  99      AF6B
 100 0158 2109DD03 		.ascii	"!\011\335\003e\343\025\2613~`\201\233\213\345$\011\226"
 100      65E315B1 
 100      337E6081 
 100      9B8BE524 
 100      0996
ARM GAS  /tmp/cceIpWFB.s 			page 7


 101 016a BF01C761 		.ascii	"\277\001\307a&\034\203\231\230N=\314\300_G\214`\012"
 101      261C8399 
 101      984E3DCC 
 101      C05F478C 
 101      600A
 102 017c 965DB82F 		.ascii	"\226]\270/\315\252\226\253\375\262oh[\352\340\021Y\336"
 102      CDAA96AB 
 102      FDB26F68 
 102      5BEAE011 
 102      59DE
 103 018e 8071310C 		.ascii	"\200q1\014\006u@\341(\244\261C\3241q8\002~\200\3030"
 103      067540E1 
 103      28A4B143 
 103      D4317138 
 103      027E80C3 
 104 01a3 8067F0C2 		.ascii	"\200g\360\302,\014?\033\350[G\213\200\247\274\273\241"
 104      2C0C3F1B 
 104      E85B478B 
 104      80A7BCBB 
 104      A1
 105 01b4 E5DB58A4 		.ascii	"\345\333X\244\252E\252\223{\250\\\201<I\234\247A\345"
 105      AA45AA93 
 105      7BA85C81 
 105      3C499CA7 
 105      41E5
 106 01c6 6988E639 		.ascii	"i\210\3469\301y\344\240\267WG7\011\242\362}\245\215"
 106      C179E4A0 
 106      B7574737 
 106      09A2F27D 
 106      A58D
 107 01d8 F148E497 		.ascii	"\361H\344\2271\247\375\006omP\336\250\345\211C\243\312"
 107      31A7FD06 
 107      6F6D50DE 
 107      A8E58943 
 107      A3CA
 108 01ea D4A89403 		.ascii	"\324\250\224\003\2328C\373\251\337\036&\320N\205\241"
 108      9A3843FB 
 108      A9DF1E26 
 108      D04E85A1 
 109 01fa B8FF2B51 		.ascii	"\270\377+Q\236w\321+\373q\357f\215(\217\237\242\357"
 109      9E77D12B 
 109      FB71EF66 
 109      8D288F9F 
 109      A2EF
 110 020c 3DDAD01A 		.ascii	"=\332\320\032+\266\347\241\3734X\321\003\302MDw\275"
 110      2BB6E7A1 
 110      FB3458D1 
 110      03C24D44 
 110      77BD
 111 021e B7678B4E 		.ascii	"\267g\213NA\363\016ul\2771]\370\251\021n\262p\277+?"
 111      41F30E75 
 111      6CBF315D 
 111      F8A9116E 
 111      B270BF2B 
 112 0233 7C484BAF 		.ascii	"|HK\257\011\331\355\336\007g\024\3428t/\224\324\376"
 112      09D9EDDE 
 112      076714E2 
ARM GAS  /tmp/cceIpWFB.s 			page 8


 112      38742F94 
 112      D4FE
 113 0245 4C851B83 		.ascii	"L\205\033\203\356\316\226\372'\0114(\240}\3555\373\331"
 113      EECE96FA 
 113      27093428 
 113      A07DED35 
 113      FBD9
 114 0257 DE1C2DB0 		.ascii	"\336\034-\260[\244\303\245\203\303\307\037\277&\226"
 114      5BA4C3A5 
 114      83C3C71F 
 114      BF2696
 115 0266 18A2AB7C 		.ascii	"\030\242\253|l\3274:\314\341\322@\317\323\336\351\240"
 115      6CD7343A 
 115      CCE1D240 
 115      CFD3DEE9 
 115      A0
 116 0277 356C94E5 		.ascii	"5l\224\345\365ru\261\034\377\021\201Vl\351\031l)\234"
 116      F57275B1 
 116      1CFF1181 
 116      566CE919 
 116      6C299C
 117 028a 07030B62 		.ascii	"\007\003\013bu\201\016\\<\213\213{X\367}\343\215\357"
 117      75810E5C 
 117      3C8B8B7B 
 117      58F77DE3 
 117      8DEF
 118 029c 6D1B93E5 		.ascii	"m\033\223\345T8\007Z\350Tk7G+\272_\263k\313\016\015"
 118      5438075A 
 118      E8546B37 
 118      472BBA5F 
 118      B36BCB0E 
 119 02b1 ADE5D74F 		.ascii	"\255\345\327O\362\3764\330\"M\245\361\327\224\032\347"
 119      F2FE34D8 
 119      224DA5F1 
 119      D7941AE7 
 120 02c1 CECD6AC5 		.ascii	"\316\315j\305+#A\027j\\P5PR\210\\\257\357-\222\350\220"
 120      2B234117 
 120      6A5C5035 
 120      5052885C 
 120      AFEF2D92 
 121 02d7 B8E3CF4B 		.ascii	"\270\343\317K\033\356Qz\207;\261\355\017\036\026'\202"
 121      1BEE517A 
 121      873BB1ED 
 121      0F1E1627 
 121      82
 122 02e8 5EAF4F31 		.ascii	"^\257O1\354`\242\276\361>CeWP\226\277O\344l\027\221"
 122      EC60A2BE 
 122      F13E4365 
 122      575096BF 
 122      4FE46C17 
 123 02fd AD0752D4 		.ascii	"\255\007R\324,\214\354\002\247\343\017\021\370\353o"
 123      2C8CEC02 
 123      A7E30F11 
 123      F8EB6F
 124 030c 6E977D25 		.ascii	"n\227}%\224\203\377\234\024\334\012*z,\002})\032}\032"
 124      9483FF9C 
 124      14DC0A2A 
ARM GAS  /tmp/cceIpWFB.s 			page 9


 124      7A2C027D 
 124      291A7D1A 
 125 0320 C2DC5BF8 		.ascii	"\302\334[\370\233\203\0061\004Z\020\360\007\337cp<\033"
 125      9B830631 
 125      045A10F0 
 125      07DF6370 
 125      3C1B
 126 0332 5CC55274 		.ascii	"\\\305Rt\203\036.\243]\001=\277\204\242\024\255\225"
 126      831E2EA3 
 126      5D013DBF 
 126      84A214AD 
 126      95
 127 0343 C94518C5 		.ascii	"\311E\030\305\220D)\203\362\3026=/9\257\241{(/t[\315"
 127      90442983 
 127      F2C2363D 
 127      2F39AFA1 
 127      7B282F74 
 128 0359 BE0E8014 		.ascii	"\276\016\200\024\303\244:\370\2254\274\202\324\363J"
 128      C3A43AF8 
 128      9534BC82 
 128      D4F34A
 129 0368 0D7E16A0 		.ascii	"\015~\026\240\027\201\177\2535g\302\\o\264d\320\237"
 129      17817FAB 
 129      3567C25C 
 129      6FB464D0 
 129      9F
 130 0379 20AEDE0C 		.ascii	" \256\336\014t\353:\216\365\307\322\343\\\036z\307\272"
 130      74EB3A8E 
 130      F5C7D2E3 
 130      5C1E7AC7 
 130      BA
 131 038a BF49A03E 		.ascii	"\277I\240>\341\034|V\261WC\333\204SZ\267u\247\216vr"
 131      E11C7C56 
 131      B15743DB 
 131      84535AB7 
 131      75A78E76 
 132 039f 67DA865F 		.ascii	"g\332\206_\332*\247\361\346\350\015\372\035\\\364aU"
 132      DA2AA7F1 
 132      E6E80DFA 
 132      1D5CF461 
 132      55
 133 03b0 F256596E 		.ascii	"\362VYn\237\307e\007P6\200s8\361~\210\354\016\302O\032"
 133      9FC76507 
 133      50368073 
 133      38F17E88 
 133      EC0EC24F 
 134 03c5 8A78BD19 		.ascii	"\212x\275\031\272=\032\335\006/\264\007\341W#\340\327"
 134      BA3D1ADD 
 134      062FB407 
 134      E15723E0 
 134      D7
 135 03d6 A3E1A7A6 		.ascii	"\243\341\247\246h\317I\0044\363\275\200R\263 \326l\010"
 135      68CF4904 
 135      34F3BD80 
 135      52B320D6 
 135      6C08
 136 03e8 EB750BED 		.ascii	"\353u\013\355\006\332M\264A\245vB\250\353-U\350Z\264"
ARM GAS  /tmp/cceIpWFB.s 			page 10


 136      06DA4DB4 
 136      41A57642 
 136      A8EB2D55 
 136      E85AB4
 137 03fb 907AC594 		.ascii	"\220z\305\224\236V\211\236\006^\354\251`\012D\026\304"
 137      9E56899E 
 137      065EECA9 
 137      600A4416 
 137      C4
 138 040c 1F4D753A 		.ascii	"\037Mu:\342\210X\335\346\307\303\033t\364\222\270\003"
 138      E28858DD 
 138      E6C7C31B 
 138      74F492B8 
 138      03
 139 041d 0747EE7D 		.ascii	"\007G\356}\015\206\024\2411Z\303\2339\214\301\267\325"
 139      0D8614A1 
 139      315AC39B 
 139      398CC1B7 
 139      D5
 140 042e 66067833 		.ascii	"f\006x3'=-\334\301C\276\312\201Q\366\342\223\373\227"
 140      273D2DDC 
 140      C143BECA 
 140      8151F6E2 
 140      93FB97
 141 0441 74290ACD 		.ascii	"t)\012\315\306)i\310\3138\002\227\237\354\226f\357\224"
 141      C62969C8 
 141      CB380297 
 141      9FEC9666 
 141      EF94
 142 0453 6B7DECBF 		.ascii	"k}\354\277\204~\353n\344\002\030\301H\237\3107\242\017"
 142      847EEB6E 
 142      E40218C1 
 142      489FC837 
 142      A20F
 143 0465 6CE53389 		.ascii	"l\3453\211\300(\314\306\310\252gO\267MO,\015\177R\370"
 143      C028CCC6 
 143      C8AA674F 
 143      B74D4F2C 
 143      0D7F52F8 
 144 0479 573CF4D2 		.ascii	"W<\364\322\021\270\013\211\374\033\316\346D\223\311"
 144      11B80B89 
 144      FC1BCEE6 
 144      4493C9
 145 0488 6A76D9D7 		.ascii	"jv\331\327\232l\016\233'#\315\230\231o[a[\272\314\350"
 145      9A6C0E9B 
 145      2723CD98 
 145      996F5B61 
 145      5BBACCE8 
 146 049c 741BF3CD 		.ascii	"t\033\363\315v\343\012\247\331\225\3476.\3738'c\376"
 146      76E30AA7 
 146      D995E736 
 146      2EFB3827 
 146      63FE
 147 04ae 87E9F332 		.ascii	"\207\351\36322\027\230r\262\226d\345,\314\026[i\226"
 147      32179872 
 147      B29664E5 
 147      2CCC165B 
ARM GAS  /tmp/cceIpWFB.s 			page 11


 147      6996
 148 04c0 B8C54B3E 		.ascii	"\270\305K>I\315LO'o\377\217`\022\317\037\262P;\311\355"
 148      49CD4C4F 
 148      276FFF8F 
 148      6012CF1F 
 148      B2503BC9 
 149 04d5 599D31DF 		.ascii	"Y\2351\337d\261;-\237\363d\322'\360\0258]\036\205.D"
 149      64B13B2D 
 149      9FF364D2 
 149      27F01538 
 149      5D1E852E 
 150 04ea BA660DDB 		.ascii	"\272f\015\3331\331\355yi\371$\271\000\037\363\254+\315"
 150      31D9ED79 
 150      69F924B9 
 150      001FF3AC 
 150      2BCD
 151 04fc 85768FC9 		.ascii	"\205v\217\311\342t\254\264\255\322\344.Zd\366\230\251"
 151      E274ACB4 
 151      ADD2E42E 
 151      5A64F698 
 151      A9
 152 050d C565D79A 		.ascii	"\305e\327\232L\2056\207\0075<\013\214\205n\227\321\354"
 152      4C853687 
 152      07353C0B 
 152      8C856E97 
 152      D1EC
 153 051f 5A3DD7E1 		.ascii	"Z=\327\341tX\347Z\315+l|\305\346\260\330\013\363\254"
 153      7458E75A 
 153      CD2B6C7C 
 153      C5E6B0D8 
 153      0BF3AC
 154 0532 C6D5664B 		.ascii	"\306\325fK\276\315a5\206\311<k\013\254nT\210\0131\314"
 154      BECD6135 
 154      86C93C6B 
 154      0BAC6E54 
 154      880B31CC 
 155 0546 FD0F06F7 		.ascii	"\375\017\006\367Z\267\321\344\366\344!\034\303\2503"
 155      5AB7D1E4 
 155      F6E4211C 
 155      C3A833
 156 0555 CF8529E4 		.ascii	"\317\205)\344\277\363\322#eg/2.\316\315Z\372E:?S\201"
 156      BFF3D223 
 156      65672F32 
 156      2ECECD5A 
 156      FA453A3F 
 157 056b 7A2E519A 		.ascii	"z.Q\232U\0056\247\311m\365\024\026\230<\232\334Lv.M"
 157      550536A7 
 157      C96DF514 
 157      16983C9A 
 157      DC4C762E 
 158 0580 EEFB625A 		.ascii	"\356\373bZ(\246\017\330\024\237\2730;\223\237\376_N"
 158      28A60FD8 
 158      149FBB30 
 158      3B939FFE 
 158      5F4E
 159 0592 12F2F4   		.ascii	"\022\362\364"
 160              		.text
ARM GAS  /tmp/cceIpWFB.s 			page 12


 161              		.section	.gnu.lto_.symtab.78fa3354bfb20784,"",%progbits
 162 0000 5F5F6561 		.ascii	"__early_init\000"
 162      726C795F 
 162      696E6974 
 162      00
 163 000d 00       		.ascii	"\000"
 164 000e 00       		.ascii	"\000"
 165 000f 00       		.ascii	"\000"
 166 0010 00000000 		.ascii	"\000\000\000\000\000\000\000\000"
 166      00000000 
 167 0018 BB000000 		.ascii	"\273\000\000\000"
 168 001c 626F6172 		.ascii	"boardInit\000"
 168      64496E69 
 168      7400
 169 0026 00       		.ascii	"\000"
 170 0027 00       		.ascii	"\000"
 171 0028 00       		.ascii	"\000"
 172 0029 00000000 		.ascii	"\000\000\000\000\000\000\000\000"
 172      00000000 
 173 0031 BD000000 		.ascii	"\275\000\000\000"
 174 0035 70616C5F 		.ascii	"pal_default_config\000"
 174      64656661 
 174      756C745F 
 174      636F6E66 
 174      696700
 175 0048 00       		.ascii	"\000"
 176 0049 00       		.ascii	"\000"
 177 004a 00       		.ascii	"\000"
 178 004b 00000000 		.ascii	"\000\000\000\000\000\000\000\000"
 178      00000000 
 179 0053 EE000000 		.ascii	"\356\000\000\000"
 180 0057 73746D33 		.ascii	"stm32_clock_init\000"
 180      325F636C 
 180      6F636B5F 
 180      696E6974 
 180      00
 181 0068 00       		.ascii	"\000"
 182 0069 02       		.ascii	"\002"
 183 006a 00       		.ascii	"\000"
 184 006b 00000000 		.ascii	"\000\000\000\000\000\000\000\000"
 184      00000000 
 185 0073 BF000000 		.ascii	"\277\000\000\000"
 186              		.text
 187              		.section	.gnu.lto_.opts,"",%progbits
 188 0000 272D666D 		.ascii	"'-fmath-errno' '-fsigned-zeros' '-ftrapping-math' '"
 188      6174682D 
 188      6572726E 
 188      6F272027 
 188      2D667369 
 189 0033 2D666E6F 		.ascii	"-fno-trapv' '-fno-openmp' '-fno-openacc' '-mcpu=cor"
 189      2D747261 
 189      70762720 
 189      272D666E 
 189      6F2D6F70 
 190 0066 7465782D 		.ascii	"tex-m3' '-mthumb' '-O2' '-fomit-frame-pointer' '-fa"
 190      6D332720 
 190      272D6D74 
ARM GAS  /tmp/cceIpWFB.s 			page 13


 190      68756D62 
 190      2720272D 
 191 0099 6C69676E 		.ascii	"lign-functions=16' '-ffunction-sections' '-fdata-se"
 191      2D66756E 
 191      6374696F 
 191      6E733D31 
 191      36272027 
 192 00cc 6374696F 		.ascii	"ctions' '-fno-common' '-flto'\000"
 192      6E732720 
 192      272D666E 
 192      6F2D636F 
 192      6D6D6F6E 
 193              		.text
 194              		.comm	__gnu_lto_v1,1,1
 195              		.comm	__gnu_lto_slim,1,1
 196              		.ident	"GCC: (GNU) 7.3.0"
ARM GAS  /tmp/cceIpWFB.s 			page 14


DEFINED SYMBOLS
                            *ABS*:0000000000000000 board.c
                            *COM*:0000000000000001 __gnu_lto_v1
                            *COM*:0000000000000001 __gnu_lto_slim

NO UNDEFINED SYMBOLS
