ARM GAS  /tmp/ccBmh4QM.s 			page 1


   1              		.cpu cortex-m3
   2              		.eabi_attribute 20, 1
   3              		.eabi_attribute 21, 1
   4              		.eabi_attribute 23, 3
   5              		.eabi_attribute 24, 1
   6              		.eabi_attribute 25, 1
   7              		.eabi_attribute 26, 1
   8              		.eabi_attribute 30, 2
   9              		.eabi_attribute 34, 1
  10              		.eabi_attribute 18, 4
  11              		.file	"chcore_v7m.c"
  12              		.section	.gnu.lto_.profile.172b427ca94acb17,"",%progbits
  13 0000 789C6363 		.ascii	"x\234cc```\001bF\006]\011\000\000\352\000Q"
  13      60606001 
  13      6246065D 
  13      090000EA 
  13      0051
  14              		.text
  15              		.section	.gnu.lto_.icf.172b427ca94acb17,"",%progbits
  16 0000 789C6363 		.ascii	"x\234cc``\020a@\000f\206\311\227\377\256\340c\356:3"
  16      60601061 
  16      40006686 
  16      C997FFAE 
  16      E063EE3A 
  17 0015 7F2B1FCB 		.ascii	"\177+\037\313\233#\023\35603\000\000a5\011\025"
  17      9B2313EE 
  17      30330000 
  17      61350915 
  18              		.text
  19              		.section	.gnu.lto_.jmpfuncs.172b427ca94acb17,"",%progbits
  20 0000 789C6363 		.ascii	"x\234cc``\340e@\000f(\301\002\242\001\002c\000\036"
  20      6060E065 
  20      40006628 
  20      C102A201 
  20      0263001E 
  21              		.text
  22              		.section	.gnu.lto_.inline.172b427ca94acb17,"",%progbits
  23 0000 789C6363 		.ascii	"x\234cc``pe@\000f\006\006^\021F\006&\201\015\271\014"
  23      60607065 
  23      40006606 
  23      065E1146 
  23      0626810D 
  24 0016 6C0BE499 		.ascii	"l\013\344\231@bL\334`\011v6\2408\307\001;\2708\013\003"
  24      40624CDC 
  24      60097636 
  24      A038C701 
  24      3BB8380B 
  25 002b 17375088 		.ascii	"\0277P\210\347L\004\\\210\221\013D\002\000\3677\006"
  25      E74C045C 
  25      88910B44 
  25      0200F737 
  25      06
  26 003c 72       		.ascii	"r"
  27              		.text
  28              		.section	.gnu.lto_.pureconst.172b427ca94acb17,"",%progbits
  29 0000 789C6363 		.ascii	"x\234cc``\340\002bf\206]\214\314\273\030Yv1\002\000"
  29      6060E002 
ARM GAS  /tmp/ccBmh4QM.s 			page 2


  29      6266865D 
  29      8CCCBB18 
  29      59763102 
  30 0015 0C38024C 		.ascii	"\0148\002L"
  31              		.text
  32              		.section	.gnu.lto__port_irq_epilogue.part.0.172b427ca94acb17,"",%progbits
  33 0000 789C9D54 		.ascii	"x\234\235T\353k\024W\024\277g\356\235\331\315v\022!"
  33      EB6B1457 
  33      14BF67EE 
  33      9DD9CD76 
  33      1221
  34 0012 F8A12D7E 		.ascii	"\370\241-~\330|\010\"H\306R\260\037J\013%P\360\303\242"
  34      D87C0822 
  34      48C652B0 
  34      1F4A0B25 
  34      50F0C3A2 
  35 0026 64FF0069 		.ascii	"d\377\000i\307\330\004Mv\331]K\374\224\233\307&\253"
  35      C7D8044D 
  35      76D95D4B 
  35      FC949BC7 
  35      26AB
  36 0038 111171D7 		.ascii	"\021\021q\327v\231t\027\005c)ik\323V\023\037\211y\371"
  36      76997417 
  36      05632969 
  36      6BD35613 
  36      1F8979F9 
  37 004c 6A4C358D 		.ascii	"jL5\215B\025\261I\014\276\333\246\242U0\3539w&\306>"
  37      4215B149 
  37      0CBEDBA6 
  37      A25530EB 
  37      397726C6 
  38 0061 291D987B 		.ascii	")\035\230{\3579\367\374\316\357\274f\014\306\330\253"
  38      EF39F7FC 
  38      CEEFBC66 
  38      0CC6D8AB 
  39 0071 3A630771 		.ascii	":c\007q\177\027_\36010v\235\307\203\001\232\3325\215"
  39      7F175FF0 
  39      3130769D 
  39      C783019A 
  39      DA358D
  40 0084 A7963319 		.ascii	"\247\2263\031\020\264\232\034t\3226\371\305\302A\007"
  40      10B49A1C 
  40      74D236F9 
  40      C5C24107 
  41 0094 A083F403 		.ascii	"\240\203\364\003k44.th\204\035|\017\207\301\366\331"
  41      6B34342E 
  41      7468841D 
  41      7C0F87C1 
  41      F6D9
  42 00a6 5E6D4597 		.ascii	"^mE\227\304g`\357\003_\233L\276\354p\3062\370\322\003"
  42      C46760EF 
  42      035F9B4C 
  42      BEEC70C6 
  42      32F8D203 
  43 00ba 3DB082A1 		.ascii	"=\260\202\241\331\324\241\371t\261!H\017_\203\241\026"
  43      D9D4A1F9 
  43      74B12148 
ARM GAS  /tmp/ccBmh4QM.s 			page 3


  43      0F5F83A1 
  43      16
  44 00cb 40FD85D6 		.ascii	"@\375\205\326/\035\336\301\035\016 P\374u,;]B\242\006"
  44      2F1DDEC1 
  44      1D0E2050 
  44      FC752C3B 
  44      5D42A206 
  45 00df 4114B79F 		.ascii	"A\024\267\237\231\331\267\204\277\006\344\341v\377\255"
  45      99D9B784 
  45      BF06E4E1 
  45      76FFAD
  46 00ee C766F97E 		.ascii	"\307f\371~)\233\345\300\303\\\351\376\026yZ\012\207"
  46      299BE5C0 
  46      C35CE9FE 
  46      16795A0A 
  46      87
  47 00ff 73380C9C 		.ascii	"s8\014\234\274~\013\313\340\033X\246X\027\011\341\010"
  47      BC7E0BCB 
  47      E01B58A6 
  47      581709E1 
  47      08
  48 0110 94BB64BD 		.ascii	"\224\273d\275\310\372\\\337\252\342}xp\251`t\221\341"
  48      C8FA5CDF 
  48      AAE27D78 
  48      70A96074 
  48      91E1
  49 0122 8A62B663 		.ascii	"\212b\266c\344\204\217\257V\347s\227oMj\036\335\317"
  49      E4848FAF 
  49      56E77397 
  49      6F4D6A1E 
  49      DDCF
  50 0134 5D6F0F0D 		.ascii	"]o\017\015\265\311]M~\207\0138\372\257|\307\210\257"
  50      B5C95D4D 
  50      7E870B38 
  50      FAAF7CC7 
  50      88AF
  51 0146 0FF98E53 		.ascii	"\017\371\216S\226\270\000c\234\264hs\350\336\343\223"
  51      96B80063 
  51      9CB46873 
  51      E8DEE393 
  52 0156 06F9DCAD 		.ascii	"\006\371\334\255ju\240%\251Rp\253\362\242?8\001\345"
  52      6A75A025 
  52      A95270AB 
  52      F2A23F38 
  52      01E5
  53 0168 14F91717 		.ascii	"\024\371\027\027u)\347\013\355R\376\370z\251\011\214"
  53      7529E70B 
  53      ED52FEF8 
  53      7AA9098C 
  54 0178 FC688C6E 		.ascii	"\374h\214n\270Z\005s\270\256\343b0\226\302\212S\213"
  54      B85A0573 
  54      B8AEE362 
  54      3096C28A 
  54      538B
  55 018a 5228E0CE 		.ascii	"R(\340\316\267qM\355w\240i\352QO\301t\003bl+\006\222"
  55      B7714DED 
  55      77A069EA 
ARM GAS  /tmp/ccBmh4QM.s 			page 4


  55      514FC174 
  55      03626C2B 
  56 01a0 D999C989 		.ascii	"\331\231\311\211\2626\310\311\217\202\016\367Q\374O"
  56      B236C8C9 
  56      8F820EF7 
  56      51FC4F
  57 01af A792D345 		.ascii	"\247\222\323EBC\356~(S\031\215N\365\364\031\250\201"
  57      4243EE7E 
  57      2853198D 
  57      4EF5F419 
  57      A881
  58 01c1 0110592C 		.ascii	"\001\020Y,\020\203\223 \330,4\007UZ\030\012iQ\276\336"
  58      10839320 
  58      D82C3407 
  58      555A180A 
  58      6951BEDE 
  59 01d5 B173A494 		.ascii	"\261s\244\224\312\250\222g\267\241y\256\375SN\212,\327"
  59      CAA89267 
  59      B7A179AE 
  59      FD534E8A 
  59      2CD7
  60 01e7 3C9BA0BA 		.ascii	"<\233\240\272?B\030\015-Z\234\266\356\211\015\256\011"
  60      3F42180D 
  60      2D5A9CB6 
  60      EE890DAE 
  60      09
  61 01f8 4715D24D 		.ascii	"G\025\322M\3744\234\321\335I\270^(\024\226\300 \026"
  61      FC349CD1 
  61      DD49B85E 
  61      281496C0 
  61      2016
  62 020a E38F484E 		.ascii	"\343\217HN\276\037\334\354L\006H\207\230\231\256\271"
  62      BE1FDCEC 
  62      4C064887 
  62      9899AEB9 
  63 021a 741161B8 		.ascii	"t\021a\270\213A\225\363K\352\232\231\207O\300\341~t"
  63      8B4195F3 
  63      4BEA9A99 
  63      874FC0E1 
  63      7E74
  64 022c 0C435452 		.ascii	"\014CTR\324\237\232\037\035\343V7\365=\277\321\341E"
  64      D49F9A1F 
  64      1DE35637 
  64      F53DBFD1 
  64      E145
  65 023e 300C7948 		.ascii	"0\014yH\253)\205\021\260h\024o<\031W\316\002\200F~\030"
  65      AB298511 
  65      B068146F 
  65      3C1957CE 
  65      0280467E 
  66 0253 45A4CAE5 		.ascii	"E\244\312\345\370\344R7RA!,\204D>\357\314t\372\371v"
  66      F8E45237 
  66      5241212C 
  66      84443EEF 
  66      CC74FAF9 
  67 0268 5003B3E3 		.ascii	"P\003\263\343\263\271\317\27170\227rfV\016\264\006i"
  67      B3B9CFB9 
ARM GAS  /tmp/ccBmh4QM.s 			page 5


  67      37309772 
  67      66560EB4 
  67      0669
  68 027a 5C4EFD75 		.ascii	"\\N\375u\\\3404e#\230j\315o\351\342?\215\345\336K\001"
  68      5CE03465 
  68      23986ACD 
  68      6FE9E23F 
  68      8DE5DE4B 
  69 028f 9D4CBCD1 		.ascii	"\235L\274\321\324^\374~\340\014\026\343,u\362\254\032"
  69      D45EFC7E 
  69      E00C16E3 
  69      2C75F2AC 
  69      1A
  70 02a0 2DF6317D 		.ascii	"-\3661}E\373r_\375\036(;\340\365\363%\002tO\037\225"
  70      45FB725F 
  70      FD1E283B 
  70      E0F5F325 
  70      02744F1F 
  71 02b5 7ED5CF73 		.ascii	"~\325\317s^?\257f\373\366\004\250\237\337Q?\005\336"
  71      5E3FAF66 
  71      FBF604A8 
  71      9FDF513F 
  71      05DE
  72 02c7 8C2DF493 		.ascii	"\214-\364\223*L\204\354.\264\344\373\323\257\270\351"
  72      2A4C84EC 
  72      2EB4E4FB 
  72      D3AFB8E9 
  73 02d7 EA08EAED 		.ascii	"\352\010\352\355\275{\305\327\370T\342\344\233\031\314"
  73      BD7BC5D7 
  73      F854E2E4 
  73      9B19CC
  74 02e6 9EC17968 		.ascii	"\236\301yh\304\201+f7\240\365\312\3200,\232f\222\203"
  74      C4812B66 
  74      37A0F5CA 
  74      D0302C9A 
  74      669283
  75 02f9 E33EAA1F 		.ascii	"\343>\252\037\306\005\343^\252\333\020\223Z\316\261"
  75      C605E35E 
  75      AADB1093 
  75      5ACEB1
  76 0308 8E4FDA3B 		.ascii	"\216O\332;/\347\301\253\334\177\351R=u\351{\325%J\024"
  76      2FE7C1AB 
  76      DC7FE952 
  76      3D75E97B 
  76      D5254A14 
  77 031c 2EA82E2D 		.ascii	".\250.-\004\224B\2139\204\227dT*\0271*b\023\317\331"
  77      0494428B 
  77      39849764 
  77      542A1731 
  77      2A6213CF 
  78 0331 EEFD0FB6 		.ascii	"\356\375\017\266\211E\266\037\376\211\015\177\2430\351"
  78      8945B61F 
  78      FE890D7F 
  78      A330E9
  79 0340 B1E9EA0B 		.ascii	"\261\351\352\013\273\017\232\373\263K!\024\025(UTX\225"
  79      BB0F9AFB 
  79      B34B2114 
ARM GAS  /tmp/ccBmh4QM.s 			page 6


  79      15285554 
  79      5895
  80 0352 35B5EFD7 		.ascii	"5\265\357\327\256\015[\221\270eG\352\352\"\365V4\022"
  80      AE0D5B91 
  80      B86547EA 
  80      EA22F556 
  80      3412
  81 0364 4BC4AD77 		.ascii	"K\304\255w\252B\225\241\006\313\256\261#\261\352\365"
  81      AA4295A1 
  81      06CBAEB1 
  81      23B1EAF5 
  82 0374 1FBE5157 		.ascii	"\037\276QWa3a'\032\242F\254:\276es\342\315\277\203V"
  82      61336127 
  82      1AA246AC 
  82      3ABE6573 
  82      E2CDBF83 
  83 0389 37240868 		.ascii	"7$\010hU\206\302k\302V%\"\2555\365\366\346-\033\252"
  83      5586C26B 
  83      C2562522 
  83      AD35F5F6 
  83      E62D1BAA 
  84 039d 2DBB2E5E 		.ascii	"-\273.^\033_\377\201mW\32403T\025\016\226\257Z\031\214"
  84      1B5FFF81 
  84      6D57D430 
  84      3354150E 
  84      96AF5A19 
  85 03b2 C6A38CBF 		.ascii	"\306\243\214\277\025c%\211Ht\355\306u\261\210\035N\274"
  85      15632589 
  85      4874EDC6 
  85      75B1881D 
  85      4EBC
  86 03c4 676F3243 		.ascii	"go2C\341*\272[\211FL\213\261g\011g\327\320"
  86      E12ABA5B 
  86      89464C8B 
  86      B1670967 
  86      D7D0
  87              		.text
  88              		.section	.gnu.lto_SVC_Handler.172b427ca94acb17,"",%progbits
  89 0000 789C9593 		.ascii	"x\234\225\223\377k\023w\030\307\237\347>\227Kf\243+"
  89      FF6B1377 
  89      18C79FE7 
  89      3E974B66 
  89      A32B
  90 0012 FE365646 		.ascii	"\3766VF\312((Ho\373E\007\262\301\350/\363\207\2404\177"
  90      CA282848 
  90      6FFB4507 
  90      B2C1E82F 
  90      F387A034 
  91 0027 80E8196D 		.ascii	"\200\350\031m\320\230p\211\322\376\324kR[ku\010\323"
  91      D0987089 
  91      D2FED46B 
  91      525B6B75 
  91      08D3
  92 0039 5843B45B 		.ascii	"XC\264[\307\246E\214_\342\327\252il\327V\255m\327\252"
  92      C7A6458C 
  92      5FE2D7AA 
  92      696CD756 
ARM GAS  /tmp/ccBmh4QM.s 			page 7


  92      AD6DD7AA 
  93 004d F8CB182E 		.ascii	"\370\313\030.u\005[\330\260\203\251h\353\236\347s\347"
  93      75055BD8 
  93      B083A968 
  93      EB9EE773 
  93      E7
  94 005e ACB5201E 		.ascii	"\254\265 \036\\r\237\317\363~?_^\237;\015\000\342*\300"
  94      5C729FCF 
  94      F37E3F5F 
  94      5E9F3B0D 
  94      00E22AC0 
  95 0072 53FAFF98 		.ascii	"S\372\377\230n\024\200\312\376a\200\006\217\202\310"
  95      6E1480CA 
  95      FE618006 
  95      8F82C8
  96 0081 0F9607A1 		.ascii	"\017\226\007\241^\301z\334+\016\010\354i\236\270\254"
  96      5EC17ADC 
  96      2B0E08EC 
  96      699EB8AC 
  97 0091 2C3F66D1 		.ascii	",?f\321U8\364\342#\353x\0013\002 E7_\230\303\345@\262"
  97      5538F4E2 
  97      23EB7801 
  97      33022045 
  97      375F98C3 
  98 00a8 D1C6D319 		.ascii	"\321\306\323\031\321*2\002Q\245\345\343\241\364\370"
  98      D12A3202 
  98      51A5E5E3 
  98      A1F4F8
  99 00b7 125E2AE8 		.ascii	"\022^*\350\243\345\236\233\017;>\024\237#+'\273\037"
  99      A3E59E9B 
  99      0F3B3E14 
  99      9F232B27 
  99      BB1F
 100 00c9 3DF356FC 		.ascii	"=\363V\374hY\011\253\320\337\366IG\322\272a\251\031"
 100      685909AB 
 100      D0DFF649 
 100      47D2BA61 
 100      A919
 101 00db 21F0020A 		.ascii	"!\360\002\012\312\212\347\261\014\317a\231\314N\362"
 101      CA8AE7B1 
 101      0CCF6199 
 101      CC4EF2
 102 00ea E299D983 		.ascii	"\342\231\331\203\2135\025/b\205]\024/\241\006\010\240"
 102      8B35152F 
 102      62855D14 
 102      2FA10608 
 102      A0
 103 00fb F0160926 		.ascii	"\360\026\011&Z\373\362n\261R\346\036\274\377\350\236"
 103      5AFBF26E 
 103      B152E61E 
 103      BCFFE89E 
 104 010b E2E4FEFB 		.ascii	"\342\344\376\373\330W\275\275M\326\376\006OF\250x\371"
 104      D857BDBD 
 104      4DD6FE06 
 104      4F46A878 
 104      F9
 105 011c EDE4D885 		.ascii	"\355\344\330\205\025\247\306\\\005k\366e3\315V\326<"
ARM GAS  /tmp/ccBmh4QM.s 			page 8


 105      15A7C65C 
 105      056BF665 
 105      33CD56D6 
 105      3C
 106 012d F07B5A71 		.ascii	"\360{Zq#d\204\213\224\224\\\225\277.)\004\330M\305\011"
 106      2364848B 
 106      94945C95 
 106      BF2E2904 
 106      D84DC509 
 107 0141 8F558016 		.ascii	"\217U\200\026\241\360S\262\000S\330P|\222{\351\375\277"
 107      A1F053B2 
 107      0053D850 
 107      7C927BE9 
 107      FDBF
 108 0153 CF469BD3 		.ascii	"\317F\233\323i\355\033\331gJ\340\334\0318\017^A\015"
 108      69ED1BD9 
 108      674AE0DC 
 108      19380F5E 
 108      410D
 109 0165 AFF20857 		.ascii	"\257\362\010W\3559\352H\220\3726\325\256\2267a\273\325"
 109      ED39EA48 
 109      90FA36D5 
 109      AE963761 
 109      BBD5
 110 0177 E6CB088D 		.ascii	"\346\313\010\215=3\305]\343\037\250\012\265y\015\313"
 110      3D33C55D 
 110      E31FA80A 
 110      B5790DCB 
 111 0187 2589FE62 		.ascii	"%\211\376b\256K\243\035\314\243\232\026.\212t\243\012"
 111      AE4BA31D 
 111      CCA39A16 
 111      2E8A74A3 
 111      0A
 112 0198 139878C0 		.ascii	"\023\230x\300-p:.\300\021\336kmK.\345\026\354\346'1"
 112      2D703A2E 
 112      C011DE6B 
 112      6D4B2EE5 
 112      16ECE627 
 113 01ad 31DDDC22 		.ascii	"1\335\334\"x#-\204\243\361\311\370E\366\010R$3MC\271"
 113      78232D84 
 113      A3F1C9F8 
 113      45F60852 
 113      24334D43 
 114 01c2 325B4205 		.ascii	"2[B\005\304\334cD\364a\201\270\275\351R\355\27439\257"
 114      C4DC6344 
 114      F46181B8 
 114      BDE952ED 
 114      BC3339AF 
 115 01d6 ED42DE7A 		.ascii	"\355B\336z%!\373\300\324\303#\036\261\007%\204\275'"
 115      2521FBC0 
 115      D4C3231E 
 115      B1072584 
 115      BD27
 116 01e8 A6B3C239 		.ascii	"\246\263\3029\233\177\267\244\255B\243\217\017\346\372"
 116      9B7FB7A4 
 116      AD42A38F 
 116      0FE6FA
ARM GAS  /tmp/ccBmh4QM.s 			page 9


 117 01f7 0207D3C3 		.ascii	"\002\007\323\303\311\321\246\373\317\301\305\363\350"
 117      C9D1A6FB 
 117      CFC1C5F3 
 117      E8
 118 0204 7E97D758 		.ascii	"~\227\327X\341\000V\346\000\006\354\245\326~a\256\364"
 118      E10056E6 
 118      0006ECA5 
 118      D67E61AE 
 118      F4
 119 0215 436CE130 		.ascii	"Cl\3410R\264\243\375\354\323E\345?;t\335l89~\305\362"
 119      52B4A3FD 
 119      ECD345E5 
 119      3F3B74DD 
 119      6C38397E 
 120 022b 48BA7D0E 		.ascii	"H\272}\016\335\337\322]\007\0261\335~\246K^\034\300"
 120      DDDFD25D 
 120      071631DD 
 120      7EA64B5E 
 120      1CC0
 121 023d D7C3C882 		.ascii	"\327\303\310\202\264\222\325~\2725\326]\":\355\261:"
 121      B492D57E 
 121      BA35D65D 
 121      223AEDB1 
 121      3A
 122 024e B33FB4BD 		.ascii	"\263?\264\275z\235G\262\313\216&[\367Y\337'Jy\264\033"
 122      7A9D47B2 
 122      CB8E265B 
 122      F759DF27 
 122      4A79B41B 
 123 0262 0B8C7653 		.ascii	"\013\214vS\276\263\251]=#n\346\252\"\340-\212Ma\242"
 123      BEB3A95D 
 123      3D236EE6 
 123      AA22E02D 
 123      8A4D61A2 
 124 0276 F8E4CEF3 		.ascii	"\370\344\316\363\267F\275\2539c\012\230\027\032\314"
 124      B746BDAB 
 124      39630A98 
 124      171ACC
 125 0285 7ED149C9 		.ascii	"~\321I\311\0079\250\316\017N\036\025\\\011\3606\207"
 125      0739A8CE 
 125      0F4E1E15 
 125      5C09F036 
 125      87
 126 0296 5D6F201A 		.ascii	"]o \032\242i\206\031\3210#Bx\360ND#\016\242\331\366"
 126      A2698619 
 126      D1302342 
 126      78F04E44 
 126      230EA2D9 
 127 02ab 3FF2258C 		.ascii	"?\362%\214\350WTe\327\200\243\362k?\236\357\375\323"
 127      E8575465 
 127      D780A3F2 
 127      6B3F9EEF 
 127      FDD3
 128 02bd 5BFED871 		.ascii	"[\376\330q{X;\235={\257D\272\307\330\215w\034\230\222"
 128      7B583B9D 
 128      3D7BAF44 
 128      BAC7D88D 
ARM GAS  /tmp/ccBmh4QM.s 			page 10


 128      771C9892 
 129 02d1 00C05FFC 		.ascii	"\000\300_\374\206\236\370T~\313|\355&\342\364I\221\276"
 129      869EF854 
 129      7ECB7CED 
 129      26E2F449 
 129      91BE
 130 02e3 B252AFAA 		.ascii	"\262R\257\252\011m\014\255\015\350\221\230nD\302\341"
 130      096D0CAD 
 130      0DE89198 
 130      6E44C2E1 
 131 02f3 C8763D1A 		.ascii	"\310v=\0321\3431\375\353j\177\225\277V7j\214\210\031"
 131      31E331FD 
 131      EB6A7F95 
 131      BF56376A 
 131      8C8819
 132 0306 5CBF7355 		.ascii	"\\\277sU\270\322\000\325\210\327F53\030\333\261-\276"
 132      B8D200D5 
 132      88D74635 
 132      3318DBB1 
 132      2DBE
 133 0318 7A216BB0 		.ascii	"z!k\2606\316F\275\312\037X\023\320\253\310\251\257\331"
 133      36CE46BD 
 133      CA1F5813 
 133      D0ABC8A9 
 133      AFD9
 134 032a 6E6CDBB1 		.ascii	"nl\333\261)\250\033\341X(\266~\213aT\326\200\327_\035"
 134      29A81BE1 
 134      5828B67E 
 134      8B6154D6 
 134      80D75F1D 
 135 033e F0557CB6 		.ascii	"\360U|\266\302\027\215EA|i\302\222x$\272v\363:3b\004"
 135      C2178D45 
 135      417C69C2 
 135      927824BA 
 135      76F33A33 
 136 0354 E21B8CAD 		.ascii	"\342\033\214\255^\177\240\232c+H\004\212\011\356\215"
 136      5E7FA09A 
 136      632B4804 
 136      8A09EE8D 
 137 0364 1B62C175 		.ascii	"\033b\301uf\350\275\332\255\201RN\303\326\250\031\222"
 137      66E8BDDA 
 137      AD81524E 
 137      C3D6A819 
 137      92
 138 0375 A9DCE160 		.ascii	"\251\334\341`8b\326\301\177\271:\264\227"
 138      3862D6C1 
 138      7FB93AB4 
 138      97
 139              		.text
 140              		.section	.gnu.lto__port_irq_epilogue.172b427ca94acb17,"",%progbits
 141 0000 789C9553 		.ascii	"x\234\225S\355KSQ\030?\317=\367n\313i\3701\303\0173"
 141      ED4B5351 
 141      183FCF3D 
 141      F76ECB69 
 141      F831C30F 
 142 0015 901062B7 		.ascii	"\220\020b\267@\010\212>\204\237$F\341\376\000\311\333"
 142      40088A3E 
ARM GAS  /tmp/ccBmh4QM.s 			page 11


 142      849F2446 
 142      E1FE00C9 
 142      DB
 143 0026 C84173B2 		.ascii	"\310As\262Y\330\247\235\371nE\204\3512YjZ\324\300\227"
 143      59D8A79D 
 143      F96E4584 
 143      E932596A 
 143      5AD4C097 
 144 003a B22CE7EB 		.ascii	"\262,\347\353\322\312\362m*\005\222\037\"\337*[\221"
 144      D2CAF26D 
 144      2A05921F 
 144      22DF2A5B 
 144      91
 145 004b E10705D3 		.ascii	"\341\007\005\323\236s\267\314f\024\035\270\367\236s"
 145      9E73B7CC 
 145      66141DB8 
 145      F79E73
 146 005a 9EDF737E 		.ascii	"\236\337s~\317\363;\277\253!\204,QB\372\360{\004\037"
 146      CFF33BBF 
 146      AB21842C 
 146      5142FAF0 
 146      7B041F
 147 006d D01010AE 		.ascii	"\320\020\020\256\214\021\342\326\011\002\235K ,FlJ%"
 147      8C11E2D6 
 147      09029D4B 
 147      202C466C 
 147      4A25
 148 007f 2C9682C4 		.ascii	",\226\202\304\267A\014\177\335:\011\200O\230\016\210"
 148      B7410C7F 
 148      DD3A0980 
 148      4F980E88 
 149 008f 4BA0A204 		.ascii	"K\240\242\004.\270D+)\364\227.\370\205\224;\014G\340"
 149      2EB8442B 
 149      29F4972E 
 149      F885943B 
 149      0C47E0
 150 00a2 DAB2B684 		.ascii	"\332\262\266\204\025\357\362\"\201\007\037>\340\001"
 150      15EFF222 
 150      81071F3E 
 150      E001
 151 00b0 A41084CD 		.ascii	"\244\020\204\315\334_\257\212\323\210\341}x\310yq\322"
 151      DC5FAF8A 
 151      D388E17D 
 151      78C87971 
 151      D2
 152 00c1 3A2905D8 		.ascii	":)\005\330\372F)\013\2545\302\215c:\201x)P\376\"\244"
 152      FA46290B 
 152      AC35C28D 
 152      633A8178 
 152      2950FE22 
 153 00d6 0C91C8C8 		.ascii	"\014\221\310\310\002\244\234\012|V\030 \013 \360\303"
 153      02A49C0A 
 153      7C561820 
 153      0B20F0C3 
 154 00e6 268AEE79 		.ascii	"&\212\356y\351E\352\245\002\210\270\\\032\255\231\335"
 154      E945EAA5 
 154      0288B85C 
ARM GAS  /tmp/ccBmh4QM.s 			page 12


 154      1AAD99DD 
 155 00f6 C997140C 		.ascii	"\311\227\024\014\270\274=4\331\247\247\007\200#}-7\253"
 155      B8BC3D34 
 155      D9A7A707 
 155      80237D2D 
 155      37AB
 156 0108 63931B19 		.ascii	"c\223\033\031+`\201\340\240\361\372\324\007\306*\030"
 156      2B6081E0 
 156      A0F1FAD4 
 156      07C62A18 
 157 0118 78A9088F 		.ascii	"x\251\010\217\201b1\360\010\022\241\035\022\303\305"
 157      816231F0 
 157      0812A11D 
 157      12C3C5
 158 0127 76403226 		.ascii	"v@2&\225~d=\"?O\004\003\3701\366\011\012ff/w\276\205"
 158      957E643D 
 158      223F4F04 
 158      03F831F6 
 158      090A6666 
 159 013f CD468AD4 		.ascii	"\315F\212\324~\257\256h\325^<\024HTh\370\375\236\335"
 159      7EAFAE68 
 159      D55E3C14 
 159      485468F8 
 159      FD9EDD
 160 0152 043A794C 		.ascii	"\004:yL\210\216Mb\177\310D\240\213\207\351Vy\240\033"
 160      888E4D62 
 160      7FC844A0 
 160      8B87E956 
 160      79A01B
 161 0165 34D0C3D5 		.ascii	"4\320\303\325\301\027\240F\2678gC]\333JLR;\324\261j"
 161      C117A046 
 161      B7386743 
 161      5DDB4A4C 
 161      523BD4B1 
 162 017a 83974A3C 		.ascii	"\203\227J<\241y\266\213\351D\001k\356\205$\302w\276"
 162      A179B68B 
 162      E944016B 
 162      EE8524C2 
 162      77BE
 163 018c 865E4D0B 		.ascii	"\206^M\013\270\003}xi\274j\002\001U\236\273\275\003"
 163      B8037D78 
 163      69BC6A02 
 163      01559EBB 
 163      BD03
 164 019e F3B1491D 		.ascii	"\363\261I\035\221l\015\307~ki{\255W\263\237\360l\350"
 164      916C0DC7 
 164      7E6B697B 
 164      AD57B39F 
 164      F06CE8
 165 01b1 0711B52D 		.ascii	"\007\021\265-0\250\012\020\262\010\375\235\253\015\033"
 165      30A80A10 
 165      B208FD9D 
 165      AB0D1B
 166 01c0 53C09BAB 		.ascii	"S\300\233\253\241\002fx\212\373\203Z\256\211Vm\325\355"
 166      A1026678 
 166      8AFB835A 
 166      AE89566D 
ARM GAS  /tmp/ccBmh4QM.s 			page 13


 166      D5ED
 167 01d2 EFAE94C2 		.ascii	"\357\256\224\302K\366\246\220\355\304\255\305\211\345"
 167      4BF6A690 
 167      EDC4ADC5 
 167      89E5
 168 01e0 71A91E6A 		.ascii	"q\251\036j\335\330\"\362\350\340)*;\300\353\300`\305"
 168      DDD822F2 
 168      E8E0292A 
 168      3BC0EBC0 
 168      60C5
 169 01f2 059F2F46 		.ascii	"\005\237/FnfEn\036\333\001\317\240\036\252T\213\300"
 169      6E66456E 
 169      1EDB01CF 
 169      A01EAA54 
 169      8BC0
 170 0204 739091B0 		.ascii	"s\220\221\260p\255\304'\205\351h\230\361\363\310|\203"
 170      70ADC427 
 170      85E96898 
 170      F1F3C87C 
 170      83
 171 0215 7A0B002C 		.ascii	"z\013\000,\036\006\361\240y(\232\036H\215\200\020\321"
 171      1E06F1A0 
 171      79289A1E 
 171      488D8010 
 171      D1
 172 0226 1AF2AFC6 		.ascii	"\032\362\257\306\205\021\004^D\356\260\034\005\235K"
 172      8511045E 
 172      44EEB01C 
 172      059D4B
 173 0235 40AF8480 		.ascii	"@\257\204\200\252>C\240\337\037\232\326\272\2763\235"
 173      AA3E43A0 
 173      DF1F9AD6 
 173      BABE339D 
 174 0245 97C678A8 		.ascii	"\227\306x\250\210\244/\301\205.\323\253x\2214\245\376"
 174      88A42FC1 
 174      852ED3AB 
 174      789134A5 
 174      FE
 175 0256 F2D6EF8E 		.ascii	"\362\326\357\2169\364/\307\014\251\216\331TG\304J\206"
 175      39F42FC7 
 175      0CA98ED9 
 175      5447C44A 
 175      86
 176 0267 FFE6981A 		.ascii	"\377\346\230\032}\3041\3226\307\014\356E\307\214\360"
 176      7DC431D2 
 176      36C70CEE 
 176      45C78CF0 
 177 0277 98263AB6 		.ascii	"\230&:\266XK9\023\201\321\355\216\031C\243\004\271c"
 177      584B3913 
 177      81D1ED8E 
 177      1943A304 
 177      B963
 178 0289 825B1CB3 		.ascii	"\202[\034\263^\367\256W\377\323\014\303\252\031\306"
 178      5EF7AE57 
 178      FFD30CC3 
 178      AA19C6
 179 0298 553344DF 		.ascii	"U3D\337\374\304\346\315\363\363U=\244\310\317\366\005"
ARM GAS  /tmp/ccBmh4QM.s 			page 14


 179      FCC4E6CD 
 179      F3F3553D 
 179      A4C8CFF6 
 179      05
 180 02a9 05514719 		.ascii	"\005QG\031\332\033\267pe4\312i\331\326,\353q\263lw\312"
 180      DA1BB770 
 180      6534CA69 
 180      D9D62CEB 
 180      71B36C77 
 181 02be 8ADD66B3 		.ascii	"\212\335f\263\347\310\271vG\236S>\232aJ3\345\313J\266"
 181      E7C8B976 
 181      479E533E 
 181      9A614A33 
 181      E5CB4AB6 
 182 02d2 62775832 		.ascii	"bwX2\317\035\264\031\025\242\315:\351\264\234pX\377"
 182      CF1DB419 
 182      15A2CD3A 
 182      E9B49C70 
 182      58FF
 183 02e4 2B2D9B1C 		.ascii	"+-\233\034\376\023\334\222\237\307\301r\232\311\234"
 183      FE13DC92 
 183      9FC7C172 
 183      9AC99C
 184 02f3 6E96D310 		.ascii	"n\226\323\020-\247\347(g\316\236\262\310\212\315iuf"
 184      2DA7E728 
 184      67CE9EB2 
 184      C88ACD69 
 184      7566
 185 0305 9E5614CC 		.ascii	"\236V\024\314\2157\2313\014\2346\327a\335gH\336O\004"
 185      8D379933 
 185      0C9C36D7 
 185      61DD6748 
 185      DE4F04
 186 0318 07D1DA2C 		.ascii	"\007\321\332,6\273\343<\371\001\222\257\204\325"
 186      36BBE33C 
 186      F90192AF 
 186      84D5
 187              		.text
 188              		.section	.gnu.lto_.symbol_nodes.172b427ca94acb17,"",%progbits
 189 0000 789C6363 		.ascii	"x\234cc``\250\001b\006\2467\214\365\014\014\023\316"
 189      6060A801 
 189      6206A637 
 189      8CF50C0C 
 189      13CE
 190 0012 3130D433 		.ascii	"10\32430\356l9\330\340\300\300\300\370\214\261\236\021"
 190      30EE6C39 
 190      D8E0C0C0 
 190      C0F88CB1 
 190      9E11
 191 0024 2CC6C0D0 		.ascii	",\306\300\320\260\000$\360\234\261\236\011Y\200\351"
 191      B00024F0 
 191      9CB19E09 
 191      5980E9
 192 0033 31633D33 		.ascii	"1c=3T\027\303\256\006G\240\310\023\306z\026\024\021"
 192      5417C3AE 
 192      0647A0C8 
 192      13C67A16 
ARM GAS  /tmp/ccBmh4QM.s 			page 15


 192      1411
 193 0045 C6A78CF5 		.ascii	"\306\247\214\365\2540M c\231\031X\031\226\264\277\221"
 193      AC304D20 
 193      63991958 
 193      1996B4BF 
 193      91
 194 0056 67666160 		.ascii	"gfa`x\364R\207\001\000@\271 \242"
 194      78F45287 
 194      010040B9 
 194      20A2
 195              		.text
 196              		.section	.gnu.lto_.refs.172b427ca94acb17,"",%progbits
 197 0000 789C6363 		.ascii	"x\234cc``\340\004b&\006&F~&&\001\006\000\001\213\000"
 197      6060E004 
 197      62260626 
 197      467E2626 
 197      01060001 
 198 0016 38       		.ascii	"8"
 199              		.text
 200              		.section	.gnu.lto_.decls.172b427ca94acb17,"",%progbits
 201 0000 789CBD58 		.ascii	"x\234\275XiPTW\026\356\373n\26344h!\311\230*\252&cQ"
 201      69505457 
 201      16EEFB6E 
 201      B3343468 
 201      21C9982A 
 202 0018 25355502 		.ascii	"%5U\002\306T\215535\025D\035\371\341\304j\222\324\314"
 202      C6548D35 
 202      33351544 
 202      1DF9E1C4 
 202      6A92D4CC 
 203 002c D4547548 		.ascii	"\324TuH\323\221\236\260\245i'\346O\346!\240(.\240D\021"
 203      D3919EB0 
 203      A56927E6 
 203      4FE621A0 
 203      282EA044 
 204 0041 17505051 		.ascii	"\027PPQ@q\001\224EYd\021\001M\253 \012\202\210\200\210"
 204      40710194 
 204      45596411 
 204      014DAB20 
 204      0A828880 
 205 0056 6CEE8032 		.ascii	"l\356\2002\347\336\373^\277\307\2431\311\237y\345\351"
 205      E7DEFB5E 
 205      BFC7A331 
 205      C99F79E5 
 205      E9
 206 0067 C7B9EFBB 		.ascii	"\307\271\357\273\337Y\356\271\233\216*\225\352\207\371"
 206      DF59EEB9 
 206      9B8E2A95 
 206      EA87F9
 207 0076 2AD526AC 		.ascii	"*\325&\254R\305#\225j\012\0365\264U\252\244\307\021"
 207      52C52395 
 207      6A0A1E35 
 207      B455AAA4 
 207      C711
 208 0088 A414E422 		.ascii	"\244\024\344\"H\005H\025\310e\220F\325\314\347;\340"
 208      48054815 
 208      C8659046 
ARM GAS  /tmp/ccBmh4QM.s 			page 16


 208      D5CCE73B 
 208      E0
 209 0099 9803EF2F 		.ascii	"\230\003\357/A<@<A\006@FA\026\202\324\201L\200\364\201"
 209      413C403C 
 209      41064046 
 209      411682D4 
 209      814C80F4 
 210 00ae 5841F420 		.ascii	"XA\364 o@\336\202\\\005\231\002\341@zA\356\313l\253"
 210      6F40DE82 
 210      5C059902 
 210      E1407A41 
 210      EECB6CAB 
 211 00c2 81578398 		.ascii	"\201W\203\230M\321\017\345\223@0\357\260=!\330rGR\\"
 211      4DD10FE5 
 211      934030EF 
 211      B03D21D8 
 211      7247525C 
 212 00d6 5532EEB9 		.ascii	"U2\356\271 \036 \357\241\231\334\233\241M+p/\224\361"
 212      201E20EF 
 212      A199DC9B 
 212      A14D2B70 
 212      2F94F1
 213 00e9 8FCA3823 		.ascii	"\217\3128#@\276\001Y\014\022\011R\002\355\204\352\037"
 213      40BE0159 
 213      0C120952 
 213      02ED84EA 
 213      1F
 214 00fa F0E324E4 		.ascii	"\360\343$\344,\032\3766\0136H\\\242M\345\223\212QIe"
 214      2C1AFE36 
 214      0B36485C 
 214      A24DE593 
 214      8A514965 
 215 010e F925D74E 		.ascii	"\371%\327N\324\201 \037h.mE\210\375\302\233\010\325"
 215      D481201F 
 215      682E6D45 
 215      88FDC29B 
 215      08D5
 216 0120 A7C407B1 		.ascii	"\247\304\007\261vh\345\330K\200\022E\354\202l-\234\300"
 216      7668E5D8 
 216      4B801245 
 216      EC826C2D 
 216      9CC0
 217 0132 C189BCF4 		.ascii	"\301\211\274\364\237@\200\344\254\354;3'>,2\366\207"
 217      9F4080E4 
 217      ACEC3B33 
 217      273E2C32 
 217      F687
 218 0144 AC1F6BE2 		.ascii	"\254\037k\342$c\262.3|U\331>\333\234\222\202DB\022N"
 218      2463B22E 
 218      337C55D9 
 218      3EDB9C92 
 218      82444212 
 219 0159 F7746EE5 		.ascii	"\367tn\345\272\320=\370\372O\225*\3319\034\221\326\311"
 219      BAD03DF8 
 219      FA4F952A 
 219      D9391C91 
 219      D6C9
ARM GAS  /tmp/ccBmh4QM.s 			page 17


 220 016b 6D178BB4 		.ascii	"m\027\213\264\230\243\177Wo\232x\255\301^\364\357\246"
 220      98A37F57 
 220      6F9A78AD 
 220      C15EF4EF 
 220      A6
 221 017c 92CC3D2E 		.ascii	"\222\314=.\276y<{\234\323\261\012\025!,&\264f\352e\305"
 221      BE793C7B 
 221      9CD3B10A 
 221      15212C26 
 221      B466EA65 
 222 0191 9C248C3C 		.ascii	"\234$\214<\\\020\007\252u\244\361\200+\250\236.h.\250"
 222      5C1007AA 
 222      75A4F180 
 222      2BA89E2E 
 222      682EA8
 223 01a4 795BA752 		.ascii	"y[\247R\035\346\357&\035\223\343\370\271\034\372\362"
 223      1DE6EF26 
 223      1D93E3F8 
 223      B91CFAF2 
 224 01b4 7D740179 		.ascii	"}t\001y\241\363\310\013\334)A0IP\244\2321=8\220\361"
 224      A1F3C80B 
 224      DC294130 
 224      4950A49A 
 224      313D3890 
 225 01c9 AF05997C 		.ascii	"\257\005\231|E\027_\321\231\356\223\321\2701\361:t\373"
 225      45175FD1 
 225      99EE93D1 
 225      B831F13A 
 225      74FB
 226 01db 92C25021 		.ascii	"\222\302P!\302\250\030\371\222 \012\211qt\016u!t\026"
 226      C2A818F9 
 226      92200A89 
 226      71740E75 
 226      217416
 227 01ee 75420CA5 		.ascii	"uB\014\245h\001t\177\322t\346\314\034\274\001Q\237\337"
 227      6801747F 
 227      D274E6CC 
 227      1CBC0151 
 227      9FDF
 228 0200 6DB77C9A 		.ascii	"m\267|\232\335[\211\305E\316`\270\213\347+\352r?~[\320"
 228      DD5B89C5 
 228      45CE60B8 
 228      8BE72BEA 
 228      723F7E5B 
 229 0215 CF27BA50 		.ascii	"\317'\272P\020*\223\254\226\011!\243\213\324\332\375"
 229      102A93AC 
 229      960921A3 
 229      8BD4DAFD 
 230 0225 AE2363AE 		.ascii	"\256#c\256\270\216Y\353H\33099G`\030\373!\235\257\342"
 230      B88E59EB 
 230      48D83939 
 230      476018FB 
 230      219DAFE2 
 231 0239 68EF4B52 		.ascii	"h\357KR\357Kb\357\012\332;\247\346\331\021\214\357\262"
 231      EF4B62EF 
 231      0ADA3BA7 
 231      E6D9118C 
ARM GAS  /tmp/ccBmh4QM.s 			page 18


 231      EFB2
 232 024b DEF7FB8E 		.ascii	"\336\367\373\216\365\"\350\235I\003_\332w\216\347\023"
 232      F522E89D 
 232      49035FDA 
 232      778EE713 
 233 025b C06F35E5 		.ascii	"\300o5\345\250\2248*\225qWQ\256\316\221\247u\256\270"
 233      A894382A 
 233      95715751 
 233      AECE91A7 
 233      75AEB8
 234 026e 8F710D6E 		.ascii	"\217q\015n\335\365\314Y\340\262\3766\235\257\330\300"
 234      DDF5CC59 
 234      E0B2FE36 
 234      9DAFD8C0 
 235 027e F3B1CC9B 		.ascii	"\363\261\314\233j\211\251Z\311t\2312e\246\275x\344\210"
 235      6A89A95A 
 235      C9749932 
 235      65A6BD78 
 235      E488
 236 0290 C7195353 		.ascii	"\307\031SS\315\2154'\234J\313A\275\357r\321\220+\322"
 236      CD8D3427 
 236      9C4ACB41 
 236      BDEF72D1 
 236      902BD2
 237 02a3 78214821 		.ascii	"x!H!\362\331\304\363@\033\227\014\323\014-\361B\376"
 237      F2D9C4F3 
 237      401B970C 
 237      D30C2DF1 
 237      42FE
 238 02b5 5E2AD480 		.ascii	"^*\324\200|P\035\202u\002\325\003\344\012d9\235w\246"
 238      7C501D82 
 238      7502D503 
 238      E40A6439 
 238      9D77A6
 239 02c8 2DE97C22 		.ascii	"-\351|\"\317\317\245\177\036\025KHETT+\344\204\215\302"
 239      CFCFA57F 
 239      1E154B48 
 239      4554542B 
 239      E4848DC2 
 240 02dc 54ED489E 		.ascii	"T\355H\236\263|\304\010D\032\262\253\323\206\354I\337"
 240      B37CC408 
 240      441AB2AB 
 240      D386EC49 
 240      DF
 241 02ed 81231A21 		.ascii	"\201#\032!\341\255W\377<.\014\031\200P\215\024f\215"
 241      E1AD57FF 
 241      3C2E0C19 
 241      80508D14 
 241      668D
 242 02ff 98F4461A 		.ascii	"\230\364F\032\336O\361\005\3731\253T5\250\243M\351\017"
 242      DE4FF105 
 242      FB31AB54 
 242      35A8A34D 
 242      E90F
 243 0311 DC59A57E 		.ascii	"\334Y\245~\010\352P\374\303.W\366u>\250\261\205Y;\264"
 243      08EA50FC 
 243      C32E57F6 
ARM GAS  /tmp/ccBmh4QM.s 			page 19


 243      753EA8B1 
 243      85593BB4 
 244 0325 B88CCD86 		.ascii	"\270\214\315\206\214\366\321|'\\I\025\256e\252\277\337"
 244      8CF6D17C 
 244      275C4915 
 244      AE65AABF 
 244      DF
 245 0336 05697DB6 		.ascii	"\005i}\266\220,d\306\361\232U\244\270\232\301\323&\360"
 245      902C64C6 
 245      F19A55A4 
 245      B89AC1D3 
 245      26F0
 246 0348 14DD804C 		.ascii	"\024\335\200L\350\265\202\0134\342\212\326\266\217\367"
 246      E8B5820B 
 246      34E28AD6 
 246      B68FF7
 247 0357 5FE4F90F 		.ascii	"_\344\371\017\221\025i\321O\222\177z-\213f\367\236\023"
 247      911569D1 
 247      4F927F7A 
 247      2D8B66F7 
 247      9E13
 248 0369 B735F839 		.ascii	"\2675\3709\263%N \0176\201\036\357\277sG\213_\261og"
 248      B3254E20 
 248      0F36811E 
 248      EFBF7347 
 248      8B5FB16F 
 249 037e EB46EB34 		.ascii	"\353F\3534x\212)\351\245\317\032\034\030\320\031\324"
 249      788A29E9 
 249      A5CF1A1C 
 249      18D019D4 
 250 038e B6EB0549 		.ascii	"\266\353\005I\3568\016\323o\033\263\252_\273\341\215"
 250      EE380ED3 
 250      6F1BB3AA 
 250      5FBBE18D 
 251 039e 4CC919E8 		.ascii	"L\311\031\350\234\304x3S&.\324\360\316x+S\216\325\265"
 251      9CC47833 
 251      53262ED4 
 251      F0CE782B 
 251      538ED5B5 
 252 03b2 D5CDC13B 		.ascii	"\325\315\301;\230\"\346\303\203\345\343d\377\245\375"
 252      9822E6C3 
 252      83E5E364 
 252      FFA5FD
 253 03c1 2E2C3D3C 		.ascii	".,=<Ll\227\037\233\317\257G\336\344\361\361\236\347"
 253      4C6C971F 
 253      9BCFAF47 
 253      DEE4F1F1 
 253      9EE7
 254 03d3 ED7D9844 		.ascii	"\355}\230DO\246\3135k?\317\357\324\322\330\356@l}h\236"
 254      4FA6CB35 
 254      6B3FCFEF 
 254      D4D2D8EE 
 254      406C7D68 
 255 03e8 948CDB74 		.ascii	"\224\214\333t\354\026\303\217\212uh\370;\324d<\246\350"
 255      EC16C38F 
 255      8A7568F8 
 255      3BD4643C 
ARM GAS  /tmp/ccBmh4QM.s 			page 20


 255      A6E8
 256 03fa 9B4AF435 		.ascii	"\233J\3645%z\354S\011\335f\237\273\031I\360n\031\374"
 256      257AEC53 
 256      09DD669F 
 256      BB1949F0 
 256      6E19FC
 257 040d AE12EEA7 		.ascii	"\256\022\356\247D\337\221\241\333\355\242\251'l\010"
 257      44DF91A1 
 257      DBEDA2A9 
 257      276C08
 258 041c 5BAECD8D 		.ascii	"[\256\315\215\345yD@*a\370T6\246\226\333\036\207\343"
 258      E5794440 
 258      2A61F854 
 258      36A696DB 
 258      1E87E3
 259 042f F87A7F4A 		.ascii	"\370z\177Ju\335~T\314r\012-o\020\244V\301\304\363\202"
 259      75DD7E54 
 259      CC720A2D 
 259      6F10A456 
 259      C1C4F382 
 260 0443 2518101D 		.ascii	"%\030\020\035B\027\340E\017\241|z\2207z\000\322\005"
 260      4217E045 
 260      0FA17C7A 
 260      90377A00 
 260      D205
 261 0455 D20DF208 		.ascii	"\322\015\362\010\244\037\344>H/\362\226Y\256\222\245"
 261      A41FE43E 
 261      482FF296 
 261      59AE92A5 
 262 0465 B34569F8 		.ascii	"\263Ei\370\326\214\004\215\313Bn\265\017\2471\303\360"
 262      D68C048D 
 262      CB426EB5 
 262      0FA731C3 
 262      F0
 263 0476 BFDDCBBF 		.ascii	"\277\335\313\277q\325\312j\\\216U\241\001\244\2453\013"
 263      71D5CA6A 
 263      5C8E55A1 
 263      01A4A533 
 263      0B
 264 0487 DE64FDAB 		.ascii	"\336d\375\253?\236Kf\326B\027D\366\2419\320tj\360\302"
 264      3F9E4B66 
 264      D6421744 
 264      F6A139D0 
 264      746AF0C2 
 265 049b 6B37D644 		.ascii	"k7\326D\253z\307X\266\023\336G+\215\353l\233hwG.>\211"
 265      AB7AC758 
 265      B613DE47 
 265      2B8DEB6C 
 265      9B687747 
 266 04b2 367695E4 		.ascii	"6v\225\344\3060$\000:\221\034\243Ah|\014\215l\014^\016"
 266      C6302400 
 266      3A911CA3 
 266      41687C0C 
 266      8D6C0C5E 
 267 04c7 FE65EF18 		.ascii	"\376e\357\030\231FC\310\005=\221\246\321B\027\346\362"
 267      994643C8 
 267      053D91A6 
ARM GAS  /tmp/ccBmh4QM.s 			page 21


 267      D14217E6 
 267      F2
 268 04d8 F1EC94C3 		.ascii	"\361\354\224\303\216\270\223\331(\335\367\260\206\233"
 268      8EB893D9 
 268      28DDF7B0 
 268      869B
 269 04e6 CDC6D8AC 		.ascii	"\315\306\330\2546\352\336,\250\205\305\227C\243`cD\262"
 269      36EADE2C 
 269      A885C597 
 269      43A36063 
 269      44B2
 270 04f8 0126C90B 		.ascii	"\001&\311\013Z\301P\332\306\3663j\227D\322\201\345\006"
 270      5AC150DA 
 270      C6F6336A 
 270      9744D281 
 270      E506
 271 050a A68C949A 		.ascii	"\246\214\224\232\247\004\012\005D\027.@W\215\025\034"
 271      A7040A05 
 271      44172E40 
 271      578D151C 
 272 051a D3B27985 		.ascii	"\323\262y\205e\353\214'[gn\275*\037\327\342\335j\272"
 272      65EB8C27 
 272      5B676EBD 
 272      2A1FD7E2 
 272      DD6ABA
 273 052d CCE6C59D 		.ascii	"\314\346\305\235\030Q#\037\266\314\272\310\226\313q"
 273      1851231F 
 273      B6CCBAC8 
 273      96CB71
 274 053c F0E685B4 		.ascii	"\360\346\205\264\\\3225u\344\277\244\231\256\263\344"
 274      5CD23575 
 274      E4BFA499 
 274      AEB3E4
 275 054b 4D03E5B3 		.ascii	"M\003\345\263x<\337\266(\277\2040\307\2517\257\201\360"
 275      783CDFB6 
 275      28BF8430 
 275      C7A937AF 
 275      81F0
 276 055d 157327BD 		.ascii	"\025s'\275/\267\000y$\013\205\370\011\242\334\317\341"
 276      2FB70079 
 276      240B85F8 
 276      09A2DCCF 
 276      E1
 277 056e FB33EAFD 		.ascii	"\3733\352\375\004\362\020c\240\012\364H\031\031\333"
 277      04F21063 
 277      A00AF448 
 277      1919DB
 278 057d E5386BB8 		.ascii	"\3458k\270\223b\270\376\224~C\351\320\204ZI/-\343o("
 278      9362B8FE 
 278      947E43E9 
 278      D0845A49 
 278      2F2DE36F 
 279 0592 FD24A37F 		.ascii	"\375$\243\177C\351o4=\312\300\362J#\253\270\304\377"
 279      43E96F34 
 279      3DCAC0F2 
 279      4A23ABB8 
 279      C4FF
ARM GAS  /tmp/ccBmh4QM.s 			page 22


 280 05a4 56A8B4B7 		.ascii	"V\250\264\267\264\3222&'\366\272\313\301\345\323\300"
 280      B4D23226 
 280      27F6BACB 
 280      C1E5D3C0 
 281 05b4 5302788A 		.ascii	"S\002x\212\202[\332\255i\032\274\217\346\026\235\310"
 281      825BDAAD 
 281      691ABC8F 
 281      E6169DC8 
 282 05c4 3F58E08E 		.ascii	"?X\340\216\2170%\251\252z\277\243\232S\241X\016\263"
 282      8F3025A9 
 282      AA7ABFA3 
 282      9A53A158 
 282      0EB3
 283 05d6 E2E9DDD1 		.ascii	"\342\351\335\321_\251\226o?\243\323\374\216\343\344"
 283      5FA9966F 
 283      3FA3D3FC 
 283      8EE3E4
 284 05e5 DB4FDE96 		.ascii	"\333O\336\226\224\255N\342Qe;\036\356\333\261\215\317"
 284      94AD4EE2 
 284      51653B1E 
 284      EEDBB18D 
 284      CF
 285 05f6 8CE53FA9 		.ascii	"\214\345?\251\347\010\020\326K\241n\320\006NM\264\351"
 285      E70810D6 
 285      4BA16ED0 
 285      064E4DB4 
 285      E9
 286 0607 9B6D3C47 		.ascii	"\233m<Gv\243\301\243\255s\361\360l\356\324\345\024V"
 286      76A3C1A3 
 286      AD73F1F0 
 286      6CEED4E5 
 286      1456
 287 0619 2235C74A 		.ascii	"\"5\307J\216\330\205\266=7\016\227\270\315z\246I\244"
 287      8ED885B6 
 287      3D370E97 
 287      B8CD7AA6 
 287      49A4
 288 062b 1E6EE204 		.ascii	"\036n\342\004\027\313\312{c\335\004\027\207\032\336"
 288      17CBCA7B 
 288      63DD0417 
 288      871ADE
 289 063a CF8AE373 		.ascii	"\317\212\343s\240[6\"8\224`sp#8\230\240tp3u\260g\"\277"
 289      A05B3622 
 289      38946073 
 289      70233898 
 289      A0747033 
 290 0653 44D80F1C 		.ascii	"D\330\017\034A\275\324\030_\346:k\025$qB\025l\341h\031"
 290      41BDD418 
 290      5FE63A6B 
 290      15247142 
 290      156CE168 
 291 0668 3CDB92F0 		.ascii	"<\333\222\360R\330k\235\310\026\324\273\177\273\226"
 291      52D86B9D 
 291      C816D4BB 
 291      7FBB96
 292 0677 15FD5250 		.ascii	"\025\375RPs\273S\257\316\250\301m\234\027\332\312\021"
 292      73BB53AF 
ARM GAS  /tmp/ccBmh4QM.s 			page 23


 292      CEA8C16D 
 292      9C17DACA 
 292      11
 293 0688 B2ED9C87 		.ascii	"\262\355\234\207HI\025\350q\245'\277\312\035\277f\351"
 293      484915E8 
 293      71A527BF 
 293      CA1DBF66 
 293      E9
 294 0699 1AD93E9C 		.ascii	"\032\331>\234\346.\304V\227\353\177<.\211\245\237U\303"
 294      E62EC456 
 294      97EB7F3C 
 294      2E89A59F 
 294      55C3
 295 06ab 0ECE366B 		.ascii	"\016\3166kw(#K\246\221ue\364\355r\303\333\035\330\336"
 295      7728234B 
 295      A6917565 
 295      F4ED72C3 
 295      DB1DD8DE 
 296 06bf 5E7BBBDC 		.ascii	"^{\273\334Q \263\036\304\354\310t\210\035\231R$\252"
 296      5120B31E 
 296      C4ECC874 
 296      881D9952 
 296      24AA
 297 06d1 1425D54E 		.ascii	"\024%\325NJ\325\332[\025\212\323\035f+\252\270\376\033"
 297      4AD5DA5B 
 297      158AD31D 
 297      662BAAB8 
 297      FE1B
 298 06e3 B23AB93B 		.ascii	"\262:\271;\274\335V'd\030v\331\206!\025\206a\227\322"
 298      BCDD5627 
 298      641876D9 
 298      86211586 
 298      6197D2
 299 06f6 C28FD442 		.ascii	"\302\217\324B^S]\273\220\311DD\316I\217\332\2624L\037"
 299      5E535DBB 
 299      90C94444 
 299      CE498FDA 
 299      B2344C1F 
 300 070a A1DBF6E4 		.ascii	"\241\333\366\344\201bA\367\004\365Mgr\262\023\313t&"
 300      816241F7 
 300      04F54D67 
 300      72B213CB 
 300      7426
 301 071c 81DFEFE8 		.ascii	"\201\337\357\350\333\342\216s\230\207\203iIqsf\035\303"
 301      DBE28E73 
 301      98878369 
 301      49717366 
 301      1DC3
 302 072e 7DE21836 		.ascii	"}\342\0306\261\225\342f\307\303\335Zi\224\324\264\024"
 302      B195E266 
 302      C7C3DD5A 
 302      6994D4B4 
 302      14
 303 073f F7C228A5 		.ascii	"\367\302(\245\321Q\332OG\211vb\023\277-E\270\007t\021"
 303      D151DA4F 
 303      47897662 
 303      13BF2D45 
ARM GAS  /tmp/ccBmh4QM.s 			page 24


 303      B8077411 
 304 0753 BDD0DAFA 		.ascii	"\275\320\332\372B\203\3170\303m\273\267\014:\020\303"
 304      4283CF30 
 304      C36DBBB7 
 304      0C3A10C3 
 305 0763 716038F1 		.ascii	"q`8\361g\327b\350\221\335{zX#7\236\301\275\303\370\215"
 305      67D762E8 
 305      91DD7B7A 
 305      5823379E 
 305      C1BDC3F8 
 306 0778 DE43F1C2 		.ascii	"\336C\361\302\032{\235\350E\275Wj\305\303\013\311Bi"
 306      1A7B9DE8 
 306      45BD576A 
 306      C5C30BC9 
 306      4269
 307 078a ADF50AC2 		.ascii	"\255\365\012\302\305\314\231\256\344\352\251\331\263"
 307      C5CC99AE 
 307      E4EAA9D9 
 307      B3
 308 0797 902D66E1 		.ascii	"\220-f\341\031s\344yr\301Je\022\016\203\037l\273<B\375"
 308      1973E479 
 308      72C14A65 
 308      120E831F 
 308      6CBB3C42 
 309 07ac C816FDD8 		.ascii	"\310\026\375\330{`\340$\247\364zVtRMa\2550\264\365\264"
 309      7B60E024 
 309      A7F47A56 
 309      74524D61 
 309      AD30B4F5 
 310 07c1 5CDE9E6D 		.ascii	"\\\336\236mp\302e\314\313];_58\343"
 310      70C265CC 
 310      CB5D3B5F 
 310      3538E3
 311 07d0 0AA6140F 		.ascii	"\012\246\024\017\345\026\2731d\205\\\367\024\364\247"
 311      E516BB31 
 311      64855CF7 
 311      14F4A7
 312 07df B923471C 		.ascii	"\271#G\034\361e\001\\\2305\354\254t9\027\234`'\246|"
 312      F165015C 
 312      9835ECAC 
 312      7439179C 
 312      6027A67C 
 313 07f3 4E5A8249 		.ascii	"NZ\202Ijb\263oa\245\313\263\242\305\211\354\301&r\332"
 313      6A62B36F 
 313      61A5CBB3 
 313      A2C589EC 
 313      C12672DA 
 314 0807 EB43036E 		.ascii	"\353C\003n\270\236\331M\263\236^!\216\361\317\357\267"
 314      B89ED94D 
 314      B39E5E21 
 314      8EF1CFEF 
 314      B7
 315 0818 E4143F34 		.ascii	"\344\024?4y\312\0357\261\336\245\305e\265\302q\326\237"
 315      79CA1D37 
 315      B1DEA5C5 
 315      65B5C271 
 315      D69F
ARM GAS  /tmp/ccBmh4QM.s 			page 25


 316 082a 2C117995 		.ascii	",\021y\225\315\256\330\312\276M&g\234\325\340\333L\331"
 316      CDAED8CA 
 316      BE4D2667 
 316      9CD5E0DB 
 316      4CD9
 317 083c F7B4E391 		.ascii	"\367\264\343\221P\360>d{\315:\270S\203;\330\267\251"
 317      50F03E64 
 317      7BCD3AB8 
 317      53833BD8 
 317      B7A9
 318 084e E4C4BD4E 		.ascii	"\344\304\275N\270\233)\251\315\251Yp1b\312D\177j\033"
 318      B89B29A9 
 318      CDA95970 
 318      3162CA44 
 318      7F6A1B
 319 0861 62BDB4B2 		.ascii	"b\275\264\262j\365\024\252\365\344\213\355{\\\361\023"
 319      6AF514AA 
 319      F5E48BED 
 319      7B5CF113 
 320 0871 866D6D8B 		.ascii	"\206mm\213\277 `]A\215\313\273X\3440k\275\\\024\353"
 320      BF20605D 
 320      418DCBBB 
 320      58E4306B 
 320      BD5C14EB 
 321 0885 A59CAD7C 		.ascii	"\245\234\255|\247\022z\216;Cg/8\013!\331A\310\213\035"
 321      A7127A8E 
 321      3B43672F 
 321      380B21D9 
 321      41C88B1D 
 322 0899 84CE553C 		.ascii	"\204\316U<\315W\343Qj\210;\235\337\363o\344\343\"\036"
 322      CD57E351 
 322      6A883B9D 
 322      DFF36FE4 
 322      E3221E
 323 08ac 6F7C1336 		.ascii	"o|\0236\221\243G5\014@\245\264\362x\221\324\333\331"
 323      91A34735 
 323      0C40A5B4 
 323      F27891D4 
 323      DBD9
 324 08be DDAB381F 		.ascii	"\335\2538\037BJ\223Z\001\343u\211\331?\236\221s\331"
 324      424A935A 
 324      01E37589 
 324      D93F9E91 
 324      73D9
 325 08d0 0D4F3003 		.ascii	"\015O0\003\367\362\207\233\261\315\002\034n\316\322"
 325      F7F2879B 
 325      B1CD021C 
 325      6ECED2
 326 08df C34D2D58 		.ascii	"\303M-X\270,Y\250\346f1Qc\337\304\266\223\331\227\034"
 326      B82C59A8 
 326      E6663151 
 326      63DFC4B6 
 326      93D9971C 
 327 08f3 E5CB37E1 		.ascii	"\345\3137\341+\205\357%tn\326\321\222\271h[\030.o~\214"
 327      2B85EF25 
 327      746ED6D1 
 327      92B9685B 
ARM GAS  /tmp/ccBmh4QM.s 			page 26


 327      182E6F7E 
 328 0908 585DFC22 		.ascii	"X]\374\"\366\346\336\244k\256r\366\372w\261\227[\333"
 328      F6E6DEA4 
 328      6BAE72F6 
 328      FA77B197 
 328      5BDB
 329 091a 3FC1718E 		.ascii	"?\301q\2164\267\317\233\333\357#\274\211)\361W\257\034"
 329      34B7CF9B 
 329      DBEF23BC 
 329      8929F157 
 329      AF1C
 330 092c 73C2494C 		.ascii	"s\302IL\031<\336T\357\210S\230\322\323;~\036\343\335"
 330      193CDE54 
 330      EF885398 
 330      D2D33B7E 
 330      1EE3DD
 331 093f 4C393A78 		.ascii	"L9:xx\033\234\021\204>=C\315\302\335k+\031\273\211\221"
 331      781B9C11 
 331      843E3D43 
 331      CDC2DD6B 
 331      2B19BB89 
 332 0954 A29B6295 		.ascii	"\242\233b\225\220;\326\300\363\207S\316\370\020\005"
 332      903BD6C0 
 332      F38753CE 
 332      F81005
 333 0963 FFE6B4B5 		.ascii	"\377\346\264\2651SCnD\363\274\245\307Gx\037\346Sc\371"
 333      3153436E 
 333      44F3BCA5 
 333      C747781F 
 333      E65363F9 
 334 0977 8AA946BC 		.ascii	"\212\251F\274\267\251\001\312\246\012\241\243\234\007"
 334      B7A901CA 
 334      A60AA1A3 
 334      9C07
 335 0985 CA829CB7 		.ascii	"\312\202\234\267p\363l+\002:\304\311n<\361\320cL\017"
 335      70F36C2B 
 335      023AC4C9 
 335      6E3CF1D0 
 335      634C0F
 336 0998 3FB1B0DF 		.ascii	"?\261\260\337\001\272L@\213\261O\277\037\245\306\301"
 336      01BA4C40 
 336      8BB14FBF 
 336      1FA5C6C1 
 337 09a8 F1DFC4CE 		.ascii	"\361\337\304\316\363d\312\346\010h\333\244;\306\315"
 337      F364CAE6 
 337      0868DBA4 
 337      3BC6CD
 338 09b7 72EFF809 		.ascii	"r\357\370\011\370\256\323\217\004O.\035\3350\022\017"
 338      F8AED38F 
 338      044F2E1D 
 338      DD30120F 
 339 09c7 396FD406 		.ascii	"9o\324\006\362\000\244\037\344.H;\310M\220\036\220^"
 339      F200A41F 
 339      E42E483B 
 339      C84D901E 
 339      905E
 340 09d9 904E90FB 		.ascii	"\220N\220\373 ] \255 } \217@\356\200\334\002\271\001"
ARM GAS  /tmp/ccBmh4QM.s 			page 27


 340      205D20AD 
 340      207D208F 
 340      40EE80DC 
 340      02B901
 341 09ec 721BE41E 		.ascii	"r\033\344\036H\007'^T\342\301\323\3560\346\351i\360"
 341      4807275E 
 341      54E2C1D3 
 341      EE30E6E9 
 341      69F0
 342 09fe F48CD2D3 		.ascii	"\364\214\322\323S\362,\220\274YM\261\024\235\011Y8("
 342      53F22C90 
 342      BC594DB1 
 342      149D0959 
 342      3828
 343 0a10 A0C5B51F 		.ascii	"\240\305\265\037\035\230\2263\340n\320K\334\315J\356"
 343      1D989633 
 343      E06ED04B 
 343      DCCD4AEE 
 344 0a20 69D73E92 		.ascii	"i\327>\222\263\3610)g\307\355\347L\306\335-\343\276"
 344      B3F13029 
 344      67C7EDE7 
 344      4CC6DD2D 
 344      E3BE
 345 0a32 AA44DF42 		.ascii	"\252D\337B\012\364\200\014\335`\037-\272B\311M\022\334"
 345      0AF4800C 
 345      DD601F2D 
 345      BA42C94D 
 345      12DC
 346 0a44 AA84EF96 		.ascii	"\252\204\357\226\273Bf\357\035!)\260\365\241teR\366"
 346      BB4266EF 
 346      1D2129B0 
 346      F5A17465 
 346      52F6
 347 0a56 704AF206 		.ascii	"pJ\362\006Y\306\213\225\344E3\340wd\360sJ\370\331\031"
 347      59C68B95 
 347      E44533E0 
 347      7764F073 
 347      4AF8D919 
 348 0a6a 70AB0C5E 		.ascii	"p\253\014^h\037.\273=\277\270\347Ao\317\200\232~{&T"
 348      681F2EBB 
 348      3DBFB8E7 
 348      416FCF80 
 348      9A7E7B26 
 349 0a7f 2D9D9EEC 		.ascii	"-\235\236\354\366L\270\232\224\\\267\2259\036\227\345"
 349      F64CB89A 
 349      945CB795 
 349      391E97E5 
 350 0a8f F882127D 		.ascii	"\370\202\022}\017)\207\273J/\015\3675\273\305!\343\256"
 350      0F2987BB 
 350      4A2F0DF7 
 350      35BBC521 
 350      E3AE
 351 0aa1 924575DE 		.ascii	"\222Eu\336~\316\344\243-C\027\330\257\351i\031\2269"
 351      7ECEE4A3 
 351      2D4317D8 
 351      AFE96919 
 351      9639
ARM GAS  /tmp/ccBmh4QM.s 			page 28


 352 0ab3 DE683F4C 		.ascii	"\336h?L\233\343d%\010c\303\015\347\011\224'\300\305"
 352      9BE36425 
 352      0863C30D 
 352      E7099427 
 352      C0C5
 353 0ac5 6D199D90 		.ascii	"m\031\235\220|!+f\347\217\315j\334M\227%\256\343\321"
 353      7C212B66 
 353      E78FCD6A 
 353      DC4D9725 
 353      AEE3D1
 354 0ad8 B9245734 		.ascii	"\271$W4\317\307\356\224G\2030\323\377\037\263\236\215"
 354      CFC7EE94 
 354      478330D3 
 354      FF1FB39E 
 354      8D
 355 0ae9 FBD02347 		.ascii	"\373\320#G\270\276\242\307`p@\332nH\025P\277\263z\273"
 355      B8BEA2C7 
 355      607040DA 
 355      6E481550 
 355      BFB37ABB 
 356 0afd ABD5F2CB 		.ascii	"\253\325\362\313\334cN\376\177\014O8v\231\203\267\275"
 356      DC634EFE 
 356      7F0C4F38 
 356      769983B7 
 356      BD
 357 0b0e 9B5FC9B4 		.ascii	"\233_\311\264\233\337\220\000\036\242\340\352\027-\371"
 357      9BDF9000 
 357      1EA2E0EA 
 357      172DF9
 358 0b1d 4EF8315B 		.ascii	"N\3701[\325\367L\274HW\333\256\013\3369\323\257\013"
 358      D5F74CBC 
 358      4857DBAE 
 358      0BDE39D3 
 358      AF0B
 359 0b2f C39263C3 		.ascii	"\303\222c\303\312\023\370\010=\201\037}\371*\311\035"
 359      CA13F808 
 359      3D811F7D 
 359      F92AC91D 
 360 0b3f BF656407 		.ascii	"\277ed\007\257\246\235\026\357\036\326}\323\257\013"
 360      AFA69D16 
 360      EF1ED67D 
 360      D3AF0B
 361 0b4e A312D5A8 		.ascii	"\243\022\325\250\222j\214[\240\372@\037\035e\266\350"
 361      926A8C5B 
 361      A0FA401F 
 361      1D65B6E8 
 362 0b5e 4DE66FF5 		.ascii	"M\346o\365\306hSx\324\332uF\337\350\020\263\305\327"
 362      C6685378 
 362      D4DA7546 
 362      DFE810B3 
 362      C5D7
 363 0b70 7F91AF5F 		.ascii	"\177\221\257_`\230\351+\323\247\301~Q1~\206\250\210"
 363      6098E92B 
 363      D3A7C17E 
 363      51317E86 
 363      A888
 364 0b82 88A8483F 		.ascii	"\210\250H?\002\216\361\013\320\255\016\\\275\336\317"
ARM GAS  /tmp/ccBmh4QM.s 			page 29


 364      028EF10B 
 364      D0AD0E5C 
 364      BDDECF
 365 0b91 10668832 		.ascii	"\020f\2102\033\365\377\371C\204\257\301\371\257\177"
 365      1BF5FFF9 
 365      4384AFC1 
 365      F9AF7F
 366 0ba0 FBFCC3C0 		.ascii	"\373\374\303\300\305\213U\276\277\252\233\352=f?\346"
 366      C58B55BE 
 366      BFAA9BEA 
 366      3D663FE6 
 367 0bb0 3B93C510 		.ascii	";\223\305\020\246\377\332\034\025\2417\305\230\177\025"
 367      A6FFDA1C 
 367      15A137C5 
 367      987F15
 368 0bbf 49986A1E 		.ascii	"I\230j\036#1\2567Yl\024\256\301_\004\352W\205D\206\206"
 368      2331AE37 
 368      596C14AE 
 368      C15F04EA 
 368      57854486 
 369 0bd4 1BCD1E33 		.ascii	"\033\315\0363\203\374\300\020\026l\010\013\212Yc6\032"
 369      83FCC010 
 369      166C080B 
 369      8A596336 
 369      1A
 370 0be5 23A22DA6 		.ascii	"#\242-\246\250H\235\361\333u&\2631\324A\277,**\374w"
 370      A8489DF1 
 370      DB7526B3 
 370      31D441BF 
 370      2C2A2AFC 
 371 0bfa D33C305B 		.ascii	"\323<0[\374L\221\206\360u\241F0\034c\010\013\005\243"
 371      FC4C9186 
 371      F075A146 
 371      301C6308 
 371      0B05A3
 372 0c0d EAF5D131 		.ascii	"\352\365\3211fg\263qm\2109Bo\371\375/\364\030:r\321"
 372      6667B371 
 372      6D883942 
 372      6FF9FD2F 
 372      F4183A72 
 373 0c22 06C770B3 		.ascii	"\006\307p\263\336\022\026\212\315\213?\342\314K83\374"
 373      DE12168A 
 373      CD8B3FE2 
 373      CC4B3833 
 373      FC
 374 0c33 2EE6CCFE 		.ascii	".\346\314\376\256B\030\026\203e\275\213^\277\316\024"
 374      AE421816 
 374      8365BD8B 
 374      5EBFCE14 
 375 0c43 6959F291 		.ascii	"iY\362\221\336\262\324o]\214\331\017\314,\212\214\212"
 375      DEB2D46F 
 375      5D8CD90F 
 375      CC2C8A8C 
 375      8A
 376 0c54 342E3286 		.ascii	"4.2\206|e\242-\242K\021!\2060S\244\321O\037j\374:d]"
 376      7C65A22D 
 376      A24B1121 
ARM GAS  /tmp/ccBmh4QM.s 			page 30


 376      863053A4 
 376      D14F1F6A 
 377 0c6c B8456FF9 		.ascii	"\270Eo\371>\332\030\003\226\234E\206E?\303\020\363}"
 377      3EDA1803 
 377      969C4586 
 377      453FC310 
 377      F37D
 378 0c7e 8C9F3EC6 		.ascii	"\214\237>\306\022\012p\022\231!,\304\254\321\353\327"
 378      120A7012 
 378      99212CC4 
 378      ACD1EBD7 
 379 0c8e 1A2DFA35 		.ascii	"\032-\3725\301k\334B\302\277\013\371>Fo\212\014\007"
 379      C16BDC42 
 379      C2BF0BF9 
 379      3E466F8A 
 379      0C07
 380 0ca0 2B7FB217 		.ascii	"+\177\262\027(\270L\302\364\013\\\035\034\024\354\027"
 380      28B84CC2 
 380      F40B5C1D 
 380      1C14EC17 
 381 0cb0 0871FA05 		.ascii	"\010q\372\005\211\371\212\2101\305\350\327\032\014@"
 381      89F98A88 
 381      31C5E8D7 
 381      1A0C40
 382 0cbf 0C9C318C 		.ascii	"\014\2341\214\323\223F\272.2<\312\360\2154d\262F7\006"
 382      D39346BA 
 382      2E323CCA 
 382      F08D3464 
 382      B2463706 
 383 0cd3 5D1610BC 		.ascii	"]\026\020\274b\215.H\243[\021\274B\367\305\212\345\376"
 383      628D2E48 
 383      A35B11BC 
 383      42F7C58A 
 383      E5FE
 384 0ce5 EAA0E000 		.ascii	"\352\240\340\000\235z\365\352\225:\034\260\\\207\227"
 384      9D7AF5EA 
 384      953A1CB0 
 384      5C8797
 385 0cf4 C37BCD4A 		.ascii	"\303{\315J\235:`e\260N\275le\200\316\001>\001`9\321"
 385      9D3A6065 
 385      B04EBD6C 
 385      6580CE01 
 385      3E016039 
 386 0d09 57919F40 		.ascii	"W\221\237@\370q\010^\025\030\254\303\301\253\326hXV"
 386      F871085E 
 386      1518ACC3 
 386      C1ABD668 
 386      5856
 387 0d1b 97EA2D4E 		.ascii	"\227\352-N\302\033\007\006\302\227@\235C@\220.P\247"
 387      C21B0706 
 387      C297409D 
 387      4340902E 
 387      50A7
 388 0d2d FEE2B34F 		.ascii	"\376\342\263Ou\352 @;\004\256\371<h9\374\006\004\352"
 388      75EA2040 
 388      3B04AEF9 
 388      3C6839FC 
ARM GAS  /tmp/ccBmh4QM.s 			page 31


 388      0604EA
 389 0d40 FEF86B63 		.ascii	"\376\370kc&\245i\210XB\206 8p\231\3763\030\017\017\032"
 389      26A56988 
 389      58428620 
 389      387099FE 
 389      33180F0F 
 390 0d55 DCB47835 		.ascii	"\334\264x5\266\246\377\001\276KJP"
 390      B6A6FF01 
 390      BE4B4A50 
 391              		.text
 392              		.section	.gnu.lto_.symtab.172b427ca94acb17,"",%progbits
 393 0000 5356435F 		.ascii	"SVC_Handler\000"
 393      48616E64 
 393      6C657200 
 394 000c 00       		.ascii	"\000"
 395 000d 00       		.ascii	"\000"
 396 000e 00       		.ascii	"\000"
 397 000f 00000000 		.ascii	"\000\000\000\000\000\000\000\000"
 397      00000000 
 398 0017 C2000000 		.ascii	"\302\000\000\000"
 399 001b 5F706F72 		.ascii	"_port_irq_epilogue\000"
 399      745F6972 
 399      715F6570 
 399      696C6F67 
 399      756500
 400 002e 00       		.ascii	"\000"
 401 002f 00       		.ascii	"\000"
 402 0030 00       		.ascii	"\000"
 403 0031 00000000 		.ascii	"\000\000\000\000\000\000\000\000"
 403      00000000 
 404 0039 C4000000 		.ascii	"\304\000\000\000"
 405 003d 5F706F72 		.ascii	"_port_switch_from_isr\000"
 405      745F7377 
 405      69746368 
 405      5F66726F 
 405      6D5F6973 
 406 0053 00       		.ascii	"\000"
 407 0054 02       		.ascii	"\002"
 408 0055 00       		.ascii	"\000"
 409 0056 00000000 		.ascii	"\000\000\000\000\000\000\000\000"
 409      00000000 
 410 005e BE000000 		.ascii	"\276\000\000\000"
 411 0062 5F706F72 		.ascii	"_port_exit_from_isr\000"
 411      745F6578 
 411      69745F66 
 411      726F6D5F 
 411      69737200 
 412 0076 00       		.ascii	"\000"
 413 0077 02       		.ascii	"\002"
 414 0078 00       		.ascii	"\000"
 415 0079 00000000 		.ascii	"\000\000\000\000\000\000\000\000"
 415      00000000 
 416 0081 C0000000 		.ascii	"\300\000\000\000"
 417 0085 63685363 		.ascii	"chSchIsPreemptionRequired\000"
 417      68497350 
 417      7265656D 
 417      7074696F 
ARM GAS  /tmp/ccBmh4QM.s 			page 32


 417      6E526571 
 418 009f 00       		.ascii	"\000"
 419 00a0 02       		.ascii	"\002"
 420 00a1 00       		.ascii	"\000"
 421 00a2 00000000 		.ascii	"\000\000\000\000\000\000\000\000"
 421      00000000 
 422 00aa CC000000 		.ascii	"\314\000\000\000"
 423              		.text
 424              		.section	.gnu.lto_.opts,"",%progbits
 425 0000 272D666D 		.ascii	"'-fmath-errno' '-fsigned-zeros' '-ftrapping-math' '"
 425      6174682D 
 425      6572726E 
 425      6F272027 
 425      2D667369 
 426 0033 2D666E6F 		.ascii	"-fno-trapv' '-fno-openmp' '-fno-openacc' '-mcpu=cor"
 426      2D747261 
 426      70762720 
 426      272D666E 
 426      6F2D6F70 
 427 0066 7465782D 		.ascii	"tex-m3' '-mthumb' '-O2' '-fomit-frame-pointer' '-fa"
 427      6D332720 
 427      272D6D74 
 427      68756D62 
 427      2720272D 
 428 0099 6C69676E 		.ascii	"lign-functions=16' '-ffunction-sections' '-fdata-se"
 428      2D66756E 
 428      6374696F 
 428      6E733D31 
 428      36272027 
 429 00cc 6374696F 		.ascii	"ctions' '-fno-common' '-flto'\000"
 429      6E732720 
 429      272D666E 
 429      6F2D636F 
 429      6D6D6F6E 
 430              		.text
 431              		.comm	__gnu_lto_v1,1,1
 432              		.comm	__gnu_lto_slim,1,1
 433              		.ident	"GCC: (GNU) 7.3.0"
ARM GAS  /tmp/ccBmh4QM.s 			page 33


DEFINED SYMBOLS
                            *ABS*:0000000000000000 chcore_v7m.c
                            *COM*:0000000000000001 __gnu_lto_v1
                            *COM*:0000000000000001 __gnu_lto_slim

NO UNDEFINED SYMBOLS
