ARM GAS  /tmp/ccCfTNe2.s 			page 1


   1              		.cpu cortex-m3
   2              		.eabi_attribute 20, 1
   3              		.eabi_attribute 21, 1
   4              		.eabi_attribute 23, 3
   5              		.eabi_attribute 24, 1
   6              		.eabi_attribute 25, 1
   7              		.eabi_attribute 26, 1
   8              		.eabi_attribute 30, 2
   9              		.eabi_attribute 34, 1
  10              		.eabi_attribute 18, 4
  11              		.file	"chdynamic.c"
  12              		.section	.gnu.lto_.profile.f143d028d7d3b634,"",%progbits
  13 0000 789C6363 		.ascii	"x\234cc```\001bF\206\014\003\000\001x\000\244"
  13      60606001 
  13      6246860C 
  13      03000178 
  13      00A4
  14              		.text
  15              		.section	.gnu.lto_.icf.f143d028d7d3b634,"",%progbits
  16 0000 789C6363 		.ascii	"x\234cc``\340c@\000&\206\017\035\375\037\230\031\317"
  16      6060E063 
  16      40002686 
  16      0F1DFD1F 
  16      9819CF
  17 0013 9FFB7C98 		.ascii	"\237\373|\230\233\001\0000\242\006p"
  17      9B010030 
  17      A20670
  18              		.text
  19              		.section	.gnu.lto_.jmpfuncs.f143d028d7d3b634,"",%progbits
  20 0000 789C858F 		.ascii	"x\234\205\217=\012\302P\020\204g\336\313\317S\220\\"
  20      3D0AC250 
  20      108467DE 
  20      CBCF5390 
  20      5C
  21 0011 20E0513C 		.ascii	" \340Q<\207GIe\245\010\266b!\271\203\205\177\210M\020"
  21      87474965 
  21      A508B662 
  21      21B98385 
  21      7F884D10 
  22 0025 45B0F122 		.ascii	"E\260\361\"\226\202\010B\334\215& Q\\\230bavf\277\000"
  22      96820842 
  22      DC8D2620 
  22      515C9862 
  22      617666BF 
  23 003a 4097A8C6 		.ascii	"@\227\250\306 `1\035\246\026\275\324RdDV\344\211|\017"
  23      2060311D 
  23      A616BDD4 
  23      52644456 
  23      E4897C0F 
  24 004e E4D08C2D 		.ascii	"\344\320\214-\027\373\343\300\215lj\365b\316\230\231"
  24      17FBE3C0 
  24      8D6C6AF5 
  24      62CE9899 
  25 005e 47887299 		.ascii	"G\210r\231\010\024\307\354\262\271\267\324\021\022\\"
  25      0814C7EC 
  25      B2B9B7D4 
  25      11125C
ARM GAS  /tmp/ccCfTNe2.s 			page 2


  26 006d 304669D1 		.ascii	"0Fi\321\236jy\250\237\2328\351\357\316\241\372\235\370"
  26      9E6A79A8 
  26      9F9A38E9 
  26      EFCEA1FA 
  26      9DF8
  27 007f 9792280A 		.ascii	"\227\222(\012L\002\3423\333$\004\352u\323\355\365\344"
  27      4C02E233 
  27      DB2404EA 
  27      75D3EDF5 
  27      E4
  28 0090 EB79838E 		.ascii	"\353y\203\216\253w\235+\352\350\027Pm\001h\376\004:"
  28      AB779D2B 
  28      EAE81750 
  28      6D0168FE 
  28      043A
  29 00a2 E4B72C7A 		.ascii	"\344\267,z\001\031\256k@\177\011\312\227\315\227\227"
  29      0119AE6B 
  29      407F09CA 
  29      97CD9797 
  30 00b2 F104A81A 		.ascii	"\361\004\250\032[$"
  30      5B24
  31              		.text
  32              		.section	.gnu.lto_.inline.f143d028d7d3b634,"",%progbits
  33 0000 789C6363 		.ascii	"x\234cc``\010g@\000&\006\011)CF\006&\211\206\365\214"
  33      60600867 
  33      40002606 
  33      09294346 
  33      06268986 
  34 0016 0C6C0BE4 		.ascii	"\014l\013\344\231@\202\314<@\211\011~`\232\221\201\225"
  34      994082CC 
  34      3C408909 
  34      7E609A91 
  34      8195
  35 0028 0F2832C1 		.ascii	"\017(2\301\017\310g\204\250\225>q\204\221\201}\207\032"
  35      0FC86784 
  35      A8953E71 
  35      8491817D 
  35      871A
  36 003a 16B56012 		.ascii	"\026\265`\022\310\003\000\347\203\012\211"
  36      C80300E7 
  36      830A89
  37              		.text
  38              		.section	.gnu.lto_.pureconst.f143d028d7d3b634,"",%progbits
  39 0000 789C6363 		.ascii	"x\234cc```\007b&\206]\214\214\273\030\001\005\342\001"
  39      60606007 
  39      6226865D 
  39      8C8CBB18 
  39      0105E201 
  40 0014 87       		.ascii	"\207"
  41              		.text
  42              		.section	.gnu.lto_chThdCreateFromHeap.f143d028d7d3b634,"",%progbits
  43 0000 789C7D55 		.ascii	"x\234}UkLSg\030\376\336\363\235\266\247\024\274\215"
  43      6B4C5367 
  43      18FEDEF3 
  43      9DB6A714 
  43      BC8D
  44 0012 39678CAB 		.ascii	"9g\214\253qDM\034]\262,#\361\307\262\221,\363\007\331"
ARM GAS  /tmp/ccCfTNe2.s 			page 3


  44      71444D1C 
  44      5DB22C23 
  44      F1C7B291 
  44      2CF307D9 
  45 0026 227F9718 		.ascii	"\"\177\227\030\254\235t\031\266iq\323\375\341\010xa"
  45      AC9D7419 
  45      B66971D3 
  45      FDE10878 
  45      61
  46 0037 0CA74E3B 		.ascii	"\014\247N;,\035\242\033Cc\274\016Q\344b\005\005\274"
  46      2C1DA21B 
  46      4363BC0E 
  46      51E46205 
  46      05BC
  47 0049 A08878E3 		.ascii	"\240\210x\343&\027A\201\322\251!\206\031/{\337\357\034"
  47      26174181 
  47      D2A92186 
  47      192F7BDF 
  47      EF1C
  48 005b 1628CC26 		.ascii	"\026(\314&\275\234\357{\236\367\372\274o\215\2141\207"
  48      BD9CEF7B 
  48      9EF7FABC 
  48      6F8D8C31 
  48      87
  49 006c C2D8287E 		.ascii	"\302\330(~\177\210o00\220\266_el\243\"Ir\276\221\251"
  49      7F886F30 
  49      3090B65F 
  49      656CA322 
  49      4972BE91 
  50 0081 517CB49E 		.ascii	"Q|\264\23615\232\203\254\235\313\000\364CU\200eH\\\206"
  50      31359A83 
  50      AC9DCB00 
  50      F4435580 
  50      65485C86 
  51 0095 0CF889EF 		.ascii	"\014\370\211\357\342p=\373X\200\347\362\000g \343\343"
  51      E2703DFB 
  51      5880E7F2 
  51      006720E3 
  51      E3
  52 00a6 E3467FEF 		.ascii	"\343F\177\3574z\004\260\342c(\\W\032\275\244DU3\325"
  52      347A04B0 
  52      E263285C 
  52      571ABDA4 
  52      445533D5 
  53 00ba E0AF2DC6 		.ascii	"\340\257-\306\202\322&\325\034\340\022\363!\274\024"
  53      82D226D5 
  53      1CE012F3 
  53      21BC14
  54 00c9 E6C15F30 		.ascii	"\346\301_0\217\274\237\204%\010.\015\347?1\363\205\300"
  54      8FBC9F84 
  54      25082E0D 
  54      E73F31F3 
  54      85C0
  55 00db F0F7DDC6 		.ascii	"\360\367\335\306\372\027\323\026\025\013\342H1W\337"
  55      FA17D316 
  55      150BE248 
  55      3157DF
ARM GAS  /tmp/ccCfTNe2.s 			page 4


  56 00ea 0D700E65 		.ascii	"\015p\016e\300\307\023\361\210\301)X\204\360\375\033"
  56      C0C713F1 
  56      88C12958 
  56      84F0FD1B 
  57 00fa 6F5E8EE1 		.ascii	"o^\216\341K\004\265+\347p\236\254S\357\227\010\252\014"
  57      4B04B52B 
  57      E7709EAC 
  57      53EF9708 
  57      AA0C
  58 010c A723A932 		.ascii	"\247#\2512\203rA\315\354)\273\005<^P/\234;\360,F\247"
  58      837241CD 
  58      EC29BB05 
  58      3C5E502F 
  58      9C3BF02C 
  59 0122 76FA6717 		.ascii	"v\372g\027g\251\237\007\270\001\316D\222\261Z\025\202"
  59      67A99F07 
  59      B801CE44 
  59      92B15A15 
  59      82
  60 0133 7C28F3C1 		.ascii	"|(\363\3010\347\037\010rOC\367.\203N\276\242\3715Be"
  60      30E71F08 
  60      724F43F7 
  60      2E834EBE 
  60      A2F93542 
  61 0148 24D5C8A0 		.ascii	"$\325\310\240JP\257\014V\234Tx\202\240>o\252>\035\255"
  61      4A50AF0C 
  61      569C5478 
  61      82A03E6F 
  61      AA3E1DAD 
  62 015c 53FBFDF3 		.ascii	"S\373\375\363\377\020~MP\035I618+\310Cjn\025\360e\202"
  62      FF107E4D 
  62      501D4936 
  62      31382BC8 
  62      436A6E15 
  63 0173 5CBC6DF4 		.ascii	"\\\274m\364\2704\346\367O\341W\201`$Uap\016\026\021"
  63      B834E6F7 
  63      4FE15781 
  63      60245561 
  63      700E1611 
  64 0187 3E9CDDD7 		.ascii	">\234\335\327e\321:6\007\037\217Uf\017\353\035\013\002"
  64      65D13A36 
  64      071F8F55 
  64      660FEB1D 
  64      0B02
  65 0199 55BEBB32 		.ascii	"U\276\2732\034\305?\026\246\017\337o_\027\367\273\032"
  65      1CC53F16 
  65      A60FDF6F 
  65      5F17F7BB 
  65      1A
  66 01aa 54D560B8 		.ascii	"T\325`\270`\376NUmP\345\0007\303y\315z-Z\257\021\035"
  66      60FE4E55 
  66      6D50E500 
  66      37C379CD 
  66      7A2D5AAF 
  67 01c0 64840E0E 		.ascii	"d\204\016\016\365\036\222\371\247\202yp\307oeF\244R"
  67      F51E92F9 
  67      A7827970 
ARM GAS  /tmp/ccCfTNe2.s 			page 5


  67      C76F6546 
  67      A452
  68 01d2 504FFDB3 		.ascii	"PO\375\263\366eiT\005\352&\006\246S\317\367=o\266\360"
  68      F6656954 
  68      05EA2606 
  68      A653CFF7 
  68      3D6FB6F0 
  69 01e6 CF047568 		.ascii	"\317\004uhkC\211\242S\303\376\271cT\011\032\246\244"
  69      6B4389A2 
  69      53C3FEB9 
  69      6354091A 
  69      A6A4
  70 01f8 F61C7FB9 		.ascii	"\366\034\177\271;\306(\303E\210\203z|_\2008\222\027"
  70      3BC628C3 
  70      4588837A 
  70      7C5F8038 
  70      9217
  71 020a AAEA1218 		.ascii	"\252\352\022\030\341?@\266\212\257`]\241Q\234\3738\214"
  71      E13F40B6 
  71      8AAF605D 
  71      A1519CFB 
  71      388C
  72 021c E332B88C 		.ascii	"\3432\270\214\320+`d\021\360\313{\026\257dt\341C\315"
  72      D02B6064 
  72      11F0CB7B 
  72      16AF6474 
  72      E143CD
  73 022f 52A92F35 		.ascii	"R\251/5\237\265\360o\264\014\217\354\313\217\326\303"
  73      9FB5F06F 
  73      B40C8FEC 
  73      CB8FD6C3 
  74 023f BC5DB8B8 		.ascii	"\274]\270\2700+7O-\312\234\021\340Qp\3655\201j\206\303"
  74      302B374F 
  74      2DCA9C11 
  74      E05170F5 
  74      35816A86 
  75 0254 8528E76B 		.ascii	"\205(\347k\030)4\222q>!\230&\014\346:\006C\037\300\030"
  75      18293492 
  75      713E2198 
  75      260CE63A 
  75      06431FC0 
  76 0269 1F9FDAD1 		.ascii	"\037\237\332\321fCP}\371j\013\216\323\034\177\373\300"
  76      6643507D 
  76      F96A0B8E 
  76      D31C7FFB 
  76      C0
  77 027a D0C2B980 		.ascii	"\320\302\271\200\315\265H\370!\031\200\246\301\010$"
  77      CDB548F8 
  77      211980A6 
  77      C10824
  78 0289 6C6C3732 		.ascii	"ll72\314@:\215\001\222\334t \355\314\004\222A,#\233"
  78      CC403A8D 
  78      0192DC74 
  78      20EDCC04 
  78      92412C23 
  79 029e 8C6DC53A 		.ascii	"\214m\305:\341P\253A\226\203\011\342\257\254 \013\301"
  79      E150AB41 
ARM GAS  /tmp/ccCfTNe2.s 			page 6


  79      968309E2 
  79      AFAC200B 
  79      C1
  80 02af E6A2DE3C 		.ascii	"\346\242\336<\023U\311\317\025\214\253\274<\324f\312"
  80      1355C9CF 
  80      158CABBC 
  80      3CD466CA 
  81 02bf 78A12A01 		.ascii	"x\241*\001\036\355\303\271a\320\014\031\314\317\015"
  81      1EEDC3B9 
  81      61D00C19 
  81      CCCF0D
  82 02ce 7E6EC46B 		.ascii	"~n\304k\177\305\310%\003\351'\006\024\270\001\363\002"
  82      7FC5C825 
  82      03E92706 
  82      14B801F3 
  82      02
  83 02df 7C1AEB87 		.ascii	"|\032\353\207L\253(?\306\200FX\037d\267\326^-\210\326"
  83      4CAB283F 
  83      C6804658 
  83      1F64B7D6 
  83      5E2D88D6 
  84 02f3 8D42BC56 		.ascii	"\215B\274V\224\034L\034\267\014:\035\204L\377@U\257"
  84      941C4C1C 
  84      B70C3A1D 
  84      844CFF40 
  84      55AF
  85 0305 85006873 		.ascii	"\205\000hs\273\2570\327d{\217f\017s\336M\335d\320\002"
  85      BBAF30D7 
  85      647B8F66 
  85      0F73DE4D 
  85      DD64D002 
  86 0319 363F3713 		.ascii	"6?7\023\324g\216\304Y4\034\020\356&\341\024\304e\005"
  86      D4678EC4 
  86      59341C10 
  86      EE26E114 
  86      C46505
  87 032c 36E795C7 		.ascii	"6\347\225\307j>\001\2170^b\267\374\330q\252\022\376"
  87      6A3E018F 
  87      305E62B7 
  87      FCD871AA 
  87      12FE
  88 033e C7824416 		.ascii	"\307\202D\026n\221\005\020AM\362d\324pB`\267\011\027"
  88      6E910510 
  88      414DF264 
  88      D4704260 
  88      B70917
  89 0351 3335CEA4 		.ascii	"35\316\244\341d\302\335!\334\364\011\270\221\003\217"
  89      E164C2DD 
  89      21DCF409 
  89      B891038F 
  90 0361 DB80708A 		.ascii	"\333\200p\212\2063\020\356.\341fb\365\244)\004V\360"
  90      863310EE 
  90      2EE16662 
  90      F5A42904 
  90      56F0
  91 0373 7A81412B 		.ascii	"z\201A+\304!i\313\200Z%S7\242\300\012mx7\204\013\256"
  91      C42169CB 
ARM GAS  /tmp/ccCfTNe2.s 			page 7


  91      805A2553 
  91      37A2C00A 
  91      6D783784 
  92 0389 C477E65E 		.ascii	"\304w\346^\344$\374r\332\244O\202a\262\352\227~\305"
  92      E424FC72 
  92      DAA44F82 
  92      61B2EA97 
  92      7EC5
  93 039b A09DEE26 		.ascii	"\240\235\356&M\304\215\302\305\270)ZI\271\035\223\225"
  93      4DC48DC2 
  93      C5B8295A 
  93      49B91D93 
  93      95
  94 03ac DB892DBF 		.ascii	"\333\211-\277G\312\275G\312\005\326A^\367\357=1\032"
  94      47CABD47 
  94      CA05D641 
  94      5EF7EF3D 
  94      311A
  95 03be B5200C7B 		.ascii	"\265 \014{\325|k\000\313@{\245\267BUd\2545t\301\002"
  95      D57C6B00 
  95      CB407BA5 
  95      B7425564 
  95      AC3574C1 
  96 03d3 311C8F42 		.ascii	"1\034\217B-m\022\236@7\310\"n\006=\342\017\345@um_\364"
  96      2D6D129E 
  96      4037C822 
  96      6E063DE2 
  96      0FE54075 
  97 03ea 82C73A7B 		.ascii	"\202\307:{\006a\237\0349q\323\"\330\275\304\206\373"
  97      06619F1C 
  97      3971D322 
  97      D8BDC486 
  97      FB
  98 03fb 200BC589 		.ascii	" \013\305\211\0320\024pvWnG-h\215\217\235\250\340\231"
  98      1A301470 
  98      76576E47 
  98      2D688D8F 
  98      9DA8E099 
  99 040f 3E5CA20C 		.ascii	">\\\242\014\372P\301x\321\277cG\016\307\013|\025=\203"
  99      FA50C178 
  99      D1BF6347 
  99      0EC70B7C 
  99      153D83
 100 0422 009F45CD 		.ascii	"\000\237E\315 \036\203~\310\010\3607\310n\321\\!\345"
 100      201E837E 
 100      C808F037 
 100      C86ED15C 
 100      21E5
 101 0434 8B24E558 		.ascii	"\213$\345Xj\342\310\303\316\337Mz\037}\233j\256\231"
 101      6AE2C8C3 
 101      CEDF4D7A 
 101      1F7D9B6A 
 101      AE99
 102 0446 A8DE9258 		.ascii	"\250\336\222X\012\2255\215u\306\"(\334H\026g\007x,R"
 102      0A95358D 
 102      75C62228 
 102      DC481667 
ARM GAS  /tmp/ccCfTNe2.s 			page 8


 102      07782C52 
 103 045a E001A583 		.ascii	"\340\001\245\203\227-[\356tZl\207\311\033\246\362&<"
 103      972D5BEE 
 103      745A6C87 
 103      C91BA6F2 
 103      263C
 104 046c 8422D88D 		.ascii	"\204\"\330\215%\306x\006\300F\177\200\347\3537+dl6\000"
 104      25C67806 
 104      C0467F80 
 104      E7EB372B 
 104      646C3600 
 105 0480 0C222B04 		.ascii	"\014\"+\004\233\212^m\343\"\242\211y\274\345C\2113\030"
 105      9B8A5E6D 
 105      E322A289 
 105      79BCE543 
 105      893318
 106 0493 12934839 		.ascii	"\022\223H9\036\015\225\377\023C\3349X\370\020\215\341"
 106      1E0D95FF 
 106      1343DC39 
 106      58F8108D 
 106      E1
 107 04a4 DB4248B4 		.ascii	"\333BH\264e\306\307\031\205\327\303\272.\212}g\336\321"
 107      65C6C719 
 107      85D7C3BA 
 107      2E8A7D67 
 107      DED1
 108 04b6 968CDEAA 		.ascii	"\226\214\336\252\227{\273\253-c]\030\026]\010\213.D"
 108      977BBBAB 
 108      2D635D18 
 108      165D088B 
 108      2E44
 109 04c8 96FC6FAD 		.ascii	"\226\374o\255\344]\007\177n]#\\h\343,\353;d\020j\332"
 109      E45D077F 
 109      6E5D235C 
 109      68E32CEB 
 109      3B64106A 
 110 04dd 45FDA99E 		.ascii	"E\375\251\236H\337\323\025\334iH(S\267b\215\315\014"
 110      48DFD315 
 110      DC694828 
 110      53B7628D 
 110      CD0C
 111 04ef 1E41020B 		.ascii	"\036A\002\013cl~1nOA\242\022I\235M\005\011\230\013o"
 111      636C7E31 
 111      6E4F41A2 
 111      12499D4D 
 111      0509980B 
 112 0504 7DD604B8 		.ascii	"}\326\004\270\231\200l\341\2755\336\226\230\352\\\345"
 112      99806CE1 
 112      BD35DE96 
 112      98EA5CE5 
 113 0514 FC22D9E6 		.ascii	"\374\"\331\346\362\332<\3516\257\307n\263\247\256\336"
 113      F2DA3CE9 
 113      36AFC76E 
 113      B3A7AEDE 
 114 0524 B03625CD 		.ascii	"\2606%\315i\217\2673C\252#\305\355\226\275\316\037\034"
 114      698FB733 
 114      43AA23C5 
ARM GAS  /tmp/ccCfTNe2.s 			page 9


 114      ED96BDCE 
 114      1F1C
 115 0536 329E3964 		.ascii	"2\2369d\267\307\351\222\334_\363\024\317\032)}5\377"
 115      B7C7E992 
 115      DC5FF314 
 115      CF1A297D 
 115      35FF
 116 0548 DEEB96D2 		.ascii	"\336\353\226\322\335\223\3148\327\332\277]\267\332\201"
 116      DD93CC38 
 116      D7DABF5D 
 116      B7DA81
 117 0557 A6BC1BBC 		.ascii	"\246\274\033\274\361\251\314\264*\305\353\370\322\343"
 117      F1A9CCB4 
 117      2AC5EBF8 
 117      D2E3
 118 0565 8C9F00B4 		.ascii	"\214\237\000\264\273\322\322\\kmn\227'\335k\373dERb"
 118      BBD2D25C 
 118      6B6D6E97 
 118      27DD6BFB 
 118      64455262 
 119 0579 D27A64D8 		.ascii	"\322zd\330]\036\307\312\357>JC\332\262\251\340\216\365"
 119      5D1EC7CA 
 119      EF3E4A43 
 119      DAB2A9E0 
 119      8EF5
 120 058b E904B625 		.ascii	"\351\004\266%&%/O\266%\"\332\266|\314]\232\327\351]"
 120      26252F4F 
 120      B62522DA 
 120      B67CCC5D 
 120      9AD7E95D 
 121 059f B9C66E47 		.ascii	"\271\306nG\356\214\244\344\025Vr\213\021/\265\306\275"
 121      EE8CA4E4 
 121      1556728B 
 121      112FB5C6 
 121      BD
 122 05b0 CF240F33 		.ascii	"\317$\0173\2459\322\\\236\015\354_C\323\367\035"
 122      A539D25C 
 122      9E0DEC5F 
 122      43D3F71D 
 123              		.text
 124              		.section	.gnu.lto_chThdCreateFromMemoryPool.f143d028d7d3b634,"",%progbits
 125 0000 789C7D55 		.ascii	"x\234}UkL\024W\024\276g\356\354\354.\273\210\017j-5"
 125      6B4C1457 
 125      14BE67EE 
 125      ECEC2EBB 
 125      880F6A2D 
 126 0015 ED9A96AA 		.ascii	"\355\232\226\252\251eL\232F\323&M\032\376\324\037\244"
 126      A9654C9A 
 126      46D3264D 
 126      1AFED41F 
 126      A4
 127 0026 8DFC6AD2 		.ascii	"\215\374j\322\304\350J\225\244+d\027[\375\305\010\250"
 127      C4E84A95 
 127      A42B6417 
 127      5BFDC508 
 127      A8
 128 0037 585AA356 		.ascii	"XZ\243VV\212#\2565T\205\370,R@\300\025\025\251\012\""
ARM GAS  /tmp/ccCfTNe2.s 			page 10


 128      568A23AE 
 128      355485F8 
 128      2C5240C0 
 128      1515A90A 
 129 004c E28BF7C3 		.ascii	"\342\213\367\303Ey\210\217\030k\255\325\236sg \262P"
 129      4579888F 
 129      186BADD5 
 129      9E736720 
 129      B250
 130 005e 37D9D999 		.ascii	"7\331\331\231\271\337w\356\271\347\373\316Y\2051v\322"
 130      B9DF77EE 
 130      B9E7FBCE 
 130      59853176 
 130      D2
 131 006f C6D87DFC 		.ascii	"\306\330}\374\375\010\277`a mi`l\235M\222\344<\205i"
 131      FD08BF60 
 131      61206D69 
 131      606C9D4D 
 131      92E43C85 
 132 0084 11FCC939 		.ascii	"\021\374\3119\3064'\007\331x/\003\320\215f\003\226."
 132      C6342707 
 132      D9782F03 
 132      D08D6603 
 132      962E
 133 0096 7119D2E1 		.ascii	"q\031\322\341G\276\235\303\345\254#:\317\341:g \343"
 133      47BE9DC3 
 133      E5AC233A 
 133      CFE13A67 
 133      20E3
 134 00a8 E383FAFC 		.ascii	"\343\203\372\374\336I\364\010\340\302\307\241\341\332"
 134      DE49F408 
 134      E0C2C7A1 
 134      E1DA
 135 00b6 12E7DC7D 		.ascii	"\022\347\334}\232\226\241\005w4E\354,i\324\354:\227"
 135      9A96A105 
 135      773445EC 
 135      2C69D4EC 
 135      3A97
 136 00c8 981FE125 		.ascii	"\230\037\341%0\023~\207\231\264\373q\230\213\340;e\265"
 136      30137E87 
 136      99B4FB71 
 136      988BE03B 
 136      65B5
 137 00da D936FE0E 		.ascii	"\3316\376\0160\274\377g]\307\201I\263\013\005\361\326"
 137      30BCFF67 
 137      5DC78149 
 137      B30B05F1 
 137      D6
 138 00eb 6F5C7B57 		.ascii	"o\\{W\347\034J\201\277L\304W\014\376\200\331\010\317"
 138      E71C4A81 
 138      BF4CC457 
 138      0CFE80D9 
 138      08CF
 139 00fd E829BD06 		.ascii	"\350)\275\006\374=A={j\377\323\310\021\352\214|-(\353"
 139      FC3D413D 
 139      7B6AFFD3 
 139      C811EA8C 
ARM GAS  /tmp/ccCfTNe2.s 			page 11


 139      7C2D28EB 
 140 0111 986E5938 		.ascii	"\230nY8WfP.\270\305\031\267\357r\376\276\340\366\324"
 140      5766502E 
 140      B8C519B7 
 140      EF72FEBE 
 140      E0F6D4
 141 0124 756FB798 		.ascii	"uo\267\230\334kE1\205\231\332\347:\267@E8\031\313uB"
 141      DC6B4531 
 141      8599DAE7 
 141      3AB74045 
 141      3819CB75 
 142 0139 902F0E9C 		.ascii	"\220/\016\2348n\343\363\005\371Ycu\231\323$\267\355"
 142      386EE3F3 
 142      05F95963 
 142      7599D324 
 142      B7ED
 143 014b 13392B50 		.ascii	"\0239+P\031NU\030T\011\352\240\226S\005\374CA-\334\374"
 143      194E5518 
 143      5409EAA0 
 143      965305FC 
 143      43412DDC 
 144 0160 E4A86452 		.ascii	"\344\250dR\207\314\234\255P\035\316\26528\011\263\211"
 144      87CC9CAD 
 144      501DCEB5 
 144      323809B3 
 144      89
 145 0171 309C15EA 		.ascii	"0\234\025\352r\030e\237\201\217G*\263\356\232e\017\002"
 145      7218659F 
 145      818F472A 
 145      B3EE9A65 
 145      0F02
 146 0183 3EDFECAE 		.ascii	">\337\354\256\034\216\340\013D\354\203\267\332V\307"
 146      1C8EE00B 
 146      44EC83B7 
 146      DA56C7
 147 0192 EED5829A 		.ascii	"\356\325\202\232\026\034.~k\233\246\325i\030\335\006"
 147      161C2E7E 
 147      6B9BA6D5 
 147      6918DD06 
 148 01a2 3546F453 		.ascii	"5F\364S\030=(d`\204\016\016\366\026\313\374c\301<\260"
 148      183D2864 
 148      60840E0E 
 148      F616CBFC 
 148      63C13CB0 
 149 01b6 7557A982 		.ascii	"uW\251\202T\312\252\257h\352\236L\203j\2053c\0233\251"
 149      54CAAAAF 
 149      68EA9E4C 
 149      836A8533 
 149      631333A9 
 150 01ca 6742CF9A 		.ascii	"gB\317\232\034\374SA\035\314\256\333g3\251\035E1#T\011"
 150      1CFC5341 
 150      1DCCAEDB 
 150      6733A91D 
 150      45312354 
 151 01df 6A27A4F6 		.ascii	"j'\244\366\034}\236\033\251\310p\016b\341,\304\006\020"
 151      1C7D9E1B 
 151      A9C8700E 
ARM GAS  /tmp/ccCfTNe2.s 			page 12


 151      62E12CC4 
 151      0610
 152 01f1 711A62C9 		.ascii	"q\032b\311&\350\216:P`\024\223\245\341'\330pH\021\357"
 152      26E88E3A 
 152      50601493 
 152      A5E127D8 
 152      704811EF 
 153 0205 FD1C5EA2 		.ascii	"\375\034^\2423\370\023\241\347Aaa\360\013ys\2260Z\360"
 153      33F813A1 
 153      E7416161 
 153      F00B7973 
 153      96305AF0 
 154 0219 A3F7A8DC 		.ascii	"\243\367\250\334\347\233N:\3702\343\220\207\366\344"
 154      E79B4E3A 
 154      F832E390 
 154      87F6E4
 155 0228 39CD4CAF 		.ascii	"9\315L\257\357\232S\220\231\363\223\026\310\230\254"
 155      EF9A5390 
 155      99F39316 
 155      C898AC
 156 0237 733B5C7C 		.ascii	"s;\\|E\256F\340\341\002\264e=f\012\027(8\037\223L\003"
 156      45AE46E0 
 156      E102B465 
 156      3D660A17 
 156      28381F93 
 157 024d 26730993 		.ascii	"&s\011\223\241\0130\306GNGG;\334d\011j\317_l\304\266"
 157      A10B30C6 
 157      474E4747 
 157      3BDC6409 
 157      6ACF5F6C 
 158 0263 882E2AD9 		.ascii	"\210.*\331P\337.\277\011(p\204\204\027\007\307\213\244"
 158      50DF2EBF 
 158      09287084 
 158      841707C7 
 158      8BA4
 159 0275 0079DBC6 		.ascii	"\000y\333\306\210a\007\362j$\220\351\242\200\3743\005"
 159      886107F2 
 159      6A2490E9 
 159      A280FC33 
 159      05
 160 0286 C809D18C 		.ascii	"\310\011\321\214b2\226\215u\302\346\324\202l\023\036"
 160      6232968D 
 160      75C2E6D4 
 160      826C131E 
 161 0296 10EF3283 		.ascii	"\020\3572\203l\010\262\002\275\271V\252R>\267a^\345"
 161      6C08B202 
 161      BDB956AA 
 161      523EB761 
 161      5EE5
 162 02a8 E543ADD6 		.ascii	"\345C\255\326\364\1775\233\316\235~\264?\203FHg\371"
 162      F47F359B 
 162      CE9D7EB4 
 162      3F834648 
 162      67F9
 163 02ba 5CD17924 		.ascii	"\\\321y$\353\203\014\227(4\356\206p\026\202\254\226"
 163      EB830C97 
 163      2834EE86 
ARM GAS  /tmp/ccCfTNe2.s 			page 13


 163      701682AC 
 163      96
 164 02cb D30DC54E 		.ascii	"\323\015\305N\223\016q\306\3617\341\021q.`\370\001\310"
 164      930E71C6 
 164      F137E111 
 164      712E60F8 
 164      01C8
 165 02dd C8EFAF0A 		.ascii	"\310\357\257\0129\010\200\301\267\370\013r\254\352\007"
 165      390880C1 
 165      B7F80B72 
 165      ACEA07
 166 02ec D46978BA 		.ascii	"\324ix\272\\\322\215\301eP\363\271\235\240~{8\316a\340"
 166      5CD28DC1 
 166      6550F3B9 
 166      9DA07E7B 
 166      38CE61E0 
 167 0300 80704D84 		.ascii	"\200pM\204\263\021\256\242\277.4\315\330\223$\367\257"
 167      B311AEA2 
 167      BF2E34CD 
 167      D89324F7 
 167      AF
 168 0311 AFB96425 		.ascii	"\257\271d%[\0332W\326\324\327*\001(X\207\245w\351|\022"
 168      5B1B3257 
 168      D6D4D72A 
 168      01285887 
 168      A577E97C 
 169 0326 E60E5748 		.ascii	"\346\016WH\030\\k\336x\243\303\241\036\324\214\245("
 169      185C6BDE 
 169      78A3C3A1 
 169      1ED48CA5 
 169      28
 170 0337 688600E4 		.ascii	"h\206\000\344b10\374UP1v\246\276\341+#\262\204\233a"
 170      623130FC 
 170      55503176 
 170      A6BEE12B 
 170      23B2849B 
 171 034c 7CDAAFF9 		.ascii	"|\332\257\371\207\366\353\225\360?\271\011\363]\243"
 171      87F6EB95 
 171      F03FB909 
 171      F35DA3
 172 035b DC2471DC 		.ascii	"\334$q\334qg\260\0308\231p\327\011\02791N1p\026\302"
 172      7167B018 
 172      389970D7 
 172      09173931 
 172      4E317016 
 173 0370 DD205CD4 		.ascii	"\335 \\\324\030\334\243\375\017Z\201pV\003\247\020\356"
 173      18DCA3FD 
 173      0F5A8170 
 173      5603A710 
 173      EE
 174 0381 26E1A6A0 		.ascii	"&\341\246\240.\322\004&\335\371j\223B\013\304\"ic\277"
 174      2ED20426 
 174      DDF96A93 
 174      420BC422 
 174      6963BF
 175 0394 562553F5 		.ascii	"V%S\365\354\340\202V\\\033\3049y;\267\2423\274\233~"
 175      ECE08256 
ARM GAS  /tmp/ccCfTNe2.s 			page 14


 175      5C1BC439 
 175      793BB7A2 
 175      33BC9B7E 
 176 03a8 2E7398DD 		.ascii	".s\230\335d\031\3379\363\276f\320Fk\343\272\352\312"
 176      6419DF39 
 176      F3BE66D0 
 176      466BE3BA 
 176      EACA
 177 03ba AE393870 		.ascii	"\25698pZ\310\375\355\343\335\337\201f\352$\367w\222"
 177      5AC8FDED 
 177      E3DDDF81 
 177      66EA24F7 
 177      7792
 178 03cc FB815DA5 		.ascii	"\373\201]\245]\177\335}\354I\304\254>\330\255\345\241"
 178      5D7FDD7D 
 178      EC49C4AC 
 178      3ED8ADE5 
 178      A1
 179 03dd 4A93C578 		.ascii	"J\223\305x\352=\241\331d\024\012\272`\226\220\362\376"
 179      EA3DA1D9 
 179      64140ABA 
 179      609690F2 
 179      FE
 180 03ee 5073AB84 		.ascii	"Ps\253\204o\240\033d\2217\203\036\361\347\262\277\372"
 180      6FA01B64 
 180      9137831E 
 180      F1E7B2BF 
 180      FA
 181 03ff 74C839AB 		.ascii	"t\3109\253\337dO!\354\303C\307\256:\004\273\227\330"
 181      DF644F21 
 181      ECC343C7 
 181      AE3A04BB 
 181      97D8
 182 0411 700B64E1 		.ascii	"p\013d\341eQ\003FM\320\225\323~\026\014\341\243\307"
 182      65510346 
 182      4DD095D3 
 182      7E160CE1 
 182      A3C7
 183 0423 76C1543F 		.ascii	"v\301T?\016T\006!\354\002\\\350\333\272u\023\307\005"
 183      0E540621 
 183      EC025CE8 
 183      DBBA7513 
 183      C705
 184 0435 FC049E82 		.ascii	"\374\004\236\202\316\247\221\030\304c\320\007\351:\217"
 184      CEA79118 
 184      C463D007 
 184      E93A8F
 185 0444 A6B88118 		.ascii	"\246\270\201\030\321$\347\250I\242I\304Gw:\012\255\246"
 185      D124E7A8 
 185      49A249C4 
 185      47773A0A 
 185      ADA6
 186 0456 8EA36E95 		.ascii	"\216\243n\225\306\27150]\347\257!\005nOh\327\351pG\330"
 186      C6B93530 
 186      5DE7AF21 
 186      056E4F68 
 186      D7E97047 
ARM GAS  /tmp/ccCfTNe2.s 			page 15


 187 046b D54AE2F5 		.ascii	"\325J\342\365\203J\377b/\376\012FQ\260\327A\202\001"
 187      834AFF62 
 187      2FFE0A46 
 187      51B0D741 
 187      8201
 188 047d 648986EB 		.ascii	"d\211\206\353\034\335\354\225\321\213\253\037=\266\214"
 188      1CDDEC95 
 188      D18BAB1F 
 188      3DB68C
 189 048c 46B7C2A0 		.ascii	"F\267\302\240\210n\243\350C\344+\005\013\263>\260w\007"
 189      886EA3E8 
 189      43E42B05 
 189      0BB33EB0 
 189      7707
 190 049e 17E71B5B 		.ascii	"\027\347\033[\225\031~\002\302]1\033\250b\207\207\312"
 190      95197E02 
 190      C25D311B 
 190      A8628787 
 190      CA
 191 04af FF8EA44C 		.ascii	"\377\216\244L\336@\031\207a\246\316c\204-i\356\275|"
 191      DE401987 
 191      61A6CE63 
 191      842D69EE 
 191      BD7C
 192 04c1 6A3B2EDF 		.ascii	"j;.\3373]\026\312\255x\333\030{\246\360\317wwW;F4\275"
 192      335D16CA 
 192      AD78DB18 
 192      7BA6F0CF 
 192      7777573B 
 193 04d8 2734BD2F 		.ascii	"'4\275/4\015\027\360\201!`W\377\346\226\025b\013c\354"
 193      340D17F0 
 193      81216057 
 193      FFE69615 
 193      620B63EC 
 194 04ec C8E6541B 		.ascii	"\310\346T\033\200\2326\241&\251\203\364_\272\202\333"
 194      809A36A1 
 194      26A983F4 
 194      5FBA82DB 
 195 04fc 2C0B4BB5 		.ascii	",\013K\265lT\014g\345CX\310\2061\267|\321\274\217\201"
 195      6C540C67 
 195      E54358C8 
 195      8631B77C 
 195      D1BC8F81 
 196 0510 5349A48E 		.ascii	"SI\244\216\306\342\205x\026\376\264\3422\340\254\004"
 196      C6E28578 
 196      16FEB4E2 
 196      32E0AC04 
 197 0520 8A853BBA 		.ascii	"\212\205;\272\342\324\370\225\311\313\222\277HTS|\252"
 197      E2D4F895 
 197      C9CB92BF 
 197      4854537C 
 197      AA
 198 0531 374DF579 		.ascii	"7M\365y\335\252{\345\362\265\253\226z\222\335qn&yRe"
 198      DDAA7BE5 
 198      F2B5AB96 
 198      7A92DD71 
 198      6E267952 
ARM GAS  /tmp/ccCfTNe2.s 			page 16


 199 0546 BC4F9253 		.ascii	"\274O\222S\275\311)R\3527|\251w\205\224\266\234\177"
 199      BDC92952 
 199      EA377CA9 
 199      778594B6 
 199      9C7F
 200 0558 EF4B95D2 		.ascii	"\357K\225\322R\307\321\223W\271\277]\275<\011C\370\326"
 200      52C7D193 
 200      57B9BF5D 
 200      BD3C0943 
 200      F8D6
 201 056a FAE25632 		.ascii	"\372\342V2\353\262\245\276\244/\275\311qc\200\356\024"
 201      EBB2A5BE 
 201      A42FBDC9 
 201      716380EE 
 201      14
 202 057b 8F276595 		.ascii	"\217'e\225\232\232\342M\363\251\237-N\210OX\203\014"
 202      9A9AE24D 
 202      F3A99F2D 
 202      4E884F58 
 202      830C
 203 058d 778A3769 		.ascii	"w\2127i\311w\013<H\373d\"x\322\2324\002\253\361\011"
 203      C9770B3C 
 203      48FB6422 
 203      78D29A34 
 203      02ABF109 
 204 05a1 898B12D5 		.ascii	"\211\213\022\325xD\253\213F\266\363\370\222}KV\270\335"
 204      7844AB8B 
 204      46B6F3F8 
 204      927D4B56 
 204      B8DD
 205 05b3 C89D9C90 		.ascii	"\310\235\234\220\270\330E\333b\306\363\\\261\363\231"
 205      B8D845DB 
 205      62C6F35C 
 205      B1F399
 206 05c2 E465564F 		.ascii	"\344eVO\222'\305\273\226\375\007\267\217\025G"
 206      9227C5BB 
 206      96FD07B7 
 206      8F1547
 207              		.text
 208              		.section	.gnu.lto_.symbol_nodes.f143d028d7d3b634,"",%progbits
 209 0000 789C55C9 		.ascii	"x\234U\311=\016@@\024\004\340\231\375q\014g\341do;\211"
 209      3D0E4040 
 209      1404E099 
 209      FD710C67 
 209      E1646F3B 
 210 0015 4AADDE53 		.ascii	"J\255\336S\250\325N\240\220X\304%\304Cc\213\311L\276"
 210      A8D54EA0 
 210      9058C425 
 210      C443638B 
 210      C94CBE
 211 0028 2900F41A 		.ascii	")\000\364\032\230\225\002t\023\2405\204Z%Q\230\011\017"
 211      98950274 
 211      13A03584 
 211      5A255198 
 211      090F
 212 003a 8A790508 		.ascii	"\212y\005\010\241R\330)6\203\215\34228)\376\017\026"
 212      A152D829 
ARM GAS  /tmp/ccCfTNe2.s 			page 17


 212      36838DE2 
 212      323829FE 
 212      0F16
 213 004c 0E71B968 		.ascii	"\016q\271hu\215\315\\Z\030\304V\233\376s}\322\3434H"
 213      758DCD5C 
 213      5A18C456 
 213      9BFE737D 
 213      D2E33448 
 214 0060 EAB8011F 		.ascii	"\352\270\001\037#(\252"
 214      2328AA
 215              		.text
 216              		.section	.gnu.lto_.refs.f143d028d7d3b634,"",%progbits
 217 0000 789C6363 		.ascii	"x\234cc```\004b\006\000\000D\000\010"
 217      60606004 
 217      62060000 
 217      440008
 218              		.text
 219              		.section	.gnu.lto_.decls.f143d028d7d3b634,"",%progbits
 220 0000 789CB55A 		.ascii	"x\234\265ZiPTY\226\316\373nn@\002\325`\367\330\325\304"
 220      69505459 
 220      96CEFB6E 
 220      6E4002D5 
 220      60F7D8D5 
 221 0015 745505D5 		.ascii	"tU\005\325E/%\326^\035\323\323Q5\306LWEt\315t\264\323"
 221      452F25D6 
 221      5E1DD3D3 
 221      5135C64C 
 221      574574CD 
 222 002c 31511331 		.ascii	"1Q\0231\235MA\226P\3056\231iYNLD'\253\013(\202(\273"
 222      9D4D4196 
 222      50C53699 
 222      69594E4C 
 222      4427AB0B 
 223 0044 228A22BB 		.ascii	"\"\212\"\273\013.\200\212\250\310\"\010.(\"\213\210"
 223      0B2E808A 
 223      A8C82208 
 223      2E28228B 
 223      88
 224 0055 48A1EC9B 		.ascii	"H\241\354\233\200\302\234\273\274|/\223L\255\3761\031"
 224      80C29CBB 
 224      BC7C2F93 
 224      4CADFE31 
 224      19
 225 0066 5CDE3BF7 		.ascii	"\\\336;\367\235{\316\371\316=\347\334\373\026\265B\241"
 225      9D7BCEF9 
 225      CE3DE7DC 
 225      FB16B542 
 225      A1
 226 0077 5858AD50 		.ascii	"XX\255P\234Q+\024ZA\241X\202\037\206\276\363\320\334"
 226      9C512B14 
 226      5A41A158 
 226      821F86BE 
 226      F3D0DC
 227 008a A0152176 		.ascii	"\240\025!v\376\0338> \375p\324\303\321\007\032\014Q"
 227      FE1B383E 
 227      20FD70D4 
 227      C3D1071A 
ARM GAS  /tmp/ccCfTNe2.s 			page 18


 227      0C51
 228 009c 5C03FA73 		.ascii	"\\\003\372s8\016\301Q\301\373\246\341\374\0314A`2=\240"
 228      380EC151 
 228      C1FBA6E1 
 228      FC193441 
 228      60323DA0 
 229 00b0 79098A65 		.ascii	"y\011\212e\277G\240\350e8zA[\001\355+\344\\_\033\034"
 229      BF47A0E8 
 229      65387A41 
 229      5B01ED2B 
 229      E45C5F1B 
 230 00c5 FBE0F82E 		.ascii	"\373\340\370.\034\275\005\246\323\035\216?\204\3662"
 230      1CBD05A6 
 230      D31D8E3F 
 230      84F632
 231 00d4 B49F08CC 		.ascii	"\264\237\010\314\026\015\034\277\206\343\253\210\331"
 231      160D1CBF 
 231      86E3AB88 
 231      D9
 232 00e1 E823309B 		.ascii	"\350#0\233\020\0345pl\204\376zh-\320\232\2405C\273\014"
 232      101C3570 
 232      6C84FE7A 
 232      682DD09A 
 232      A03543BB 
 233 00f6 2D039A0B 		.ascii	"-\003\232\013\267\375\247\300\373*\2647\270\355?\207"
 233      B7FDA7C0 
 233      FB2AB437 
 233      B8ED3F87 
 234 0106 F64B8E45 		.ascii	"\366K\216Ep\200c\001p\374\304\016\007\361\2073\014\237"
 234      70806301 
 234      70FCC40E 
 234      07F18733 
 234      0C9F
 235 0118 731CBF02 		.ascii	"s\034\277\002Y?\2006\3101\377-X\\dX\0368\301\023\312"
 235      593F8036 
 235      C831FF2D 
 235      585C6458 
 235      1E38C113 
 236 012d 313DB3C3 		.ascii	"1=\263\303\344\345\000\023\231\276\367\354\260\245b"
 236      E4E50013 
 236      99BEF7EC 
 236      B0A562
 237 013c D4165B9E 		.ascii	"\324\026[\236\215\0230\362rEJ \307\2333\357{\000\271"
 237      8D1330F2 
 237      72454A20 
 237      C79B33EF 
 237      7B00B9
 238 014f C215BD02 		.ascii	"\302\025\275\002df\325T\243\212]\325\002ym\354J\216"
 238      6466D554 
 238      A38A5DD5 
 238      02796DEC 
 238      4A8E
 239 0161 1B235F02 		.ascii	"\033#_\002\362\304@C\235+c\266 \240O\216\024\235tgt"
 239      F2C44043 
 239      9D2B63B6 
 239      20A04F8E 
 239      149D7467 
ARM GAS  /tmp/ccCfTNe2.s 			page 19


 240 0176 0D917D7A 		.ascii	"\015\221}z\322r\334\035\013\210\234_\234\3529\250\303"
 240      D272DC1D 
 240      0B889C5F 
 240      9CEA39A8 
 240      C3
 241 0187 2EF47CA2 		.ascii	".\364|\242\273\240\320\005{\320\363\256\372\303ED\377"
 241      BBA0D005 
 241      7BD0F3AE 
 241      FAC34544 
 241      FF
 242 0198 E7AE8844 		.ascii	"\347\256\210D\246't\225=>=\347\316\272\010\307\315\236"
 242      A6277495 
 242      3D3E3DE7 
 242      CEBA08C7 
 242      CD9E
 243 01aa 9162355E 		.ascii	"\221b5^A\317\247Zg\322<W\025[\330O\033\252@g\021\026"
 243      41CFA75A 
 243      67D23C57 
 243      155BD84F 
 243      1BAA4067 
 244 01c0 A11C981B 		.ascii	"\241\034\230\033=\251\303\377H\030\205\346\326\331J"
 244      3DA9C3FF 
 244      481885E6 
 244      D6D94A
 245 01cf 2D72F5DB 		.ascii	"-r\365\333l\261D[rc,.\237(\320q\344\203\216!\037\005"
 245      6CB1445B 
 245      72632C2E 
 245      9F28D071 
 245      E4838E21 
 246 01e5 AA457E44 		.ascii	"\252E~D\3709\264J\201\316@g5t\036$\002k\036\246\277"
 246      F839B44A 
 246      81CE4067 
 246      35741E24 
 246      026B1EA6 
 247 01fa 56D56DB1 		.ascii	"V\325m\261\274\202\316#\300\2000\345\001\337}\356\312"
 247      BC82CE23 
 247      C08030E5 
 247      01DF7DEE 
 247      CA
 248 020b 54ECB83B 		.ascii	"T\354\270;W\355\2067P[\362\343o>\364\300\377K\317\213"
 248      57ED8637 
 248      505BF2E3 
 248      6F3EF4C0 
 248      FF4BCF8B 
 249 021f 6B331ADD 		.ascii	"k3\032\335\360fD\211\274\250\233M\356x\033#z\026\272"
 249      F0664489 
 249      BCA89B4D 
 249      EE781B23 
 249      7A16BA
 250 0232 2B304E61 		.ascii	"+0NaD\341\342T\243'NcD\347\236\272\357t8\237\021\331"
 250      44E1E254 
 250      A3274E63 
 250      44E79EBA 
 250      EF74389F 
 251 0248 FDDBB6AB 		.ascii	"\375\333\266\253\224d\232\210\346p%\351\273P\262P\203"
 251      94649A88 
 251      E67025E9 
ARM GAS  /tmp/ccCfTNe2.s 			page 20


 251      BB50B250 
 251      83
 252 0259 691F18DB 		.ascii	"i\037\030\333\210h_\177\335p\277\306\312\327\304:/-"
 252      88685F7F 
 252      DD70BFC6 
 252      CAD7C43A 
 252      2F2D
 253 026b CDD678B2 		.ascii	"\315\326x\262i\021d\263\264\202\315\322\300de\242f\345"
 253      691164B3 
 253      B482CDD2 
 253      C06465A2 
 253      66E5
 254 027d 6E826F47 		.ascii	"n\202oG\214\345%\001\351u\250\005P7\003j\005\272\212"
 254      8CE52501 
 254      E975A805 
 254      5037036A 
 254      05BA8A
 255 0290 56C2FF2B 		.ascii	"V\302\377+ \210\002l\214:w\321M\267\325\3525r\335\352"
 255      2088026C 
 255      8C3A77D1 
 255      4DB7D5EA 
 255      3572DDEA 
 256 02a4 38056A45 		.ascii	"8\005jE:\356\022\340=\273P\324,\340R\012@\030).o\364"
 256      3AEE12E0 
 256      3DBB50D4 
 256      2CE0520A 
 256      4018292E 
 257 02ba 403A3F27 		.ascii	"@:?'C\321u\360\2714\232{\273lu\3065\342\355kp\241M\362"
 257      43D175F0 
 257      B9349A7B 
 257      BB6C75C6 
 257      35E2ED6B 
 258 02d2 36F0310D 		.ascii	"6\3601\015\251\273o\027z\342>\346\242Sg\206\337f }\200"
 258      A9BB6F17 
 258      7AE23EE6 
 258      A2536786 
 258      DF66207D 
 259 02e7 AAEC1AAF 		.ascii	"\252\354\032\257\341 {I\354\025\224\225\336r\303#\214"
 259      E1207B49 
 259      EC159495 
 259      DE72C323 
 259      8C
 260 02f8 B56836B6 		.ascii	"\265h6\266\302\023O0B\214J/\036\225\005\003\331\333"
 260      C2134F30 
 260      428C4A2F 
 260      1E950503 
 260      D9DB
 261 030a 758CFE10 		.ascii	"u\214\376\020\310\033\255\335\371\030?A6\321\370\306"
 261      C81BADDD 
 261      F9183F41 
 261      36D1F8C6 
 262 031a F2687C83 		.ascii	"\362h|\203E\343\265\244\211\003\032\034E\203Z\350\351"
 262      45E3B5A4 
 262      89031A1C 
 262      45835AE8 
 262      E9
 263 032b 58B8EBE1 		.ascii	"X\270\353\341,\312z\001\361\033<\312\272\240\363\256"
ARM GAS  /tmp/ccCfTNe2.s 			page 21


 263      2CCA7A01 
 263      F11B3CCA 
 263      BAA0F3AE 
 264 033b 14650DBF 		.ascii	"\024e\015\277\315\230 \270{`\016\273%\334o\360(;| 9"
 264      CD9820B8 
 264      7B600EBB 
 264      25DC6FF0 
 264      283B7C20 
 265 0350 4F8D2F31 		.ascii	"O\215/1\035UY\017\340\314\211\216\373Nu\314v\274V\027"
 265      1D55590F 
 265      E0CC898E 
 265      FB4E75CC 
 265      76BC5617 
 266 0364 67B108A8 		.ascii	"g\261\010\250\017t\334\223t\200J\246\304\222\272\260"
 266      0F74DC93 
 266      74804AA6 
 266      C492BAB0 
 267 0374 D71D3F65 		.ascii	"\327\035?eJFc\262\362\235\002\031p\016d\360\303\233"
 267      4A4663B2 
 267      F29D0219 
 267      700E64F0 
 267      C39B
 268 0386 9B889207 		.ascii	"\233\210\222\007\240\244_R\322'*\271{l\333\005->\213"
 268      A0A45F52 
 268      D2272AB9 
 268      7B6CDB05 
 268      2D3E8B
 269 0399 A9EBAA4E 		.ascii	"\251\353\252NV\327\361b\262\032\310\230\376\234{\036"
 269      56D7F162 
 269      B21AC898 
 269      FE9C7B1E 
 270 03a9 B88E5DAB 		.ascii	"\270\216]\253K\212Mt\305W)!L\267=\316P;\263\346\261"
 270      4B8A4D74 
 270      C5572921 
 270      4CB73DCE 
 270      503BB3E6 
 271 03be 536B1AD5 		.ascii	"Sk\032\325\037\241G`\310\220\003C\262&\273\276sa\272"
 271      1FA14760 
 271      C8900343 
 271      B226BBBE 
 271      7361BA
 272 03d1 FD88872B 		.ascii	"\375\210\207+'\363\325\270\223\351\276x\377z\275\012"
 272      27F3D5B8 
 272      93E9BE78 
 272      FF7ABD0A 
 273 03e1 F73322B7 		.ascii	"\3673\"\267\366\336\233x\232\235W\356\252\036\326\342"
 273      F6DE9B78 
 273      9A9D57EE 
 273      AA1ED6E2 
 274 03f1 7946F42D 		.ascii	"yF\364--~\205\267*\351\371\226\342-u\0368\205\021y\347"
 274      2D7E85B7 
 274      2AE9F996 
 274      E22D751E 
 274      38851179 
 275 0406 AA1E6B70 		.ascii	"\252\036kp\036#\304\372\351\305\352g\301P\317S\214\217"
 275      1E23C4FA 
 275      E9C5EA67 
ARM GAS  /tmp/ccCfTNe2.s 			page 22


 275      C150CF53 
 275      8C8F
 276 0418 B06BF7EE 		.ascii	"\260k\367\356^.\367\300\307\030Q5\233U\345\211+\031"
 276      5E2EF7C0 
 276      C7185135 
 276      9B55E589 
 276      2B19
 277 042a D17C7F69 		.ascii	"\321|\177i\302\025\237g\304\311\314\305\032%\256gD\334"
 277      C2159F67 
 277      C4C9CCC5 
 277      1A25AE67 
 277      44DC
 278 043c B6923452 		.ascii	"\266\2224Rb\325, 5\244\004\214\315\237P\262.\002\373"
 278      62D52C20 
 278      35A4048C 
 278      CD9F50B2 
 278      2E02FB
 279 044f 5BE8CAC9 		.ascii	"[\350\312\311\270{\304\003_\241C\204\263\327O\305\272"
 279      B87BC403 
 279      5FA14384 
 279      B3D74FC5 
 279      BA
 280 0460 233F5731 		.ascii	"#?W1\326\336\317\030#\261\266\004\236y&yFM\034\263\231"
 280      D6DECF18 
 280      23B1B604 
 280      9E792679 
 280      464D1CB3 
 281 0475 B0D83B78 		.ascii	"\260\330;x\021\034\254\346\016~\012\235\013\320I\212"
 281      111CACE6 
 281      0E7E0A9D 
 281      0BD0498A 
 282 0485 F6DCD871 		.ascii	"\366\334\330q%ng:\216\355|\232\356a\3251\333\361v\005"
 282      256E673A 
 282      8EED7C9A 
 282      EE61D531 
 282      DBF17605 
 283 0499 8DB56801 		.ascii	"\215\265h\001l\022\254:\226\220S%Q\202C%\367,\013\031"
 283      6C12AC3A 
 283      96905325 
 283      51824325 
 283      F72C0B19 
 284 04ad 3ADCCD94 		.ascii	":\334\315\224d\325\346\035\023$ \203\277j\247\261\026"
 284      64D5E61D 
 284      13242083 
 284      BF6AA7B1 
 284      16
 285 04be 074A6224 		.ascii	"\007Jb$%\240\323\231\222X\307J\346w\236\256p\303\375"
 285      25A0D399 
 285      9258C74A 
 285      E6779EAE 
 285      70C3FD
 286 04d1 CCC109BB 		.ascii	"\314\301\011\273\206\017z\340!F,\014\246v 6{: \243\253"
 286      860F7AE0 
 286      21462C0C 
 286      A6762036 
 286      7B3A20A3 
 287 04e6 3A923D79 		.ascii	":\222=y\215\241\271?\277yQ\211g\031\357\255\304\353"
ARM GAS  /tmp/ccCfTNe2.s 			page 23


 287      8DA1B93F 
 287      BF795189 
 287      6719EFAD 
 287      C4EB
 288 04f8 9D6ABCC4 		.ascii	"\235j\274\304L=\331tw\001[M\235W}\204\266\201\225\011"
 288      4C3DD974 
 288      77015B4D 
 288      9D577D84 
 288      B6819509 
 289 050c DFCBCA44 		.ascii	"\337\313\312D\307V\326]\315\235\324\3428\025Uv:9\005"
 289      C756D65D 
 289      CD9DD4E2 
 289      38155576 
 289      3A3905
 290 051f 22318111 		.ascii	"\"1\201\021\335\351\011Unx\017#\316&M\234r\301\371\214"
 290      DDE90955 
 290      6E780F23 
 290      CE264D9C 
 290      72C1F98C 
 291 0533 D8F4A4AF 		.ascii	"\330\364\244\257\334\023\2272b(\246\346\236\022W0\242"
 291      DC139732 
 291      6228A6E6 
 291      9E125730 
 291      A2
 292 0544 2CAEFFB0 		.ascii	",\256\377\260\026\240\370@\034!YU\363aU\355x\315d\211"
 292      16A0F840 
 292      1C215955 
 292      F36155ED 
 292      78CD6489 
 293 0558 1257525E 		.ascii	"\022WR^\341HI\377W\262\370Y\025G\335\236\016\200vK\200"
 293      E14849FF 
 293      57B2F859 
 293      1547DD9E 
 293      0E80764B 
 294 056d 7C389E68 		.ascii	"|8\236h\213e\277\005\257T\240w|\320j@\223\006h|8\232"
 294      8B65BF05 
 294      AF54A077 
 294      7CD06A40 
 294      9306687C 
 295 0583 5D820F4A 		.ascii	"]\202\017J\025(\232\303{\013.\272\343\213LAw\311h\013"
 295      15289AC3 
 295      7B0B2EBA 
 295      E38B4C41 
 295      77C9680B 
 296 0597 9645CF6B 		.ascii	"\226E\317k\307h\364d\201\206\014IC\272\340DE\246c\025"
 296      C768F464 
 296      81860C49 
 296      43BAE044 
 296      45A66315 
 297 05ab D13BAF17 		.ascii	"\321;\257\027\273\340+LE\364\245\035m\032\261\204\330"
 297      BBE02B4C 
 297      45F4A51D 
 297      6D1AB184 
 297      D8
 298 05bc 0EDFE360 		.ascii	"\016\337\343`\270\030b\253Y9\313\001K\262%K\262\004"
 298      B81862AB 
 298      5939CB01 
ARM GAS  /tmp/ccCfTNe2.s 			page 24


 298      4BB2254B 
 298      B204
 299 05ce 5E457665 		.ascii	"^Eve\016\254\3047\230G\023\022\027\3130\276\303\324"
 299      0EACC437 
 299      98471312 
 299      17CB30BE 
 299      C3D4
 300 05e0 0D6F2F38 		.ascii	"\015o/8\251v\254.\317\251\272k\020&\373@S\256\003M]"
 300      A976AC2E 
 300      CFA9BA6B 
 300      1026FB40 
 300      53AE034D 
 301 05f5 39A3934A 		.ascii	"9\243\223J\334\307T\035\270P\326\246\301\203LU\307t"
 301      DCC7541D 
 301      B850D6A6 
 301      C1834C55 
 301      C774
 302 0607 D34E292B 		.ascii	"\323N)+\356\200\214\203 \343\200\275\014\007\226\344"
 302      EE808C83 
 302      20E380BD 
 302      0C0796E4 
 303 0617 3BF6DB48 		.ascii	";\366\333H\354\203^\276\251[I\262#5\375\035<\316\024"
 303      EC835EBE 
 303      A95B49B2 
 303      2335FD1D 
 303      3CCE14
 304 062a 0FE7B71C 		.ascii	"\017\347\267\034%U\323\317\025\375U\0264~,h\262\223"
 304      2555D3CF 
 304      15FD5516 
 304      347E2C68 
 304      B293
 305 063c FBD25CF0 		.ascii	"\373\322\\\360\023fV\306\364\361\005\353\012R\036c\371"
 305      136656C6 
 305      F4F105EB 
 305      0A521E63 
 305      F9
 306 064d 41D45B0A 		.ascii	"A\324[\012t\012\302\271\202\304x\011\250\366\343\252"
 306      740AC2B9 
 306      82C47809 
 306      A8F6E3AA 
 307 065d 0B41F561 		.ascii	"\013A\365a\311\347\015?\313\241ka1\240(\222P\370qGl"
 307      C9E70D3F 
 307      CBA16B61 
 307      31A02892 
 307      50F87147 
 308 0672 8A2D4872 		.ascii	"\212-Hr\3031j\252$5\251\257S#/;\227i\340\224\303\320"
 308      C3316AAA 
 308      2435A9AF 
 308      53232F3B 
 308      9769E094 
 309 0688 526968B1 		.ascii	"Rih\261\344\200e\206\22490\204\244TY\347E%NdZ\246\267"
 309      E4806586 
 309      94393084 
 309      A45459E7 
 309      45254E64 
 310 069f 0CE73A87 		.ascii	"\014\347:\207r\314)\224\245F\334u\001\366?Jt\024\014"
 310      72CC2994 
ARM GAS  /tmp/ccCfTNe2.s 			page 25


 310      A546DC75 
 310      01F63F4A 
 310      74140C
 311 06b2 3A221954 		.ascii	":\"\031T.\316je\342t\254\315\356\2120J\273\253\343\202"
 311      2ECE6A65 
 311      E274ACCD 
 311      EE8A304A 
 311      BBABE382 
 312 06c6 8E6F65A3 		.ascii	"\216oe\243\373N\264#\\\253f\033\340'g\346u\3702%\224"
 312      FB4EB423 
 312      5CAB661B 
 312      E02767E6 
 312      75F83225 
 313 06db C5318563 		.ascii	"\3051\205cJ\344\347\203`\024b\216 ;a\005\252\004Q'\004"
 313      4AE4E783 
 313      6014628E 
 313      203B6105 
 313      AA045127 
 314 06f0 2C6EED33 		.ascii	",n\3553-`\376\330_I7\234k\351\321AL\234\0044\344\222"
 314      2D60FED8 
 314      5F49379C 
 314      6BE9D141 
 314      4C9C0434 
 315 0706 029D062C 		.ascii	"\002\235\006,\247\2307\216d\327\317\271\270r\356\315"
 315      A798378E 
 315      64D7CFB9 
 315      B872EECD 
 316 0716 2FE2BEF7 		.ascii	"/\342\276\367d\351\242N\016\252\312\006T\265\025\324"
 316      64E9A24E 
 316      0EAACA06 
 316      54B515D4 
 317 0726 F9E698C3 		.ascii	"\371\346\230\303n\370\012\003\325\367l_\277\006_c\304"
 317      6EF80A03 
 317      D5F76C5F 
 317      BF065F63 
 317      C4
 318 0737 93F48603 		.ascii	"\223\364\206\003\356\3706#R\212[o\251\361]Ft\227.V\253"
 318      EEF83623 
 318      528A5B6F 
 318      A9F15D46 
 318      74972E56 
 319 074c 710F23F6 		.ascii	"q\017#\366\336\035/\321\340>6K\355K\203\203\256\266"
 319      DE1D2FD1 
 319      E03E364B 
 319      ED4B8383 
 319      AEB6
 320 075e 1BCEBFFC 		.ascii	"\033\316\277\374H\252\252\027\301T\275\355vs$\373\357"
 320      48AAAA17 
 320      C154BDED 
 320      767324FB 
 320      EF
 321 076f A32C1684 		.ascii	"\243,\026\204.\010:T+\315\216\236o6{\243\353\256k\361"
 321      2E083A54 
 321      2BCD8E9E 
 321      6F367BA3 
 321      EBAE6BF1 
 322 0783 23A66A7C 		.ascii	"#\246j|\344\306Sw<\312\010\313\334\331;j<\311\210\316"
ARM GAS  /tmp/ccCfTNe2.s 			page 26


 322      E4C65377 
 322      3CCA08CB 
 322      DCD93B6A 
 322      3CC988CE 
 323 0797 5D4F7A5D 		.ascii	"]Oz]\360\014#\352o&\234S\3429F\034j\352\265\250\360"
 323      F00C23EA 
 323      6F269C53 
 323      E239461C 
 323      6AEAB5A8 
 324 07ac 5346546F 		.ascii	"SFTomz\252\305K\214\310\254\334\024\355\212\2435ls\272"
 324      6D7AAAC5 
 324      4B8CC8AC 
 324      DC14ED8A 
 324      A3356C73 
 325 07c1 3499A4C3 		.ascii	"4\231\244\303q\214xR\335\226'\260\344\363%"
 325      718C7852 
 325      DD9627B0 
 325      E4F325
 326 07d0 37083509 		.ascii	"7\0105\011\365\230\2558\271\260\225w\273\022we\223\026"
 326      F598AD38 
 326      B9B09577 
 326      BB127765 
 326      9316
 327 07e2 F9B29FB7 		.ascii	"\371\262\237\267\237\257o\036A[su\010?*\332\272\315"
 327      9FAF6F1E 
 327      415B7375 
 327      083F2ADA 
 327      BACD
 328 07f4 925BCBD0 		.ascii	"\222[\313\320\\\0024\267\004o\011\375!\201\306\023\231"
 328      5C0234B7 
 328      046F09FD 
 328      2181C613 
 328      99
 329 0805 00051BD2 		.ascii	"\000\005\033\322\367_\231\226\232XL\331\257\330\263"
 329      F75F9996 
 329      9A584CD9 
 329      AFD8B3
 330 0814 FB13EEB7 		.ascii	"\373\023\356\267$\346!\031s\223Cf\271\350y\031w\203"
 330      24E62119 
 330      73934366 
 330      B9E87919 
 330      7783
 331 0826 3D7705B2 		.ascii	"=w\005\262go\374\263\304~\331\236\375\3042\366>\031"
 331      676FFCB3 
 331      C47ED99E 
 331      FDC432F6 
 331      3E19
 332 0838 FB797BF6 		.ascii	"\373y{\366idg\3715\031w\235c\257P\356dz;\004\015n|\320"
 332      696467F9 
 332      3519779D 
 332      63AF50EE 
 332      647A3B04 
 333 0850 5508E616 		.ascii	"U\010\346\026\270\206\232\371\010\210\014t\033\002\250"
 333      B8869AF9 
 333      08880C74 
 333      1B02A8
 334 085f 4DF045D7 		.ascii	"M\360E\327\240\335\201v\035Z\007\264\033\320\332\241"
ARM GAS  /tmp/ccCfTNe2.s 			page 27


 334      A0DD8176 
 334      1D5A07B4 
 334      1BD0DAA1 
 335 086f B542BB29 		.ascii	"\265B\273)\370\322dc\361\325\322\371\022\215/\220\240"
 335      F8D26463 
 335      F1D5D2F9 
 335      128D2F90 
 335      A0
 336 0880 E0C1A5B0 		.ascii	"\340\301\245\260\032V\327\355\225\027c\251_M-\253w\014"
 336      1A56D7ED 
 336      951763A9 
 336      5F4D2DAB 
 336      770C
 337 0892 5B866342 		.ascii	"[\206cB\346\323F\307>\245\334d\363\3277<\242\222\347"
 337      E6D346C7 
 337      3EA5DC64 
 337      F3D7373C 
 337      A292E7
 338 08a5 9F9C5781 		.ascii	"\237\234W\201:\255\371\327]\2357\353\216kh\340\341\371"
 338      3AADF9D7 
 338      5D9D37EB 
 338      8E6B68E0 
 338      E1F9
 339 08b7 C9AA1308 		.ascii	"\311\252\023\010\371\372y3}P\2732\037$\260\210\202\021"
 339      F9FA7933 
 339      7D50BB32 
 339      1F24B088 
 339      8211
 340 08c9 A80674F6 		.ascii	"\250\006t\3668\016\021\016\3660\003\333c\0136\231\357"
 340      380E110E 
 340      F63003DB 
 340      630B3699 
 340      EF
 341 08da 70A85FAD 		.ascii	"p\250_\255\203\357ri\304\257\335\340\327.\3567\222\015"
 341      83EF7269 
 341      C4AFDDE0 
 341      D72EEE37 
 341      920D
 342 08ec D10F8731 		.ascii	"\321\017\2071nf\331\360h\240\250]\300\327\030\221\335"
 342      6E66D9F0 
 342      68A0A85D 
 342      C0D71891 
 342      DD
 343 08fd 53DBCDB7 		.ascii	"S\333\315\267\354\027\011}\242'u\213\216\347\006yT\361"
 343      EC17097D 
 343      A227758B 
 343      8EE70679 
 343      54F1
 344 090f 7066A61D 		.ascii	"pf\246\035\352\004c>\266t8\036\343>F<\315\277z\0332"
 344      EA04633E 
 344      B674381E 
 344      E33E463C 
 344      CDBF7A1B 
 345 0924 9911E79F 		.ascii	"\231\021\347\237ud\273\342)J\374\346@}O\235\033\362"
 345      7564BBE2 
 345      294AFCE6 
 345      407D4F9D 
ARM GAS  /tmp/ccCfTNe2.s 			page 28


 345      1BF2
 346 0936 F6D579FB 		.ascii	"\366\325y\373z\373\222\377\360\347K\316\375\340GS\314"
 346      7AFB92FF 
 346      F0E74BCE 
 346      FDE04753 
 346      CC
 347 0947 CF77852F 		.ascii	"\317w\205/\275\342\013\264NG:\375|\255???\307\000'a"
 347      BDE20BB4 
 347      4E473AFD 
 347      7CAD3F3F 
 347      3FC70027 
 348 095c 633DC801 		.ascii	"c=\310\001\306`?\364\035\007\310\234\373p\011?\273\260"
 348      C6603FF4 
 348      1D07C89C 
 348      FB70093F 
 348      BBB0
 349 096e 9D397708 		.ascii	"\2359w\010\234{\201s;p\256l\032\037\331L#\031\307\334"
 349      9C7B8173 
 349      3B70AE6C 
 349      1A1FD94C 
 349      2319C7DC 
 350 0982 6C13BAF7 		.ascii	"l\023\272\367!t\373H\350\356\007\255\303\334\202<8\337"
 350      2174FB48 
 350      E8EE07AD 
 350      C3DC823C 
 350      38DF
 351 0994 877D512E 		.ascii	"\207}Q.\264\275\320\366@\313\201\226\015-\013Z&\264"
 351      B4BDD0F6 
 351      40CB8196 
 351      0D2D0B5A 
 351      26B4
 352 09a6 0C68E9D0 		.ascii	"\014h\351\320\342\240EA\263@[\202\220\036\2056\002\355"
 352      E2A04541 
 352      B3405B82 
 352      901E8536 
 352      02ED
 353 09b8 B10D8289 		.ascii	"\261\015\202\211\337\263p\204\212\332\017s9,7\276\003"
 353      DFB37084 
 353      8ADA0F73 
 353      392C37BE 
 353      03
 354 09c9 39CE2AAB 		.ascii	"9\316*\253i\367\370\210\377\037\323\026\233\274\366"
 354      69F7F888 
 354      FF1FD316 
 354      9BBCF6
 355 09d8 D3C422F7 		.ascii	"\323\304\"\367\240\235\310\316\270;\313\352Iw\323\012"
 355      A09DC8CE 
 355      B83BCBEA 
 355      4977D30A 
 356 09e8 C63F061E 		.ascii	"\306?\006\036}\350\230\337~*\306m\246b\214e\224\015"
 356      7DE898DF 
 356      7E2AC66D 
 356      A6628C65 
 356      940D
 357 09fa D89370F5 		.ascii	"\330\223p\365\004\275Y\006\260\343\034\3543\010\365"
 357      04BD5906 
 357      B0E31CEC 
ARM GAS  /tmp/ccCfTNe2.s 			page 29


 357      3308F5
 358 0a09 1930781A 		.ascii	"\0310x\032\332\204\215\321\223\011\252\305\343\026\313"
 358      DA848DD1 
 358      9309AAC5 
 358      E316CB
 359 0a18 16359AE4 		.ascii	"\0265\232\344\3610\356\254h\312\314\230\2621c\362yf"
 359      F130EEAC 
 359      68CACC98 
 359      B23163F2 
 359      7966
 360 0a2a 2C82EA17 		.ascii	",\202\352\027\233\321w\010[\016\254\244\261u\333\261"
 360      9BD17708 
 360      5B0EACA4 
 360      B175DBB1 
 361 0a3a 0D624982 		.ascii	"\015bI\202\214oO\323D\321 \230\005\266x\016\323\272"
 361      8C6F4FD3 
 361      44D12098 
 361      05B6780E 
 361      D3BA
 362 0a4c 2DF2771C 		.ascii	"-\362w\034\004\326\353O\301\2109n\320\002\234\317\203"
 362      04D6EB4F 
 362      C188396E 
 362      D0029CCF 
 362      83
 363 0a5d 314FECB3 		.ascii	"1O\354\263d\333%Y\226\214\201EsN\026\036\307:F\371\010"
 363      64DB2559 
 363      968C8145 
 363      734E161E 
 363      C73A46F9 
 364 0a72 E73AFAFC 		.ascii	"\347:\372\374X\034\213Y\270\\\276\254\304u\027\260\022"
 364      581C8B59 
 364      B85CBEAC 
 364      C47517B0 
 364      12
 365 0a83 37675BE2 		.ascii	"7g[\342\370f/I\265m\177\012\331\354\021w\214K7\326\204"
 365      F8662F49 
 365      B56D7F0A 
 365      D9EC1177 
 365      8C4B37D6 
 366 0a98 5B649A4D 		.ascii	"[d\232MP\315\225\223\315\355\270#\021\003\2735\260s"
 366      50CD9593 
 366      CDEDB823 
 366      1103BB35 
 366      B073
 367 0aaa A3B3FA50 		.ascii	"\243\263\372P\332\216\214\323\361\314\334\373K\270\270"
 367      DA8E8CD3 
 367      F1CCDCFB 
 367      4BB8B8
 368 0ab9 21DEB223 		.ascii	"!\336\262#\200>\327\370\316>X\007m\203\033DN|*M\321"
 368      803ED7F8 
 368      CE3E5807 
 368      6D831B44 
 368      4E7C2A4D 
 369 0ace 0867B7BA 		.ascii	"\010g\267\272gx\031{\355\247\314\035\321\330\033M\330"
 369      6778197B 
 369      EDA7CC1D 
 369      D1D81B4D 
ARM GAS  /tmp/ccCfTNe2.s 			page 30


 369      D8
 370 0adf 4B1FB6CB 		.ascii	"K\037\266\313\353eE/\026r\331Q\321\343\350\3662\357"
 370      EB65452F 
 370      1672D951 
 370      D1E3E8F6 
 370      32EF
 371 0af1 0D3AF1DE 		.ascii	"\015:\361\336\342\216(p\014\321<%9oP\004o\241\361\220"
 371      E28E2870 
 371      0CD13C25 
 371      396F5004 
 371      6FA1F190 
 372 0b05 7098C743 		.ascii	"p\230\307C<^\201f\354\015\234\226\341Iqd\241\202\216"
 372      3C5E8166 
 372      EC0D9C96 
 372      E1497164 
 372      A1828E
 373 0b18 23E6A581 		.ascii	"#\346\245\201y\273\241\214\354\202\226\012m\007\264"
 373      79BBA18C 
 373      EC82960A 
 373      6D07B4
 374 0b27 24685BA0 		.ascii	"$h[\240m\206\266\011\313\243\244\361\023\346\026\342"
 374      6D86B609 
 374      CBA3A4F1 
 374      13E616E2 
 375 0b37 F459D04A 		.ascii	"\364Y\320J\2448\335+\265\234\223\325\223'/\342\256\375"
 375      A438DD2B 
 375      B59C93D5 
 375      93272FE2 
 375      AEFD
 376 0b49 2D13BD15 		.ascii	"-\023\275\025\353\320\234sfY\322'`y\322\303\270eI\277"
 376      EBD09C73 
 376      6659D227 
 376      6079D2C3 
 376      B86549BF 
 377 0b5d 050AED66 		.ascii	"\005\012\355fRh7A\024\021v\202x; \336\006\310\022%d"
 377      52683741 
 377      14117682 
 377      783B20DE 
 377      06C81225 
 378 0b72 E0D3D16C 		.ascii	"\340\323\321l\325\350\304\240\305\222\242\243\217Q\346"
 378      D5E8C4A0 
 378      C592A2A3 
 378      8F51E6
 379 0b81 11B691BF 		.ascii	"\021\266\221\277<\351\207~D\012\204\230\361\204\327"
 379      3CE9877E 
 379      440A8498 
 379      F184D7
 380 0b90 41C6F309 		.ascii	"A\306\363\011\217W\221p\006\036\273\335\017\233\313"
 380      8F579170 
 380      061EBBDD 
 380      0F9BCB
 381 0b9f AB87F85C 		.ascii	"\253\207\370\\\222'#[\205\027\370\251\275\232{5\031"
 381      9227235B 
 381      8517F8A9 
 381      BD9A7B35 
 381      19
 382 0bb0 1CB5DD39 		.ascii	"\034\265\3359\267\314Q)\300)9*\2319\312\311z\212v\202"
ARM GAS  /tmp/ccCfTNe2.s 			page 31


 382      B7CC5129 
 382      C029392A 
 382      9939CAC9 
 382      7A8A7682 
 383 0bc4 7BA425D5 		.ascii	"{\244%\325\032\224s\267I\266\022IIRF\016\321Bk-RU\227"
 383      1A9473B7 
 383      49B61249 
 383      4952460E 
 383      D1426B2D 
 384 0bdb 3910580C 		.ascii	"9\020X\014w<\027\007qJ%_\235\010\352\344\027q\017\375"
 384      773C1707 
 384      714A255F 
 384      9D08EAE4 
 384      17710FFD 
 385 0bef 9A450761 		.ascii	"\232E\007aNq\316\314\314\2359\245&\376\006\236\345\273"
 385      4E71CECC 
 385      CC9D39A5 
 385      26FE069E 
 385      E5BB
 386 0c01 CDF652AF 		.ascii	"\315\366R\257\230\030K\372j\372$c'_\177\371M\034K\233"
 386      98184BFA 
 386      6AFA2463 
 386      275F7FF9 
 386      4D1C4B9B 
 387 0c15 16D99238 		.ascii	"\026\331\2228\364f\272\245&\012\323\207\021{\0351\277"
 387      F466BAA5 
 387      260AD387 
 387      117B1D31 
 387      BF
 388 0c26 23DBBD73 		.ascii	"#\333\275s^\362\320a\277#^\331$\016\024\363I\204\033"
 388      5EF2D061 
 388      BF235ED9 
 388      240E14F3 
 388      49841B
 389 0c39 5B5460BF 		.ascii	"[T`\277oX~\217r\347\227\014>\3342\242\012\307\3542\351"
 389      6F587E8F 
 389      72E7970C 
 389      3EDC32A2 
 389      0AC7EC32 
 390 0c4e 7DBF906A 		.ascii	"}\277\220j\371\031{\356\345\367\021wd\354g\035\263\313"
 390      F9197BEE 
 390      E5F71177 
 390      64EC671D 
 390      B3CB
 391 0c60 66A2A590 		.ascii	"f\242\245\220\317\033\335\266\332\263/\277\251\251\345"
 391      CF1BDDB6 
 391      DAB32FBF 
 391      A9A9E5
 392 0c6f D2C926A4 		.ascii	"\322\311&\244\3271\273L\372\374\317mW\322a\307+)\237"
 392      D731BB4C 
 392      FAFCCF6D 
 392      57D261C7 
 392      2B299F
 393 0c82 67BED31E 		.ascii	"g\276\323\036vRH\037O\221\230%\321\375@\212\331aZHa"
 393      7652481F 
 393      4F919825 
 393      D1FD408A 
ARM GAS  /tmp/ccCfTNe2.s 			page 32


 393      D9615A48 
 394 0c97 FBDB5A98 		.ascii	"\373\333Z\230\227\245\303\361\364\305\333\337\035\031"
 394      97A5C3F1 
 394      F4C5DBDF 
 394      1D19
 395 0ca5 4F89D120 		.ascii	"O\211\321 \277\025|\363\353\355\313\316`\323\013\333"
 395      BF157CF3 
 395      EBEDCBCE 
 395      60D30BDB 
 396 0cb5 5FFE3CA6 		.ascii	"_\376<\246P\225s\177;Y\327\312!\370\352\245\322|\020"
 396      5095737F 
 396      3B59D7CA 
 396      21F8EAA5 
 396      D27C10
 397 0cc8 AF10EBEC 		.ascii	"\257\020\353\354\262\205\367\"\260\035\344\245\366$"
 397      B285F722 
 397      B01DE4A5 
 397      F624
 398 0cd6 64D61128 		.ascii	"d\326\021(<\207l\012O{\226+\203\\\000%\344\022g\377"
 398      3C876C0A 
 398      4F7B962B 
 398      835C0025 
 398      E41267FF 
 399 0cea BE9B0705 		.ascii	"\276\233\007\005\035E\204W\201\360B\020~\330\246^\267"
 399      1D458457 
 399      81F04210 
 399      7ED8A65E 
 399      B7
 400 0cfb 64F1C922 		.ascii	"d\361\311\"\357\304\352\020S\342\374~\265.\213\207e"
 400      EFC4EA10 
 400      53E2FC7E 
 400      B52E8B87 
 400      65
 401 0d0c 11E4F965 		.ascii	"\021\344\371e\207\354\366\265\245\330\246\010\0279("
 401      87ECF6B5 
 401      A5D8A608 
 401      173928
 402 0d1b C2ED70F5 		.ascii	"\302\355p\365&\031_\011&\226rsO\303\371)0\267\014Z\211"
 402      26195F09 
 402      26967273 
 402      4FC3F929 
 402      30B70C5A 
 403 0d30 8D3F46B2 		.ascii	"\215?F\262\275vZ\210\015d\365\277\0056\220!\326\335"
 403      BD765A88 
 403      0D64F5BF 
 403      05369021 
 403      D6DD
 404 0d42 9B3CBE1C 		.ascii	"\233<\276\034k\271\301\207<_\313\035\037\346t2\225\247"
 404      6BB9C187 
 404      3C5FCB1D 
 404      1FE67432 
 404      95A7
 405 0d54 F9085BA7 		.ascii	"\371\010[\247\313V\317e\263\232\017r\237?\2533\231|"
 405      CB56CF65 
 405      B39A0F72 
 405      9F3FAB33 
 405      997C
ARM GAS  /tmp/ccCfTNe2.s 			page 33


 406 0d66 568F82E0 		.ascii	"V\217\202\340\312\277yV\217r\000'@\370q\020~\314fVG"
 406      CABF7956 
 406      8F720027 
 406      40F87110 
 406      7ECC6656 
 407 0d7b 3265B35A 		.ascii	"2e\263Z\205\230\022\347\263:\220\311g\265\002\263\275"
 407      859812E7 
 407      B33A90C9 
 407      67B502B3 
 407      BD
 408 0d8c DD7276FB 		.ascii	"\335rv\373Y-\227\225W\005\031'\345Uw&-\256G\261\203"
 408      592D9795 
 408      57051927 
 408      E5557726 
 408      2DAE47B1 
 409 0da1 9C6BCFF4 		.ascii	"\234k\317\364 \327\016:*\274-\331\334h\362J\263\201"
 409      20D70E3A 
 409      2ABC2DD9 
 409      DC68F24A 
 409      B381
 410 0db3 BBDC6909 		.ascii	"\273\334i\011\257\313f\251]\352HM]\306J\262\237\241"
 410      AFCB66A9 
 410      5DEA484D 
 410      5DC64AB2 
 410      9FA1
 411 0dc5 B177005B 		.ascii	"\261w\000[\363\220\360\212,\213\314\312\002\333\341"
 411      F390F08A 
 411      2C8BCCCA 
 411      02DBE1
 412 0dd4 243E21F3 		.ascii	"$>!\363K\213\027\312]\351\253bX\250\330\033\345\334"
 412      4B8B17CA 
 412      5DE9AB62 
 412      58A8D81B 
 412      E5DC
 413 0de6 CC847277 		.ascii	"\314\204rw\371\253\340\277\374H\366*\370\014&\257\202"
 413      F9ABE0BF 
 413      FC48F62A 
 413      F80C26AF 
 413      82
 414 0df7 AB317F15 		.ascii	"\2531\177\025\234\033\225p\335\346\271\002\\\227\271"
 414      9C1B9570 
 414      DDE6B902 
 414      5C97B9
 415 0e06 EB2C96BD 		.ascii	"\353,\226\275\012.\253=\360X\213\253h\225\021\032\313"
 415      0A2EAB3D 
 415      F0588BAB 
 415      6895111A 
 415      CB
 416 0e17 1F15BB21 		.ascii	"\037\025\273!?\035\263\261\347\224\352q+}\245N\006H"
 416      3F1DB3B1 
 416      E794EA71 
 416      2B7DA54E 
 416      0648
 417 0e29 38CE5277 		.ascii	"8\316Rw;\021\217j $$\015d,h\271<S\262\327\023\017\262"
 417      3B118F6A 
 417      2024240D 
 417      642C68B9 
ARM GAS  /tmp/ccCfTNe2.s 			page 34


 417      3C53B2D7 
 418 0e40 8F081E66 		.ascii	"\217\010\036fm\313u\305#\214(Z\310\274\257\303\223\214"
 418      6DCB75C5 
 418      238C285A 
 418      C8BCAFC3 
 418      938C
 419 0e52 28AF8E1D 		.ascii	"(\257\216\035\346\3370\324\220w\035\217,\011g\020\236"
 419      E6DF30D4 
 419      90771D8F 
 419      2C096710 
 419      9E
 420 0e63 A317B59B 		.ascii	"\243\027\265\233\333\333F1\"7\375\276\326\307i-\231"
 420      DBDB4631 
 420      2237FDBE 
 420      D6C7692D 
 420      99
 421 0e74 3EECD90C 		.ascii	">\354\331\0148\252\016,l\300\317]I\032W\262ZOV\265\213"
 421      38AA0E2C 
 421      6CC0CF5D 
 421      491A57B2 
 421      5A4F56B5 
 422 0e89 F6ECCE6E 		.ascii	"\366\354\316nR.a\037\276\2045\360\250\277\002\020\033"
 422      522E611F 
 422      BE8435F0 
 422      A8BF0210 
 422      1B
 423 0e9a 21EAEBA1 		.ascii	"!\352\353\241\265@k\202\326\014\355\262M\026\014\261"
 423      B5406B82 
 423      D60CEDB2 
 423      4D160CB1 
 424 0eaa 5B347149 		.ascii	"[4qI\\\256K\276\025\315x9\317z+\334k\317-/*\374\031"
 424      5CAE4BBE 
 424      15CD7839 
 424      CF7A2BDC 
 424      6BCF2D2F 
 425 0ec1 4E1A26E1 		.ascii	"N\032&\341\323\260l\307F\262O\224E\246\255\326\261S"
 425      D3B06CC7 
 425      46B24F94 
 425      45A6ADD6 
 425      B153
 426 0ed3 64AA47D2 		.ascii	"d\252G\322\271\013\211S.\330\263\333>\260\252\355\031"
 426      B90B8953 
 426      2ED8B3DB 
 426      3EB0AAED 
 426      19
 427 0ee4 A8C4F819 		.ascii	"\250\304\370\031\013\226\324\221\023\011\260$y\213\251"
 427      0B96D491 
 427      1309B024 
 427      798BA9
 428 0ef3 4503BA0D 		.ascii	"E\003\272\015\006_\225B\245\201\206\274Cw\242V\360\342"
 428      065F9542 
 428      A58186BC 
 428      4377A256 
 428      F0E2
 429 0f05 F7F52879 		.ascii	"\367\365(y\323z#\273\314]\036\324m6\225\375\032\253"
 429      D37A23BB 
 429      CC5D1ED4 
ARM GAS  /tmp/ccCfTNe2.s 			page 35


 429      6D3695FD 
 429      1AAB
 430 0f17 01E448BE 		.ascii	"\001\344H\276\366Xx\326\253\301\311\354m\307\243\314"
 430      F65878D6 
 430      ABC1C9EC 
 430      6DC7A3CC 
 431 0f27 9C74254E 		.ascii	"\234t%NcDzJ1\324\323\375\224Pv\315\334\230V!o\235\257"
 431      63447A4A 
 431      31D4D3FD 
 431      945076CD 
 431      DC985621 
 432 0f3e 93874337 		.ascii	"\223\207C7\001I;7\261\003L\274\315\315\221Y\321nc\305"
 432      01493B37 
 432      B1034CBC 
 432      CDCD9159 
 432      D16E63C5 
 433 0f52 2D66057F 		.ascii	"-f\005\1772\327\254\232\233b[\366[\274\262\265?\267"
 433      32D7AC9A 
 433      9B625BF6 
 433      5BBCB2B5 
 433      3FB7
 434 0f64 A66CA293 		.ascii	"\246l\242\223\332n;\2516\365\340s\361\013\223[Og\253"
 434      DA6E3BA9 
 434      36F5E073 
 434      F10B935B 
 434      4F67AB
 435 0f77 A5AF49EE 		.ascii	"\245\257I\356`\332y5\343p\205\247\323\357E\356\322\""
 435      60DA7935 
 435      E37085A7 
 435      D3EF45EE 
 435      D222
 436 0f89 D1291689 		.ascii	"\321)\026\211\3164\313\005A\356\317\2736E\242K^$\216"
 436      CE34CB05 
 436      41EECFBB 
 436      3645A24B 
 436      5E248E
 437 0f9c 756FBFE0 		.ascii	"uo\277\340"
 438 0fa0 8EDBA9D3 		.ascii	"\216\333\251\323\204\275\205[35\266\217\357\345CQ/8"
 438      84BD855B 
 438      3335B68F 
 438      EFE54351 
 438      2F38
 439 0fb2 4A1A2D7E 		.ascii	"J\032-~/\362\233t\372\275H\017\\\350\226\342\243\013"
 439      2FF29B74 
 439      FABD480F 
 439      5CE896E2 
 439      A30B
 440 0fc4 B347F8EA 		.ascii	"\263G\370\352\204\350\356|\017D\037\331y[\275\267E|"
 440      84E8EE7C 
 440      0F441FD9 
 440      795BBDB7 
 440      457C
 441 0fd6 F426BA6F 		.ascii	"\364&\272o\340y94\220\316\01388\351:\266c\256\260\017"
 441      E0793934 
 441      90CE0B38 
 441      38E93AB6 
 441      63AEB00F 
ARM GAS  /tmp/ccCfTNe2.s 			page 36


 442 0fea FB215E0A 		.ascii	"\373!^\012\210A\015\366\242\227'\\]\272\027\255\367"
 442      88410DF6 
 442      A297275C 
 442      5DBA17AD 
 442      F7
 443 0ffb 038E32AE 		.ascii	"\003\2162\256="
 443      3D
 444 1000 5DB6DEDD 		.ascii	"]\266\336\335\260W\355\254\256\210{\006\005e'!\326\017"
 444      B057EDAC 
 444      AE887B06 
 444      05652721 
 444      D60F
 445 1012 9EBB0751 		.ascii	"\236\273\007Q\377\000Z\037\264\373R\364_\333}\251H\203"
 445      FF005A1F 
 445      B4FB52F4 
 445      5FDB7DA9 
 445      4883
 446 1024 EFB319A8 		.ascii	"\357\263\031\250(9y\310\035y\3739~\200\364\035Hy\221"
 446      283979C8 
 446      1D79FB39 
 446      7E80F41D 
 446      487991
 447 1037 44BE08A5 		.ascii	"D\276\010\245\323\234\035\004\346\207\322\234\014`\276"
 447      D39C1D04 
 447      E687D29C 
 447      0C60BE
 448 1046 01ADA938 		.ascii	"\001\255\2518:k\363\316k\320&\326\207x\306\015\321\214"
 448      3A6BF3CE 
 448      6BD026D6 
 448      8778C60D 
 448      D18C
 449 1058 AB3C7FE6 		.ascii	"\253<\177\346\234[\017\352\"\037\300\241\227\330j\206"
 449      9C5B0FEA 
 449      221FC0A1 
 449      97D86A86 
 450 1068 D87F3892 		.ascii	"\330\1778\222F\351%\361\207X?\364\012\354\300Y\011!"
 450      46E925F1 
 450      87583FF4 
 450      0AECC059 
 450      0921
 451 107a 0E41D61E 		.ascii	"\016A\326\036\201\313\020D\271\364\217\013@r\251\354"
 451      81CB1044 
 451      B9F48F0B 
 451      4072A9EC 
 452 108a 3A5327FE 		.ascii	":S'\376\024\214\237\331#\215c]\202\244L6d\231\255\012"
 452      148C9FD9 
 452      238D635D 
 452      82A44C36 
 452      6499AD0A 
 453 109e EB65AB51 		.ascii	"\353e\253Q\022H\304g\351H\177O\242\320\213\272\341\352"
 453      1248C467 
 453      E9487F4F 
 453      A2D08BBA 
 453      E1EA
 454 10b0 7F2A143B 		.ascii	"\177*\024;\264\241\354\345\327l\301\202\006\217\263"
 454      B4A1ECE5 
 454      D76CC182 
ARM GAS  /tmp/ccCfTNe2.s 			page 37


 454      068FB3
 455 10bf FAE3606D 		.ascii	"\372\343`m\217\337\266\260\335\203\3452\004\343\010"
 455      8FDFB6B0 
 455      DD83E532 
 455      04E308
 456 10ce CBE50749 		.ascii	"\313\345\007I\337\325hi'Y\022FYg\346`s\235\033\355$"
 456      DFD56869 
 456      27591246 
 456      5967E660 
 456      739D1BED 
 457 10e3 ABCA18EB 		.ascii	"\253\312\030\353\214\276\277\364\314\335Z\012\306Yg"
 457      8CBEBFF4 
 457      CCDD5A0A 
 457      C65967
 458 10f2 CDEE9B05 		.ascii	"\315\356\233\005\254>\220\255\362\004\353\034n\273\265"
 458      AC3E90AD 
 458      F204EB1C 
 458      6EBBB5
 459 1101 5B2DAF0F 		.ascii	"[-\257\017\344\216J*\020S\264@L\212\005\342T\355\271"
 459      E48E4A2A 
 459      1053B440 
 459      4C8A05E2 
 459      54EDB9
 460 1114 19CFD772 		.ascii	"\031\317\327r-\271\275\226\232\321AU\341\375xHF\364"
 460      2DB9BD96 
 460      9AD14155 
 460      E1FD7848 
 460      46F4
 461 1126 116143C3 		.ascii	"\021aC\303R\270\300)\374\177\214{\021z\204{\000\371"
 461      52B8C029 
 461      FC7F8C7B 
 461      117A847B 
 461      00F9
 462 1138 347E0D46 		.ascii	"4~\015F_\032\310?\251\306\007\335\276\037\350YG\240"
 462      5F1AC83F 
 462      A9C607DD 
 462      BE1FE859 
 462      47A0
 463 114a 9F38023D 		.ascii	"\2378\002=\307:OUw\2642|\020~h\236\017/-\335\351\356"
 463      C73A4F55 
 463      77B4327C 
 463      107E689E 
 463      0F2F2DDD 
 464 1160 1CDF538A 		.ascii	"\034\337S\212oA\304\327\236\235\265G\313\3615\222\233"
 464      6F41C4D7 
 464      9E9DB547 
 464      CBF13592 
 464      9B
 465 1171 C0680B79 		.ascii	"\300h\013y%\015\\hF\2027c\017\357\031\205\227PV<\340"
 465      250D5C68 
 465      46823763 
 465      0FEF1985 
 465      9750563C 
 466 1186 8A6B18BC 		.ascii	"\212k\030\274\251\261[\213\236\324\030r\373\317\360"
 466      A9B15B8B 
 466      9ED41872 
 466      FBCFF0
ARM GAS  /tmp/ccCfTNe2.s 			page 38


 467 1195 EDCBB85C 		.ascii	"\355\313\270\\\340\302\014\004#\226\230\201yu\3153*"
 467      E0C20C04 
 467      23969881 
 467      7975CD33 
 467      2A
 468 11a6 A7BBB828 		.ascii	"\247\273\270(%\261\317\242\344\366\315>I\270\215\300"
 468      25B1CFA2 
 468      E4F6CD3E 
 468      49B88DC0 
 469 11b6 BE5EF614 		.ascii	"\276^\366\024\246$\011\374\277\017Q6\264(\031\270\210"
 469      A62409FC 
 469      BF0F5136 
 469      B42819B8 
 469      88
 470 11c7 D99B6314 		.ascii	"\331\233c\024\255$\206\245\024\266\267(q33lv\360\310"
 470      AD2486A5 
 470      14B6B728 
 470      7133336C 
 470      76F0C8
 471 11da 14F2E665 		.ascii	"\024\362\346eb\263\323\345W\361\242\265\267\364Hg\225"
 471      62B3D3E5 
 471      57F1A2B5 
 471      B7F44867 
 471      95
 472 11eb 5A5E0962 		.ascii	"Z^\011b\225\362J\020\247\024_T\345\025w\345+)j\350\343"
 472      95F24A10 
 472      A7145F54 
 472      E51577E5 
 472      2B296AE8 
 473 1200 9EB8BAA5 		.ascii	"\236\270\272\245'\303\325\371\254l\242\250\343E\324"
 473      27C3D5F9 
 473      AC6CA2A8 
 473      E345D4
 474 120f 7589F357 		.ascii	"u\211\363W5\0345l@\233\016mb\250\201\015\305(\255\250"
 474      351C356C 
 474      409B0E6D 
 474      62A8810D 
 474      C528ADA8 
 475 1223 E194A1DE 		.ascii	"\341\224\241\336LQ/\355\357>\343\216\357\333G\233\223"
 475      4C512FED 
 475      EF3EE38E 
 475      EFDB479B 
 475      93
 476 1234 E572AB92 		.ascii	"\345r\253\222\005V\303\231.\027k\216$\260\316\326\375"
 476      0556C399 
 476      2E176B8E 
 476      24B0CED6 
 476      FD
 477 1245 F10F5C9D 		.ascii	"\361\017\\\235\256\241\333\250\261\211\242\261\365\005"
 477      AEA1DBA8 
 477      B189A2B1 
 477      F505
 478 1253 673BB4E2 		.ascii	"g;\264\342\024\025\252\226\366\363)\0026\264E2v\213"
 478      1415AA96 
 478      F6F32902 
 478      36B44532 
 478      768B
ARM GAS  /tmp/ccCfTNe2.s 			page 39


 479 1265 68EC766A 		.ascii	"h\354vj\354\371\351-\333\\\361\01436\267\253-Ge\015"
 479      ECF9E92D 
 479      DB5CF10C 
 479      3336B7AB 
 479      2D47650D 
 480 1279 64666DFF 		.ascii	"dfm\377@t\234\363\357>\223\251\015;D\033\312S{*E\033"
 480      40749CF3 
 480      EF3E93A9 
 480      0D3B441B 
 480      CA537B2A 
 481 128f 169A5595 		.ascii	"\026\232U\225\227\342k\376@\231P\222dA\222hA\012\013"
 481      97E26BFE 
 481      40995092 
 481      64419268 
 481      410A0B
 482 12a2 9282964A 		.ascii	"\222\202\226J,\237Ob\2604\237;\331|\222#0'\217M\354"
 482      2C9F4F62 
 482      B0349F3B 
 482      D97C9223 
 482      30278F4D 
 483 12b7 54BB4A1F 		.ascii	"T\273J\037@\221\327z\022o\252\222|T\340O\237#\321\017"
 483      4091D77A 
 483      126FAA92 
 483      7C54E04F 
 483      9F23D10F 
 484 12cb AF461694 		.ascii	"\257F\026\224^;\370\302\364\021\242\0377H\266\357Rz"
 484      5E3BF8C2 
 484      F411A21F 
 484      3748B6EF 
 484      527A
 485 12dd 89632841 		.ascii	"\211c(A\300.\224T\362\357\356\324@\236\273\022[\355"
 485      C02E9454 
 485      F2EFEED4 
 485      409EBB12 
 485      5BED
 486 12ef E6545B9A 		.ascii	"\346T[\232\250m\267\222\252\233\332\0327\313\277\201"
 486      A86DB792 
 486      AA9BDA1A 
 486      37CBBF81 
 487 12ff 261FD889 		.ascii	"&\037\330\211\037\210\256`\037\210\026\365\2456!{c2"
 487      1F88AE60 
 487      1F8816F5 
 487      A536217B 
 487      6332
 488 1311 943E285D 		.ascii	"\224>(]I\204eRc\322\2301\231\324\230\364SU\347<\345"
 488      49846552 
 488      63D29831 
 488      99D498F4 
 488      5355E73C 
 489 1326 8ED964E3 		.ascii	"\216\331d\343\230,\356\230,\352\030KcF\246\215\027\243"
 489      982CEE98 
 489      2CEA184B 
 489      6346A68D 
 489      17A3
 490 1338 6C98B339 		.ascii	"l\230\2639s6en\035\251Jt\303\321:\366\321q\342R\252"
 490      7336656E 
 490      1DA94A74 
ARM GAS  /tmp/ccCfTNe2.s 			page 40


 490      C3D13AF6 
 490      D171E252 
 491 134d F33AB087 		.ascii	"\363:\260\207Np\270\030c\317RZ\2250\2775P\246f\267h"
 491      4E70B818 
 491      63CF525A 
 491      9530BF35 
 491      50A666B7 
 492 1362 BA12C8BB 		.ascii	"\272\022\310\273\336(\313G\237\020>\224#\315q\216\322"
 492      DE28CB47 
 492      9F103E94 
 492      23CD718E 
 492      D2
 493 1373 AE52EDA5 		.ascii	"\256R\355\245s\335\273\367\341Nw\\\306\024\357\255\273"
 493      73DDBBF7 
 493      E14E775C 
 493      C614EFAD 
 493      BB
 494 1384 7D46CD85 		.ascii	"}F\315\2055\015\341\241c\260=\005\000\261HI\245\345"
 494      350DE1A1 
 494      63B03D05 
 494      00B14849 
 494      A5E5
 495 1396 4AD272ED 		.ascii	"J\322r\355\245\355\243\322n\015\324\006\341*&\254\260"
 495      A5EDA3D2 
 495      6E0DD406 
 495      E12A26AC 
 495      B0
 496 13a7 644FB907 		.ascii	"dO\271\007n`DB\355\205l5\3041\332OC\215\334\363\025"
 496      6E604442 
 496      ED856C35 
 496      C431DA4F 
 496      438DDCF3 
 497 13bc 549C4734 		.ascii	"T\234G4\262\373\254\037F\247]\317\253t~\033{\220\002"
 497      B2FBAC1F 
 497      46A75DCF 
 497      AB747E1B 
 497      7B9002
 498 13cf CF17237B 		.ascii	"\317\027#{ f\360\272\206\033\273\224\251\351\034\335"
 498      2066F0BA 
 498      861BBB94 
 498      A9E91CDD 
 499 13df CE90D70B 		.ascii	"\316\220\327\013\204\023\345\211\306\242\003J%\241l"
 499      8413E589 
 499      C6A2034A 
 499      25A16C
 500 13ee ED3D44ED 		.ascii	"\355=D\355M\214+\214\322\340\235\356\324\306\306\346"
 500      4D8C2B8C 
 500      D2E09DEE 
 500      D4C6C6E6 
 501 13fe EC68992B 		.ascii	"\354h\231+\033l]Y \201/\260\027v\230\012;\010%\331\003"
 501      1B6C5D59 
 501      20812FB0 
 501      1776980A 
 501      3B0825D9 
 502 1413 E730617B 		.ascii	"\3470a{\232\322\217xH\256\254\264se\241$\255\320^Z\021"
 502      9AD28F78 
 502      48AEACB4 
ARM GAS  /tmp/ccCfTNe2.s 			page 41


 502      7365A124 
 502      ADD05E5A 
 503 1428 95B6B562 		.ascii	"\225\266\265b\352\206\315\3277\3116\341S\314\303\247"
 503      EA86CDD7 
 503      37C936E1 
 503      53CCC3A7 
 504 1438 98864F6E 		.ascii	"\230\206On\371\361}\036\370\020S\375\360\341\276T\376"
 504      F9F17D1E 
 504      F81053FD 
 504      F0E1BE54 
 504      FE
 505 1449 1DF4CB40 		.ascii	"\035\364\313@v\355<\237\243fQ\337J\356\232\3675O\356"
 505      76ED3C9F 
 505      A36651DF 
 505      4AEE9AF7 
 505      354FEE
 506 145c 76C5158C 		.ascii	"v\305\025\214w*\355J\007\377\302\374\307d\331\335<<"
 506      772AED4A 
 506      07FFC2FC 
 506      C764D9DD 
 506      3C3C
 507 146e ECE934BD 		.ascii	"\354\3514\275\216\212\351u\204\245W]Q\343]\215}\002"
 507      8E8AE975 
 507      84A5575D 
 507      51E35D8D 
 507      7D02
 508 1480 95410295 		.ascii	"\225A\002\225\322\004:F\023\210\016\"\334\243\311\271"
 508      D2043A46 
 508      13880E22 
 508      DCA3C9B9 
 509 1490 631E72EE 		.ascii	"c\036r\356\252\347q\317\216\265\017y\276\276\337\322"
 509      AAE771CF 
 509      8EB50F79 
 509      BEBEDFD2 
 510 14a0 5A43B717 		.ascii	"ZC\267\027\245\017b-Q\361\260\303>\256\364B\345\340"
 510      A50F622D 
 510      51F1B0C3 
 510      3EAEF442 
 510      E5E0
 511 14b2 3C586765 		.ascii	"<Xge\203K\240\347\317\020]\025\312\327\025\352`C@\220"
 511      834BA0E7 
 511      CF105D15 
 511      CAD715EA 
 511      60434090 
 512 14c6 C1A8FCD2 		.ascii	"\301\250\374\322h0\250\"\003\326\031L?]\345\277&8\344"
 512      6830A822 
 512      03D6194C 
 512      3F5DE5BF 
 512      2638E4
 513 14d9 8B907F5B 		.ascii	"\213\220\177[\353\037a\3627\232\375M\306@\377\300\340"
 513      EB1F61F2 
 513      379AFD4D 
 513      C640FFC0 
 513      E0
 514 14ea A08DE101 		.ascii	"\240\215\341\001a!\201\253\002\265\277\373\327?\275"
 514      612181AB 
 514      02B5BFFB 
ARM GAS  /tmp/ccCfTNe2.s 			page 42


 514      D73FBD
 515 14f9 B2E6ADB7 		.ascii	"\262\346\255\267\024jS\310\377\030\364\346\267\375\327"
 515      146A53C8 
 515      FF18F4E6 
 515      B7FDD7
 516 1508 9B8CFEA1 		.ascii	"\233\214\376\241!_\370\257\013\014\364\0170\206\275"
 516      215FF8AF 
 516      0B0CF40F 
 516      3086BD
 517 1517 191E116E 		.ascii	"\031\036\021nx\323\020\360E\210\377\007\253\336Y\265"
 517      78D310F0 
 517      4588FF07 
 517      ABDE59B5 
 518 1527 DA3F243C 		.ascii	"\332?$<0t}\220\301\337d\016\0122|\271*X\241\0147|kv"
 518      30747D90 
 518      C1DF640E 
 518      0A327CB9 
 518      2A58A10C 
 519 153f 03CD917A 		.ascii	"\003\315\221z\256~\275\311\020\244$\362\224\244\327"
 519      AE7EBDC9 
 519      10A424F2 
 519      94A4D7
 520 154e 5D76496F 		.ascii	"]vIo\326F\032#\276\011\201S\3670C\330:\203\371\313\365"
 520      D6461A23 
 520      BE098153 
 520      F73043D8 
 520      3A83F9CB 
 521 1563 E1816FEB 		.ascii	"\341\201o\353\315\257\333\330I\364\213z\002\203\201"
 521      CDAFDBD8 
 521      49F48B7A 
 521      028381
 522 1572 3130C268 		.ascii	"10\302h\000Unp\032a\334H\204E\3420\363\267\252\210\015"
 522      00556E70 
 522      1A61DC48 
 522      8445E230 
 522      F3B7AA88 
 523 1587 E106A3D6 		.ascii	"\341\006\243\326h\010\010\2154\206D\270\352\365\353"
 523      6808088D 
 523      348644B8 
 523      EAF5EB
 524 1596 43C2CDEF 		.ascii	"C\302\315\357\200\274\017)\016[\373I\217(5, 08$\334"
 524      80BC0F29 
 524      0E5BFB49 
 524      8F28352C 
 524      20303824 
 525 15ab E0AF070C 		.ascii	"\340\257\007\014\001\353C\315z\363\306H\203\011ThE\011"
 525      01EB43CD 
 525      7AF3C648 
 525      83095468 
 525      4509
 526 15bd 6FBE4082 		.ascii	"o\276@\202i\243\311_\017N\000v\030\2461\023\003\364"
 526      69A3C95F 
 526      0F4E0076 
 526      18A63113 
 526      03F4
 527 15cf E65FDBE0 		.ascii	"\346_\333\340\010\214\010\013\213\010\367\217\2140\232"
 527      088C080B 
ARM GAS  /tmp/ccCfTNe2.s 			page 43


 527      8B08F78F 
 527      8C309A
 528 15de 4DFE1FFF 		.ascii	"M\376\037\377\361\2635\237}K\372\"CB\015F\223\377\357"
 528      F1B3359F 
 528      7D4BFA22 
 528      43420D46 
 528      93FFEF
 529 15f1 D6AC0174 		.ascii	"\326\254\001t\242b\015\340\011\0151\231\265\206HC8H"
 529      A2620DE0 
 529      090D3199 
 529      B5864843 
 529      3848
 530 1603 5DE766F8 		.ascii	"]\347f\370\306\020n\016\0130}\015^\0133\255\373\357"
 530      C6106E0E 
 530      0B307D0D 
 530      5E0B33AD 
 530      FBEF
 531 1615 F586F586 		.ascii	"\365\206\365\206\227\002\203\365\346`\000\034d\322\323"
 531      970283F5 
 531      E660001C 
 531      64D2D3
 532 1624 0E65A4D1 		.ascii	"\016e\244\321\360\215\247M\227\336\254\331\020\020b"
 532      F08DA74D 
 532      97DEACD9 
 532      101062
 533 1633 06119E32 		.ascii	"\006\021\2362n\"\333CN\350\315h\275\332\260\201(Po0"
 533      6E22DB43 
 533      4EE8CD68 
 533      BDDAB081 
 533      28506F30 
 534 1647 83F64838 		.ascii	"\203\366H8\230\014a\22180\334\354\242\327s?h\370Q\005"
 534      980C6191 
 534      3830DCEC 
 534      A2D7733F 
 534      68F85105 
 535 165b BDF09F6A 		.ascii	"\275\360\237j\320\201\\\340\014\210\014\206y\321\230"
 535      D0815CE0 
 535      0C880C86 
 535      79D198
 536 166a 8899A675 		.ascii	"\210\231\246u*h\300\260\301l6Fz1Ez\243\341K\203\321"
 536      2A68C0B0 
 536      C16C3646 
 536      7A31457A 
 536      A3E14B83 
 537 167f 101E0836 		.ascii	"\020\036\0106\201\360\210/\276\212\324\032\276\0151"
 537      81F0882F 
 537      BE8AD41A 
 537      BE0D31
 538 168e 07460419 		.ascii	"\007F\004\031\324\306\240\2150B\011,&\0276q\037\202"
 538      D4C6A08D 
 538      3042092C 
 538      26173671 
 538      1F82
 539 16a0 36F16826 		.ascii	"6\361h&\375 \356\313\320\200u&\2159\014F\000e2\007\230"
 539      FD20EECB 
 539      D0807526 
 539      8D390C46 
ARM GAS  /tmp/ccCfTNe2.s 			page 44


 539      00653207 
 540 16b5 0D5A333D 		.ascii	"\015Z3=\020\221\001_\004\230\014|\332\337\177\027\374"
 540      1091015F 
 540      04980C7C 
 540      DADF7F17 
 540      FC
 541 16c6 249EB89A 		.ascii	"$\236\270\232\314_\007\204\206\254\013\327\233\177\361"
 541      CC5F0784 
 541      86AC0BD7 
 541      9B7FF1
 542 16d5 E22909E6 		.ascii	"\342)\011\346\361\245\204\2540(\003\203\003\214\252"
 542      F1A584AC 
 542      30280383 
 542      038CAA
 543 16e4 88508851 		.ascii	"\210P\210QU\270a\203\301\210\003\315\337\012\246H!\224"
 543      55B86183 
 543      C18803CD 
 543      DF0AA648 
 543      2194
 544 16f6 44DA3A88 		.ascii	"D\332:\210\010\275\031\033\337z\013\332j\301\370k\301"
 544      08BD191B 
 544      DF7A0BDA 
 544      6AC1F86B 
 544      C1
 545 1707 F8A160FC 		.ascii	"\370\241`\374@0\276/\030\337\023\214\357\272\021\311"
 545      4030BE2F 
 545      18DF138C 
 545      EFBA11C9 
 546 1717 C4773068 		.ascii	"\304w0h\325\367\324\254\377\346\2030\320\256\243C\003"
 546      D5F7D4AC 
 546      FFE68330 
 546      D0AEA343 
 546      03
 547 1728 23C2CD90 		.ascii	"#\302\315\220PJ\022O.\326\371S\205EFD\204j\271[\315"
 547      504A124F 
 547      2ED6F953 
 547      85454644 
 547      846AB95B 
 548 173d 5AB810B6 		.ascii	"Z\270\020\266\036\3704\364\277\336\374\252}\236K\351"
 548      1EF834F4 
 548      BFDEFCAA 
 548      7D9E4BE9 
 549 174d 63827407 		.ascii	"c\202t\007\351\2578\347\200\271\007\206\327\237#b\243"
 549      E9AF38E7 
 549      80B90786 
 549      D79F2362 
 549      A3
 550 175e 490CD3E7 		.ascii	"I\014\323\347\210\201\210\000\006wY\216\352\315?{~^"
 550      88818800 
 550      0677598E 
 550      EACD3F7B 
 550      7E5E
 551 1770 13261AFC 		.ascii	"\023&\032\374\264\016\350\315\276\316\245\363\320\005"
 551      B40EE8CD 
 551      BECEA5F3 
 551      D005
 552 177e 6615E18D 		.ascii	"f\025\341\215Tn\2004Qm \001\200\003\214\353\274\271"
ARM GAS  /tmp/ccCfTNe2.s 			page 45


 552      546E8034 
 552      516D2001 
 552      80038CEB 
 552      BCB9
 553 1790 6B820CA6 		.ascii	"k\202\014\246@cH\2449\002j\215\212F\200\033\204\235"
 553      406348A4 
 553      39026A8D 
 553      8A46801B 
 553      849D
 554 17a2 21D0AC27 		.ascii	"!\320\254'\005\311\215x\221\327\242\027\230F8\2116\235"
 554      05C98D78 
 554      91D7A217 
 554      98463889 
 554      369D
 555 17b4 54A7F466 		.ascii	"T\247\364f\021\034\025c\366\016\014\376\367\340\240"
 555      111C1563 
 555      F60E0CFE 
 555      F7E0A0
 556 17c3 35A0D76C 		.ascii	"5\240\327l\370\027cD\330'\200f\231"
 556      F8176344 
 556      D8278066 
 556      99
 557 17d0 7FEC0AAE 		.ascii	"\177\354\012\256\342\307v\203>\243\022\377\000\002!"
 557      E2C77683 
 557      3EA312FF 
 557      000221
 558 17df ABD60606 		.ascii	"\253\326\006\006\377G\300\327\206\365\221k\177(c[\273"
 558      FF47C0D7 
 558      86F5916B 
 558      7F28635B 
 558      BB
 559 17f0 DE446A82 		.ascii	"\336Dj\202!\350S\257\300`\242\344\343\320\320\210\300"
 559      21E853AF 
 559      C060A2E4 
 559      E3D0D088 
 559      C0
 560 1801 8F093843 		.ascii	"\217\0118C\220[`0\031L\273\340|\355F\323\237\302\341"
 560      905B6030 
 560      194CBBE0 
 560      7CED46D3 
 560      9FC2E1
 561 1814 F4EBE74D 		.ascii	"\364\353\347M\324F\002\214E\352z\312\354\256\207|6\353"
 561      D446028C 
 561      45EA7ACA 
 561      ECAE877C 
 561      36EB
 562 1826 FFE9E3B5 		.ascii	"\377\351\343\265\377\374\207?~\352\036\020\272!`\243"
 562      FFFC873F 
 562      7EEA1E10 
 562      BA2160A3 
 563 1836 09A23814 		.ascii	"\011\2428\024j\344?8\212b\210P\022\303\376k>[\373\351"
 563      6AE43F38 
 563      8A628850 
 563      12C3FE6B 
 563      3E5BFBE9 
 564 184a 5AFF3510 		.ascii	"Z\3775\020\304\376\237\212\362\303L!&=,\037\240\303"
 564      C4FE9F8A 
ARM GAS  /tmp/ccCfTNe2.s 			page 46


 564      F2C34C21 
 564      263D2C1F 
 564      A0C3
 565 185c 851AF47B 		.ascii	"\205\032\364{\320\340B\265q]\324\231\372U\357\277\363"
 565      D0E042B5 
 565      715DD499 
 565      FA55EFBF 
 565      F3
 566 186d DE075A91 		.ascii	"\336\007Z\221\372?f +z"
 566      FA3F6620 
 566      2B7A
 567              		.text
 568              		.section	.gnu.lto_.symtab.f143d028d7d3b634,"",%progbits
 569 0000 63685468 		.ascii	"chThdCreateFromHeap\000"
 569      64437265 
 569      61746546 
 569      726F6D48 
 569      65617000 
 570 0014 00       		.ascii	"\000"
 571 0015 00       		.ascii	"\000"
 572 0016 00       		.ascii	"\000"
 573 0017 00000000 		.ascii	"\000\000\000\000\000\000\000\000"
 573      00000000 
 574 001f F5010000 		.ascii	"\365\001\000\000"
 575 0023 63685468 		.ascii	"chThdCreateFromMemoryPool\000"
 575      64437265 
 575      61746546 
 575      726F6D4D 
 575      656D6F72 
 576 003d 00       		.ascii	"\000"
 577 003e 00       		.ascii	"\000"
 578 003f 00       		.ascii	"\000"
 579 0040 00000000 		.ascii	"\000\000\000\000\000\000\000\000"
 579      00000000 
 580 0048 FD010000 		.ascii	"\375\001\000\000"
 581 004c 63685363 		.ascii	"chSchWakeupS\000"
 581      6857616B 
 581      65757053 
 581      00
 582 0059 00       		.ascii	"\000"
 583 005a 02       		.ascii	"\002"
 584 005b 00       		.ascii	"\000"
 585 005c 00000000 		.ascii	"\000\000\000\000\000\000\000\000"
 585      00000000 
 586 0064 02020000 		.ascii	"\002\002\000\000"
 587 0068 63685468 		.ascii	"chThdCreateSuspendedI\000"
 587      64437265 
 587      61746553 
 587      75737065 
 587      6E646564 
 588 007e 00       		.ascii	"\000"
 589 007f 02       		.ascii	"\002"
 590 0080 00       		.ascii	"\000"
 591 0081 00000000 		.ascii	"\000\000\000\000\000\000\000\000"
 591      00000000 
 592 0089 08020000 		.ascii	"\010\002\000\000"
 593 008d 63684865 		.ascii	"chHeapAllocAligned\000"
ARM GAS  /tmp/ccCfTNe2.s 			page 47


 593      6170416C 
 593      6C6F6341 
 593      6C69676E 
 593      656400
 594 00a0 00       		.ascii	"\000"
 595 00a1 02       		.ascii	"\002"
 596 00a2 00       		.ascii	"\000"
 597 00a3 00000000 		.ascii	"\000\000\000\000\000\000\000\000"
 597      00000000 
 598 00ab 0E020000 		.ascii	"\016\002\000\000"
 599 00af 6368506F 		.ascii	"chPoolAlloc\000"
 599      6F6C416C 
 599      6C6F6300 
 600 00bb 00       		.ascii	"\000"
 601 00bc 02       		.ascii	"\002"
 602 00bd 00       		.ascii	"\000"
 603 00be 00000000 		.ascii	"\000\000\000\000\000\000\000\000"
 603      00000000 
 604 00c6 12020000 		.ascii	"\022\002\000\000"
 605              		.text
 606              		.section	.gnu.lto_.opts,"",%progbits
 607 0000 272D666D 		.ascii	"'-fmath-errno' '-fsigned-zeros' '-ftrapping-math' '"
 607      6174682D 
 607      6572726E 
 607      6F272027 
 607      2D667369 
 608 0033 2D666E6F 		.ascii	"-fno-trapv' '-fno-openmp' '-fno-openacc' '-mcpu=cor"
 608      2D747261 
 608      70762720 
 608      272D666E 
 608      6F2D6F70 
 609 0066 7465782D 		.ascii	"tex-m3' '-mthumb' '-O2' '-fomit-frame-pointer' '-fa"
 609      6D332720 
 609      272D6D74 
 609      68756D62 
 609      2720272D 
 610 0099 6C69676E 		.ascii	"lign-functions=16' '-ffunction-sections' '-fdata-se"
 610      2D66756E 
 610      6374696F 
 610      6E733D31 
 610      36272027 
 611 00cc 6374696F 		.ascii	"ctions' '-fno-common' '-flto'\000"
 611      6E732720 
 611      272D666E 
 611      6F2D636F 
 611      6D6D6F6E 
 612              		.text
 613              		.comm	__gnu_lto_v1,1,1
 614              		.comm	__gnu_lto_slim,1,1
 615              		.ident	"GCC: (GNU) 7.3.0"
ARM GAS  /tmp/ccCfTNe2.s 			page 48


DEFINED SYMBOLS
                            *ABS*:0000000000000000 chdynamic.c
                            *COM*:0000000000000001 __gnu_lto_v1
                            *COM*:0000000000000001 __gnu_lto_slim

NO UNDEFINED SYMBOLS
