ARM GAS  /tmp/cclUnGne.s 			page 1


   1              		.cpu cortex-m3
   2              		.eabi_attribute 20, 1
   3              		.eabi_attribute 21, 1
   4              		.eabi_attribute 23, 3
   5              		.eabi_attribute 24, 1
   6              		.eabi_attribute 25, 1
   7              		.eabi_attribute 26, 1
   8              		.eabi_attribute 30, 2
   9              		.eabi_attribute 34, 1
  10              		.eabi_attribute 18, 4
  11              		.file	"chmemcore.c"
  12              		.section	.gnu.lto_.profile.555e438babb01c57,"",%progbits
  13 0000 789C6363 		.ascii	"x\234cc```\001bF\006}m\000\001\001\000f"
  13      60606001 
  13      6246067D 
  13      6D000101 
  13      0066
  14              		.text
  15              		.section	.gnu.lto_.icf.555e438babb01c57,"",%progbits
  16 0000 789C6363 		.ascii	"x\234cc``P`@\000V\206\337\317\032\266\3602\366\377}"
  16      60605060 
  16      40005686 
  16      DFCF1AB6 
  16      F032F6FF 
  17 0015 FF9C9765 		.ascii	"\377\234\227e\341\317\027\1778YO\355x8\207\217\355\326"
  17      E1CF177F 
  17      38594FED 
  17      7838878F 
  17      EDD6
  18 0027 AFBBF758 		.ascii	"\257\273\367X\030\000\030\200\020\364"
  18      18001880 
  18      10F4
  19              		.text
  20              		.section	.gnu.lto_.jmpfuncs.555e438babb01c57,"",%progbits
  21 0000 789C6363 		.ascii	"x\234cc``\320a@\000\026\020ffddd\257\237\303\314\000"
  21      6060D061 
  21      40001610 
  21      66666464 
  21      64AF9FC3 
  22 0016 C48C209A 		.ascii	"\304\214 \232\025C\204\015\250\016\000\230\376\007\026"
  22      1543840D 
  22      A80E0098 
  22      FE0716
  23              		.text
  24              		.section	.gnu.lto_.inline.555e438babb01c57,"",%progbits
  25 0000 789C6363 		.ascii	"x\234cc``\250`@\000\026\006\006V\026F\006&\226\005\362"
  25      6060A860 
  25      40001606 
  25      06561646 
  25      06269605 
  26 0015 0C6C0BE4 		.ascii	"\014l\013\344\231 b\302B\214L\214\012\214@6\210`\221"
  26      992062C2 
  26      428C4C8C 
  26      0A8C4036 
  26      886091
  27 0028 68D8C608 		.ascii	"h\330\306\010\221e\373\240\307\303\300t\201\237\005"
  27      9165FBA0 
ARM GAS  /tmp/cclUnGne.s 			page 2


  27      C7C3C074 
  27      819F05
  28 0037 A48E9541 		.ascii	"\244\216\225AT\204\221\011\254\004\254\230Ef\301U4u"
  28      54849109 
  28      AC04AC98 
  28      4566C155 
  28      3475
  29 0049 1C20756C 		.ascii	"\034 ul\014l\254@+\200bp+\030\000\033\353\015\240"
  29      0C6CAC40 
  29      2B806270 
  29      2B18001B 
  29      EB0DA0
  30              		.text
  31              		.section	.gnu.lto_.pureconst.555e438babb01c57,"",%progbits
  32 0000 789C6363 		.ascii	"x\234cc``\340\002b\026\006\011\026\011\326]\214l,\000"
  32      6060E002 
  32      62160609 
  32      1609D65D 
  32      8C6C2C00 
  33 0014 05B20113 		.ascii	"\005\262\001\023"
  34              		.text
  35              		.section	.gnu.lto__core_init.555e438babb01c57,"",%progbits
  36 0000 789C8591 		.ascii	"x\234\205\221MK\033A\030\307\237\377N\262\346`\224B"
  36      4D4B1B41 
  36      18C79FFF 
  36      4EB2E660 
  36      9442
  37 0012 0F623DB4 		.ascii	"\017b=\264\320\034\274\270\364\013x\351\007\350\241"
  37      D01CBCB8 
  37      F40B78E9 
  37      07E8A1
  38 0021 1F603171 		.ascii	"\037`1q!\001\255\305@\257\231(6\251\266E\304\227\"\213"
  38      2101ADC5 
  38      40AF9928 
  38      36A9B645 
  38      C497228B 
  39 0035 2C78F054 		.ascii	",x\360T%\030\243[[\335n_\004\017\012^\004[JQ\353AD\220"
  39      2518A35B 
  39      5BDD6E5F 
  39      040F0A5E 
  39      045B4A51 
  40 004d D24B8BD6 		.ascii	"\322K\213\326g6\213Z\005;0\354\263\263\317\377\267\277"
  40      67368B5A 
  40      053B30EC 
  40      B3B3CFFF 
  40      B7BF
  41 005f 99D18928 		.ascii	"\231\321\211(\255\021\265\362\363\026O\010\2026\270"
  41      AD11B5F2 
  41      F3164F08 
  41      8236B8
  42 006e 46948F69 		.ascii	"F\224\217i\200*d\014\224\323\220\303s1,\340\027\366"
  42      802A640C 
  42      94D390C3 
  42      73312CE0 
  42      17F6
  43 0080 5CAD794A 		.ascii	"\\\255yJ\362\360\3066\364\247\262\257\301\026D\243<"
  43      F2F0C636 
ARM GAS  /tmp/cclUnGne.s 			page 3


  43      F4A7B2AF 
  43      C11644A3 
  43      3C
  44 0091 D5C02C9A 		.ascii	"\325\300,\232\211\333~\365\377\374\021\027w\241jg\331"
  44      89DB7EF5 
  44      FFFC1117 
  44      77A16A67 
  44      D9
  45 00a2 5FAF4F4C 		.ascii	"_\257OL\312\357\034\331\033\2779$\235W2b\013\240\014"
  45      CAEF1CD9 
  45      1BBF3924 
  45      9D573262 
  45      0BA00C
  46 00b5 11E65449 		.ascii	"\021\346TI\252ws\267\\\202\270\027\344\276\271\323%"
  46      AA7773B7 
  46      5C82B817 
  46      E4BEB9D3 
  46      25
  47 00c6 3DCC6D35 		.ascii	"=\314m5\346\245\237\277\255R\225\363T%Lm\227NF\342z"
  47      E6A59FBF 
  47      AD5295F3 
  47      54254C6D 
  47      974E46E2 
  48 00db 04F34860 		.ascii	"\004\363H`\016\211\252\015\026\240\023\270\230\331\210"
  48      0E89AA0D 
  48      16A013B8 
  48      98D988
  49 00ea 7AF2E46F 		.ascii	"z\362\344oAzk\2153\345\335\033\021\242\"7\360\336\244"
  49      417A6B8D 
  49      33E5DD1B 
  49      11A22237 
  49      F0DEA4
  50 00fd 47CF84A6 		.ascii	"G\317\204\246\252^\217\366\321\363\273p<\267\000\025"
  50      AA5E8FF6 
  50      D1F3BB70 
  50      3CB70015 
  51 010d 64E8689F 		.ascii	"d\350h\237\277^3 l\241\0056\256{\360\245&w,c\274\340"
  51      BF5E3320 
  51      6CA10536 
  51      AE7BF0A5 
  51      26772C63 
  52 0123 283EAF95 		.ascii	"(>\257\225{\217\206\352\034L\300\026\002o\370\210\\"
  52      7B8F86EA 
  52      1C4CC016 
  52      026FF888 
  52      5C
  53 0134 34051F2A 		.ascii	"4\005\037*+_\377\304\214\327\352\224\234'\266\210`\021"
  53      2B5FFFC4 
  53      8CD7EA94 
  53      9C27B688 
  53      6011
  54 0146 0E46026B 		.ascii	"\016F\002k\274\205q\221\036\275L\217:\002\227\351\300"
  54      BC857191 
  54      1EBD4C8F 
  54      3A0297E9 
  54      C0
  55 0157 12D3DF85 		.ascii	"\022\323\337\205\364\245\243\325\235:n.2}\033\012\261"
ARM GAS  /tmp/cclUnGne.s 			page 4


  55      F4A5A3D5 
  55      9D3A6E2E 
  55      327D1B0A 
  55      B1
  56 0168 CC78467B 		.ascii	"\314xF{\310U\267\361b\376l\033\377\365~\177\235\267"
  56      C855B7F1 
  56      62FE6C1B 
  56      FFF57E7F 
  56      9DB7
  57 017a 1F78AB53 		.ascii	"\037x\253S\304\207\300\373_Q\355\252\350\307kE?UE?\263"
  57      C487C0FB 
  57      5F51EDAA 
  57      E8C76B45 
  57      3F55453F 
  58 018f E8217A9C 		.ascii	"\350!z\234\311\227\201fp\233E\376\015\337\004#\357\264"
  58      C9978166 
  58      709B45FE 
  58      0DDF0423 
  58      EFB4
  59 01a1 18F7D399 		.ascii	"\030\367\323\231d\346\301C\243+ktd\222F\266;e\244\322"
  59      64E6C143 
  59      A32B6B74 
  59      649246B6 
  59      3B65A4D2 
  60 01b5 9D5667AA 		.ascii	"\235Vg\252\253\333jIQ\255i\246\255\266\307\246\365\250"
  60      ABDB6A49 
  60      51AD69A6 
  60      ADB6C7A6 
  60      F5A8
  61 01c7 DD34E3E1 		.ascii	"\3354\343\341K\262-k\231\346)\354\234\347\014"
  61      4BB22D6B 
  61      99E629EC 
  61      9CE70C
  62              		.text
  63              		.section	.gnu.lto_chCoreAllocAlignedWithOffsetI.555e438babb01c57,"",%progbits
  64 0000 789C8D54 		.ascii	"x\234\215T[H\224Q\020\236\371\317\371w\327\325\335M"
  64      5B489451 
  64      109EF9CF 
  64      F977D7D5 
  64      DD4D
  65 0012 25E841C2 		.ascii	"%\350A\302@\021_\374_\252\227z\213\240\267\036z\352"
  65      40115FFC 
  65      5FAA977A 
  65      8BA0B71E 
  65      7AEA
  66 0024 AD942D17 		.ascii	"\255\224-\027RC%\242\027O\256\227\266\013H\245\301\262"
  66      524325A2 
  66      174FAE97 
  66      B60B48A5 
  66      C1B2
  67 0036 C8A68948 		.ascii	"\310\246\211HHFfY\232\233\346\245\233e\224t\261\222"
  67      48466659 
  67      9A9BE6A5 
  67      9B659474 
  67      B192
  68 0048 D2C090A0 		.ascii	"\322\300\220\240\013A\231\331\314\371\1771C\302\003"
  68      0B4199D9 
ARM GAS  /tmp/cclUnGne.s 			page 5


  68      CCF97F31 
  68      43C203
  69 0057 3B7BE63B 		.ascii	";{\346;\363\235\231\371\316\354\272\000`J\002l\245\357"
  69      F39D99F9 
  69      CEECBA00 
  69      604A026C 
  69      A5EF
  70 0069 EDF44117 		.ascii	"\355\364A\027\240Q7\012p\324c\030f\225\033\224W\234"
  70      A051370A 
  70      70D46318 
  70      66951B94 
  70      579C
  71 007b 1C065029 		.ascii	"\034\006P)\302q\245\355J4\3550\023\2217\312\203Pa\010"
  71      C271A5ED 
  71      4A34ED30 
  71      139137CA 
  71      83506108 
  72 008f 6962059E 		.ascii	"ib\005\236\024g\005\216Uu\304\304\011\021\023\200\222"
  72      1467058E 
  72      5575C4C4 
  72      09111380 
  72      92
  73 00a0 DCCF0FA3 		.ascii	"\334\317\017\243\357\375\354\"f\222\333V\373u\314\225"
  73      EFFDEC22 
  73      6692DB56 
  73      FB75CC95 
  74 00b0 DBAA54A5 		.ascii	"\333\252T\245J\234{\354n\015W\357\210\011\003\032(\272"
  74      4A9C7BEC 
  74      6E0D57EF 
  74      8809031A 
  74      28BA
  75 00c2 1333F00A 		.ascii	"\0233\360\012fp1W1\227b\233\216>\273\357\023Y\010\264"
  75      66703157 
  75      3197629B 
  75      8E3EBBEF 
  75      135908B4 
  76 00d6 9F8CB49F 		.ascii	"\237\214\264\237\2229-\2327\325\"TVL\010\354B\3617\221"
  76      92392D9A 
  76      37D52254 
  76      564C08EC 
  76      42F13791 
  77 00ea 20C06B98 		.ascii	" \300k\230C\341us\363\223n\221\253\251m\303\365\307"
  77      43E17573 
  77      F3936E91 
  77      ABA96DC3 
  77      F5C7
  78 00fc BC0E75B4 		.ascii	"\274\016u\2641\243%\254(\245\304\353\377\222%`\267&"
  78      31A325AC 
  78      28A5C4EB 
  78      FF922560 
  78      B726
  79 010e 7F3BF3F2 		.ascii	"\177;\363\362\255_X\232\374t\274f\223\303\035o\\gs\005"
  79      AD5F589A 
  79      FC74BC66 
  79      93C31D6F 
  79      5C677305 
  80 0122 DE5821F1 		.ascii	"\336X!\361M\314aB\335\304\217\236d\261Y\223\217\253"
ARM GAS  /tmp/cclUnGne.s 			page 6


  80      4DCC6142 
  80      DDC48F9E 
  80      64B15993 
  80      8FAB
  81 0134 BE0ECC6E 		.ascii	"\276\016\314n\326\3547\215k\232\302jD\311\2300\261g"
  81      D6EC378D 
  81      6B9AC26A 
  81      44C99830 
  81      B167
  82 0146 399F1785 		.ascii	"9\237\027\205?HD.y\305\026M\235;\327=-\035\352\324y"
  82      3F48442E 
  82      79C5164D 
  82      9D3BD73D 
  82      2D1DEAD4 
  83 015b A12E2883 		.ascii	"\241.(\203\211\267V$\276\273\374\273\336\347\222\330"
  83      89B75624 
  83      BEBBFCBB 
  83      DEE792D8 
  84 016b 87D9D88B 		.ascii	"\207\331\330\213\331q\001,(\351\230\340g\0050\026O."
  84      D971012C 
  84      28E998E0 
  84      67053016 
  84      4F2E
  85 017d 3D3113EA 		.ascii	"=1\023\352\367B-5\263~\266s(m-R\355\206\340\346%\033"
  85      F7422D35 
  85      B37EB673 
  85      286D2D52 
  85      ED86E0E6 
  86 0193 938D8B8C 		.ascii	"\223\215\213\214\351f\343a7\211\215\227M2\233\024>\360"
  86      E966E361 
  86      37898D97 
  86      4D329B14 
  86      3EF0
  87 01a5 214BE547 		.ascii	"!K\345GV;\2405OE\026 \0158S:p.\200cT\003\215\210J@\204"
  87      563BA035 
  87      4F451620 
  87      0D38533A 
  87      702E8063 
  88 01c0 9E9876E1 		.ascii	"\236\230v\341\004|\304pC\315\251\276B.-*DT\370\242\302"
  88      047CC470 
  88      43CDA9BE 
  88      422E2D2A 
  88      4454F8A2 
  89 01d5 6FA36863 		.ascii	"o\243hc\222`\352\351\365H\333E=F\022\027h\005\3606\365"
  89      9260EAE9 
  89      F548DB45 
  89      3D461217 
  89      6805F036 
  90 01ea FB112B9F 		.ascii	"\373\021+\237/\306\231\304e\342\257\232\210\260\221"
  90      2FC699C4 
  90      65E2AF9A 
  90      88B091
  91 01f9 80269BF0 		.ascii	"\200&\233\360\001+3\031\341\272\010e\326\215\231\037"
  91      012B3319 
  91      E1BA0865 
  91      D68D991F 
  92 0209 035E3BCA 		.ascii	"\003^;\312E\2277T\367?r\363\345.-vw\367\354+w\305\274"
ARM GAS  /tmp/cclUnGne.s 			page 7


  92      45973754 
  92      F73F72F3 
  92      E52E2D76 
  92      77F7EC2B 
  93 0220 F2101017 		.ascii	"\362\020\020\027\2505\355\014\177>\355\217c#\306\204"
  93      A835ED0C 
  93      7F3EED8F 
  93      6323C684 
  94 0230 1B0768B8 		.ascii	"\033\007h\270\373Yo:\350\032\236\230\363X\355\212V&"
  94      FB596F3A 
  94      E81A9E98 
  94      F358ED8A 
  94      5626
  95 0242 3FC91D8C 		.ascii	"?\311\035\214c=\253\0158\210\026W\024[,\321M\331\242"
  95      633DAB0D 
  95      38881657 
  95      145B2CD1 
  95      4DD9A2
  96 0255 22950BF8 		.ascii	"\"\225\013\370R\353`\036\202\227\365\233\2441\3372\314"
  96      52EB601E 
  96      8297F59B 
  96      A431DF32 
  96      CC
  97 0266 4BB0D330 		.ascii	"K\260\3230\365\347\200\311\272g\257}\333n\033K#x\251"
  97      F5E780C9 
  97      BA67AF7D 
  97      DB6E1B4B 
  97      2378A9
  98 0279 5FD29E20 		.ascii	"_\322\236 \273\204\366\276=vH\272\216\012,E\365rT\272"
  98      BB84F6BE 
  98      3D7648BA 
  98      8E0A2C45 
  98      F57254BA 
  99 028d ADCA7CB3 		.ascii	"\255\312|\263\337\216JY\215\014C\377\221aX\313\200,"
  99      DF8E4A59 
  99      8D0C43FF 
  99      916158CB 
  99      802C
 100 029f C308C930 		.ascii	"\303\010\3110\215U\243\003\033\235\2739\035\257\010"
 100      8D55A303 
 100      1B9DBB39 
 100      1DAF08
 101 02ae FD4EE85F 		.ascii	"\375N\350_\204\306\200\216\237\017<\225\316\213,\235"
 101      84C6808E 
 101      9F0F3C95 
 101      CE8B2C9D 
 102 02be 4B7891B0 		.ascii	"Kx\221\260\307\244\262a&2\230\314\001\253\251\354\356"
 102      C7A4B261 
 102      263298CC 
 102      01ABA9EC 
 102      EE
 103 02cf CA95C50F 		.ascii	"\312\225\305\017qi\367\226^\350>Zv\262\010\315\211="
 103      7169F796 
 103      5EE83E5A 
 103      76B208CD 
 103      893D
 104 02e1 919FD080 		.ascii	"\221\237\320\200\250.\374;\"\346e\210\227\013\223H\232"
ARM GAS  /tmp/cclUnGne.s 			page 8


 104      A82EFC3B 
 104      22E66588 
 104      970B9348 
 104      9A
 105 02f2 C99F4D63 		.ascii	"\311\237Mc\354\033\354\323,#\307\033\000\033\362\254"
 105      EC1BECD3 
 105      2C23C71B 
 105      001BF2AC 
 106 0302 6D85A1FC 		.ascii	"m\205\241\374\320\316]VI\231u \224o\225\225\026X\005"
 106      D0CE5D56 
 106      49997520 
 106      946F9595 
 106      165805
 107 0315 8545C1A2 		.ascii	"\205E\301\242\202\222\322`^\001\310\262\320\221\240"
 107      8292D260 
 107      5E01C8B2 
 107      D091A0
 108 0324 B9F74068 		.ascii	"\271\367@h\177\261\253d\337\276\262`\271,\016\036.\307"
 108      7FB1AB64 
 108      DFBEB260 
 108      B92C0E1E 
 108      2EC7
 109 0336 837F00BD 		.ascii	"\203\177\000\275\262\227\201"
 109      B29781
 110              		.text
 111              		.section	.gnu.lto_chCoreAllocAlignedWithOffset.555e438babb01c57,"",%progbits
 112 0000 789C8D55 		.ascii	"x\234\215UoLSW\024\277\247\367\275\266\264P\376|\330"
 112      6F4C5357 
 112      14BFA7F7 
 112      BDB6B450 
 112      FE7CD8
 113 0013 92C50F25 		.ascii	"\222\305\017%\221\250\313\302[\226\375\371\260d\311"
 113      91A8CBC2 
 113      5B96FDF9 
 113      B064C9
 114 0022 4296CC0F 		.ascii	"B\226\314\017d\213|\362\223\323\256J\023\240\246eF\367"
 114      648B7CF2 
 114      93D3AE4A 
 114      13A0A665 
 114      46F7
 115 0034 C5678B60 		.ascii	"\305g\213`\247\0303\007\032\326@\305\021\007\004u\316"
 115      A7183307 
 115      1AD640C5 
 115      11070475 
 115      CE
 116 0045 E940814E 		.ascii	"\351@\201N\246\240(\014E\206\200\200\010(J\314t\213"
 116      A6A0280C 
 116      45868080 
 116      08284ACC 
 116      748B
 117 0057 D13970E7 		.ascii	"\3219p\347\334\373@\012\215\361%\275}\347\334\363;\367"
 117      DCFB400A 
 117      8DF125BD 
 117      7DE7DCF3 
 117      3BF7
 118 0069 9CDF39F7 		.ascii	"\234\3379\367<3c\354\256\225\261i\374\377\004\177`f"
 118      3C3363EC 
ARM GAS  /tmp/cclUnGne.s 			page 9


 118      AE95B169 
 118      FCFF047F 
 118      6066
 119 007b 60DAD7C5 		.ascii	"`\332\327\305\330\016\253\311\244\026Y\230n\343{\332"
 119      D80EABC9 
 119      A4165998 
 119      6EE37BDA 
 120 008b 19D313B9 		.ascii	"\031\323\023\271!*RT@\225f*\000\275\350V`\333M\\Qa;"
 120      212A5254 
 120      4095662A 
 120      00BDE856 
 120      60DB4D5C 
 121 00a2 ECE1DF71 		.ascii	"\354\341\337q\350):\036\346\273y\2303PP|x\245\342\266"
 121      E8293A1E 
 121      E6BB7998 
 121      3350507C 
 121      78A5E2B6 
 122 00b6 83440027 		.ascii	"\203D\000'\212\265%\177\367\230W\035\321\365\200\036"
 122      8AB5257F 
 122      F798571D 
 122      D1F5801E 
 123 00c6 3DD06F3B 		.ascii	"=\320o;\022\334\371i\230\233X9Z\237\204e\3603,\243`"
 123      12DCF969 
 123      989B5839 
 123      5A9F8465 
 123      F0332CA3 
 124 00db 7E815568 		.ascii	"~\201Uh[\275\343zg\022_\016\014\337GC\015\245\312\212"
 124      5BBDE37A 
 124      67125F0E 
 124      0CDF4743 
 124      0DA5CA8A 
 125 00ef 1A811BAA 		.ascii	"\032\201\033\252\341\372\3620\347p\012\370B \252\030"
 125      E1FAF230 
 125      E7700AF8 
 125      4220AA18 
 126 00ff 9C861568 		.ascii	"\234\206\025h\276\357\331\314\250\205\257\022\320\332"
 126      BEEFD9CC 
 126      A885AF12 
 126      D0DA
 127 010d F6B25D36 		.ascii	"\366\262]6\003\372\240\356\215\232\240\216G*\360\353"
 127      03FAA0EE 
 127      8D9AA08E 
 127      472AF0EB 
 128 011d 62B0C2A0 		.ascii	"b\260\302\240Q\200\377\331?0\342\340\232\000\367\366"
 128      5180FFD9 
 128      3F30E2E0 
 128      9A00F7F6 
 129 012d 15BF6760 		.ascii	"\025\277g`\037\327\275&\261\034\232\342\034|\006V\020"
 129      1FD7BD26 
 129      B11C9AE2 
 129      1C7C0656 
 129      10
 130 013e E0723474 		.ascii	"\340r4t\314\306\337\027\340\013O\016\257\3178,\300\263"
 130      CCC6DF17 
 130      E00B4F0E 
 130      AFCF382C 
 130      C0B3
ARM GAS  /tmp/cclUnGne.s 			page 10


 131 0150 75698782 		.ascii	"ui\207\202z\207\256`\266p6\026N\017Z\217\3754[\226d"
 131      7A87AE60 
 131      B6703616 
 131      4E0F5A8F 
 131      FD345B96 
 132 0165 56A01932 		.ascii	"V\240\0312\210\017\244\241\005\3140\277Q\244\343\023"
 132      880FA4A1 
 132      05CC30BF 
 132      51A4E313 
 133 0175 1DAE370B 		.ascii	"\035\2567\013}9\207\005\030\006\255h\032\305\".2ok\377"
 133      7D398705 
 133      1806AD68 
 133      1AC5222E 
 133      326F6BFF 
 134 0189 4865B451 		.ascii	"He\264Q\216$\343^\315\245\253\255v\276V\362r\364\320"
 134      8E24E35E 
 134      CDA5ABAD 
 134      76BE56F2 
 134      72F4D0
 135 019c C14423BC 		.ascii	"\301D#\274\356\360\312\312\340\356R=\022H\011s\025\316"
 135      EEF0CACA 
 135      E0EE523D 
 135      12480973 
 135      15CE
 136 01ae BD2440E9 		.ascii	"\275$@\351\370A%\322\320\206\221\302o\344\234\307\004"
 136      F84125D2 
 136      D08691C2 
 136      6FE49CC7 
 136      04
 137 01bf F33B0673 		.ascii	"\363;\006s\236:\012\027`\214\272\242\276jG\255\3158"
 137      9E3A0A17 
 137      608CBAA2 
 137      BE6A47AD 
 137      CD38
 138 01d1 4CD45D72 		.ascii	"L\324]r\261\244\206\364\300\005\310\240\032\016==k\347"
 138      B1A486F4 
 138      C005C8A0 
 138      1A0E3D3D 
 138      6BE7
 139 01e3 FB4004FB 		.ascii	"\373@\004\373\215\336z\034\014\374peJ\265\2017C{\034"
 139      8DDE7A1C 
 139      0CFC7065 
 139      4AB58137 
 139      437B1C
 140 01f6 7C87C03F 		.ascii	"|\207\300?;\3208\241\030\220\361C\\\377A7\021 \016\371"
 140      3BD038A1 
 140      1890F143 
 140      5CFF4137 
 140      11200EF9 
 141 020a 7011328E 		.ascii	"p\0212\216]U\243\372\354\363\022\254\363\233\367O\216"
 141      5D55A3FA 
 141      ECF312AC 
 141      F39BF74F 
 141      8E
 142 021b A4BD6E02 		.ascii	"\244\275n\002\352%l[l\012\005\250\274*5\211\231\026"
 142      EA256C5B 
 142      6C0A05A8 
ARM GAS  /tmp/cclUnGne.s 			page 11


 142      BC2A3589 
 142      9916
 143 022d 0B2D5611 		.ascii	"\013-V\021h\002\276\232m\264\330I\231HK\022-\016Z\222"
 143      6802BE9A 
 143      6DB4D849 
 143      99484B12 
 143      2D0E5A92 
 144 0241 85EF1411 		.ascii	"\205\357\024\021R*\031\2451jw\266\013\353\213\267G\217"
 144      522A19A5 
 144      316A77B6 
 144      0BEB8BB7 
 144      478F
 145 0253 B2108AF8 		.ascii	"\262\020\212\370\026\214\262I0\305)\313\367//\013\\"
 145      168CB249 
 145      30C529CB 
 145      F72F2F0B 
 145      5C
 146 0264 12B9964C 		.ascii	"\022\271\226L\351\315\012\3352\025\234\320\211{\367"
 146      E9CD0ADD 
 146      32159CD0 
 146      897BF7
 147 0273 213076BA 		.ascii	"!0v\272\254idq\377\354\177d3\372GY\322+w\336\301^\271"
 147      AC696471 
 147      FFEC7F64 
 147      33FA4759 
 147      D22B77DE 
 148 028a 4C7BEAE2 		.ascii	"L{\352\342\275\316\360J\274\301\227\250\336W\226\326"
 148      BDCEF04A 
 148      BCC197A8 
 148      DE5796D6 
 149 029a BB0BCBDC 		.ascii	"\273\013\313\334M\365\356\246z\003\353\241S\253\253"
 149      4DF5EEA6 
 149      7A03EBA1 
 149      53ABAB
 150 02a9 4E3CB1A5 		.ascii	"N<\261\245\217A\225~\320\031\346\026\0024\334>\243["
 150      8F41957E 
 150      D019E616 
 150      0234DC3E 
 150      A35B
 151 02bb 154C1FFE 		.ascii	"\025L\037\376\200t\321R\177M\367\016\232P\003=\240\210"
 151      8074D152 
 151      7F4DF70E 
 151      9A50033D 
 151      A088
 152 02cd B8195C15 		.ascii	"\270\031\\\025c\343\307\226\266\211\304\364\011\003"
 152      63E3C796 
 152      B689C4F4 
 152      0903
 153 02db 6D25DB47 		.ascii	"m%\333GGO\\\267\013\3645BC/(\310Y\300)8`\364:\032jT"
 153      474F5CB7 
 153      0BF43542 
 153      432F28C8 
 153      59C02938 
 154 02f5 C5A5C1BA 		.ascii	"\305\245\301\272T \257\264K2\202K\257]\236Q\015V'\353"
 154      5420AFB4 
 154      4B32824B 
 154      AF5D9E51 
ARM GAS  /tmp/cclUnGne.s 			page 12


 154      0D5627EB 
 155 0309 1C157AB4 		.ascii	"\034\025z\264\310\031g\012\010J\257\023\232\023:r\247"
 155      C819670A 
 155      084AAF13 
 155      9A133A72 
 155      A7
 156 031a 8C1B0E02 		.ascii	"\214\033\016\002w\367v9\2268X2\012\204\203>r\240\260"
 156      77F77639 
 156      96385832 
 156      0A84833E 
 156      72A0B0
 157 032d 7B102C2F 		.ascii	"{\020,/.m\315]\304e_\275\215,\350\030\012\324(\207y"
 157      2E6DCD5D 
 157      C4655FBD 
 157      8D2CE818 
 157      0AD42887 
 158 0342 E108C09E 		.ascii	"\341\010\300\236\241\216a\360'&\323O\314\342R\301UL"
 158      A18E61F0 
 158      2726D34F 
 158      CCE252C1 
 158      554C
 159 0354 8A229B73 		.ascii	"\212\"\233s,\265\264\201\330\233\035\265\365b\356*\360"
 159      2CB5B481 
 159      D89B1DB5 
 159      F562EE2A 
 159      F0
 160 0365 1C9F64B8 		.ascii	"\034\237d\270\201\341\334\203@\1771H;\213\001\375\257"
 160      81E1DC83 
 160      407F3148 
 160      3B8B01FD 
 160      AF
 161 0376 38C4A5C6 		.ascii	"8\304\245\306*\300\026\311S\377\034oVB5M=m\263I\253"
 161      2AC016C9 
 161      53FF1C6F 
 161      5642354D 
 161      3D6DB349 
 162 038b 04745EBE 		.ascii	"\004t^\276\363\\\267\205\234'\210\333\330\3308=h\331"
 162      F35CB785 
 162      9C2788DB 
 162      D8D8383D 
 162      68D9
 163 039d 3EA35B51 		.ascii	">\243[Q\021\341r:\234\014>\374\326\021\201J\010s\033"
 163      11E1723A 
 163      9C0C3EFC 
 163      D611814A 
 163      08731B
 164 03b0 0CE2D760 		.ascii	"\014\342\327`\200\350\300\215S\355C\317\254Z\003\345"
 164      80E8C08D 
 164      53ED43CF 
 164      AC5A03E5 
 165 03c0 EEA40B38 		.ascii	"\356\244\0138\004\021(C\020%\307\340&h\024Tx.J\033\036"
 165      04112843 
 165      1025C7E0 
 165      26681454 
 165      782E4A1B 
 166 03d5 28C90B3C 		.ascii	"(\311\013<*1tvT\313\244\015E\"\246\202\352\030]\022"
 166      2A317476 
ARM GAS  /tmp/cclUnGne.s 			page 13


 166      54CBA40D 
 166      4522A682 
 166      EA185D12 
 167 03e9 AA8D9C31 		.ascii	"\252\215\2341EC\351\020i'Iok\245.\031\325/R\276H)'\313"
 167      4543E910 
 167      6927496F 
 167      6BA52E19 
 167      D52F52BE 
 168 0401 101A5ABF 		.ascii	"\020\032Z\277\220&)\302\312\372\302\252\203\254R$13"
 168      902629C2 
 168      CAFAC2AA 
 168      83AC5224 
 168      3133
 169 0413 871DD22A 		.ascii	"\207\035\322*\365U\230\030~\011\023#\202\0110\230\030"
 169      F5559818 
 169      7E091323 
 169      82093098 
 169      18
 170 0424 452626A0 		.ascii	"E&&\240\250\277\355\335\371 RE?\205\260n\370\361\305"
 170      A8BFEDDD 
 170      F9205245 
 170      3F85B06E 
 170      F8F1C5
 171 0437 1121B67B 		.ascii	"\021!\266{\025\243.\024\221\334W\330\215(\355c|\345"
 171      15A32E14 
 171      91DC57D8 
 171      8D28ED63 
 171      7CE5
 172 0449 53A1F376 		.ascii	"S\241\363v2x\225\340n\305\017.\262\205\242\033\213\251"
 172      327895E0 
 172      6EC50F2E 
 172      B285A21B 
 172      8BA9
 173 045b D36DD0E4 		.ascii	"\323m\320\344y!\234\016s\003+\020\271_6\177\343\330"
 173      79219C0E 
 173      73032B10 
 173      B95F367F 
 173      E3D8
 174 046d FC7DA3D6 		.ascii	"\374}\243\326^ \365\305H\0351\322\305\030\251YJ8\017"
 174      5E20F5C5 
 174      481D31D2 
 174      C518A959 
 174      4A380F
 175 0480 DAC4589B 		.ascii	"\332\304X\233o;\025I\032_8\326\344\247\305\0305\263"
 175      6F3B1549 
 175      1A5F38D6 
 175      E4A7C518 
 175      35B3
 176 0492 55B75AEC 		.ascii	"U\267Z\354sSd\\L\221\0111E\026\217\214I92Fk\366\016"
 176      7353645C 
 176      4C910931 
 176      45168F8C 
 176      49393246 
 177 04a9 6C126730 		.ascii	"l\022g0\366\000\305\335\315\347\315t~\005O\303\004\037"
 177      F600C5DD 
 177      CDE7CD74 
 177      7E054FC3 
ARM GAS  /tmp/cclUnGne.s 			page 14


 177      041F
 178 04bb 431A642E 		.ascii	"C\032d.3\015<\037\005\374\247\033\227\254\374[\335\003"
 178      330D3C1F 
 178      05FCA71B 
 178      97ACFC5B 
 178      DD03
 179 04cd 38B48132 		.ascii	"8\264\2012Gw\351\231ZV\256g\203\347\263\034\315\353"
 179      4777E999 
 179      5A56AE67 
 179      83E7B31C 
 179      CDEB
 180 04df D7F23C1B 		.ascii	"\327\362<\0334\277\317\245\271r\363\335\371.\257\317"
 180      34BFCFA5 
 180      B972F3DD 
 180      F92EAFCF 
 181 04ef 9DE9628A 		.ascii	"\235\351b\212\337\363\265[]\237\347\331T`\366n\334\350"
 181      DFF3B55B 
 181      5D9FE7D9 
 181      5460F66E 
 181      DCE8
 182 0501 7717C266 		.ascii	"w\027\302fg\014\312W\250y\012\\y_}\351F\240\177\233"
 182      670CCA57 
 182      A8790A5C 
 182      795F7DE9 
 182      46A07F9B 
 183 0515 3F339759 		.ascii	"?3\227Y6\254\367\273?\367y2c\014]\336\374|o\201\266"
 183      36ACF7BB 
 183      3FF77932 
 183      630C5DDE 
 183      FC7C6F81 
 184 052a D9EB2BF4 		.ascii	"\331\353+\364k\037\257\311\316\312\336\212\010:g\335"
 184      6B1FAFC9 
 184      CECADE8A 
 184      083A67DD 
 185 053a 960FF211 		.ascii	"\226\017\362\021\246\024\270\267\026~\030\017\203zB"
 185      A614B8B7 
 185      167E180F 
 185      837A42
 186 0549 6859D939 		.ascii	"hY\3319\253s\264,\204h\253\347\316\314\367{\374\353"
 186      AB73B42C 
 186      8468ABE7 
 186      CECCF77B 
 186      FCEB
 187 055b 36B95CE8 		.ascii	"6\271\\\350 %;g\215\223\316\336\354\363\274\345\314"
 187      20253B67 
 187      8D93CEDE 
 187      ECF3BCE5 
 187      CC
 188 056c 789B997C 		.ascii	"x\233\231|\314\202\271x}\333\330\377\364H\025W"
 188      CC82B978 
 188      7DDBD8FF 
 188      F4481557 
 189              		.text
 190              		.section	.gnu.lto_chCoreGetStatusX.555e438babb01c57,"",%progbits
 191 0000 789C8D90 		.ascii	"x\234\215\220\315J\002Q\024\307\317\231;\316\214T\366"
 191      CD4A0251 
 191      14C7CF99 
ARM GAS  /tmp/cclUnGne.s 			page 15


 191      3BCE8C54 
 191      F6
 192 0011 00B9305A 		.ascii	"\000\2710Z\271q\036\242e\213\026\275\201\203\220\220"
 192      B9711EA2 
 192      658B16BD 
 192      81839090 
 193 0021 08FA00DE 		.ascii	"\010\372\000\336\264\322\250ED\232\310 BD\264\210\212"
 193      B4D2A845 
 193      449AC820 
 193      4244B488 
 193      8A
 194 0032 CCD20A86 		.ascii	"\314\322\012\206\026E\213>\027A\037\253Z\025\"\330\266"
 194      16458B3E 
 194      17411FAB 
 194      5A1522D8 
 194      B6
 195 0043 B2CE715A 		.ascii	"\262\316qZ\265\210\006\356\334s\376\367\334\363\373"
 195      B58806EE 
 195      DC73FEF7 
 195      DCF3FB
 196 0052 DFA301C0 		.ascii	"\337\243\001\300-\002\014\321>@\013\005\240\262p\001"
 196      2D020CD1 
 196      3E400B05 
 196      A0B27001 
 197 0062 30692888 		.ascii	"0i(\210\034H\003!\245`\012\347\305\222\300\353\251-"
 197      1C480321 
 197      A5600AE7 
 197      C592C0EB 
 197      A92D
 198 0074 5BCC099B 		.ascii	"[\314\011\233\312TJ\333\347\245g\037\247\210\001J\233"
 198      CA544ADB 
 198      E7A5671F 
 198      A788014A 
 198      9B
 199 0085 AD936A6F 		.ascii	"\255\223jopM\312\264t\226\313=\305\352\225\364\332B"
 199      704DCAB4 
 199      7496CB3D 
 199      C5EA95F4 
 199      DA42
 200 0097 81029557 		.ascii	"\201\002\225W\321\217;\350g\306.\006\201\252\237\266"
 200      D18F3BE8 
 200      67C62E06 
 200      81AA9FB6 
 201 00a7 3BF93E4D 		.ascii	";\371>M\345S\022k\250\001\031\201\315\033\217#;_Y\351"
 201      E553126B 
 201      A8011981 
 201      CD1B8F23 
 201      3B5F59E9 
 202 00bb 7CAC607D 		.ascii	"|\254`}\204\350\266\240\026\266P\005G*G\036\376\351"
 202      84E8B6A0 
 202      16B65005 
 202      472A471E 
 202      FEE9
 203 00cd C0AD2147 		.ascii	"\300\255!G\267\311\247t`\226R\2122\016\274b\272\361"
 203      B7C9A774 
 203      6096528A 
 203      320EBC62 
ARM GAS  /tmp/cclUnGne.s 			page 16


 203      BAF1
 204 00df 72BFDACF 		.ascii	"r\277\332\317MK\002\211U\230>\276\324\331\250\007\031"
 204      4D4B0289 
 204      55983EBE 
 204      D4D9A807 
 204      19
 205 00f0 5DAF371F 		.ascii	"]\2577\037\364\324\2474H\2500\236\264j\246\275\350\253"
 205      F4D4A734 
 205      48A8309E 
 205      B46AA6BD 
 205      E8AB
 206 0102 60196DA1 		.ascii	"`\031m\241\341>=x\217\335\322A\355\364\361\33507$}\001"
 206      E13E3D78 
 206      8FDDD241 
 206      EDF4F1DD 
 206      3037247D 
 207 0117 728075AC 		.ascii	"r\200u\254`\236/\0016\320d\330[\366\316\353\262\024"
 207      609E2F01 
 207      36D064D8 
 207      5BF6CEEB 
 207      B214
 208 0129 C275F167 		.ascii	"\302u\361gQW\020\377\241\035\374A;\354\322x2x\364\233"
 208      515710FF 
 208      A11DFC41 
 208      3BECD278 
 208      3278F49B 
 209 013d A6527F52 		.ascii	"\246R\177R2\305\031t\005O\327\201\352V\255\013W\324"
 209      32C51974 
 209      054FD781 
 209      EA56AD0B 
 209      57D4
 210 014f 498716A6 		.ascii	"I\207\026\246\003?);\317QG\232\025\315o0d\016\217G\303"
 210      033F293B 
 210      CF51479A 
 210      15CD6F30 
 210      640E8F47 
 211 0164 D1D13133 		.ascii	"\321\32113\2364'\242a3\231\260Lk<\026\211Y\361D$d\301"
 211      9E3427A2 
 211      613399B0 
 211      4C6B3C16 
 211      8959F144 
 212 017b 37D11D9F 		.ascii	"7\321\035\237\202"
 212      82
 213              		.text
 214              		.section	.gnu.lto_.symbol_nodes.555e438babb01c57,"",%progbits
 215 0000 789C6363 		.ascii	"x\234cc``H\006b\006\246'\214\365\014\014\023\31610\000"
 215      60604806 
 215      6206A627 
 215      8CF50C0C 
 215      13CE3130 
 216 0015 A95D0D8E 		.ascii	"\251]\015\216\014\014\254\217\031\031\032\225\200R\254"
 216      0C0CAC8F 
 216      19191A95 
 216      8052AC
 217 0024 2F181915 		.ascii	"/\030\031\025@\364KF&\020\315\364\224\261\236\021E)"
 217      40F44B46 
 217      2610CDF4 
ARM GAS  /tmp/cclUnGne.s 			page 17


 217      94B19E11 
 217      4529
 218 0036 D333C67A 		.ascii	"\3233\306z&T\221\347\214\365\314(\"\014\000|\251\027"
 218      265491E7 
 218      8CF5CC28 
 218      220C007C 
 218      A917
 219 0048 1A       		.ascii	"\032"
 220              		.text
 221              		.section	.gnu.lto_.refs.555e438babb01c57,"",%progbits
 222 0000 789C1D88 		.ascii	"x\234\035\210A\012\200@\014\304\222\216\366\264\207"
 222      410A8040 
 222      0CC4928E 
 222      F6B487
 223 000f 0541F011 		.ascii	"\005A\360\021\376\377{\026\017\011$\015\274\303\201"
 223      FEFF7B16 
 223      0F09240D 
 223      BCC381
 224 001e 5AF52B95 		.ascii	"Z\365+\225\311\306\255WN\\x\353S\263\304\360\001\026"
 224      C9C6AD57 
 224      4E5C78EB 
 224      53B3C4F0 
 224      0116
 225 0030 6300D4   		.ascii	"c\000\324"
 226              		.text
 227              		.section	.gnu.lto_.decls.555e438babb01c57,"",%progbits
 228 0000 789C8556 		.ascii	"x\234\205V}PT\327\025\177\347\335ewYv\321A'\343dH\307"
 228      7D5054D7 
 228      157FE7DD 
 228      65775976 
 228      D14127E3 
 229 0017 3A38329D 		.ascii	":82\235\272\353G\333\330\351LG\313tR\247\265\311\204"
 229      BAEB47DB 
 229      D8E94C47 
 229      CB7452A7 
 229      B5C984
 230 002a C9B4F68F 		.ascii	"\311\264\366\217\276\340\262d\267\205\305a\2276\366"
 230      BEE0B264 
 230      B785C561 
 230      9736F6
 231 0039 9F3E4008 		.ascii	"\237>@\010\021D\2764\012\210\210\216\361\003F(\030\""
 231      1144BE34 
 231      0A88888E 
 231      F1034628 
 231      1822
 232 004b 48582012 		.ascii	"HX \022\024Q\242\361\003D@\004$\370\301\227\250\210"
 232      1451A2F1 
 232      03444004 
 232      24F8C197 
 232      A888
 233 005d 4ACFBDF7 		.ascii	"J\317\275\367\355\007\010\372\206\303\276{\3579\277"
 233      ED0708FA 
 233      86C3BE7B 
 233      EF39BF
 234 006c F3BBE79C 		.ascii	"\363\273\347\234{\336U\013\202\000\006Ap\211\202P\002"
 234      7BDE550B 
 234      82000641 
ARM GAS  /tmp/cclUnGne.s 			page 18


 234      70898250 
 234      02
 235 007d 82308D8F 		.ascii	"\2020\215\217\037\316\325\243\340\224P\215\262Y\340"
 235      1FCED5A3 
 235      E094508D 
 235      B259E0
 236 008c 8F0AA501 		.ascii	"\217\012\245\001\245\031\345<J+\012A\271\2032\2002("
 236      A519E53C 
 236      4A2B0A41 
 236      B9833280 
 236      3228
 237 009e CC7C9211 		.ascii	"\314|\222\021O\215\277\037\243\364\243\374\210\322\213"
 237      4F8DBF1F 
 237      A3F4A3FC 
 237      88D28B
 238 00ad D28132A4 		.ascii	"\322\2012\244\340w\241\334\242\034\024\354\327\341e"
 238      E077A1DC 
 238      A21C14EC 
 238      D7E165
 239 00bc A192167F 		.ascii	"\241\222\026\177\203P\026\243H>\374:|\360g\3436+s\223"
 239      835016A3 
 239      483EFC3A 
 239      7CF067E3 
 239      362B7393 
 240 00d0 0AB6EFB3 		.ascii	"\012\266\357\263\033\025\002\346\301\244\306\024\227"
 240      1B1502E6 
 240      C1A4C614 
 240      97
 241 00dd 50BF3037 		.ascii	"P\27707\276F\211\205\016\327\365(A(\213Q\336\002\356"
 241      BE468985 
 241      0ED7F528 
 241      41288B51 
 241      DE02EE
 242 00f0 17E6F099 		.ascii	"\027\346\360\231\017\334\316\355\263Z\341\377\267Y{"
 242      0FDCCEED 
 242      B35AE1FF 
 242      B7597B
 243 00ff B8A5F801 		.ascii	"\270\245\370\001%\326sa\345\022\270\325|\354\004I#\260"
 243      25D67361 
 243      E512B8D5 
 243      7CEC0449 
 243      23B0
 244 0111 5907347B 		.ascii	"Y\0074{\013p\352\344\375\323\223\006>E5>\037\337\335"
 244      0B70EAE4 
 244      FDD39306 
 244      3E45353E 
 244      1FDFDD
 245 0124 B48088EC 		.ascii	"\264\200\210\354\275\375\356\341\375\242\261D\346\217"
 245      BDFDEEE1 
 245      FDA2B144 
 245      E68F
 246 0132 F68F029C 		.ascii	"\366\217\002\234\002\342\206:<9\\\245'?g\212\337o/+"
 246      02E2863A 
 246      3C395CA5 
 246      273F678A 
 246      DF6F2F2B 
 247 0146 A0B0413A 		.ascii	"\240\260A:P\341p\2645\357N \016\027\353`i.\021[\333"
ARM GAS  /tmp/cclUnGne.s 			page 19


 247      50E170B4 
 247      35EF4E20 
 247      0E17EB60 
 247      692E115B 
 248 015b 9E546B41 		.ascii	"\236TkA\027\232*\313\211rQ\222\354\377\007\001NC0|\015"
 248      179A2ACB 
 248      89725192 
 248      ECFF0701 
 248      4E43307C 
 249 0170 C102D440 		.ascii	"\301\002\324@(u\375\025\030\005\250\304\311\012\234"
 249      2875FD15 
 249      1805A8C4 
 249      C90A9C
 250 017f 3C42DDB9 		.ascii	"<B\335\271\272\367\030\307\223eY\204j\320A\025\020\246"
 250      BAF718C7 
 250      93655984 
 250      6AD04115 
 250      10A6
 251 0191 833BDBAC 		.ascii	"\203;\333\254\243\377q\022=U\327\327\326\005t\303-\300"
 251      A3FF7112 
 251      3D55D7D7 
 251      D60574C3 
 251      2DC0
 252 01a3 18C04246 		.ascii	"\030\300BF\015\200\377\307_*l<\355~\200\317\343\254"
 252      0D80FFC7 
 252      5F2A6C3C 
 252      ED7E80CF 
 252      E3AC
 253 01b5 C87F1455 		.ascii	"\310\177\024U:p\233\200gFT0D7.\373S\000\300\027\225"
 253      3A709B80 
 253      67465430 
 253      44372EFB 
 253      5300C017 
 254 01ca AF7377EE 		.ascii	"\257sw\356\207g\201\277\370\330\361)\321\353\314\307"
 254      876781BF 
 254      F8D8F129 
 254      D1EBCCC7 
 255 01da E415AE82 		.ascii	"\344\025\256\202g\331C\312\273IP2Q\336\327\235.\366"
 255      67D943CA 
 255      BB495032 
 255      51DED79D 
 255      2EF6
 256 01ec 4017AE62 		.ascii	"@\027\256bYdj\243YN\206\312;\017\006\222(\366~v\372"
 256      59646AA3 
 256      594E86CA 
 256      3B0F0692 
 256      28F67E76 
 257 0201 896B01CF 		.ascii	"\211k\001\317\217\210\303\313#\027\366\007\360\374,"
 257      8F88C3CB 
 257      2317F607 
 257      F0FC2C
 258 0210 C46149FA 		.ascii	"\304aI\372t\256\337\222=4\350\231I\362B\021>~\013\\"
 258      74AEDF92 
 258      3D34E899 
 258      49F24211 
 258      3E7E0B5C 
 259 0224 988A3A4C 		.ascii	"\230\212:L\205\000\365\260\004\377\333U\334\327\300"
ARM GAS  /tmp/cclUnGne.s 			page 20


 259      8500F5B0 
 259      04FFDB55 
 259      DCD7C0
 260 0233 ED8EFDB0 		.ascii	"\355\216\375\260\254H.\352\221]\227\012C\362.\244\310"
 260      AC482EEA 
 260      915D970A 
 260      43F22EA4 
 260      C8
 261 0244 6D68B79E 		.ascii	"mh\267\236\351\3017\336,}C+\005j\241\007\340\014t#\265"
 261      E9C137DE 
 261      2C7D432B 
 261      056AA107 
 261      E00C7423 
 262 0259 065886F6 		.ascii	"\006X\206\366\311\347o8I\0160V\005};3\374T\"O&\365\200"
 262      C9E76F38 
 262      490E3056 
 262      057D3B33 
 262      FC54224F 
 263 0270 738DA553 		.ascii	"s\215\245S.\302\346\260(\276\0056\327\327\364\240O\343"
 263      2EC2E6B0 
 263      28BE0536 
 263      D7D7F4A0 
 263      4FE3
 264 0282 D13BCB27 		.ascii	"\321;\313'\007\306\253\3235\276\244%\275\017\351\357"
 264      07C6ABD3 
 264      35BEA425 
 264      BD0FE9EF 
 265 0292 18E92650 		.ascii	"\030\351&PX\357=\321\274CD\326=\310\272\25100Ov%\312"
 265      58EF3DD1 
 265      BC4344D6 
 265      3DC8BAA9 
 265      30304F76 
 266 02a8 728248D5 		.ascii	"r\202H\325\240\321\313\271q6\347f\306\371\332\275\252"
 266      A0D1CBB9 
 266      7136E766 
 266      C6F9DABD 
 266      AA
 267 02b9 2F819473 		.ascii	"/\201\224s\322ec7\3225\012T\357\3178\222\314\221\316"
 267      D2656337 
 267      D2350A54 
 267      EFCF3892 
 267      CC91CE
 268 02cc 7991CECD 		.ascii	"y\221\316\315F:\317\220N\216\226\345k\310E\2164\236"
 268      463ACF90 
 268      4E8E96E5 
 268      6BC8458E 
 268      349E
 269 02de D298AAF2 		.ascii	"\322\230\252\362\335\001\335\235w\013\027f\304\375\320"
 269      DD01DD9D 
 269      770B1766 
 269      C4FDD0
 270 02ed E3824E51 		.ascii	"\343\202NQ\211\373\313\222\205\007\223\344\243hW$R5"
 270      89FBCB92 
 270      850793E4 
 270      A3685724 
 270      5235
 271 02ff 68F13A6E 		.ascii	"h\361:n\231\355\270\2259\336;\330\357\322\221n\3568"
ARM GAS  /tmp/cclUnGne.s 			page 21


 271      99EDB895 
 271      39DE3BD8 
 271      EFD2916E 
 271      EE38
 272 0311 AFE6D179 		.ascii	"\257\346\321y?^\015Z\034V=<Qe\340\325\340b\205\2236"
 272      3F5E0D5A 
 272      1C563D3C 
 272      5165E0D5 
 272      E0628593 
 273 0326 51219221 		.ascii	"Q!\222!\256{2\271\357\230\026\027\203\261a\200O\267"
 273      AE7B32B9 
 273      EF981617 
 273      83B16180 
 273      4FB7
 274 0338 08E6DDA2 		.ascii	"\010\346\335\242\3225^\252\"cLW,/\355\373\007\204\352"
 274      D2355EAA 
 274      22634C57 
 274      2C2FEDFB 
 274      0784EA
 275 034b F8E9BD5B 		.ascii	"\370\351\275[gL\376\214F\346\032\356\352\007/\301`z"
 275      674CFE8C 
 275      46E61AEE 
 275      EA072FC1 
 275      607A
 276 035d 7A592790 		.ascii	"zY'\220\017\311d\211\000k\203a\025\366\201\253\330\007"
 276      0FC96489 
 276      006B8361 
 276      15F681AB 
 276      D807
 277 036f 82953E70 		.ascii	"\202\225>p\005\203p\031\203\200\016\216\0358\372\255"
 277      05837019 
 277      83800E8E 
 277      1D38FAAD 
 278 037f 819C62FD 		.ascii	"\201\234b\375H\354*\035\276H<\036\206/-\253`\375\241"
 278      48EC2A1D 
 278      BE483C1E 
 278      862F2DAB 
 278      60FDA1
 279 0392 1D3D5CF7 		.ascii	"\035=\\\367z@\207s\273\2701\267\213\343\225%G\026\350"
 279      7A408773 
 279      BBB831B7 
 279      8BE39525 
 279      4716E8
 280 03a5 77789A13 		.ascii	"wx\232\023\303s\367'\001:@\257\234\263\321\335\3559"
 280      C373F727 
 280      013A40AF 
 280      9CB3D1DD 
 280      ED39
 281 03b7 84DC635C 		.ascii	"\204\334c\\T\2437\323n\253aQHHh\026\313 \012V\033\264"
 281      54A337D3 
 281      6EAB6151 
 281      48486816 
 281      CB200A56 
 282 03cd A1DD2566 		.ascii	"\241\335%f\327\011\213\250+LB(\036\315\020\354Q!\354"
 282      D7098BA8 
 282      2B4C4228 
 282      1ECD10EC 
ARM GAS  /tmp/cclUnGne.s 			page 22


 282      5121EC
 283 03e0 E8165347 		.ascii	"\350\026SG\256\353]!\371_\017\312r\266\236:\200\233"
 283      AEEB5D21 
 283      F95F0FCA 
 283      72B69E3A 
 283      809B
 284 03f2 489F1A78 		.ascii	"H\237\032x\332\242\211B\234\246@\212\301\320\333Xk\333"
 284      DAA28942 
 284      9CA6408A 
 284      C1D0DB58 
 284      6BDB
 285 0404 09D3FE7E 		.ascii	"\011\323\376~N\355\325T\231\207\346b^P\002\362\241J"
 285      4EEDD554 
 285      9987E662 
 285      5E5002F2 
 285      A14A
 286 0416 82121665 		.ascii	"\202\022\026e\017m\215\035\251\204\354%,\236g\213'R"
 286      0F6D8D1D 
 286      A984EC25 
 286      2C9E678B 
 286      2752
 287 0428 44085DC4 		.ascii	"D\010]\304\215\256\345\253\261\311C/\002\367x\243I!"
 287      8DAEE5AB 
 287      B1C9432F 
 287      02F778A3 
 287      4921
 288 043a F0733AD7 		.ascii	"\360s:\327\036\3416nm\276m\242\257\326S\273\376\247"
 288      1EE1366E 
 288      6DBE6DA2 
 288      AFD653BB 
 288      FEA7
 289 044c 5F7E482E 		.ascii	"_~H.r\321^\021Zu\010!\200\341_\344\370>\321\272\310"
 289      72D15E11 
 289      5A750821 
 289      80E15FE4 
 289      F83ED1BA 
 290 0461 EAF60E2C 		.ascii	"\352\366\016,G\273\353}\225\345@\212\031G\230\250\257"
 290      47BBEB7D 
 290      95E5408A 
 290      194798A8 
 290      AF
 291 0472 68560765 		.ascii	"hV\007e*\376\327\003\315\016\353\200\375\020\344\331"
 291      2AFED703 
 291      CD0EEB80 
 291      FD10E4D9 
 292 0482 D5997D2F 		.ascii	"\325\231}/K\325\350\251\007\267\321\225\2678[.ZB\327"
 292      4BD5E8A9 
 292      07B7D195 
 292      B7385B2E 
 292      5A42D7
 293 0495 A14FF95C 		.ascii	"\241O\371\\\361\027\030`\360\023;\306\373\015\244\214"
 293      F1171860 
 293      F0133BC6 
 293      FB0DA48C 
 294 04a5 C37F71AC 		.ascii	"\303\177q\254\364+\242X\366\276\235 7\0003\274\3536"
 294      F42BA258 
 294      F6BE9D20 
ARM GAS  /tmp/cclUnGne.s 			page 23


 294      370033BC 
 294      EB36
 295 04b7 642F30C8 		.ascii	"d/0\310\014_dtU\210\276\205\322\353\223\003\001~\344"
 295      0C5F6474 
 295      5588BE85 
 295      D2EB9303 
 295      017EE4
 296 04ca 85427F51 		.ascii	"\205B\177Q\271e\337\316L\275\2572\205\365*\017)\312"
 296      B965DFCE 
 296      4CBDAF32 
 296      85F52A0F 
 296      29CA
 297 04dc 434C39FB 		.ascii	"CL9\373\321\227\277&\265\234Qu\322\2112\003?\235?\301"
 297      D197BF26 
 297      B59C5175 
 297      D2893203 
 297      3F9D3FC1 
 298 04f0 614A56EF 		.ascii	"aJV\357!\345[:B\017\340\301\326\361=:\322\302u\213\007"
 298      21E55B3A 
 298      420FE0C1 
 298      D6F13D3A 
 298      D2C2758B 
 299 0505 5BCF2927 		.ascii	"[\317)'\371\035\034>\337\337\227k\320\245\322Xq\237"
 299      F91D1C3E 
 299      DFDF976B 
 299      D0A5D258 
 299      719F
 300 0517 41BE853C 		.ascii	"A\276\205<B\003\207\245\002\303\274\356\257>\255}\246"
 300      420387A5 
 300      02C3BCEE 
 300      AF3EAD7D 
 300      A6
 301 0528 273F3024 		.ascii	"'?0$UI\322\361\021\025\204\006\003\252\003?`\364\223"
 301      5549D2F1 
 301      11158406 
 301      03AA033F 
 301      60F493
 302 053b 2FC0041E 		.ascii	"/\300\004\036\206Q%\032\370\344\311\010?\362_:\215\357"
 302      8651251A 
 302      F8E4C908 
 302      3FF25F3A 
 302      8DEF
 303 054d 5AF63BC7 		.ascii	"Z\366;\307Q\033\303j\230`\376\036!\3408w8\366\254\377"
 303      511BC36A 
 303      9860FE1E 
 303      21E03877 
 303      38F6ACFF 
 304 0561 01F8A692 		.ascii	"\001\370\246\222b?\300\365\373\214\337c\232P\316\222"
 304      623FC0F5 
 304      FB8CDF63 
 304      9A50CE92 
 305 0571 7DD50A9A 		.ascii	"}\325\012\232'\375u\012v\352\233\260;\332\357\247\032"
 305      27FD750A 
 305      76EA9BB0 
 305      3BDAEFA7 
 305      1A
 306 0582 7CB19FBC 		.ascii	"|\261\237\274\016\273\277\346\371\250\026\263\336\206"
ARM GAS  /tmp/cclUnGne.s 			page 24


 306      0EBBBFE6 
 306      F9A816B3 
 306      DE86
 307 0590 95F9B850 		.ascii	"\225\371\270P\235P\344JX\012O1A\017\2610\261\351\373"
 307      9D50E44A 
 307      580A4F31 
 307      410FB130 
 307      B1E9FB
 308 05a3 58DEC399 		.ascii	"X\336\303\231\277\213\002L\262\022p\337\237V\274z\177"
 308      BF8B024C 
 308      B21270DF 
 308      9F56BC7A 
 308      7F
 309 05b4 5AC13BE2 		.ascii	"Z\301;\342\345]c\2075\244\235\037\260\356\366\251\316"
 309      E55D6387 
 309      35A49D1F 
 309      B0EEF6A9 
 309      CE
 310 05c5 C0F96E3E 		.ascii	"\300\371n>/q\037+\224v4\205\223\317<7\237\273u\277\335"
 310      2F711F2B 
 310      94763485 
 310      93CF3C37 
 310      9FBB75BF 
 311 05da 3726CB4B 		.ascii	"7&\313K\341\005n\342\271\367,\256P\350\037;\234U\254"
 311      E1056EE2 
 311      B9F72CAE 
 311      50E81F3B 
 311      9C55AC
 312 05ed 267DDC47 		.ascii	"&}\334GM~\377Yq>\037\011\342|>\260{6\261\356)\213\264"
 312      4D7EFF59 
 312      713E1F09 
 312      E27C3EB0 
 312      7B36B1EE 
 313 0604 B57B7CBC 		.ascii	"\265{|\274`1\242\263\350(kd,G=oA%\212JA\255b)H\254y"
 313      6031A2B3 
 313      E8286B64 
 313      2C473D6F 
 313      41258A4A 
 314 061f 38A59A9D 		.ascii	"8\245\232\235^\357\367,I\014r\333\260\001\375\260O\225"
 314      5EEFF72C 
 314      490C72DB 
 314      B001FDB0 
 314      4F95
 315 0631 5607F2F2 		.ascii	"V\007\362\362U\343\260\356\302\3663\001\363zKv{\333"
 315      55E3B0EE 
 315      C2F63301 
 315      F37A4B76 
 315      7BDB
 316 0643 2E32778F 		.ascii	".2w\217v$?Q\356\234\032\034\036\035(\310\320\363s\262"
 316      76243F51 
 316      EE9C1A1C 
 316      1E1D28C8 
 316      D0F373B2 
 317 0657 0E87277A 		.ascii	"\016\207'zs[^\251\265\317\304`H\021)X*#\223\314\311"
 317      735B5EA9 
 317      B5CFC460 
 317      48112958 
ARM GAS  /tmp/cclUnGne.s 			page 25


 317      2A2393CC 
 318 066c A432326D 		.ascii	"\24422m\017k\322\003\310\003~\260\232_d\267\251\360"
 318      0F6BD203 
 318      C8037EB0 
 318      9A5F64B7 
 318      A9F0
 319 067e 73EBC2CF 		.ascii	"s\353\302\317m\313\364/nU\3122\006\253A\305n9\237\213"
 319      6DCBF42F 
 319      6E55CA32 
 319      06AB41C5 
 319      6E399F8B 
 320 0692 9E68E1EB 		.ascii	"\236h\341\353\314\317-^3\320\274\347\300\335\034\003"
 320      CCCF2D5E 
 320      33D0BCE7 
 320      C0DD1C03 
 321 06a2 C95331AC 		.ascii	"\311S1\254\003M7j\325\012\326x:\031\252\300\266\217"
 321      034D376A 
 321      D50AD678 
 321      3A19AAC0 
 321      B68F
 322 06b4 7D613B70 		.ascii	"}a;p\2644/Z\332l\264t\206v}\240!\222\\\345`\307K\013"
 322      B4342F5A 
 322      DA6CB474 
 322      86767DA0 
 322      21925CE5 
 323 06cc CB02C91D 		.ascii	"\313\002\311\035>Hkh,P\343\305\0102\250!\235\371\356"
 323      3E486B68 
 323      2C50E3C5 
 323      0832A821 
 323      9DF9EE
 324 06df E8A97A60 		.ascii	"\350\251z`W%\232V~\245\372\342Jq\265a\336\353]\226H"
 324      57259A56 
 324      7EA5FAE2 
 324      4A71B561 
 324      DEEB5D96 
 325 06f4 AF1999A2 		.ascii	"\257\031\231\242\373~\2274xE\243\220\275THn\016g\354"
 325      FB7E9734 
 325      7845A390 
 325      BD54486E 
 325      0E67EC
 326 0707 948B12E4 		.ascii	"\224\213\022\344\365\315\"\325\204\235n\262\260KT\321"
 326      F5CD22D5 
 326      849D6EB2 
 326      B04B54D1 
 327 0717 D14CBED9 		.ascii	"\321L\276\331\214oz\362\361\004\015)\365c\034\317\267"
 327      8C6F7AF2 
 327      F1040D29 
 327      F5631CCF 
 327      B7
 328 0728 1624BA23 		.ascii	"\026$\272#yi:\244\363\306\314\335\347xw\2373\033-\227"
 328      79693AA4 
 328      F3C6CCDD 
 328      E778779F 
 328      331B2D97 
 329 073c A11D79F2 		.ascii	"\241\035y\3624-\220Tq\264\302\226\275\345\201\336XV"
 329      342D9054 
 329      71B4C296 
ARM GAS  /tmp/cclUnGne.s 			page 26


 329      BDE581DE 
 329      5856
 330 074e CF8AE56E 		.ascii	"\317\212\345n/\332\356\331h{\304e\302R\243)\314j\333"
 330      2FDAEED9 
 330      687BC465 
 330      C252A329 
 330      CC6ADB
 331 0761 627B3FDC 		.ascii	"b{?\334\024\3530E\333\266\230\034qf\223\331\032c\211"
 331      14EB3045 
 331      DBB6981C 
 331      716693D9 
 331      1A6389
 332 0774 31C7C659 		.ascii	"1\307\306Y\214f\355{\177\376hi\330\352\325\202\332a"
 332      8C66ED7B 
 332      7FFE6869 
 332      D8EAD582 
 332      DA61
 333 0786 FB8F4572 		.ascii	"\373\217Er\2561\305;\342\230\342'f\263)\".f\245=\326"
 333      AE31C53B 
 333      E298E227 
 333      66B32922 
 333      2E66A53D 
 334 079b 6E596989 		.ascii	"nYi\211\330b3\275k\\k\\e\262\331\315\321\361\221\026"
 334      D86233BD 
 334      6B5C6B5C 
 334      65B2D9CD 
 334      D1F19116 
 335 07af 93C31919 		.ascii	"\223\303\031\031i\2112Z\005\235D\241$\233\335\346\374"
 335      6989325A 
 335      059D44A1 
 335      249BDDE6 
 335      FC
 336 07c0 E99BDC09 		.ascii	"\351\233\334\011\357\230\255a\370\266!::\326\274!"
 336      EF98AD61 
 336      F8B6213A 
 336      3AD6BC21 
 337 07d0 DAF689DD 		.ascii	"\332\366\211\335\022\371\027\233\323\372~T\224\303\342"
 337      12F9179B 
 337      D3FA7E54 
 337      94C3E2
 338 07df DC18FCBA 		.ascii	"\334\030\374\272\325\205|\361=\2133\334\031\341\214"
 338      D5857CF1 
 338      3D8B33DC 
 338      19E18C
 339 07ee 77FC5567 		.ascii	"w\374Ug\266J\012\262\306n\371\324\211\357\376\222\024"
 339      B64A0AB2 
 339      C66EF9D4 
 339      89EFFE92 
 339      14
 340 07ff 6FB33BD7 		.ascii	"o\263;\327I\316ul#37@g\334\364c\"\314V\233\335b\222"
 340      49CE756C 
 340      23333740 
 340      67DCF463 
 340      22CC569B 
 341 0816 701311F1 		.ascii	"p\023\021\361\321N\311\271m\253\305\201\333\321(\000"
 341      D14EC9B9 
 341      6DABC581 
ARM GAS  /tmp/cclUnGne.s 			page 27


 341      DBD12800 
 342 0826 2BDF00E0 		.ascii	"+\337\000\340\330\3460I\030\004\324F+\265\305\036\211"
 342      D8E63049 
 342      1804D446 
 342      2BB5C51E 
 342      89
 343 0837 FE97BF12 		.ascii	"\376\227\277\022\000\267\2727\010V\301_y\225\234\006"
 343      00B7BA37 
 343      0856C15F 
 343      79959C06 
 344 0847 49B25A22 		.ascii	"I\262Z\"\266J[\"\034\026I\322+#\304\222$\\\212\212\267"
 344      B64A5B22 
 344      1C1649D2 
 344      2B23C492 
 344      245C8A8A 
 345 085c 9B25C9F8 		.ascii	"\233%\311\370\253\265\277\\\243u\217TfkD\234\216os\355"
 345      ABB5BF5C 
 345      A3758F54 
 345      666B449C 
 345      8E6F73ED 
 346 0870 1AC9A975 		.ascii	"\032\311\251u\277\004\230\255\341\333\034\037\3311t"
 346      BF0498AD 
 346      E1DB1C1F 
 346      D93174
 347 087f FF9C99F6 		.ascii	"\377\234\231\3668\247\017\013\244\215\014\002\266\306"
 347      38A70F0B 
 347      A48D0C02 
 347      B6C6
 348 088d C639A578 		.ascii	"\3069\245x\246l\234\241l\216\215\211\211\265\233\350"
 348      A66C9CA1 
 348      6C8E8D89 
 348      89B59BE8 
 349 089d BAC3B4E1 		.ascii	"\272\303\264\341\303Ma\233>E+\306\366_\357\306\240)"
 349      C34D619B 
 349      3E452BC6 
 349      F65FEFC6 
 349      A029
 350 08af F2C26448 		.ascii	"\362\302dH\277\333\020\376\373\017>\334h\210\210\376"
 350      BFDB10FE 
 350      FB0F3EDC 
 350      688888FE 
 351 08bf 77C43607 		.ascii	"w\3046\007f?\032\243\371\233\271\24003\024\310\024\266"
 351      663F1AA3 
 351      F99BB9A0 
 351      303314C8 
 351      14B6
 352 08d1 297C63B8 		.ascii	")|c\270\211\246\320\264\321M'\306asHXi4(\214\377\237"
 352      89A6D0B4 
 352      D14D27C6 
 352      61734858 
 352      6934288C 
 353 08e7 90903F23 		.ascii	"\220\220?#G\251\375\037\036f\334\333"
 353      47A9FD1F 
 353      1E66DCDB 
 354              		.text
 355              		.section	.gnu.lto_.symtab.555e438babb01c57,"",%progbits
 356 0000 5F636F72 		.ascii	"_core_init\000"
ARM GAS  /tmp/cclUnGne.s 			page 28


 356      655F696E 
 356      697400
 357 000b 00       		.ascii	"\000"
 358 000c 00       		.ascii	"\000"
 359 000d 00       		.ascii	"\000"
 360 000e 00000000 		.ascii	"\000\000\000\000\000\000\000\000"
 360      00000000 
 361 0016 C2000000 		.ascii	"\302\000\000\000"
 362 001a 63685F6D 		.ascii	"ch_memcore\000"
 362      656D636F 
 362      726500
 363 0025 00       		.ascii	"\000"
 364 0026 00       		.ascii	"\000"
 365 0027 00       		.ascii	"\000"
 366 0028 00000000 		.ascii	"\000\000\000\000\000\000\000\000"
 366      00000000 
 367 0030 E3000000 		.ascii	"\343\000\000\000"
 368 0034 6368436F 		.ascii	"chCoreAllocAlignedWithOffsetI\000"
 368      7265416C 
 368      6C6F6341 
 368      6C69676E 
 368      65645769 
 369 0052 00       		.ascii	"\000"
 370 0053 00       		.ascii	"\000"
 371 0054 00       		.ascii	"\000"
 372 0055 00000000 		.ascii	"\000\000\000\000\000\000\000\000"
 372      00000000 
 373 005d C8000000 		.ascii	"\310\000\000\000"
 374 0061 6368436F 		.ascii	"chCoreAllocAlignedWithOffset\000"
 374      7265416C 
 374      6C6F6341 
 374      6C69676E 
 374      65645769 
 375 007e 00       		.ascii	"\000"
 376 007f 00       		.ascii	"\000"
 377 0080 00       		.ascii	"\000"
 378 0081 00000000 		.ascii	"\000\000\000\000\000\000\000\000"
 378      00000000 
 379 0089 CA000000 		.ascii	"\312\000\000\000"
 380 008d 6368436F 		.ascii	"chCoreGetStatusX\000"
 380      72654765 
 380      74537461 
 380      74757358 
 380      00
 381 009e 00       		.ascii	"\000"
 382 009f 00       		.ascii	"\000"
 383 00a0 00       		.ascii	"\000"
 384 00a1 00000000 		.ascii	"\000\000\000\000\000\000\000\000"
 384      00000000 
 385 00a9 CD000000 		.ascii	"\315\000\000\000"
 386 00ad 5F5F6865 		.ascii	"__heap_base__\000"
 386      61705F62 
 386      6173655F 
 386      5F00
 387 00bb 00       		.ascii	"\000"
 388 00bc 02       		.ascii	"\002"
 389 00bd 00       		.ascii	"\000"
ARM GAS  /tmp/cclUnGne.s 			page 29


 390 00be 00000000 		.ascii	"\000\000\000\000\000\000\000\000"
 390      00000000 
 391 00c6 E6000000 		.ascii	"\346\000\000\000"
 392 00ca 5F5F6865 		.ascii	"__heap_end__\000"
 392      61705F65 
 392      6E645F5F 
 392      00
 393 00d7 00       		.ascii	"\000"
 394 00d8 02       		.ascii	"\002"
 395 00d9 00       		.ascii	"\000"
 396 00da 00000000 		.ascii	"\000\000\000\000\000\000\000\000"
 396      00000000 
 397 00e2 E8000000 		.ascii	"\350\000\000\000"
 398              		.text
 399              		.section	.gnu.lto_.opts,"",%progbits
 400 0000 272D666D 		.ascii	"'-fmath-errno' '-fsigned-zeros' '-ftrapping-math' '"
 400      6174682D 
 400      6572726E 
 400      6F272027 
 400      2D667369 
 401 0033 2D666E6F 		.ascii	"-fno-trapv' '-fno-openmp' '-fno-openacc' '-mcpu=cor"
 401      2D747261 
 401      70762720 
 401      272D666E 
 401      6F2D6F70 
 402 0066 7465782D 		.ascii	"tex-m3' '-mthumb' '-O2' '-fomit-frame-pointer' '-fa"
 402      6D332720 
 402      272D6D74 
 402      68756D62 
 402      2720272D 
 403 0099 6C69676E 		.ascii	"lign-functions=16' '-ffunction-sections' '-fdata-se"
 403      2D66756E 
 403      6374696F 
 403      6E733D31 
 403      36272027 
 404 00cc 6374696F 		.ascii	"ctions' '-fno-common' '-flto'\000"
 404      6E732720 
 404      272D666E 
 404      6F2D636F 
 404      6D6D6F6E 
 405              		.text
 406              		.comm	__gnu_lto_v1,1,1
 407              		.comm	__gnu_lto_slim,1,1
 408              		.ident	"GCC: (GNU) 7.3.0"
ARM GAS  /tmp/cclUnGne.s 			page 30


DEFINED SYMBOLS
                            *ABS*:0000000000000000 chmemcore.c
                            *COM*:0000000000000001 __gnu_lto_v1
                            *COM*:0000000000000001 __gnu_lto_slim

NO UNDEFINED SYMBOLS
