ARM GAS  /tmp/cc1onbPT.s 			page 1


   1              		.cpu cortex-m3
   2              		.eabi_attribute 20, 1
   3              		.eabi_attribute 21, 1
   4              		.eabi_attribute 23, 3
   5              		.eabi_attribute 24, 1
   6              		.eabi_attribute 25, 1
   7              		.eabi_attribute 26, 1
   8              		.eabi_attribute 30, 2
   9              		.eabi_attribute 34, 1
  10              		.eabi_attribute 18, 4
  11              		.file	"chmsg.c"
  12              		.section	.gnu.lto_.profile.6d36af47e2ed4ae9,"",%progbits
  13 0000 789C6363 		.ascii	"x\234cc```\001bF\006?u\000\001;\000\201"
  13      60606001 
  13      6246063F 
  13      7500013B 
  13      0081
  14              		.text
  15              		.section	.gnu.lto_.icf.6d36af47e2ed4ae9,"",%progbits
  16 0000 789C6363 		.ascii	"x\234cc``\020a@\000f\206\317\277^\374ec\272zn\352f\036"
  16      60601061 
  16      40006686 
  16      CFBF5EFC 
  16      6563BA7A 
  17 0018 E64BADFD 		.ascii	"\346K\255\375\023Y\030\000n\015\011m"
  17      13591800 
  17      6E0D096D 
  18              		.text
  19              		.section	.gnu.lto_.jmpfuncs.6d36af47e2ed4ae9,"",%progbits
  20 0000 789C6D8D 		.ascii	"x\234m\215\273\011\200@\020Dgv\017#9\033\260\321\213"
  20      BB098040 
  20      10446776 
  20      0F23391B 
  20      B0D18B
  21 0013 0E635331 		.ascii	"\016cS1\262\013-\3006\004\013\260\007\361\263\247\302"
  21      B20B2DC0 
  21      36040BB0 
  21      07F1B3A7 
  21      C2
  22 0024 250EBC60 		.ascii	"%\016\274`\007\336N\001\240G\216BH\215\203\302\240\260"
  22      07DE4E01 
  22      A0478E42 
  22      488D83C2 
  22      A0B0
  23 0036 53EE5BB7 		.ascii	"S\356[\267\260\325A\205%G\326\340\354X\032\200H0'\335"
  23      B0D54185 
  23      2547D6E0 
  23      EC581A80 
  23      483027DD 
  24 004a 302E4B05 		.ascii	"0.K\005\261:i\307\332\234\362j\236\323\247\371G\323"
  24      B13A69C7 
  24      DA9CF26A 
  24      9ED3A7F9 
  24      47D3
  25 005c B441DB30 		.ascii	"\264A\3330\350\376~\004\346*\0027_\020\"\015"
  25      E8FE7E04 
  25      E62A0237 
ARM GAS  /tmp/cc1onbPT.s 			page 2


  25      5F10220D 
  26              		.text
  27              		.section	.gnu.lto_.inline.6d36af47e2ed4ae9,"",%progbits
  28 0000 789C6363 		.ascii	"x\234cc``\210c@\000f\006\006\021YFF\006\005F\006\006"
  28      60608863 
  28      40006606 
  28      06115946 
  28      46060546 
  29 0016 26F11B9B 		.ascii	"&\361\033\233\031\0318o\2301\201d\230\270\031\030\030"
  29      1919386F 
  29      98318164 
  29      98B81918 
  29      18
  30 0027 21E4043F 		.ascii	"!\344\004?&\006A\001 G\342\300nF\006\266\005\362H\012"
  30      26064101 
  30      2047E2C0 
  30      6E4606B6 
  30      05F2480A 
  31 003b 98193840 		.ascii	"\230\0318@2,\013\344\341\022\314<@\311\011~\023\374"
  31      322C0BE4 
  31      E112CC3C 
  31      40C9097E 
  31      13FC
  32 004d 1800F012 		.ascii	"\030\000\360\022\012x"
  32      0A78
  33              		.text
  34              		.section	.gnu.lto_.pureconst.6d36af47e2ed4ae9,"",%progbits
  35 0000 789C6363 		.ascii	"x\234cc``\340\002bf\206]\214L\273\030\231w1\002\000"
  35      6060E002 
  35      6266865D 
  35      8C4CBB18 
  35      99773102 
  36 0015 0C2F024A 		.ascii	"\014/\002J"
  37              		.text
  38              		.section	.gnu.lto_chMsgSend.6d36af47e2ed4ae9,"",%progbits
  39 0000 789C9556 		.ascii	"x\234\225V\353OTW\020?s\317\335\273\013\273\"\326\244"
  39      EB4F5457 
  39      103F73CF 
  39      DDBB0BBB 
  39      22D6A4
  40 0013 1F0CB14B 		.ascii	"\037\014\261K[\252&\206\3334&\375\320\246I\303\227\232"
  40      5BAA2686 
  40      DB3426FD 
  40      D0A649C3 
  40      979A
  41 0025 86B4913F 		.ascii	"\206\264\221?\300\324\225\012IW\350.5\2324\345\272\213"
  41      C0D4950A 
  41      4957E82E 
  41      359A34E5 
  41      BA8B
  42 0037 C147B52F 		.ascii	"\301G\265/@]\266\272J}4(U\241* \313V|\363\024\361\005"
  42      405DB6BA 
  42      4A7D3428 
  42      55A12A20 
  42      CB567CF3 
  43 004e 14100A15 		.ascii	"\024\020\012\025\005_}\200b\2613\347^tYWl7\331\345\336"
  43      055F7D80 
ARM GAS  /tmp/cc1onbPT.s 			page 3


  43      62B133E7 
  43      5E745957 
  43      6C37D9E5 
  44 0063 7366E637 		.ascii	"sf\3467\363\373\315\231\203\302\030\253\211a\354\021"
  44      F3FBCD99 
  44      83C218AB 
  44      8961EC11 
  45 0073 FE5D805F 		.ascii	"\376]\200_01\220\276nbl\265E\222\370\310\014\246\305"
  45      303190BE 
  45      6E626CB5 
  45      4592F8C8 
  45      0CA6C5
  46 0086 CA5BDF66 		.ascii	"\312[\337f\232\215\203\254/\313\000\364\240Y\200\345"
  46      9A8D83AC 
  46      2FCB00F4 
  46      A05980E5 
  47 0096 4A5C865C 		.ascii	"J\\\206\\\370\222\027p8\237w\300\3177p?g \343\353\335"
  47      F8921770 
  47      389F77C0 
  47      CF37703F 
  47      6720E3EB 
  48 00ab 465F5F1C 		.ascii	"F__\034\275\002\330\361uW\215\367\030\314\333\243\341"
  48      BD02D8F1 
  48      75578DF7 
  48      18CCDBA3 
  48      E1
  49 00bc 27B4B94B 		.ascii	"'\264\271K\331\343]\363\236\237K\254\010\255+ \001\312"
  49      D9E35DF3 
  49      9E9F4BAC 
  49      08AD2B20 
  49      01CA
  50 00ce 2181B07F 		.ascii	"!\201\260\177\206yh{\242\377a\253\225\277\004\014\237"
  50      8679687B 
  50      A2FF61AB 
  50      95BF040C 
  50      9F
  51 00df EBF3EAAF 		.ascii	"\353\363\352\257(svi\232G\013u\226p\355U?\347p\030x"
  51      28737669 
  51      9A470B75 
  51      9670ED55 
  51      3FE77018 
  52 00f4 B8232E31 		.ascii	"\270#.18\002s\320\274\341@\345e\231\277,\\\013\017{"
  52      380273D0 
  52      BCE140E5 
  52      6599BF2C 
  52      5C0B0F7B 
  53 0108 F7727245 		.ascii	"\367rrE\310\241\037\204\253\004G#]%\006\2250\207\354"
  53      C8A11F84 
  53      AB044723 
  53      5D250695 
  53      3087EC
  54 011b 1BC62B9A 		.ascii	"\033\306+\232c\371k\302w}w\355\2109\251D\300\236*\236"
  54      63F96BC2 
  54      777D77ED 
  54      8839A944 
  54      C09E2A9E 
  55 012f B5C3AB9D 		.ascii	"\265\303\253\235\321d\202\256\232\354O\0374\357=8^8"
ARM GAS  /tmp/cc1onbPT.s 			page 4


  55      D16482AE 
  55      9AEC4F1F 
  55      34EF3D38 
  55      5E38
  56 0141 4D91A11A 		.ascii	"M\221\241\032\222\002\234QUX\3141P\340\361^\236Hc\300"
  56      92029C51 
  56      5558CC31 
  56      50E0F15E 
  56      9E4863C0 
  57 0155 AF88F522 		.ascii	"\257\210\365\"\016an\014j\3204\010\012\2130\277p\362"
  57      0E616E0C 
  57      6AD03408 
  57      0A8B30BF 
  57      70F2
  58 0167 1D542348 		.ascii	"\035T#H\366\022\355\355:\327Zk\345\357\013\337\037\313"
  58      F612EDED 
  58      3AD75A6B 
  58      E5EF0BDF 
  58      1FCB
  59 0179 766CB119 		.ascii	"vl\261\031\031v\373\346n\363n\330\250\005<\361~\024"
  59      1976FBE6 
  59      6EF36ED8 
  59      A8053CF1 
  59      7E14
  60 018b 2434458E 		.ascii	"$4E\216z\340[\333\260\224_ \211A-\005\347\223\2229\216"
  60      7AE05BDB 
  60      B0945F20 
  60      89412D05 
  60      E7939239 
  61 01a0 C9D46132 		.ascii	"\311\324a2\364\003X\007U\365S\253)\244\215?\312G\361"
  61      F4035807 
  61      55F553AB 
  61      29A48D3F 
  61      CA47F1
  62 01b3 66FB2A06 		.ascii	"f\373*\006\233_\231\011\310\235I\302\037\005SD\013\005"
  62      9B5F9909 
  62      C89D49C2 
  62      1F055344 
  62      0B05
  63 01c5 88470B90 		.ascii	"\210G\013\220\020V\301\251M\010\303\326\342\027\373"
  63      1056C1A9 
  63      4D08C3D6 
  63      E217FB
  64 01d4 450BB175 		.ascii	"E\013\261uX\005>yC\354\006x\252\006\217\226\230\211"
  64      58053E79 
  64      43EC0678 
  64      AA068F96 
  64      9889
  65 01e6 0B1F3721 		.ascii	"\013\0377!z\321\232\343\315fj\027\263\250\256\262r\250"
  65      7AD19AE3 
  65      CD666A17 
  65      B3A8AEB2 
  65      72A8
  66 01f8 C39CFB8F 		.ascii	"\303\234\373\217f\301\205\000\222Ek\025\336\273\337"
  66      66C18500 
  66      92456B15 
  66      DEBBDF
ARM GAS  /tmp/cc1onbPT.s 			page 5


  67 0207 C605601B 		.ascii	"\306\005`\033\370\271\005Nb\333\235\240\342p\343\360"
  67      F8B9054E 
  67      62DB9DA0 
  67      E270E3F0 
  68 0217 E9CE318B 		.ascii	"\351\3161\213\272\237*\013\224\341n\014\234\202\000"
  68      BA9F2A0B 
  68      94E16E0C 
  68      9C8200
  69 0226 1472A3F0 		.ascii	"\024r\243\360\007\227\275k$}\333N\022\236\006\265\220"
  69      0797BD6B 
  69      247DDB4E 
  69      129E06B5 
  69      90
  70 0237 42323803 		.ascii	"B28\003*\033\000O`\205\320\012\213\300\\pA\212\302o"
  70      2A1B004F 
  70      6085D00A 
  70      8BC05C70 
  70      418AC26F 
  71 024b F1D4FCC2 		.ascii	"\361\324\374\302YHB\247\374A\255F\246*d\260\3039\334"
  71      594842A7 
  71      FC41AD46 
  71      A62A64B0 
  71      C339DC
  72 025e BB099EDE 		.ascii	"\273\011\236\336\322\202\252\356\310F\370nt\242\021"
  72      D282AAEE 
  72      C846F86E 
  72      74A211
  73 026d E4A744EF 		.ascii	"\344\247D\357\177\003\031\255\247=S\344^\207o.\036\250"
  73      7F0319AD 
  73      A73D53E4 
  73      5E876F2E 
  73      1EA8
  74 027f B3245CC3 		.ascii	"\263$\\\303\323\3025b\021M$\\\023\011\007,H\250;\267"
  74      D3C23562 
  74      114D245C 
  74      1309072C 
  74      48A83BB7 
  75 0293 1F1A8D4D 		.ascii	"\037\032\215Ml\206\355\332\026\254>\226\034\366\367"
  75      6C86EDDA 
  75      16AC3E96 
  75      1CF6F7
  76 02a2 556B1659 		.ascii	"Uk\026Y\302\254\233!QPtg\250\255C\302\025h\001Y\344"
  76      C2AC9B21 
  76      51507467 
  76      A8AD43C2 
  76      15680159 
  77 02b7 CDE0BC38 		.ascii	"\315\340\2748\305{\203u\375\266\304V\303\333J\266\367"
  77      C57B8375 
  77      FDB6C456 
  77      C3DB4AB6 
  77      F7
  78 02c8 CA0E5DB4 		.ascii	"\312\016]\264\012\357V\362\206\013 \023\211v\301\001"
  78      0AEF56F2 
  78      860B2013 
  78      8976C101 
  79 02d8 23697DF7 		.ascii	"#i}\367w\336n\221\250\274pa\365\226?v\274\361\224\202"
  79      77DE6E91 
ARM GAS  /tmp/cc1onbPT.s 			page 6


  79      A8BC7061 
  79      F5963F76 
  79      BCF19482 
  80 02ec 22AE26B1 		.ascii	"\"\256&\261f\371\271\015)\2076C\310\266\374+]\326\307"
  80      66F9B90D 
  80      29873643 
  80      C8B6FC2B 
  80      5DD6C7
  81 02ff 4A4D838B 		.ascii	"JM\203\213BFI\227\261l\330\323$\033*\177LG\371\022\351"
  81      42464997 
  81      B16CD8D3 
  81      241B2A7F 
  81      4C47F912 
  82 0314 284EDA65 		.ascii	"(N\332eP}\\!\350\007\371\303GlzWA\004\232]\200Y\236"
  82      507D5C21 
  82      E807F9C3 
  82      476C7A57 
  82      41049A5D 
  83 032b 01160757 		.ascii	"\001\026\007W\004\230\254\203\2256\336\350R\260\377"
  83      0498AC83 
  83      9536DEE8 
  83      52B0FF
  84 033a F44D135C 		.ascii	"\364M\023\\\305Na\320\016\271\242T\243\264\233k\317"
  84      C54E61D0 
  84      0EB9A254 
  84      A3B49B6B 
  84      CF
  85 034b ECB1182D 		.ascii	"\354\261\030-2\356\213\363i\241<{\224\361$\372\243c"
  85      32EE8BF3 
  85      69A13C7B 
  85      94F124FA 
  85      A363
  86 035d A2B93C81 		.ascii	"\242\271<\201\261\215\334\010\320Y\3345\036\303\333"
  86      B18DDC08 
  86      D059DC35 
  86      1EC3DB
  87 036c 4130D3F0 		.ascii	"A0\323\360U\3317\326\247\242\231\2403J\264_)\032\350"
  87      55D937D6 
  87      A7A299A0 
  87      334AB45F 
  87      291AE8
  88 037f 5C07F33B 		.ascii	"\\\007\363;\267~\036\321'\233\037*\234\214\010\326\350"
  88      B77E1ED1 
  88      279B1F2A 
  88      9C8C08D6 
  88      E8
  89 0390 336552AB 		.ascii	"3eR\253ta\207tS\253t\213D&x\202g\013\3223\366}|q\011"
  89      74618774 
  89      53AB748B 
  89      44267882 
  89      670BD233 
  90 03a9 10533D82 		.ascii	"\020S=\202)\223\210\022\251\214\213\010\270F\312(\372"
  90      29938812 
  90      A98C8B08 
  90      B846CA28 
  90      FA
  91 03ba 3EF49238 		.ascii	">\364\2228\240\037\371\312\362}\022A\372\270\015\375"
ARM GAS  /tmp/cc1onbPT.s 			page 7


  91      A01FF9CA 
  91      F27D1241 
  91      FAB80DFD 
  92 03ca 060A563F 		.ascii	"\006\012V?\002j\015\023\314\307\327\226\335\347w\200"
  92      026A0D13 
  92      CCC7D796 
  92      DDE77780 
  93 03da 9E441C09 		.ascii	"\236D\034\011\325g$Q=\320\2628\354\370\376&\320\315"
  93      D5672451 
  93      3DD0B238 
  93      ECF8FE26 
  93      D0CD
  94 03ec 46F47E14 		.ascii	"F\364~\024\006C\267\255\0374\377\367Z\002/R\031\003"
  94      0643B7AD 
  94      1F34FFF7 
  94      5A022F52 
  94      1903
  95 03fe CF2BE377 		.ascii	"\317+\343w*c\002\350:\225a\023\224\017V\225\217BT4["
  95      2A6302E8 
  95      3A956113 
  95      940F5695 
  95      8F425434 
  96 0413 54B4DD82 		.ascii	"T\264\335\202\265\301)\340z\201\360n\204\323v\223\360"
  96      B5C129E0 
  96      7A81F06E 
  96      84D37693 
  96      F0
  97 0424 4C3A5EF5 		.ascii	"L:^\365\023\274\347\223D\247\212\303\320$\226\206\365"
  97      13BCE793 
  97      44A78AC3 
  97      D0249686 
  97      F5
  98 0435 60D87D3D 		.ascii	"`\330}=\033\202\0161\355\2503\03673\365\012\323%\252"
  98      1B820E31 
  98      EDA8331E 
  98      3733F50A 
  98      D325AA
  99 0448 2D51F4F3 		.ascii	"-Q\364\363#\375\257\3633\035n\011D\013\265\347m\024"
  99      23FDAFF3 
  99      331D6E09 
  99      440BB5E7 
  99      6D14
 100 045a A51FF2DA 		.ascii	"\245\037\362\332\353\026<\0115|\251t\237\370\367`:\304"
 100      EB163C09 
 100      357CA974 
 100      9FF8F760 
 100      3AC4
 101 046c C11DA391 		.ascii	"\301\035\243\221\327\341\371\035\231\201\027\302\020"
 101      D7E1F91D 
 101      998117C2 
 101      10
 102 0479 E4054A36 		.ascii	"\344\005J6\231\310<b\374\307\027a\025\014\356\342\321"
 102      99C83C62 
 102      FCC71761 
 102      150CEEE2 
 102      D1
 103 048a 43743F9F 		.ascii	"Ct?\237!\334d\343\"!\277\322M<\212\337\013E\224\013"
ARM GAS  /tmp/cc1onbPT.s 			page 8


 103      21DC64E3 
 103      2221BFD2 
 103      4D3C8ADF 
 103      0B45940B 
 104 049e DC433FDC 		.ascii	"\334C?\334\030\273^pU\264\232\0026\370\003\022\374|"
 104      18BB5E70 
 104      55B49A02 
 104      36F80312 
 104      FC7C
 105 04b0 A65E6E7D 		.ascii	"\246^n}\037\3509Z#\207\223\213=g:\375\371\254\351\364"
 105      1FE8395A 
 105      2387938B 
 105      3D673AFD 
 105      F9ACE9F4 
 106 04c4 054DA7BF 		.ascii	"\005M\247\277H\314\030b\343o\343\226\231-\230\306\213"
 106      48CC1862 
 106      E36FE396 
 106      992D98C6 
 106      8B
 107 04d5 11C1C42D 		.ascii	"\021\301\304-C7p\370\204\224qh\217\204_\032\372\015"
 107      433770F8 
 107      84947168 
 107      8F845F1A 
 107      FA0D
 108 04e7 6C0CF2F1 		.ascii	"l\014\362\361\355\327\202\326\211\031=\"f\364\250\230"
 108      EDD782D6 
 108      89193D22 
 108      66F4A898 
 109 04f7 D19103F9 		.ascii	"\321\221\003\371\276>\220{\366ol_&0\030\273E\3027\325"
 109      BE3E907B 
 109      F66F6C5F 
 109      263018BB 
 109      45C237D5 
 110 050b 19CA5A89 		.ascii	"\031\312Z\211\372\265x&\221CtKHVS22\227d~\220\246f\271"
 110      FAB57826 
 110      9143744B 
 110      48565332 
 110      3297647E 
 111 0523 55578EEA 		.ascii	"UW\216\352v9TG\206\323\275,\331\301\244\234l\216O\334"
 111      76395447 
 111      86D3BD2C 
 111      D9C1A49C 
 111      6C8E4FDC 
 112 0537 91936D8F 		.ascii	"\221\223m\217\264\313\\\356\370\344\263\245\351h\353"
 112      B4CB5CEE 
 112      F8E4B3A5 
 112      E968EB
 113 0546 5EE54ECE 		.ascii	"^\345N\316`\346%\037\271\323?te&O2td9\235Y\313\325\354"
 113      60E6251F 
 113      B9D33F74 
 113      65264F32 
 113      7464399D 
 114 055e 2C578E5B 		.ascii	",W\216[}wQjJ\352J\364pd\271\322\027\257x\323\211noE"
 114      7D77516A 
 114      4AEA4AF4 
 114      7064B9D2 
 114      17AF78D3 
ARM GAS  /tmp/cc1onbPT.s 			page 9


 115 0576 334F5F99 		.ascii	"3O_\231C\306jJj\332\30245\005\255\325\205\023pNw\246"
 115      43C66A4A 
 115      6ADAC234 
 115      3505ADD5 
 115      8513704E 
 116 058c 7BF13287 		.ascii	"{\3612\207\003}\343S\323\026\331\0116\333\2259\337\236"
 116      037DE353 
 116      D316D909 
 116      36DB9539 
 116      DF9E
 117 059e F43A935C 		.ascii	"\364:\223\\\314\354Lwf\271V1\236\363iv\342\0249;2\226"
 117      CCEC4C77 
 117      66B95631 
 117      9EF36976 
 117      E214393B 
 118 05b4 62847F01 		.ascii	"b\204\177\001.d~X"
 118      2E647E58 
 119              		.text
 120              		.section	.gnu.lto_chMsgWait.6d36af47e2ed4ae9,"",%progbits
 121 0000 789C8D55 		.ascii	"x\234\215U[LTW\024=\373\236\313\235a.\240\351\2071\206"
 121      5B4C5457 
 121      143DFB9E 
 121      CB9D612E 
 121      A0E98731 
 122 0015 B4C3C724 		.ascii	"\264\303\307$\232\030n\323\2304i\033\223\206/?H\033"
 122      9A186ED3 
 122      9834691B 
 122      93862F3F 
 122      481B
 123 0027 49FA6BCA 		.ascii	"I\372k\312H\204\244#t\206\032\375\342\3620@\321h[A\201"
 123      4884A423 
 123      74861AFD 
 123      E2F23040 
 123      D1685B41 
 124 003c 89334AAD 		.ascii	"\2113J\255\332Fj\205\332\202\257\021\024\037\025\004"
 124      DA466A85 
 124      DA82AF11 
 124      141F1504 
 125 004c C4478502 		.ascii	"\304G\205\002\242\240\300H}\225Z\254\330\275\317\271"
 125      A2A0C048 
 125      7D955AAC 
 125      D8BDCFB9 
 126 005c 58661889 		.ascii	"Xf\030\211\36319\347\236\375X{\355\265\317\321\030c"
 126      F33139E7 
 126      9EFD587B 
 126      EDB5CFD1 
 126      1863
 127 006e DFC633B6 		.ascii	"\337\3063\266\030\030[\201k\210c\240l\357`\254\320\256"
 127      18185B81 
 127      6B8863A0 
 127      6CEF60AC 
 127      D0AE
 128 0080 28BC6501 		.ascii	"(\274e\0013\035j\307Jf&pP\345g\025\200\026\246\035X"
 128      331D6AC7 
 128      4A662670 
 128      50E56715 
 128      8016A61D 
ARM GAS  /tmp/cc1onbPT.s 			page 10


 129 0095 81C25528 		.ascii	"\201\302U(\200-|\007\207\256\222\303~^\301\375\234\201"
 129      802D7C07 
 129      87AE92C3 
 129      7E5EC1FD 
 129      9C81
 130 00a7 8ADB87ED 		.ascii	"\212\333\207\3555\267\223h\013\340\304mx\242\2551a\331"
 130      35B79368 
 130      0BE0C46D 
 130      78A2AD31 
 130      61D9
 131 00b9 7ED32C32 		.ascii	"~\323,2C;\037\331j\033;\315x?WX\025\2327B24@2%\377\031"
 131      433B1FD9 
 131      6A1B3BCD 
 131      783F5758 
 131      159A3742 
 132 00d4 9631B43E 		.ascii	"\2261\264>3\374o\267\316\337\002Z\217\227\235\337ow"
 132      33FC6FB7 
 132      CEDF025A 
 132      8F979DDF 
 132      6F77
 133 00e6 D509CF6B 		.ascii	"\325\011\317k\201%{\212\315\363\246\212\256p\024x\244"
 133      81257B8A 
 133      CDF3A68A 
 133      AE701478 
 133      A4
 134 00f7 3723F3A1 		.ascii	"7#\363\241\237\246+\0235\025~\001\027\005\307\230\277"
 134      9FA62B13 
 134      35157E01 
 134      1705C798 
 134      BF
 135 0108 82062F0F 		.ascii	"\202\006/\017JL\374\205\256\035\320\304\367*\016\263"
 135      4A4CFC85 
 135      AE1DD0C4 
 135      F72A0EB3 
 136 0118 7C1834A1 		.ascii	"|\0304\241i3h,\312\374\312\231\225\310J3\331+t\266\357"
 136      6933682C 
 136      CAFCCA99 
 136      95C84A33 
 136      D92B74B6 
 137 012d 62F7299D 		.ascii	"b\367)\235\247\011\337\203\365{v%X\360\006\252\227\356"
 137      A709DF83 
 137      F57B7625 
 137      58F006AA 
 137      97EE
 138 013f 2EAED86A 		.ascii	".\256\330j\006\213\026\3729\207\343\363\000\224\201"
 138      068B16FA 
 138      3987E3F3 
 138      009481
 139 014e 2776A3D9 		.ascii	"'v\243\331\011D\012\307(8\217\000s\022\301\234B0\364"
 139      09440AC7 
 139      28388F00 
 139      7312C19C 
 139      4230F4
 140 0161 87CD8128 		.ascii	"\207\315\201(.\256\007>\250\255+\265\222\305d\003B\340"
 140      2EAE073E 
 140      A8AD2BB5 
 140      92C56403 
ARM GAS  /tmp/cc1onbPT.s 			page 11


 140      42E0
 141 0173 FAB13B2E 		.ascii	"\372\261;.dN\277(E\326\337\010L\336\333\352Z\010\014"
 141      644EBF28 
 141      45D6DF08 
 141      4CDEDBEA 
 141      5A080C
 142 0186 CD15FAE3 		.ascii	"\315\025\372\343\370\247j\264\212\247\225C8\350\264"
 142      F8A76AB4 
 142      8AA79543 
 142      38E8B4
 143 0195 67AC0CA9 		.ascii	"g\254\014\251\303.\233!V\216[\\\025\207\330\010(1*\256"
 143      C32E9B21 
 143      568E5B5C 
 143      1587D808 
 143      28312AAE 
 144 01a9 9DBF6238 		.ascii	"\235\277b8\015.t*\0355O\250$\007\016Nh\301\263q(\032"
 144      0D2E742A 
 144      1D354FA8 
 144      24070E4E 
 144      68C1B371 
 145 01bf 7A5CD93C 		.ascii	"z\\\331<\020\335\232o\236\332\254\326\250s\332p\347"
 145      10DD9A6F 
 145      9EDAACD6 
 145      A873DA70 
 145      E7
 146 01d0 1D6C432B 		.ascii	"\035lC+\235\305E\237\365V/E\251\235&*\317\314\245\362"
 146      9DC5459F 
 146      F5562F45 
 146      A99D262A 
 146      CFCCA5F2 
 147 01e4 2C32D846 		.ascii	",2\330FT\266\021\225\300nP\326\275\201#O\035)\243\020"
 147      54B61195 
 147      C06E50D6 
 147      BD81234F 
 147      1D29A310 
 148 01f8 307739FD 		.ascii	"0w9\3752\342\241\333\307L\273\212\345\3039H\021\335"
 148      32E2A1DB 
 148      C74CBB8A 
 148      E5C33948 
 148      11DD
 149 020a 7A10EEE9 		.ascii	"z\020\356\351U\360\013\234\007U\340fpA\350\373\300\311"
 149      55F00B9C 
 149      0755E066 
 149      7041E8FB 
 149      C0C9
 150 021c D6E18494 		.ascii	"\326\341\204\224\260\345-$\363\250\376\310U]x_$o\370"
 150      B0E52D24 
 150      F3A8FEC8 
 150      555D785F 
 150      246FF8
 151 022f 0D54E4AC 		.ascii	"\015T\344\254\310)8`l\014\212\232\377\331\373\"\004"
 151      C8293860 
 151      6C0C8A9A 
 151      FFD9FB22 
 151      04
 152 0240 545E0D27 		.ascii	"T^\015'\010U\233[.\333\210\025\233\320RSS\270\327V\360"
 152      08559B5B 
ARM GAS  /tmp/cc1onbPT.s 			page 12


 152      2EDB8815 
 152      9BD05253 
 152      53B8D756 
 153 0255 DCB4E387 		.ascii	"\334\264\343\207 \227ri,~\370uR\020v\203\237\333\241"
 153      20977269 
 153      2C7EF875 
 153      52107683 
 153      9FDBA1
 154 0268 1D87ED12 		.ascii	"\035\207\355\022\201\300\203\243\347\372\236\331\215"
 154      81C083A3 
 154      E7FA9ED9 
 154      8D
 155 0275 43547D70 		.ascii	"CT}p\010O\343\241\003\202P\311-\231M]/\336\254X\307"
 155      084FE3A1 
 155      038250C9 
 155      2D994D5D 
 155      2FDEAC58 
 156 028a 992490CB 		.ascii	"\231$\220\313`T\242\334\021W'\030\002\027\341\210\022"
 156      6054A2DC 
 156      11572718 
 156      0217E188 
 156      12
 157 029b 554760D1 		.ascii	"UG`\321\274\003\006]\340B\350\262\226\360\271\253]\266"
 157      BC03065D 
 157      E042E8B2 
 157      96F0B9AB 
 157      5DB6
 158 02ad A83EEC9C 		.ascii	"\250>\354\234\262-&#\253\207ZD\033\272\221\375+\324"
 158      B22D2623 
 158      AB875A44 
 158      1BBA91FD 
 158      2BD4
 159 02bf 862B4480 		.ascii	"\206+D\2006\233\000E\020p\274\245\275M\223\305:0\015"
 159      369B0045 
 159      1070BCA5 
 159      BD4D93C5 
 159      3A300D
 160 02d2 F458B5F6 		.ascii	"\364X\265\366\224\336\350\327e1\203\015\201E5\237\370"
 160      94DEE8D7 
 160      6531830D 
 160      8145359F 
 160      F8
 161 02e3 B90E5745 		.ascii	"\271\016WE\271\212\010KF\365\367\213:T\253\342I\240"
 161      B98A084B 
 161      46F5F78B 
 161      3A54ABE2 
 161      49A0
 162 02f5 90D7A864 		.ascii	"\220\327\250d.\015\340:V\215\260\247J\017&\312\374\361"
 162      2E0DE03A 
 162      568DB0A7 
 162      4A0F26CA 
 162      FCF1
 163 0307 AF973078 		.ascii	"\257\2270x\224S\266\033Q\331~h\037\353\327\260Wd\361"
 163      9453B61B 
 163      51D97E68 
 163      1FEBD7B0 
 163      5764F1
ARM GAS  /tmp/cc1onbPT.s 			page 13


 164 031a 3D5AA8F0 		.ascii	"=Z\250\360;\0302\323M( ~\007+\236\027k\342\366!>\330"
 164      3B1832D3 
 164      4D28207E 
 164      072B9E17 
 164      6BE2F621 
 165 0330 3094DC6C 		.ascii	"0\224\334l]!{O\331\005\237\345\010\257e\001\316V\030"
 165      5D217B4F 
 165      D9059FE5 
 165      08AF6501 
 165      CE5618
 166 0343 4A82CFB6 		.ascii	"J\202\317\266\305\321q\224\022\022\252\270\015\211\357"
 166      C5D17194 
 166      1212AAB8 
 166      0D89EF
 167 0352 C5A078F0 		.ascii	"\305\240x\360\274\257pZ!\302\022!\011\372 \331\317\223"
 167      BCAF705A 
 167      21C21221 
 167      09FA20D9 
 167      CF93
 168 0364 4418D59A 		.ascii	"D\030\325\232Qj\314h\331p\222\314\243\274\216\250\376"
 168      516ACC68 
 168      D97092CC 
 168      A3BC8EA8 
 168      FE
 169 0375 882D2A27 		.ascii	"\210-*'I\252\377\025\222r\022\275\003/\02558\303m9\227"
 169      49AAFF15 
 169      927212BD 
 169      032F1535 
 169      38C36D39 
 170 038a 89F92C6E 		.ascii	"\211\371,n\013\211\242\275t\343 \305J,\212\235D\360"
 170      0B89A2BD 
 170      74E320C5 
 170      4A2C8A9D 
 170      44F0
 171 039c 2D8B6016 		.ascii	"-\213`\026\315n&\221;\204\031\030\334\226\314\316(\267"
 171      CD6E2691 
 171      3B841918 
 171      DC96CCCE 
 171      28B7
 172 03ae AFB67F3A 		.ascii	"\257\266\177:\236WJ\355\\\332V\377\225>W\306*\334\211"
 172      9E574AED 
 172      5CDA56FF 
 172      953E57C6 
 172      2ADC89
 173 03c1 21E36192 		.ascii	"!\343a\2221\2272\236j\035\250~/Z\306\333\035\032\031"
 173      3197329E 
 173      6A1DA87E 
 173      2F5AC6DB 
 173      1D1A19
 174 03d4 5932B6CF 		.ascii	"Y2\266\317~YB\364y\004\333z\227\232}\227\312u\340\361"
 174      7E5942F4 
 174      7904DB7A 
 174      979A7D97 
 174      CA75E0F1 
 175 03e8 C88EC217 		.ascii	"\310\216\302\027P!\224\260\034\267\235\337u\355\001"
 175      502194B0 
 175      1CB79DDF 
ARM GAS  /tmp/cc1onbPT.s 			page 14


 175      75ED01
 176 03f7 49B14E65 		.ascii	"I\261Ne\337\263\312>6\322\271\306R\362\370\2667k\353"
 176      DFB3CA3E 
 176      36D2B9C6 
 176      52F2F8B6 
 176      376BEB
 177 040a 74627254 		.ascii	"tbrT\324\316EX\006cr>\203\033(8\245\303\004\262\261"
 177      D4CE4558 
 177      0663723E 
 177      831B2838 
 177      A5C304B2 
 178 041f 171A0E2B 		.ascii	"\027\032\016+2\243>G\274\216\230\342\245A\320a\\\304"
 178      32A33E47 
 178      BC8E98E2 
 178      A541D061 
 178      5CC4
 179 0431 5765FCA8 		.ascii	"We\374\250Q9\242\020\202\2605*\002\300}\331\316\236"
 179      5139A210 
 179      82B0352A 
 179      02C07DD9 
 179      CE9E
 180 0443 2FAB6D94 		.ascii	"/\253m\224\355\265\252\011.\2410\023\021\205\374\011"
 180      EDB5AA09 
 180      2EA13013 
 180      1185FC09 
 181 0453 0622A550 		.ascii	"\006\"\245P5\243\027\033\356\200\025,\022\267\036\023"
 181      35A3171B 
 181      EE80152C 
 181      12B71E13 
 182 0463 B797603F 		.ascii	"\267\227`?\230\007v\275\230\360\207\004;\316J\367\210"
 182      980776BD 
 182      98F08704 
 182      3BCE4AF7 
 182      88
 183 0474 D271397A 		.ascii	"\322q9zeg\3055+z\370R2\242u\377\357~\261n\345'\367\312"
 183      6567C535 
 183      2B7AF852 
 183      32A275FF 
 183      EF7EB16E 
 184 048c F7D92C49 		.ascii	"\367\331,IE\210v\321\253\211E\311.\200\307\002\237F"
 184      458876D1 
 184      AB8945C9 
 184      2E80C702 
 184      9F46
 185 049e 827A0206 		.ascii	"\202z\002\006\032\324\2155\265\306\311\351L\204\277"
 185      1AD48D35 
 185      B5C6C9E9 
 185      4C84BF
 186 04ad D08B9E4C 		.ascii	"\320\213\236Lz\340g_u8209\373\005\224\017\274\365*M"
 186      7AE0675F 
 186      75383230 
 186      39FB0594 
 186      0FBCF52A 
 187 04c2 076E9DD4 		.ascii	"\007n\235\324g\036\234I\361\340\374-\036\234\350\327"
 187      671E9C49 
 187      F1E0FC2D 
 187      1E9CE8D7 
ARM GAS  /tmp/cc1onbPT.s 			page 15


 188 04d2 E5A97C5D 		.ascii	"\345\251|]\006\357o\271\271N\344`l\202*\337rV\2233\350"
 188      06EF6FB9 
 188      B94EE460 
 188      6C822ADF 
 188      72569333 
 189 04e7 20A59761 		.ascii	" \245\227a6\274\031\320-9\325H\313\316\311\314\371("
 189      36BC19D0 
 189      2D39D548 
 189      CBCEC9CC 
 189      F928
 190 04f9 C3C8F519 		.ascii	"\303\310\365\031\336|\303\347u\033\356l\217o]\252\233"
 190      DE7CC3E7 
 190      751BEE6C 
 190      8F6F5DAA 
 190      9B
 191 050a 29F979CE 		.ascii	")\371y\316\350\363\234\365\356\317\276X\233\2056\276"
 191      E8F39CF5 
 191      EECFBE58 
 191      9B8536BE 
 192 051a 4DBED46C 		.ascii	"M\276\324lf\313\374\324\227\365\2617'5\302\320\235\353"
 192      66CBFCD4 
 192      97F5B137 
 192      2735C2D0 
 192      9DEB
 193 052c F1E4AE37 		.ascii	"\361\344\2567\362r\275\371>\343\303\325\351i\351\033"
 193      F272BDF9 
 193      3EE3C3D5 
 193      E969E91B 
 194 053c D1C39DEB 		.ascii	"\321\303\235\353\315Z\263\341]\017\272\245\314\023\327"
 194      CD5AB3E1 
 194      5D0FBAA5 
 194      CC13D7
 195 054b 9DBD162D 		.ascii	"\235\275\026-\336\217\0250kc>\2053\322\3223Ve\030i\030"
 195      DE8F1530 
 195      6B633E85 
 195      33D2D233 
 195      56651869 
 196 0560 CF5835E3 		.ascii	"\317X5\343\350\361\345\370\326\254s\273\321waz\306j"
 196      E8F1E5F8 
 196      D6AC73BB 
 196      D177617A 
 196      C66A
 197 0572 2701CBF3 		.ascii	"'\001\313\363\346,w\272\336f\212\227\331<Y\236\\\357"
 197      E62C77BA 
 197      DE668A97 
 197      D93C599E 
 197      5CEF
 198 0584 26364F45 		.ascii	"&6OETu6\343\371\237\347\375\007\315\214\203o"
 198      547536E3 
 198      F99FE7FD 
 198      07CD8C83 
 198      6F
 199              		.text
 200              		.section	.gnu.lto_chMsgRelease.6d36af47e2ed4ae9,"",%progbits
 201 0000 789C7D53 		.ascii	"x\234}S\355KSa\024?\347>w/\251\205\364)HpFC\205\360"
 201      ED4B5361 
 201      143FE73E 
ARM GAS  /tmp/cc1onbPT.s 			page 16


 201      772FA985 
 201      F4294870 
 202 0018 465FFA10 		.ascii	"F_\372\020\004\341\207\350\303(\364\017\210\\C\007\315"
 202      04E187E8 
 202      C328F40F 
 202      885C4307 
 202      CD
 203 0029 C9AE857D 		.ascii	"\311\256\205}\362\2463\015\015\203r\251-\265T4#5+sZ"
 203      F2A6330D 
 203      0D8372A9 
 203      2DB55434 
 203      23352B73 
 204 003e BAD4B27C 		.ascii	"\272\324\262|\231\272^\261\017Y\226 \212\364\002QX\332"
 204      99BA5EB1 
 204      0F599620 
 204      8AF40251 
 204      58DA
 205 0050 799ECDC8 		.ascii	"y\236\315\310)]\270\333\363\362\373\235\363;\277s\256"
 205      295DB8DB 
 205      F3F2FB9D 
 205      F33BBF73 
 205      AE
 206 0061 1E00AEC8 		.ascii	"\036\000\256\310\000\337\351\177;\275\310\000\245\013"
 206      00DFE97F 
 206      3BBDC800 
 206      A50B
 207 006f 01803346 		.ascii	"\001\2003F\011\221/4#B\276\204\371X\306.1\354/\236\365"
 207      09912F34 
 207      2342BE84 
 207      F958C62E 
 207      31EC2F9E 
 208 0084 49C94D1A 		.ascii	"I\311M\032=\376\313\301\250\263Z\3216/\003\360\320\313"
 208      3DFECBC1 
 208      A8B35AD1 
 208      362F03F0 
 208      D0CB
 209 0096 1FBC83C9 		.ascii	"\037\274\203\311\204\232t\267{Y)\3632D\231\266_\306"
 209      849A74B7 
 209      7B5929F3 
 209      324499B6 
 209      5FC6
 210 00a8 AA67B6F0 		.ascii	"\252g\266\360\255\204&\332\016~\372\025\214f\361\010"
 210      AD8426DA 
 210      0E7EFA15 
 210      8C66F108 
 211 00b8 B41E718F 		.ascii	"\264\036q\217\274\321'6jZ\201\346_\250g\332N/c\330\211"
 211      BCD12736 
 211      6A5A81E6 
 211      5FA867DA 
 211      4E2F63D8 
 212 00cd 8C02E23D 		.ascii	"\214\002\342=\214\303\273\030\007t\004x\037\023\011"
 212      8CC3BB18 
 212      07740478 
 212      1F1309
 213 00dc 3EDAEE7B 		.ascii	">\332\356{-\263\035\202Z\321Y\330\3148\225\244\374j"
 213      2DB31D82 
 213      5AD159D8 
ARM GAS  /tmp/cc1onbPT.s 			page 17


 213      CC3895A4 
 213      FC6A
 214 00ee 105419BB 		.ascii	"\020T\031\273\"\2512\240\017\0239\376\303\355\345\212"
 214      22A932A0 
 214      0F1339FE 
 214      C3EDE58A 
 215 00fe CD7AB96E 		.ascii	"\315z\271nU.v\243\036\377\236\273E\234\357-zq\356a\370"
 215      552E76A3 
 215      1EFF9EBB 
 215      459CEF2D 
 215      7A71EE61 
 216 0113 0F05B087 		.ascii	"\017\005\260\207\240\017P\017\021\360o\203\373u\300"
 216      A00F500F 
 216      11F06F83 
 216      FB75C0
 217 0122 2F3C4CE2 		.ascii	"/<L\342w\215\303\301\276hvPpo\264^\253\2141\327\213"
 217      778DC3C1 
 217      BE687650 
 217      706FB45E 
 217      AB8C31D7 
 218 0137 CA56AA92 		.ascii	"\312V\252\222j\012K\317ku\005\261^\246\303\336\265\""
 218      6A0A4BCF 
 218      6B7505B1 
 218      5EA6C3DE 
 218      B522
 219 0149 F9131178 		.ascii	"\371\023\021x\261\206l\350C3\340C\036\234\255\021\343"
 219      B1866CE8 
 219      4333E043 
 219      1E9CAD11 
 219      E3
 220 015a 27318F48 		.ascii	"'1\217H\014\377A\342\266\005u~my\245\230:\262\265\245"
 220      0CFF41E2 
 220      B605757E 
 220      6D79A598 
 220      3AB2B5A5 
 221 016e 6BAECD6C 		.ascii	"k\256\315l\240\326\221_\344>/\035J\250Z\352\244\346"
 221      A0D6915F 
 221      E43E2F1D 
 221      4AA85AEA 
 221      A4E6
 222 0180 87732493 		.ascii	"\207s$\223V\205~\230Ei\003\221W\376/\022\373\321L\244"
 222      56857E98 
 222      45690391 
 222      57FE2F12 
 222      FBD14CA4 
 223 0194 E239EDA1 		.ascii	"\3429\355\241\314\333\251C\023\016\320\335<\026|X*\357"
 223      CCDBA943 
 223      130ED0DD 
 223      3C167C58 
 223      2AEF
 224 01a6 7E17E9E6 		.ascii	"~\027\351\346\305WQa7\345u\316}\334C\316\015\362;]\344"
 224      C5575161 
 224      37E575CE 
 224      7DDC43CE 
 224      0DF23B5D 
 225 01bb DD525512 		.ascii	"\335RU\022MN?\257\376\361\372\352\237P\321C\274\372"
 225      4D4E3FAF 
ARM GAS  /tmp/cc1onbPT.s 			page 18


 225      FEF1FAEA 
 225      9F50D143 
 225      BCFA
 226 01cd 215E3D42 		.ascii	"!^=B7\317z\275\266\343GT\302\010\326j\225&/\023}\272"
 226      37CF7ABD 
 226      B6E34754 
 226      C208D66A 
 226      95262F13 
 227 01e3 35D3A319 		.ascii	"5\323\243\031e\211T?\305\004a\360\347\205\027o%:\301"
 227      6589543F 
 227      C50461F0 
 227      E785176F 
 227      253AC1
 228 01f6 67280BDD 		.ascii	"g(\013\335\200\303b>\233{\007>\305$\004\302l\003\307"
 228      80C3623E 
 228      9B7B073E 
 228      C52404C2 
 228      6C03C7
 229 0209 7E6DED78 		.ascii	"~m\355x\031-\330#\234\215\243(\223g\005&\341\001\360"
 229      192DD823 
 229      9C8DA328 
 229      93670526 
 229      E101F0
 230 021c E5F4B99B 		.ascii	"\345\364\271\233:^\034\201\347K\2366\031\303.\006Zb"
 230      3A5E1C81 
 230      E74B9E36 
 230      19C32E06 
 230      5A62
 231 022e AA35BFDB 		.ascii	"\2525\277\333\264\301\034\013\013\307\320\\M]\240\000"
 231      B4C11C0B 
 231      0BC7D05C 
 231      4D5DA000 
 232 023e 756D152C 		.ascii	"um\025,\034\300\33705)\002h\377\006X7\315\"@\200\007"
 232      1CC0DF30 
 232      35290268 
 232      FF065837 
 232      CD224080 
 233 0253 60B08045 		.ascii	"`\260\200E\323=W\247\206\326y>\025\305!<O\330{\375\032"
 233      D33D57A7 
 233      86D6793E 
 233      15C5213C 
 233      4FD87BFD 
 234 0268 FBC6C9B5 		.ascii	"\373\306\311\265\011n\337Dh\234}\276\205\267\206\374"
 234      096EDF44 
 234      689C7DBE 
 234      85B786FC 
 235 0278 DF9AD1CB 		.ascii	"\337\232\321\313\214\036f\340\367\200\223\230\017\244"
 235      8C1E66E0 
 235      F7809398 
 235      0FA4
 236 0286 92F278D9 		.ascii	"\222\362x\331&Q\267\370X\306\302\245\207v\201\320\216"
 236      2651B7F8 
 236      58C6C2A5 
 236      877681D0 
 236      8E
 237 0297 FCEC1363 		.ascii	"\374\354\023c\341)\352\0377\204\306\0020\030\036\213"
 237      E129EA1F 
ARM GAS  /tmp/cc1onbPT.s 			page 19


 237      3784C602 
 237      30181E8B 
 238 02a7 9FE5DDF1 		.ascii	"\237\345\335\361\2419\015wj\271\366}o\364j\023\202\242"
 238      A1390D77 
 238      6AB9F67D 
 238      6FF46A13 
 238      82A2
 239 02b9 09CF4513 		.ascii	"\011\317E\023\"\035\177\021r|\372w\331T\246H\001\260"
 239      221D7F11 
 239      727CFA77 
 239      D954A648 
 239      01B0
 240 02cb 48DBD236 		.ascii	"H\333\32263\317.\274(\241\257\224\306\2318q)Jj\226="
 240      33CF2EBC 
 240      28A1AF94 
 240      C6993871 
 240      294A6A96 
 241 02e0 C37E385D 		.ascii	"\303~8]q\252\212+WQ]V\305\232\345P3S\254 \345\3460Z"
 241      71AA8A2B 
 241      57515D56 
 241      C59AE550 
 241      3353AC20 
 242 02f8 992231F6 		.ascii	"\231\"1\366l\353\211\223\307m\204SO\253)Y`\3108\246"
 242      6CEB8993 
 242      C76D8453 
 242      4FAB2959 
 242      60C838A6 
 243 030c DA8EB8EC 		.ascii	"\332\216\270\354)k\200V\247\303\341\314Vr\234\256\\"
 243      296B8056 
 243      A7C3E1CC 
 243      56729CAE 
 243      5C
 244 031d 55399066 		.ascii	"U9\220fI\265\344\021\303\352t\331\216\236\332\353 \332"
 244      49B5E411 
 244      C3EA74D9 
 244      8E9EDAEB 
 244      20DA
 245 032f BE8DE0B6 		.ascii	"\276\215\340\266\274\\\016VR-\351\207\322\225TB+\207"
 245      BC5C0E56 
 245      522DE987 
 245      D2955442 
 245      2B87
 246 0341 56D33954 		.ascii	"V\3239T\273z4\323j%n\254%=\315\304\323\346\270\354\273"
 246      BB7A34D3 
 246      6A256EAC 
 246      253DCDC4 
 246      D3E6B8EC 
 247 0356 4CE6DD20 		.ascii	"L\346\335 \271\300\340\2609\234\256\323\360\037\275"
 247      B9C0E0B0 
 247      399CAED3 
 247      F01FBD
 248 0365 BCAE2CF8 		.ascii	"\274\256,\370\003\350\233\306\236"
 248      03E89BC6 
 248      9E
 249              		.text
 250              		.section	.gnu.lto_.symbol_nodes.6d36af47e2ed4ae9,"",%progbits
 251 0000 789C55C9 		.ascii	"x\234U\311\261\015\3020\024E\321\373\374\355\254AF!"
ARM GAS  /tmp/cc1onbPT.s 			page 20


 251      B10DC230 
 251      1445D1FB 
 251      FCEDAC41 
 251      4621
 252 0012 937D1788 		.ascii	"\223}\027\210&\015\022\333PG\212D\221\035\020!Pd\206"
 252      260D12DB 
 252      50478A44 
 252      911D1021 
 252      506486
 253 0025 28860A17 		.ascii	"(\206\012\027OO:\267\001\256e\204\247\034.\023\224\273"
 253      4F4F3AB7 
 253      01AE6584 
 253      A71C2E13 
 253      94BB
 254 0037 E50ED222 		.ascii	"\345\016\322\"\332o\231\345\252Jx\311C%\372\310\355"
 254      DA6F99E5 
 254      AA4A78C9 
 254      4325FAC8 
 254      ED
 255 0048 2790F3B1 		.ascii	"'\220\363\261\300[\036+X\345\351\037\214\304|_\314\210"
 255      C05B1E2B 
 255      58E5E91F 
 255      8CC47C5F 
 255      CC88
 256 005a 9CFAF560 		.ascii	"\234\372\365`!2\234G3k\030\036\233\330\001\266\272%"
 256      21329C47 
 256      336B181E 
 256      9BD801B6 
 256      BA25
 257 006c 94       		.ascii	"\224"
 258              		.text
 259              		.section	.gnu.lto_.refs.6d36af47e2ed4ae9,"",%progbits
 260 0000 789C6363 		.ascii	"x\234cc``\340\003bF bdbb`da`\344f\000\000\002\016\000"
 260      6060E003 
 260      62462062 
 260      64626260 
 260      646160E4 
 261 001a 2D       		.ascii	"-"
 262              		.text
 263              		.section	.gnu.lto_.decls.6d36af47e2ed4ae9,"",%progbits
 264 0000 789CB55A 		.ascii	"x\234\265ZkP\024Y\226\256\233\267\250*\212\002\034u"
 264      6B501459 
 264      96AE9BB7 
 264      A82A8A02 
 264      1C75
 265 0012 0D63C798 		.ascii	"\015c\307\230\350\351\240\273\331\331mQ\273\247\247"
 265      E8E9A0BB 
 265      D9D96D51 
 265      BBA7A7
 266 0021 276663A2 		.ascii	"'fc\242g\214\215i#\246w:\332\230\230\330\215\351\251"
 266      678C8D69 
 266      23A6773A 
 266      DA9898D8 
 266      8DE9A9
 267 0034 41AC16BA 		.ascii	"A\254\026\272ymU\371\212\3751\011\205OT@P\020P\020\305"
 267      796D55F9 
 267      8AFD3109 
ARM GAS  /tmp/cc1onbPT.s 			page 21


 267      854F5440 
 267      50105010 
 268 0049 070F5F08 		.ascii	"\007\017_\010(\240\"( \010\"*\242<\005EE\021\004\004"
 268      28A02228 
 268      2008222A 
 268      A23C0545 
 268      45110404 
 269 005d 79087BEE 		.ascii	"y\010{\356#+\263\212*\355?[\301%\363f\236{\316w\316"
 269      232BB38A 
 269      2AED3F5B 
 269      C125F366 
 269      9E7BCE77 
 270 0072 FDCECD7B 		.ascii	"\375\316\315{o\246F\245R\255Z\246R\305kT\252\367\004"
 270      6FA646A5 
 270      52AD5AA6 
 270      52C56B54 
 270      AAF704
 271 0085 956A067E 		.ascii	"\225j\006~j\270v\031\012\206\362'\244R\015\303q\221"
 271      6AB87619 
 271      0A86F227 
 271      A4520DC3 
 271      7191
 272 0097 8AFD404C 		.ascii	"\212\375@L\025\017\327\022\241\244@I\207\222\011%\013"
 272      150FD712 
 272      A1A44049 
 272      87920925 
 272      0B
 273 00a8 0AFCA9A6 		.ascii	"\012\374\251\246\220\312\341\367sP2\037\216sU\3548\314"
 273      90CAE1F7 
 273      7350321F 
 273      8E7355EC 
 273      38CC
 274 00ba 7596C3F1 		.ascii	"u\226\303\361\015bz\247\3418\011e\200\264\005\014\036"
 274      0D627AA7 
 274      E1380965 
 274      80B4050C 
 274      1E
 275 00cb 50BE86F3 		.ascii	"P\276\206\363\037\240\374\025\2127\024\015\\\313\200"
 275      1FA0FC15 
 275      8A37140D 
 275      5CCB80
 276 00da A3168E69 		.ascii	"\243\026\216ip\324\203\350k8>\205\362=\024+\024\023"
 276      70D483E8 
 276      6B383E85 
 276      F23D142B 
 276      1413
 277 00ec 94CD508C 		.ascii	"\224\315P\214P\276\205\362\017(\377\013\305\223c\326"
 277      50BE85F2 
 277      0F28FF0B 
 277      C59363D6 
 278 00fc 435B0394 		.ascii	"C[\003\224\271P\346CY\000\345\247\002\303O\374\200S"
 278      B950E643 
 278      5900E5A7 
 278      02C34FFC 
 278      8053
 279 010e 959F30DB 		.ascii	"\225\2370\333\207\217\300\2079\012\037\224\370%\274"
 279      878FC087 
ARM GAS  /tmp/cc1onbPT.s 			page 22


 279      390A1F94 
 279      F825BC
 280 011d 4A1FBEE6 		.ascii	"J\037\276\346\270\011V\342_\032\367A\253\300l\34287"
 280      B80956E2 
 280      5F1AF741 
 280      ABC06CE2 
 280      3837
 281 012f 2BB0129C 		.ascii	"+\260\022\234\211np~,0\214K\005\327q^\212YL\376\356"
 281      896E707E 
 281      2C308C4B 
 281      05D7715E 
 281      8A594CFE 
 282 0144 8493C49B 		.ascii	"\204\223\304\233`\225p.\203\222\314\333\352T\254\017"
 282      6095702E 
 282      8392CCDB 
 282      EA54AC0F 
 283 0154 5DD9FB54 		.ascii	"]\331\373T\220\373\3647\202\243\255$\214\256F5\274@"
 283      90FBF437 
 283      82A3AD24 
 283      8CAE4635 
 283      BC40
 284 0166 5840E4BC 		.ascii	"X@\344\274\275\265=F\2638Od?\335oU\250\000aI\360f\314"
 284      BDB53D46 
 284      B3384F64 
 284      3FDD6F55 
 284      A8006149 
 285 017d A9741C8B 		.ascii	"\251t\034\213\321\\=RC\365e}j\217\017T\347\353\321{"
 285      D15C3D52 
 285      43F5657D 
 285      6A8F0F54 
 285      E7EBD17B 
 286 0191 502D7E91 		.ascii	"P-~\221[\354\315\356\226\023\351c\275\351\273\014\254"
 286      5BECCDEE 
 286      9613E963 
 286      BDE9BB0C 
 286      AC
 287 01a2 FE39546F 		.ascii	"\3769To7vdc\374\021\263Rs<\227(\372H\217\010G}\341\322"
 287      37766463 
 287      FC11B352 
 287      733C9728 
 287      FA488F08 
 288 01ba C9E7E7C7 		.ascii	"\311\347\347\307\275\331%\"\321\0247tX\213\227\220s"
 288      BDD92522 
 288      D1143774 
 288      588B9790 
 288      73
 289 01cb A1F3DE64 		.ascii	"\241\363\336d\233\017\322\373o\025\305h1\323&z~\251"
 289      9B0FD2FB 
 289      6F15C568 
 289      31D3267A 
 289      7EA9
 290 01dd 42456811 		.ascii	"BEh\021*D\213T\350\"\362'm\316\242\305*T\012\027K\340"
 290      2A448B54 
 290      E822F227 
 290      6DCEA2C5 
 290      2A540A17 
 291 01f3 E21182BD 		.ascii	"\342\021\202\275\274s\354\243\204-\242(\240\013H\217"
ARM GAS  /tmp/cc1onbPT.s 			page 23


 291      BC73ECA3 
 291      842DA228 
 291      A00B488F 
 292 0203 CA10A632 		.ascii	"\312\020\2462\020\204\217\364\314\233\343\207\023\262"
 292      10848FF4 
 292      CC9BE387 
 292      13B2
 293 0211 34D84A4D 		.ascii	"4\330JM\224\246=\272*\2703q\331\255\211\201\214\367"
 293      94A63DBA 
 293      2AB83371 
 293      D9AD8981 
 293      8CF7
 294 0223 AB361113 		.ascii	"\2536\021\023\345`\342\222l\002,2\033b\322d\2067\316"
 294      E560E292 
 294      6C022C32 
 294      1B62D264 
 294      8637CE
 295 0236 45D4C880 		.ascii	"E\324\310\200--\333\255\037W\334\373q\342\363;\324\217"
 295      2D2DDBAD 
 295      1F57DCFB 
 295      71E2F33B 
 295      D48F
 296 0248 4A305221 		.ascii	"J0R!\033)\227\214\264\025\354\254\324\341~j\004\245"
 296      1B29978C 
 296      B415ECAC 
 296      D4E17E6A 
 296      04A5
 297 025a 968ED47A 		.ascii	"\226\216\324z\260\250\353\240\032\3376^\346\205_\261"
 297      B0A8EBA0 
 297      1ADF365E 
 297      E6855FB1 
 298 026a 7BB96331 		.ascii	"{\271c1\205\276x\202U\244\356\232\317\273k\"\361|\241"
 298      85BE7882 
 298      55A4EE9A 
 298      CFBB6B22 
 298      F17CA1
 299 027d 1716190D 		.ascii	"\027\026\031\015\256\364\334\252\361\300\233Y%\263\342"
 299      AEF4DCAA 
 299      F1C09B59 
 299      25B3E2
 300 028c C1C73899 		.ascii	"\301\3078\231\235\227\354)\353\327\341tV\271\374\346"
 300      9D97EC29 
 300      EBD7E174 
 300      56B9FCE6 
 301 029c 5EBA1EE7 		.ascii	"^\272\036\347\261J\323\340\365\375^\314\360\034\250"
 301      B14AD3E0 
 301      F5FD5ECC 
 301      F01CA8
 302 02ab 16F55EAB 		.ascii	"\026\365^\253\3223\365\"\202\372T\366\215\026\035>\313"
 302      D233F522 
 302      82FA54F6 
 302      8D161D3E 
 302      CB
 303 02bc 644B8BCB 		.ascii	"dK\213\313\2528\310%P\265=\334\377\300\007_`\367\252"
 303      AA38C825 
 303      50B53DDC 
 303      FFC0075F 
ARM GAS  /tmp/cc1onbPT.s 			page 24


 303      60F7AA
 304 02cf E26276E8 		.ascii	"\342bv\350q\025\255\010\257n>\337\247q\027\262f\267"
 304      7115AD08 
 304      AF6E3EDF 
 304      A77117B2 
 304      66B7
 305 02e1 21ABD57C 		.ascii	"!\253\325|\201\356@\264n\273\210V\332p\373SOf\333\237"
 305      81EE40B4 
 305      6EBB8856 
 305      DA70FB53 
 305      4F66DB9F 
 306 02f5 B0A06438 		.ascii	"\260\240d8[\203\233\230\355\356\231\351\357q+;\337\226"
 306      5B839B98 
 306      EDEE99E9 
 306      EF712B3B 
 306      DF96
 307 0307 B7ADCA07 		.ascii	"\267\255\312\007\367\260J\326\245\322\347Z<\314*\022"
 307      F7B04AD6 
 307      A5D2E75A 
 307      3CCC2A12 
 308 0317 EFE732DE 		.ascii	"\357\3472\336\037\353\353\234\3028\032\323{\017\332"
 308      1FEBEB9C 
 308      C2381AD3 
 308      7B0FDA
 309 0326 AA4FF9E0 		.ascii	"\252O\371\340\030V)\035K+\365%<'\225\372\236\231!=\336"
 309      1856291D 
 309      4B2BF525 
 309      3C2795FA 
 309      9E99213D 
 310 033b CD2AC5A9 		.ascii	"\315*\305\251\323\345j\274\217U6\355\314O&\241\322\260"
 310      D3E56ABC 
 310      8F5536ED 
 310      CC4F26A1 
 310      D2B0
 311 034d 6CD0C2A5 		.ascii	"l\320\302\245\207\203\023Ejv\2118\264\001.\355\337\327"
 311      87831345 
 311      6A768938 
 311      B4012EED 
 311      DFD7
 312 035f 76DA07EF 		.ascii	"v\332\007\357\247M\204\213\267\316\305x#\177=gH\361"
 312      A74D848B 
 312      B7CEC578 
 312      237F3D67 
 312      48F1
 313 0371 47519421 		.ascii	"GQ\224!\275\340\363C\331g\015qy+\021q\016\335#\010\235"
 313      BDE0F343 
 313      D9670D71 
 313      792B1171 
 313      0EDD2308 
 314 0386 8687AE07 		.ascii	"\206\207\256\007.v\303E\26014>xV\215\2172\033\005\211"
 314      2E76C345 
 314      B031343E 
 314      78568D8F 
 314      321B0589 
 315 039a 53293E76 		.ascii	"S)>v\033\003\031\313\012)\325\237\202\215\307\262\215"
 315      1B0319CB 
 315      0A29D59F 
ARM GAS  /tmp/cc1onbPT.s 			page 25


 315      828DC7B2 
 315      8D
 316 03ab 5EE4D6C8 		.ascii	"^\344\326\310\023\327F\036\210\223\373\014\370$3\222"
 316      13D7461E 
 316      8893FB0C 
 316      F8243392 
 317 03bb 56915520 		.ascii	"V\221U \310\216\234\370\267f\352\310s0\322'\033y\352"
 317      C88E9CF8 
 317      B766EAC8 
 317      7330D227 
 317      1B79EA
 318 03ce DEC833D7 		.ascii	"\336\3103\327Fb\367\364\037\361\301\205,\300\223O\222"
 318      4662F7F4 
 318      1FF1C185 
 318      2CC0934F 
 318      92
 319 03df EE21D661 		.ascii	"\356!\326a\006\250F\227\336K\360e\324\354\242\314\235"
 319      06A84697 
 319      DE4BF065 
 319      D4ECA2CC 
 319      9D
 320 03f0 D83AADC6 		.ascii	"\330:\255\306\025L\366\356\216[\255\032\\\313\320\025"
 320      154CF6EE 
 320      8E5BAD1A 
 320      5CCBD015 
 321 0400 D7B54D62 		.ascii	"\327\265Mb;\272\011\217/\3200\000{\371\243\200\015\271"
 321      3BBA098F 
 321      2FD03000 
 321      7BF9A380 
 321      0DB9
 322 0412 06567523 		.ascii	"\006Vu#sX\207\033\231\261\363\011\273!\233\232Y\245"
 322      7358871B 
 322      99B1F309 
 322      BB219B9A 
 322      59A5
 323 0424 2325B6D4 		.ascii	"#%\266\324\013?e\225\213qC\347<\361 \253ly\335}\312"
 323      0B3F6595 
 323      8B7143E7 
 323      3CF120AB 
 323      6C79DD7D 
 324 0439 178F6387 		.ascii	"\027\217c\207<\233\317\362\254\317V\376@\215E5\275w"
 324      3C9BCFF2 
 324      ACCF56FE 
 324      408D4535 
 324      BD77
 325 044b 72D3C3E3 		.ascii	"r\323\303\343:\270\267\010\230\204\024\203\352\"6\250"
 325      3AB8B708 
 325      98841483 
 325      EA2236A8 
 326 045b 9E2D1FCE 		.ascii	"\236-\037\316W\343MTV8\235\377\360{9\360c\013\316\211"
 326      57E34D54 
 326      56389DFF 
 326      F07B39F0 
 326      630BCE89 
 327 046f E21C68A5 		.ascii	"\342\034h\245God\367\026q\357\242E\361\220\210\027\252"
 327      476F64F7 
 327      1671EFA2 
ARM GAS  /tmp/cc1onbPT.s 			page 26


 327      45F19088 
 327      17AA
 328 0481 D0278BD0 		.ascii	"\320'\213\320\022\360m\032|[\304}\233\002\337&\231o"
 328      12F06D1A 
 328      7C5BC47D 
 328      9B02DF26 
 328      996F
 329 0493 C7338E5D 		.ascii	"\3073\216]\361\306qL\177G\376@\003V\320\347\375\002"
 329      F1C6714C 
 329      7F47FE40 
 329      0356D0E7 
 329      FD02
 330 04a5 4A9F6801 		.ascii	"J\237h\001(-\330-\314 7&\242\004\227&\242\023o\345y"
 330      282DD82D 
 330      CC203726 
 330      A2049726 
 330      A2136FE5 
 331 04ba E2646622 		.ascii	"\342df\"\372j\374M\2554:86\337\344\242\271\304\261%"
 331      FA6AFC4D 
 331      AD343A38 
 331      36DFE4A2 
 331      B9C4B125 
 332 04ce 6C388D01 		.ascii	"l8\215\001$6\031\011\000c\003\304\236\324\336\2058\203"
 332      24361909 
 332      006303C4 
 332      9ED4DE85 
 332      3883
 333 04e0 053476C7 		.ascii	"\0054v\307\364I\214\263\231\271\376]\307\2125\256\315"
 333      F4498CB3 
 333      99B9FE5D 
 333      C78A35AE 
 333      CD
 334 04f1 6D736BAE 		.ascii	"msk\256\011H\263\025,mqa\251}\377\300\260\032\3473S"
 334      0948B315 
 334      2C6D7161 
 334      A97DFFC0 
 334      B01AE733 
 335 0506 872B4FDE 		.ascii	"\207+O\336\324\342\002f\352\336\253\272D9-\356\203\216"
 335      D4E20266 
 335      EADEABBA 
 335      44392DEE 
 335      838E
 336 0518 9DA023D6 		.ascii	"\235\240#\326Y\207\013$;\\\307\355E\314\243.>:/$\203"
 336      59870B24 
 336      3B5CC7ED 
 336      45CCA32E 
 336      3E3A2F24 
 337 052d 7D52CA27 		.ascii	"}R\312'\270\214\031\356\317n8C\006D\177=\372\207\202"
 337      B88C19EE 
 337      CF6E3843 
 337      06447F3D 
 337      FA8782
 338 0540 33FE8C33 		.ascii	"3\376\2143\351\011\335\311\236\270\222\301\332\367\352"
 338      E909DDC9 
 338      9EB892C1 
 338      DAF7EA
 339 054f ECA4FD09 		.ascii	"\354\244\375\011v\312&\376$j\251\012]\003+U\204\361"
ARM GAS  /tmp/cc1onbPT.s 			page 27


 339      76CA26FE 
 339      246AA90A 
 339      5D032B55 
 339      84F1
 340 0561 4960DA9F 		.ascii	"I`\332\237\233N\020\026\241x\301\036\363\342\317\330"
 340      9B4E1016 
 340      A178C11E 
 340      F3E2CFD8 
 341 0571 A33811BC 		.ascii	"\2438\021\274\330-{\341\317\003\261%\346X\234\027n`"
 341      D82D7BE1 
 341      CF03B125 
 341      E6589C17 
 341      6E60
 342 0583 4692E2BA 		.ascii	"F\222\342\272[\265\312q\247\232\022'\031\232\356\221"
 342      5BB5CA71 
 342      A79A1227 
 342      199AEE91 
 343 0593 9B26CA01 		.ascii	"\233&\312\001\230\005d\257\013 $\301N\266^Q\343\273"
 343      980564AF 
 343      0B2024C1 
 343      4EB65E51 
 343      E3BB
 344 05a5 CCCAAB6D 		.ascii	"\314\312\253m\375\231\356]Iu\353\312\335t\334^\271]"
 344      FD99EE5D 
 344      4975EBCA 
 344      DD74DC5E 
 344      B95D
 345 05b7 8484DB07 		.ascii	"\204\204\333\007\200Rd@\311R\257\226\354x\025\343e\330"
 345      80526440 
 345      C952AF96 
 345      EC7815E3 
 345      65D8
 346 05c9 6E7F6251 		.ascii	"n\177bQAiXP\2414\301\300\247S\321\335E\315\010\357\364"
 346      41695850 
 346      A134C1C0 
 346      A753D1DD 
 346      45CD08EF 
 347 05de A071BEF3 		.ascii	"\240q\276\363\372\302\204\001\357\246\025u\236-gP\215"
 347      FAC28401 
 347      EFA61575 
 347      9E2D6750 
 347      8D
 348 05ef FC172168 		.ascii	"\374\027!h\205X \310lL\205\016\202\252\375\002\226&"
 348      855820C8 
 348      6C4C850E 
 348      82AAFD02 
 348      9626
 349 0601 6FA922C0 		.ascii	"o\251\"\300\037\374\007\271\014\347:zt\301\211\003\340"
 349      1FFC07B9 
 349      0CE73A7A 
 349      74C18903 
 349      E0
 350 0612 0DB9A542 		.ascii	"\015\271\245B\231\340K\006\213\306\351\364\232qO=\227"
 350      99E04B06 
 350      8BC6E9F4 
 350      9A714F3D 
 350      97
ARM GAS  /tmp/cc1onbPT.s 			page 28


 351 0623 DEFA2EE9 		.ascii	"\336\372.\351\007\257g\256\030\224Ne98u\310\356\324"
 351      07AF67AE 
 351      18944E65 
 351      393875C8 
 351      EED4
 352 0635 E57ADB71 		.ascii	"\345z\333q/\234\314\234\352~s\360\241\026\357g\225\327"
 352      2F9CCC9C 
 352      EA7E73F0 
 352      A116EF67 
 352      95D7
 353 0647 29D70E7B 		.ascii	")\327\016{\343C\254\262;\257\361\256\006\037e\225\216"
 353      E343ACB2 
 353      3BAFF1AE 
 353      061F6595 
 353      8E
 354 0658 13D3651A 		.ascii	"\023\323e\032\234\303*\031m/\363\2658\237V\204\346\231"
 354      9CC32A19 
 354      6D2FF3B5 
 354      389F5684 
 354      E699
 355 066a 274F60D0 		.ascii	"'O`\320\366W\030\376\373\002y\214\315\005\250F\003\357"
 355      F65718FE 
 355      FB02798C 
 355      CD05A846 
 355      03EF
 356 067c 01D63F2F 		.ascii	"\001\326?/\322\177\026%\212\010\345\010\006t\\\356\035"
 356      D27F1625 
 356      8A08E508 
 356      06745CEE 
 356      1D
 357 068d A381C1EB 		.ascii	"\243\201\301\353\212\256\272\245\303E\314\324\313\027"
 357      8AAEBAA5 
 357      C345CCD4 
 357      CB17
 358 069b B7A7BC71 		.ascii	"\267\247\274q\011\253\210\343\027\357k\360EVi\335\363"
 358      09AB88E3 
 358      17EF6BF0 
 358      455669DD 
 358      F3
 359 06ac BACB135F 		.ascii	"\272\313\023_f\225\232;\261\227\324\370\012\253\034"
 359      66959A3B 
 359      B197D4F8 
 359      0AAB1C
 360 06bb ADEB123D 		.ascii	"\255\353\022=p5\253\224m\257\233\322\341ZVI-\331\022"
 360      7035AB94 
 360      6DAF9BD2 
 360      E15A5649 
 360      2DD912
 361 06ce ADC7F5AC 		.ascii	"\255\307\365\254\222;3\034g\300\215\334\363\262\233"
 361      923B331C 
 361      67C08DDC 
 361      F3B29B
 362 06dd 59024B3E 		.ascii	"Y\002K>?\250\346\224\307\326`6\202g\012I\330\353\372"
 362      3FA8E694 
 362      C7D66036 
 362      82670A49 
 362      D8EBFA
ARM GAS  /tmp/cc1onbPT.s 			page 29


 363 06f0 A6EB5B74 		.ascii	"\246\353[t\310\217\375\346\371\373\371e\021o\313\037"
 363      C88FFDE6 
 363      F9FBF965 
 363      116FCB1F 
 364 0700 97E267B9 		.ascii	"\227\342g\271\333w\212\231\025\314\233<\360\346\242"
 364      DB778A99 
 364      15CC9B3C 
 364      F0E6A2
 365 070f 304FF67E 		.ascii	"0O\366~\227@B_D:@\305\232t\177\233*\226\303\344\203"
 365      9740425F 
 365      443A40C5 
 365      9A747F9B 
 365      2A96C3E4 
 366 0724 8817388B 		.ascii	"\210\0278\213\007\020\351\245\262p\237B\370\214Ka\245"
 366      0710E9A5 
 366      B2709F42 
 366      F88C4B61 
 366      A5
 367 0735 EA0985F4 		.ascii	"\352\011\205\364)g\351*\344,^\3737Y\374\204\263\370"
 367      2967E92A 
 367      E42C5EFB 
 367      3759FC84 
 367      B3F8
 368 0747 8D59E2DD 		.ascii	"\215Y\342\335\012\361c\316\342m\310\011y\223B:\337u"
 368      0AF163CE 
 368      E26DC809 
 368      7993423A 
 368      DF75
 369 0759 54A87402 		.ascii	"T\250t\002aD<\024\244\006s@\346B\270\207\316\362\026"
 369      61443C14 
 369      A4067340 
 369      E642B887 
 369      CEF216
 370 076c C00C7409 		.ascii	"\300\014t\011\010tN\360C\347\241\\\206R\002\245\034"
 370      08744EF0 
 370      43E7A15C 
 370      865202A5 
 370      1C
 371 077d 4A29940B 		.ascii	"J)\224\013P\212\241\224\011~4\331\030\277\032Z\347P"
 371      508AA194 
 371      097E34D9 
 371      18BF1A5A 
 371      E750
 372 078f 7E810615 		.ascii	"~\201\006\025'\227\312\016\254\252cn\226M\254YB\221"
 372      2797CA0E 
 372      ACAA636E 
 372      964DAC59 
 372      4291
 373 07a1 9D74EDB6 		.ascii	"\235t\355\266\302\217!ELO\273\216)\225&\263\277\356"
 373      C28F2145 
 373      4C4FBB8E 
 373      299526B3 
 373      BFEE
 374 07b3 FE171ECA 		.ascii	"\376\027\036\312\374S\312\252P\205=\377:\312\262\306"
 374      FC53CAAA 
 374      50853DFF 
 374      3ACAB2C6 
ARM GAS  /tmp/cc1onbPT.s 			page 30


 375 07c3 BC71AC86 		.ascii	"\274q\254\206\020\017O\014\227\026!\344\347"
 375      100F4F0C 
 375      971621E4 
 375      E7
 376 07d0 3F8FD983 		.ascii	"?\217\331\203\261+\365Q,c\024\264@G\301f\225k\212pg"
 376      B12BF551 
 376      2C6314B4 
 376      4047C166 
 376      956B8A70 
 377 07e5 8F3367AB 		.ascii	"\2173g\253\034\235M\340\363\035\026W\251q%\327F\342"
 377      1C9D4DE0 
 377      F31D1657 
 377      A97125D7 
 377      46E2
 378 07f7 7A15E27A 		.ascii	"z\025\342z\205\307\215dC\364\343~\214S((\364\2547\267"
 378      85C78D64 
 378      43F4E37E 
 378      8C532828 
 378      F4AC37B7 
 379 080b 59C0FB59 		.ascii	"Y\300\373Y%\275\263\242\203\317\306\257\220zQg\3226"
 379      25BDB3A2 
 379      83CFC6AF 
 379      907A5167 
 379      D236
 380 081d 03CF0DB2 		.ascii	"\003\317\015\262\306|<:\332\014\343\004\023.\2309\276"
 380      C67C3C3A 
 380      DA0CE304 
 380      132E9839 
 380      BE
 381 082e 19E37C5A 		.ascii	"\031\343|Z\371\367\3035\235U^h\236\237a\236\337<?\362"
 381      F9F7C335 
 381      9D555E68 
 381      9E9F619E 
 381      DF3C3FF2 
 382 0842 1FFEFCC8 		.ascii	"\037\376\374\310\271?\374h\"\371\373\315\367\243w\374"
 382      B93FFC68 
 382      22F9FBCD 
 382      F7A377FC 
 383 0852 A06E3090 		.ascii	"\240n0\220\213\376~\366\237\277\277k7\356\303\364\247"
 383      8BFE7EF6 
 383      9FBFBF6B 
 383      37EEC3F4 
 383      A7
 384 0863 9EBBF104 		.ascii	"\236\273\361\004\334h\340n\260\020\2165\3407\225\273"
 384      DC68E06E 
 384      B0108E35 
 384      E03795BB 
 385 0873 58086F40 		.ascii	"X\010o@\010\253\271\264\213\020*:\253\321\241\263H;"
 385      08ABB9B4 
 385      8B102A3A 
 385      ABD1A1B3 
 385      483B
 386 0885 164C0782 		.ascii	"\026L\007\202\326\002A\257\021\202n\305\376\250\211"
 386      D60241AF 
 386      11826EC5 
 386      FEA889
 387 0894 23D802E7 		.ascii	"#\330\002\347\233\261\037\332\004%\006\212\015J4\224"
ARM GAS  /tmp/cc1onbPT.s 			page 31


 387      9BB11FDA 
 387      0425068A 
 387      0D4A3494 
 388 08a4 28282294 		.ascii	"((\"\224\031 \3504\2247P\372\240\364By\004\345!\224"
 388      1920E834 
 388      943750FA 
 388      A0F44279 
 388      04E52194 
 389 08b8 DB506E41 		.ascii	"\333PnA\271\351\340\301\320\037\031\351`\334\254\203"
 389      B9E9E0C1 
 389      D01F19E9 
 389      60DCAC83 
 390 08c8 1E6B5282 		.ascii	"\036kR\202/F\256s\307\016\255\206\267\370\377\2016]"
 390      2F46AE73 
 390      C70EAD86 
 390      B7F8FF81 
 390      365D
 391 08da 37F7104D 		.ascii	"7\367\020M\037\262\322=\217\234\300\235\2335jt\324\315"
 391      1FB2D23D 
 391      8F9CC09D 
 391      9B356A74 
 391      D4CD
 392 08ec 67F27720 		.ascii	"g\362w \242W]\313;wE\263CW\334ay\343\340l#\334%\251"
 392      A2575DCB 
 392      3B7745B3 
 392      4357DC61 
 392      79E3E06C 
 393 0904 8A6E82C6 		.ascii	"\212n\202\306f\356l70\241\025\000\337\207r\327\001t"
 393      66EE6C37 
 393      30A11500 
 393      DF8772D7 
 393      0174
 394 0916 652B9E3E 		.ascii	"e+\236>+\212\3334\250\205\363\241\331\335\320\250\200"
 394      2B8ADB34 
 394      A885F3A1 
 394      D9DDD0A8 
 394      80
 395 0927 71CF0146 		.ascii	"q\317\001F\313\333`\364\200\351w\303\350>\212\305\303"
 395      CBDB60F4 
 395      80E977C3 
 395      E83E8AC5 
 395      C3
 396 0938 0B29B76A 		.ascii	"\013)\267j\\c\220\006\036\310\353\346dm\024%A\033\210"
 396      5C639006 
 396      1EC8EBE6 
 396      646D1425 
 396      411B88
 397 094b D57271FB 		.ascii	"\325rq\373\344'\3005\011\354\367\037\000\210\016\016"
 397      E427C035 
 397      09ECF71F 
 397      00880E0E 
 398 095b A80BCE3B 		.ascii	"\250\013\316;\001L\273s\226\354\274\252\310\222\353"
 398      014CBB73 
 398      96ECBCAA 
 398      C892EB
 399 096a 60A2C3CD 		.ascii	"`\242\303\315\343\305\265\215:\336\302\275\215n\177"
 399      E3C5B58D 
ARM GAS  /tmp/cc1onbPT.s 			page 32


 399      3ADEC2BD 
 399      8D6E7F
 400 0979 C663290B 		.ascii	"\306c)\013g\353W\014d\035\307\330@\326\3418\220\261"
 400      67EB570C 
 400      641DC7D8 
 400      40D6E138 
 400      90B1
 401 098b 9B373AF1 		.ascii	"\2337:\361\316C\273\311\224\216\204\243^^\376\020iI"
 401      CE43BBC9 
 401      948E84A3 
 401      5E5EFE10 
 401      6949
 402 099d A8BA158F 		.ascii	"\250\272\025\217\237\022\305\367H\250f\253\350\335\253"
 402      9F12C5F7 
 402      48A866AB 
 402      E8DDAB
 403 09ac 85F919ED 		.ascii	"\205\371\031\355\325\006\271}3m\317\340\0167\340\274"
 403      D506B97D 
 403      336DCFE0 
 403      0E37E0BC 
 404 09bc 6B9BC5F8 		.ascii	"k\233\305\370@\2721q\313\231\254M\216\344\006\225C+"
 404      40BA3171 
 404      CB99AC4D 
 404      8EE40695 
 404      432B
 405 09ce E42E6AE1 		.ascii	"\344.j\341\342\366\360\334\235%^\261\202\205\3431\210"
 405      E2F6F0DC 
 405      9D255EB1 
 405      8285E331 
 405      88
 406 09df DD73D67E 		.ascii	"\335s\326~\327)\257g\015zO!\304\256\006=\356]\006\213"
 406      D729AF67 
 406      0D7A4F21 
 406      C4AE063D 
 406      EE5D068B 
 407 09f3 5EBD9BE8 		.ascii	"^\275\233\350M\307GA`\210\345V\331\371z\311y\221\362"
 407      4DC74741 
 407      6088E556 
 407      D9F97AC9 
 407      7991F2
 408 0a06 21F638E7 		.ascii	"!\3668\347\3033a>jw\006\330\246\360g\267+\204*\332\216"
 408      C333613E 
 408      6A7706D8 
 408      A6F067B7 
 408      2B842ADA 
 409 0a1b C09B0278 		.ascii	"\300\233\002x\223\300\206\011(\343P^A\031\201\362\002"
 409      93C08609 
 409      28E3505E 
 409      411981F2 
 409      02
 410 0a2c 4A3F94E7 		.ascii	"J?\224\347\016,\251\375\222\205\205\004\275\003\254"
 410      0E2CA9FD 
 410      92858504 
 410      BD03AC
 411 0a3b 122D6E67 		.ascii	"\022-ngD\015\227\024\343I\347\273\244+~\313T\017\200"
 411      440D9714 
 411      E349E7BB 
ARM GAS  /tmp/cc1onbPT.s 			page 33


 411      A42B7ECB 
 411      540F80
 412 0a4e 70977B61 		.ascii	"p\227{aE\322\017:$\375\200\213\244\037\200\273/H\373"
 412      45D20F3A 
 412      24FD808B 
 412      A41F80BB 
 412      2F48FB
 413 0a61 7E5038C8 		.ascii	"~P8\310;d\030<\036\002\317^\312\236ALg\236\341\201\241"
 413      3B64183C 
 413      1E02CF5E 
 413      CA9E414C 
 413      679EE181 
 414 0a76 27A2B8DB 		.ascii	"'\242\270\333@wK\036\360\006\356\223\276o\001\031 \244"
 414      40774B1E 
 414      F006EE93 
 414      BE6F0119 
 414      20A4
 415 0a88 8C1F749D 		.ascii	"\214\037t\235\361\274\3037{\020:\017\316\232\343\260"
 415      F1BCC337 
 415      7B103A0F 
 415      CE9AE3B0 
 416 0a98 BEBC7194 		.ascii	"\276\274q\224\367%\331\015\031|W\234\232\313xTG!P#?"
 416      F725D90D 
 416      197C579C 
 416      9ACB7854 
 416      47215023 
 417 0aad 2A506320 		.ascii	"*Pc )\007j\224\005\312\315\363\024\275\206\360\310\217"
 417      29076A94 
 417      05CACDF3 
 417      14BD86F0 
 417      C88F
 418 0abf 543B29C7 		.ascii	"T;)\307[H\266\022M\257dR\336\240\252\354\203Ti5w\004"
 418      5B48B612 
 418      4DAF6452 
 418      DEA0AAEC 
 418      83546935 
 419 0ad5 1E86A36F 		.ascii	"\036\206\243o\365\203\004\245\204?\235\210\327c\357"
 419      F58304A5 
 419      843F9D88 
 419      D763EF
 420 0ae4 92EEFB35 		.ascii	"\222\356\3735c\007\021~\355^\230\301\035=\247!\361\006"
 420      6307117E 
 420      ED5E98C1 
 420      1D3DA721 
 420      F106
 421 0af6 99D973CA 		.ascii	"\231\331s\312\346\023sm61e\011\335\257\230\340\211\303"
 421      E613736D 
 421      36316509 
 421      DDAF98E0 
 421      89C3
 422 0b08 976A2C6D 		.ascii	"\227j,m\306\025\217\304\276\217S\304\362(L\267\0346"
 422      C6158FC4 
 422      BE8F53C4 
 422      F2284CB7 
 422      1C36
 423 0b1a 0B2E843F 		.ascii	"\013.\204?Q\314\321\271,\331Z\330\356JV\321\211\275"
 423      51CCD1B9 
ARM GAS  /tmp/cc1onbPT.s 			page 34


 423      2CD95AD8 
 423      EE4A56D1 
 423      89BD
 424 0b2c 79BC1361 		.ascii	"y\274\023a\371\212\342\234\347\015\263W\"\367\377\225"
 424      F98AE29C 
 424      E70DB357 
 424      22F7FF95 
 425 0b3c B90F0B43 		.ascii	"\271\017\013C\224\356Z\\\241\275\373\027\362X~\330Y"
 425      94EE5A5C 
 425      A1BDFB17 
 425      F2587ED8 
 425      59
 426 0b4d 7AF66AE1 		.ascii	"z\366j\341\276B<\333\265\270\242'\032rx\277\221\311"
 426      BE423CDB 
 426      B5B8A227 
 426      1A7278BF 
 426      91C9
 427 0b5f E91167F1 		.ascii	"\351\021g\361\331K\227\012\256\235LB\252]\213+\264O"
 427      D94B970A 
 427      AE9D4C42 
 427      AA5D8B2B 
 427      B44F
 428 0b71 FC8BE393 		.ascii	"\374\213\343\223\264\351my5\312\347\323Mn\006\322\347"
 428      B4E96D79 
 428      35CAE7D3 
 428      4D6E06D2 
 428      E7
 429 0b82 2384B384 		.ascii	"#\204\263\204\335\327\345\245k\023\035H\211\263ds\341"
 429      DDD7E5A5 
 429      6B131D48 
 429      89B36473 
 429      E1
 430 0b93 F2854B5E 		.ascii	"\362\205K^\2350\200\222WGshk\204\330\1778\222B\3533"
 430      9D308092 
 430      57477368 
 430      6B84D87F 
 430      389242EB 
 431 0ba8 D20FB1EB 		.ascii	"\322\017\261\353pU`\007.J*R\023d\277\"p\035\202\244"
 431      70556007 
 431      2E4A2A52 
 431      1364BF22 
 431      701D82A4 
 432 0bbc 97FE7105 		.ascii	"\227\376q\005H\251\225\335g\346\244\237\212\3113<r;"
 432      48A995DD 
 432      67E6A49F 
 432      8AC9333C 
 432      723B
 433 0bce 7649908D 		.ascii	"vI\220\215)\232\314\302\252\262\337\266\203\222\235"
 433      299ACCC2 
 433      AAB2DFB6 
 433      83929D
 434 0bdd A4E764EB 		.ascii	"\244\347d\353\342a\347\016\241\013\306s\025\372o\225"
 434      E261E70E 
 434      A10BC673 
 434      15FA6F95 
 435 0bed 2A5E17CA 		.ascii	"*^\027\312\266\336\213{\316kq\271\226VF\006\357N\373"
 435      B6DE8B7B 
ARM GAS  /tmp/cc1onbPT.s 			page 35


 435      CE6B71B9 
 435      96564606 
 435      EF4EFB
 436 0c00 AA499048 		.ascii	"\252I\220H\002\206\253\311\265\203\373\252\217y\322"
 436      0286ABC9 
 436      B583FBAA 
 436      8F79D2
 437 0c0f 6B84383B 		.ascii	"k\2048;0\275xuf\254\334\227-@`-\216\366\336\3548\350"
 437      30BD7875 
 437      66ACDC97 
 437      2D40602D 
 437      8EF6DEEC 
 438 0c25 B9702F1D 		.ascii	"\271p/\035\223m\342\034\2016\207\004C\2730\351\3138"
 438      936DE21C 
 438      81368704 
 438      43BB30E9 
 438      CB38
 439 0c37 BC10FEEF 		.ascii	"\274\020\376\357\304j\006\344Aj{\234\317\373\231bf\027"
 439      C46A06E4 
 439      416A7B9C 
 439      CFFB9962 
 439      6617
 440 0c49 2CAEC6F1 		.ascii	",\256\306\361\311\236\247\242\250W\023)\024\213\355"
 440      C99EA7A2 
 440      A8571329 
 440      148BED
 441 0c58 1D08A7F0 		.ascii	"\035\010\247\360\177;\356Bh\033\356\004\320\361\370"
 441      7F3BEE42 
 441      681BEE04 
 441      D0F1F8
 442 0c67 7D68BC3D 		.ascii	"}h\274=\277f\233\006?fx\267\347$G\371(\355\022\210\262"
 442      BF669B06 
 442      3F6678B7 
 442      E72447F9 
 442      28ED1288 
 443 0c7c DDDDD46E 		.ascii	"\335\335\324n87\373\254~\323\011On\266!c\301A\233xL"
 443      3837FBAC 
 443      7ED3094F 
 443      6EB62163 
 443      C1419B78 
 444 0c91 24C40129 		.ascii	"$\304\001)\224 \333Mp\266\233H\355\026\234l\032\021"
 444      9420DB4D 
 444      70B69B48 
 444      ED169C6C 
 444      1A11
 445 0ca3 F0CB1F1B 		.ascii	"\360\313\037\033\247=,NYU\365\243\036J\200\177_\240"
 445      A73D2C4E 
 445      5955F5A3 
 445      1E4A807F 
 445      5FA0
 446 0cb5 C0974CF1 		.ascii	"\300\227L\361\355\225\342r\272\253\366\246V\002\230"
 446      ED95E272 
 446      BAABF6A6 
 446      560298
 447 0cc4 63807C8A 		.ascii	"c\200|\212\026\351\036\036\000L\222\001&9\003L\241\000"
 447      16E91E1E 
 447      004C9201 
ARM GAS  /tmp/cc1onbPT.s 			page 36


 447      2639034C 
 447      A100
 448 0cd6 6FF65F28 		.ascii	"o\366_(\363\302\323\014`u\302\3303-\005C\206)\0060g"
 448      F3C2D30C 
 448      6075C2D8 
 448      332D0543 
 448      86290630 
 449 0ceb 6AD4CB2D 		.ascii	"j\324\313-\2244\012%U\202\022s\266\245\331\027\240t"
 449      94340A25 
 449      55821273 
 449      B6A5D917 
 449      A074
 450 0cfd B147576E 		.ascii	"\261GWn\334\346\235\342AD\305\320>\031\312>\3146\325"
 450      DCE69DE2 
 450      4144C5D0 
 450      3E19CA3E 
 450      CC36D5
 451 0d10 503A8300 		.ascii	"P:\203\000\317W\214w\350\330\333\312\242\272F\265=\036"
 451      CF578C77 
 451      E8D8DBCA 
 451      A2BA46B5 
 451      3D1E
 452 0d22 0C427ED9 		.ascii	"\014B~\331\253X\017\367\375\225AA\034\220@\344<\031"
 452      AB580FF7 
 452      FD954141 
 452      1C9040E4 
 452      3C19
 453 0d34 CAD27210 		.ascii	"\312\322r\020\015\023\377|\320\226\351OD\320~\031\300"
 453      0D13FF7C 
 453      D096E94F 
 453      44D07E19 
 453      C0
 454 0d45 7E094026 		.ascii	"~\011@&\005\020{2\257W\217S\030\200\261\327\261-\210"
 454      05107B32 
 454      AF578F53 
 454      1880B1D7 
 454      B12D88
 455 0d58 377F3131 		.ascii	"7\17711\2076'\241<(7?(5\317\242\315\357\216\214U\350"
 455      873627A1 
 455      3C28373F 
 455      2835CFA2 
 455      CDEF8E8C 
 456 0d6e 71366BDE 		.ascii	"q6k\336\224\036\375\204o?\215\220zE\347\241(\035_c\223"
 456      941EFD84 
 456      6F3F8D90 
 456      7A45E7A1 
 456      281D5F63 
 457 0d83 974D030F 		.ascii	"\227M\003\017l\207}\3611&\234Y\267\265\301\023\347\261"
 457      6C877DF1 
 457      31269C59 
 457      B7B5C113 
 457      E7B1
 458 0d95 CAA9F8A8 		.ascii	"\312\251\370\250(\214\313X\305\026}\030\346E\360\024"
 458      288CCB58 
 458      C5167D18 
 458      E645F014 
 459 0da5 B6BD7D0B 		.ascii	"\266\275}\013\020\267\234>{\330\007\301\002<K\214\261"
ARM GAS  /tmp/cc1onbPT.s 			page 37


 459      10B79C3E 
 459      7BD807C1 
 459      023C4B8C 
 459      B1
 460 0db6 89E5559D 		.ascii	"\211\345U\235\013\017\323\361\36786\240c\0009\027\273"
 460      0B0FD3F1 
 460      F73836A0 
 460      63003917 
 460      BB
 461 0dc7 9CA9BB9E 		.ascii	"\234\251\273\236\231\036\345\015\310D(\017V\2349X93"
 461      991EE50D 
 461      C844280F 
 461      569C3958 
 461      3933
 462 0dd9 ADEA6003 		.ascii	"\255\352`\003*H(\007T\222\232\333^\235T\343*\012](\253"
 462      2A482807 
 462      54929ADB 
 462      5E9D54E3 
 462      2A0A5D28 
 463 0dee DA75DB0B 		.ascii	"\332u\333\013\371\317\263\017\26456:\337?\011\212\363"
 463      F9CFB30F 
 463      B435363A 
 463      DF3F098A 
 463      F3
 464 0dff E520122D 		.ascii	"\345 \022-\356p\234\000\333\256p\200\251\361\224\247"
 464      EE709C00 
 464      DBAE7080 
 464      A9F194A7 
 465 0e0f DBBCF11D 		.ascii	"\333\274\361\035\026\245'5\243\217t\270\215UF\257%\347"
 465      16A52735 
 465      A38F74B8 
 465      8D5546AF 
 465      25E7
 466 0e21 7AE36E06 		.ascii	"z\343n\006\"u\274\254\322\355;\346\263\330\335\273\314"
 466      2275BCAC 
 466      D2ED3BE6 
 466      B3D8DDBB 
 466      CC
 467 0e32 EA031EE3 		.ascii	"\352\003\036\343l\303\271\000\353\321\031<\373\215\346"
 467      6CC3B900 
 467      EBD1193C 
 467      FB8DE6
 468 0e41 83BC0A18 		.ascii	"\203\274\012\030Hv{R\223'\362&O\351)Y\215\022W3ScOy"
 468      48767B52 
 468      9327F226 
 468      4FE92959 
 468      8D125733 
 469 0e59 BBCD9762 		.ascii	"\273\315\227bJ\325\"\211\252\231Q\261\267\0346\232\340"
 469      4AD52289 
 469      AA9951B1 
 469      B71C369A 
 469      E0
 470 0e6a BEA297CF 		.ascii	"\276\242\227\317ai\242E\336|\026'\345z\341djX8;\036"
 470      6169A245 
 470      DE7C1627 
 470      E57AE164 
 470      6A58383B 
ARM GAS  /tmp/cc1onbPT.s 			page 38


 471 0e7f D321207F 		.ascii	"\323! \177\203=\306\307m\024u)\2648/\243\006\005\216"
 471      833DC6C7 
 471      6D147529 
 471      B4382FA3 
 471      06058E
 472 0e92 7339A57E 		.ascii	"s9\245~T\002ap0Q~\266\244\300\2003\231o/\247\366\027"
 472      54026170 
 472      30517EB6 
 472      A4C08033 
 472      996F2FA7 
 473 0ea8 F3CDA2F9 		.ascii	"\363\315\242\371P}\323\031\037\257\345<&o\273\3623\207"
 473      507DD319 
 473      1FAFE53C 
 473      266FBBF2 
 473      3387
 474 0eba 218B4E33 		.ascii	"!\213N3\331\362\311s\255\006\\H+\372\274s\005\267=\321"
 474      D9F2C973 
 474      AD065C48 
 474      2BFABC73 
 474      05B73DD1 
 475 0ece 3CBAFD63 		.ascii	"<\272\375c\360\363\237\3470\347\276\210\027\241\013"
 475      F0F39FE7 
 475      30E7BE88 
 475      17A10B
 476 0edd 986C6081 		.ascii	"\230l`\201\361Z\336\305\327\340\274\006\373\241\253"
 476      F15ADEC5 
 476      D7E0BC06 
 476      FBA1AB
 477 0eec 50AAA05C 		.ascii	"P\252\240\\\201R\201\235\326\2703\327\344\351\343%p"
 477      8152819D 
 477      D6B833D7 
 477      E4E9E325 
 477      70
 478 0efd B116BB9E 		.ascii	"\261\026\273\236\207\330Cr\202-3/\203\\\271\034\222"
 478      87D84372 
 478      822D332F 
 478      835CB91C 
 478      92
 479 0f0e 5A3C4FA9 		.ascii	"Z<O\251\365\215\264R\"\221+tV;{\276\322q\203O\315\252"
 479      F58DB452 
 479      22912B74 
 479      563B7BBE 
 479      D271834F 
 480 0f24 315B69D7 		.ascii	"1[i\327\316\312/\245x\357\015>\035\"t:\355Z\275\363"
 480      CECA2FA5 
 480      78EF0D3E 
 480      1D22743A 
 480      ED5ABDF3 
 481 0f38 7CFC3256 		.ascii	"|\3742V.\\\252i\027J\323S\245\365j\227\326\225\033\212"
 481      2E5CAA69 
 481      174AD353 
 481      A5F56A97 
 481      D6951B8A 
 482 0f4c 3758BED6 		.ascii	"7X\276\326\342\331\033\212\263\372\243\214\203{W\177"
 482      E2D91B8A 
 482      B3FAA38C 
 482      837B577F 
ARM GAS  /tmp/cc1onbPT.s 			page 39


 483 0f5c 406F675F 		.ascii	"@og_\036-\327\343\253\254\353\247\316\344Oip\033\253"
 483      1E2DD7E3 
 483      ABACEBA7 
 483      CEE44F69 
 483      701BAB
 484 0f6f 644F4C0E 		.ascii	"dOL\016\222\315\366\017\311\313u\254x\277\365!{\277"
 484      92CDF60F 
 484      C9CB75AC 
 484      78BFF521 
 484      7BBF
 485 0f81 75A9EEDA 		.ascii	"u\251\356\332\021\003~\3048|\"uj\312WJQ\310\025\017"
 485      11037EC4 
 485      387C2275 
 485      6ACA574A 
 485      51C8150F 
 486 0f95 7F953D53 		.ascii	"\177\225=S\320M\200\360!O\321"
 486      D04D80F0 
 486      214FD1
 487 0fa0 06C0588F 		.ascii	"\006\300X\217\345\327[?;O\336\2366BDo\310\375\372!\317"
 487      E5D75B3F 
 487      3B4FDE9E 
 487      3642446F 
 487      C8FDFA21 
 488 0fb5 CF8B09AD 		.ascii	"\317\213\011\2550\226\0172\023\321\215{\206\335\232"
 488      30960F32 
 488      13D18D7B 
 488      86DD9A
 489 0fc4 B8EDD6C4 		.ascii	"\270\355\326\304@\306\262+\3645\330-\260\321$\333\000"
 489      40C6B22B 
 489      F435D82D 
 489      B0D124DB 
 489      00
 490 0fd5 93CC485C 		.ascii	"\223\314H\\a\353\224/\036gF\212N]z\243wg\344\256[#0"
 490      61EB942F 
 490      1E67468A 
 490      4E5D7AA3 
 490      7767E4AE 
 491 0fec D474B2A1 		.ascii	"\324t\262\241\246\031\254\334\221\255\334\342V4#\311"
 491      A619ACDC 
 491      91ADDCE2 
 491      563423C9 
 492 0ffc 4FAEE821 		.ascii	"O\256\350!"
 493 1000 91C84EAA 		.ascii	"\221\310N\252\353\335\252:h\325\302;\255\015,\265CG"
 493      EBDDAA3A 
 493      68D5C23B 
 493      AD0D2CB5 
 493      4347
 494 1012 DD83D20A 		.ascii	"\335\203\322\012\345\276s\002\245\327q\252K\324my+u"
 494      E5BE7302 
 494      A5D771AA 
 494      4BD46D79 
 494      2B75
 495 1024 47EFCF4D 		.ascii	"G\357\317M\204\271\316\022\012\357:7d\367kvf\014\375"
 495      84B9CE12 
 495      0AEF3A37 
 495      64F76B76 
 495      660CFD
ARM GAS  /tmp/cc1onbPT.s 			page 40


 496 1037 179BC94B 		.ascii	"\027\233\311KLoq\303t\316\315{\214\233-\330\305\316"
 496      4C6F71C3 
 496      74CECD7B 
 496      8C9B2DD8 
 496      C5CE
 497 1049 7EF33D27 		.ascii	"~\363='\232\317F*m\325'\326\236\351\323b\033\245\227"
 497      9ACF462A 
 497      6DD527D6 
 497      9EE9D362 
 497      1BA597
 498 105c B0657057 		.ascii	"\260epW\221F\371\344)\265\355%\001\356\202\346\035r"
 498      9146F9E4 
 498      29B5ED25 
 498      01EE82E6 
 498      1D72
 499 106e 805BE427 		.ascii	"\200[\344'\317\254\210vB\024\337\025Q0{\356B\377266"
 499      CFAC8876 
 499      4214DF15 
 499      51307BEE 
 499      42FF3236 
 500 1083 2E22EB84 		.ascii	".\"\353\204\366\227\345\374+\201.26\236j\330\225\356"
 500      F697E5FC 
 500      2B812E32 
 500      369E6AD8 
 500      95EE
 501 1095 8DF731CE 		.ascii	"\215\3671\316\347'D%\0128\203U\356m\031\251\365\300"
 501      E7274425 
 501      0A388355 
 501      EE6D19A9 
 501      F5C0
 502 10a7 F9B4A23B 		.ascii	"\371\264\242;]r/\306\233\277\212\242o\015\330\254\351"
 502      5D722FC6 
 502      9BBF8AA2 
 502      6F0DD8AC 
 502      E9
 503 10b8 526E8348 		.ascii	"Rn\203H\373IZ\345\364c\227\253\034\276\200\372\253\343"
 503      FB495AE5 
 503      F46397AB 
 503      1CBE80FA 
 503      ABE3
 504 10ca 02AADF4D 		.ascii	"\002\252\337M\330\231\364\2136\036Yi5\327\357f\024\345"
 504      D899F48B 
 504      361E5969 
 504      35D7EF66 
 504      14E5
 505 10dc 8BD66FE5 		.ascii	"\213\326o\345\265\337#\354$\355\270\260$\033\235mNk"
 505      B5DF23EC 
 505      24EDB8B0 
 505      241B9D6D 
 505      4E6B
 506 10ee 3F17581C 		.ascii	"?\027X\034\030\246\004s\3305\030&\317\027t\374mP\377"
 506      18A60473 
 506      D8351826 
 506      CF1774FC 
 506      6D50FF
 507 1101 5BC6B36E 		.ascii	"[\306\263n\310\261\007\204\240\0179\\\322\221\317\241"
 507      C8B10784 
ARM GAS  /tmp/cc1onbPT.s 			page 41


 507      A00F395C 
 507      D291CFA1 
 508 1111 237BA103 		.ascii	"#{\241\003\037C\351\203\362\004\3123(O\345\016}8\260"
 508      1F43E983 
 508      F204CA33 
 508      284FE50E 
 508      7D38B0
 509 1124 F7A91A17 		.ascii	"\367\251\032\0272\036\2455\365\027\373\242y\376\256"
 509      321EA535 
 509      F517FBA2 
 509      79FEAE
 510 1133 350F82B6 		.ascii	"5\017\202\266\037\253\331\316\304\364\3128\302\304\001"
 510      1FABD9CE 
 510      C4F4CA38 
 510      C2C401
 511 1142 68F74266 		.ascii	"h\367Bfb?e\"\230o\0349\004\263\212\012F\222\275\275"
 511      623F6522 
 511      986F1C39 
 511      04B38A0A 
 511      4692BDBD 
 512 1156 F5439EF8 		.ascii	"\365C\236\370:\255h\206:\366\236$\363;2\010\330)R\226"
 512      3AAD6886 
 512      3AF69E24 
 512      F33B3208 
 512      D8295296 
 513 116a CF5399CC 		.ascii	"\317S\231\314\251\216\200\276\021<k\003\322\305\206"
 513      A98E80BE 
 513      113C6B03 
 513      D2C586
 514 1179 6F36B870 		.ascii	"o6\270p\230\270\360\2227!.\214\201\013\257\001\362+"
 514      98B8F092 
 514      37212E8C 
 514      810BAF01 
 514      F22B
 515 118b 28C35046 		.ascii	"(\303PF\261r\343\253\342\007\266\342&)t\212\267\262"
 515      B172E3AB 
 515      E207B6E2 
 515      2629748A 
 515      B7B2
 516 119d 278BD34E 		.ascii	"'\213\323N\004\021\017e\342dU=\304\305\355\3573\232"
 516      04110F65 
 516      E264553D 
 516      C4C5EDEF 
 516      339A
 517 11af 9C0781AA 		.ascii	"\234\007\201\252>\326\241#\263\006\001\262\003\3247"
 517      3ED6A123 
 517      B30601B2 
 517      03D437
 518 11be 375124EC 		.ascii	"7Q$\354 1\353\341\272\354\235\3400\010\\\330\0243\352"
 518      2031EBE1 
 518      BAEC9DE0 
 518      30085CD8 
 518      1433EA
 519 11d1 8DEFB2CE 		.ascii	"\215\357\262\316;\323wu\304\240\034\004\352+w\221\320"
 519      3BD37775 
 519      C4A01C04 
 519      EA2B7791 
ARM GAS  /tmp/cc1onbPT.s 			page 42


 519      D0
 520 11e2 4F92E14B 		.ascii	"O\222\341K\016\375\310\354A\300\036\236\011\010\311"
 520      0EFDC8EC 
 520      41C01E9E 
 520      0908C9
 521 11f1 BBC20366 		.ascii	"\273\302\003fw\276>\236\247\376\340\220\264\332\211"
 521      77BE3E9E 
 521      A7FEE090 
 521      B4DA89
 522 1200 8BAB13C5 		.ascii	"\213\253\023\305\203\0025t\210\031\262\253T\221+\360"
 522      83023574 
 522      8819B2AB 
 522      54912BF0 
 523 1210 7F0A7F40 		.ascii	"\177\012\177@\336\273\315\034h\360TN\373\332\034\366"
 523      DEBBCD1C 
 523      68F0544E 
 523      FBDA1CF6 
 524 1220 2ADFB047 		.ascii	"*\337\260G>9\222yX\332\304#\255Rx\322a~0\315\205\247"
 524      3E399279 
 524      58DAC423 
 524      AD5278D2 
 524      617E30CD 
 525 1236 A970C2E0 		.ascii	"\251p\302\340P\242F/\177\"EF(Yv\206<Y td\327\211~\232"
 525      50A2462F 
 525      7F224546 
 525      28597686 
 525      3C592074 
 526 124f F562523D 		.ascii	"\365bR=7\236\207\340\013D?x\220\347\252\242z\256\324"
 526      379E87E0 
 526      0B443F78 
 526      90E7AAA2 
 526      7AAED4
 527 1262 86564896 		.ascii	"\206VH\226L\346\227\360\217\3614\344q~=\246\314\313"
 527      4CE697F0 
 527      8FF134E4 
 527      717E3DA6 
 527      CCCB
 528 1274 ADB56835 		.ascii	"\255\265h5\267\026\245\246\346F\266o\032\343\037\264"
 528      B716A5A6 
 528      E646B66F 
 528      1AE31FB4 
 529 1284 928590F4 		.ascii	"\222\205\220\364\305\352|\366\305jnwR\035r\006\023\243"
 529      C5EA7CF6 
 529      C56A6E77 
 529      521D7206 
 529      13A3
 530 1296 5E846C6A 		.ascii	"^\204lj\242l\023\005CU\322\012\311\231\315o\206\034"
 530      A26C1305 
 530      4355D20A 
 530      C999CD6F 
 530      861C
 531 12a8 BE92C870 		.ascii	"\276\222\310p\230<oV\263\300\300\021\204\013\323G\307"
 531      983C6F56 
 531      B3C0C011 
 531      840BD347 
 531      C7
 532 12b9 7C95C269 		.ascii	"|\225\302i\016\302[\270\360\026*\334\370\242t\207\027"
ARM GAS  /tmp/cc1onbPT.s 			page 43


 532      0EC25BB8 
 532      F0162ADC 
 532      F8A27487 
 532      17
 533 12ca EE61D998 		.ascii	"\356a\331\230\267c&\311\375Z|\233Z\271WP\363fw\243\032"
 533      B76326C9 
 533      FD5A7C9B 
 533      5AB95750 
 533      F36677A3 
 534 12df D68EE5B0 		.ascii	"\326\216\345\260\024\237l\367h\257\333,6Bl\276\244r"
 534      149F6CF7 
 534      68AFDB2C 
 534      36426CBE 
 534      A472
 535 12f1 68ABDACE 		.ascii	"h\253\332\316>8u\\\214oW\223\225dW\306\343Do\034\357"
 535      3E38755C 
 535      8C6F5793 
 535      956457C6 
 535      E3446F1C 
 536 1306 C5BECDA8 		.ascii	"\305\276\315\250j\271\240\341\312zJq_\301\023Q\004\007"
 536      6AB9A0E1 
 536      CA7A4A71 
 536      5FC11351 
 536      0407
 537 1318 62909A6A 		.ascii	"b\220\232j\213\225\265\305:k\333A\265\335\355\255X\215"
 537      8B95B5C5 
 537      3A6BDB41 
 537      B5DDEDAD 
 537      588D
 538 132a D399B29C 		.ascii	"\323\231\262\234\374\003\247|p\016\253\304VT\246k`\331"
 538      FC03A77C 
 538      700EABC4 
 538      5654A66B 
 538      60D9
 539 133c 82769186 		.ascii	"\202v\221\206t\341\177\254\3602\242\013\231r\373\316"
 539      74E17FAC 
 539      F032A20B 
 539      9972FBCE 
 540 134c 44F2ADAC 		.ascii	"D\362\255\254\022\367+\231\004\352x\274\232{\336k{r"
 540      12F72B99 
 540      04EA78BC 
 540      9A7BDE6B 
 540      7B72
 541 135e 4BCBC156 		.ascii	"K\313\301V\017x\264\016\220\001*J\374\242F \222h\247"
 541      0F78B40E 
 541      90012A4A 
 541      FCA24620 
 541      9268A7
 542 1371 0416C5A9 		.ascii	"\004\026\305\251\325\244\346\210w7\305\273cSN\224\026"
 542      D5A4E688 
 542      7737C5BB 
 542      63534E94 
 542      16
 543 1382 8F308CB5 		.ascii	"\2170\214\265\365\351\321R(g\332=\256\305\3062\205_"
 543      F5E9D152 
 543      2867DA3D 
 543      AEC5C632 
ARM GAS  /tmp/cc1onbPT.s 			page 44


 543      855F
 544 1394 52E71365 		.ascii	"R\347\023e\347\023\235\225%QeG`\035\357\203\247\231"
 544      E7139D95 
 544      25516547 
 544      601DEF83 
 544      A799
 545 13a6 B2037529 		.ascii	"\262\003u)\247}\344P\2268\205r\217\254m\217\263\266"
 545      A77DE450 
 545      96388572 
 545      8FAC6D8F 
 545      B3B6
 546 13b8 BD54DB95 		.ascii	"\275T\333\225\332\341#:\274\325@\265E\307\314\334\026"
 546      DAE1233A 
 546      BCD540B5 
 546      45C7CCDC 
 546      16
 547 13c9 68B02043 		.ascii	"h\260 Cy\260\372/VM\010\366m\213\0245\275Xw \253\325"
 547      79B0FA2F 
 547      564D08F6 
 547      6D8B1435 
 547      BD587720 
 548 13df 3D755269 		.ascii	"=uRi\004\367I\021L\212\216\336\2058\306\341\006|B\201"
 548      04F74911 
 548      4C8A8EDE 
 548      8538C6E1 
 548      067C4281 
 549 13f3 112451B2 		.ascii	"\021$Q\262\2141\331\031c\032\305\270\257p(M\300{\030"
 549      8C31D919 
 549      631AC5B8 
 549      AF70284D 
 549      C07B18
 550 1406 C637838D 		.ascii	"\3067\203\215o\370\367\340z\250\336\352=\030\303\223"
 550      6FF8F7E0 
 550      7AA8DEEA 
 550      3D18C393 
 551 1416 AD91EE3A 		.ascii	"\255\221\356:\325\017\357\325\343CL6\267(\273\204\177"
 551      D50FEFD5 
 551      E3434C36 
 551      B728BB84 
 551      7F
 552 1427 B1E909D5 		.ascii	"\261\351\011\325\252\202\362\033\202\333\254>(eu&\313"
 552      AA82F21B 
 552      82DBAC3E 
 552      28657526 
 552      CB
 553 1438 EA8762CB 		.ascii	"\352\207b\313f\3019o\017@\336\356\247y\233E\363\226"
 553      66C1396F 
 553      0F40DEEE 
 553      A7799B45 
 553      F396
 554 144a 3622D247 		.ascii	"6\"\322G.\267\237\326+\245\263\336&\2357\323\323\351"
 554      2EB79FD6 
 554      2BA5B3DE 
 554      269D37D3 
 554      D3E9
 555 145c 0D036C63 		.ascii	"\015\003lc9\335\361+\351\211\021\2436\303\363\342\220"
 555      39DDF12B 
ARM GAS  /tmp/cc1onbPT.s 			page 45


 555      E98911A3 
 555      36C3F3E2 
 555      90
 556 146d 7A2ECA80 		.ascii	"z.\312\200x\304\343\367\025\215\323\341\312\337\200"
 556      78C4E3F7 
 556      158DD3E1 
 556      CADF80
 557 147c D487D564 		.ascii	"\324\207\325d\214\255\276~\177\233\036\347\031\334n"
 557      8CADBE7E 
 557      7F9B1EE7 
 557      19DC6E
 558 148b 2AD55FBD 		.ascii	"*\325_\275\225\242\305eT@\235v\245\350\205\027\362d"
 558      95A2C565 
 558      54409D76 
 558      A5E88517 
 558      F264
 559 149d DF80F96F 		.ascii	"\337\200\371o\241\337i\331\342\347 \373wZ\271j\177t"
 559      A1DF69D9 
 559      E2E720FB 
 559      775AB96A 
 559      7F74
 560 14af 4CED091A 		.ascii	"L\355\011\032\216\203\301\0340H>\001#W\350gas\350\251"
 560      8E83C11C 
 560      30483E01 
 560      2357E867 
 560      6173E8A9 
 561 14c3 E2DB31A8 		.ascii	"\342\3331\250\242\243j\373\267cd)t\256\342\210\303\246"
 561      A2A36AFB 
 561      B7636429 
 561      74AEE288 
 561      C3A6
 562 14d5 231191D9 		.ascii	"#\021\221\331\220G\331pDbC\345\363\266,\017\316\206"
 562      9047D970 
 562      446243E5 
 562      F3B62C0F 
 562      CE86
 563 14e7 BB29DA0C 		.ascii	"\273)\332\014\033\247\177\215\232H\242l\231\015\331"
 563      1BA77F8D 
 563      9A48A26C 
 563      990DD9
 564 14f6 CE6CC8A7 		.ascii	"\316l\310\247l\210\252:j\323\342\036\367\214\255zu<"
 564      6C88AA3A 
 564      6AD3E21E 
 564      F78CAD7A 
 564      753C
 565 1508 C7DBFDA6 		.ascii	"\307\333\375\246\332)\212\347\244\204\347HI\346Q=\307"
 565      DA298AE7 
 565      A484E748 
 565      49E6513D 
 565      C7
 566 1519 03CFBA8B 		.ascii	"\003\317\272\213\005\017oF\211\363c<\211\034:!\2439"
 566      050F6F46 
 566      89F3633C 
 566      891C3A21 
 566      A339
 567 152b E18CE634 		.ascii	"\341\214\3464E#\326\356K\305\312\3417\331a\370=\303"
 567      4523D6EE 
ARM GAS  /tmp/cc1onbPT.s 			page 46


 567      4BC5CAE1 
 567      37D961F8 
 567      3DC3
 568 153d 87DF3374 		.ascii	"\207\3373t\370m+n\267\371\342W\014\372\231\353=\015"
 568      F86D2B6E 
 568      B7F9E257 
 568      0CFA99EB 
 568      3D0D
 569 154f BE72209E 		.ascii	"\276r \236\332\354\343\000QQ [.p\266|\226Z\276\326\325"
 569      DAECE300 
 569      5151205B 
 569      2E70B67C 
 569      965ABED6 
 570 1564 90EC836D 		.ascii	"\220\354\203m\336T\331\241\276\363\225\374Sxob(+)[\315"
 570      DE54D9A1 
 570      BEF395FC 
 570      53786F62 
 570      282B295B 
 571 1579 B2E2091D 		.ascii	"\262\342\011\035\304J\222\256\350\3352\377\234\304|"
 571      C44A92AE 
 571      E8DD32FF 
 571      9CC47C
 572 1588 F2CE90F8 		.ascii	"\362\316\220\370$6\016x83\277\030\330QD\351x\236r\371"
 572      24360E78 
 572      3833BF18 
 572      D85144E9 
 572      789E72F9 
 573 159c 9CC4E599 		.ascii	"\234\304\345\231\344\364\227Zg\346\273\227\316\270\235"
 573      E4F4975A 
 573      67E6BB97 
 573      CEB89D
 574 15ab 8F64E6E7 		.ascii	"\217d\346\347=\342\314/\341\314O\001\346\313\215\013"
 574      3DE2CC2F 
 574      E1CC4F01 
 574      E6CB8D0B 
 575 15bb 39F34BD5 		.ascii	"9\363K\325\037\250~\2728`yp\310\252\220?\255\014\210"
 575      1FA87EBA 
 575      38607970 
 575      C8AA903F 
 575      AD0C88
 576 15ce B00498AD 		.ascii	"\260\004\230\255\001\026sP@Pp\230e\315\342 \335\037"
 576      01167350 
 576      40507098 
 576      65CDE220 
 576      DD1F
 577 15e0 FEF3CFEF 		.ascii	"\376\363\317\357-_\272T\2453\233\002C#\315!\021z\243"
 577      2D5FBA54 
 577      A5339B02 
 577      4323CD21 
 577      117AA3
 578 15f3 716D48B8 		.ascii	"qmH\270\365\223eF\353\347\001k-\346\200@s\330\307\341"
 578      F5936546 
 578      EBE7016B 
 578      2DE68040 
 578      73D8C7E1 
 579 1607 11E1A68F 		.ascii	"\021\341\246\217M\201\253B\350\225\220\360\240\320\265"
 579      4D81AB42 
ARM GAS  /tmp/cc1onbPT.s 			page 47


 579      E89590F0 
 579      A0D0B5
 580 1616 AB4D0161 		.ascii	"\253M\001a\201A\301!\341\246\000\343j\323w\201kC\255"
 580      8141C121 
 580      E1A600E3 
 580      6AD37781 
 580      6B43AD
 581 1629 46EBC648 		.ascii	"F\353\306H\223eq\260J'i\370\370\035\032,\033-\001F\213"
 581      936571B0 
 581      4A2769F8 
 581      F81D1A2C 
 581      1B2D0146 
 582 163e 75358843 		.ascii	"u5\210C3\255\225\0000Z\177\355\0008(\",,\"< 2\302l\265"
 582      33AD9500 
 582      305A7FED 
 582      00382822 
 582      2C2C223C 
 583 1657 04FCEE9B 		.ascii	"\004\374\356\233\257\226\177\265\201\\\213\014\0115"
 583      AF967FB5 
 583      815C8B0C 
 583      0935
 584 1665 992D017F 		.ascii	"\231-\001\177X\276\034|\221\014k\303\254\033BC,Vu\270"
 584      58BE1C7C 
 584      910C6BC3 
 584      AC1B4243 
 584      2C5675B8 
 585 1679 6983D523 		.ascii	"i\203\325#b}\270\311\354\361?kMkMs\202\202\215\326`"
 585      627DB8C9 
 585      ECF13F6B 
 585      4D6B4D73 
 585      82828DD6 
 586 168e F071B5C5 		.ascii	"\360q\265\305H/\250#\315\246u\276\016\227\214Vm\330"
 586      482FA823 
 586      CDA675BE 
 586      0E978C56 
 586      6DD8
 587 16a0 5AAB6983 		.ascii	"Z\253i\203\321\252\003iz\2523E\232\302\001\335\032/"
 587      D1AA0369 
 587      7AAA3345 
 587      9AC201DD 
 587      1A2F
 588 16b2 D33A53B8 		.ascii	"\323:S\2705,\320\362\003\334\205\310\321\006\332\365"
 588      352CD0F2 
 588      03DC85C8 
 588      D106DAF5 
 589 16c2 812156B8 		.ascii	"\201!V\270\351\253PN\254\373(+F+Z\2531\255'M5\353\255"
 589      E9AB504E 
 589      ACFB282B 
 589      462B5AAB 
 589      31AD274D 
 590 16d9 802F120E 		.ascii	"\200/\022\016\026SX$\016\012\267z\032\215<RZ~\364\200"
 590      16535824 
 590      0E0AB77A 
 590      1A8D3C52 
 590      5A7EF480 
 591 16ed AB46AB01 		.ascii	"\253F\253\0014\202L`dp\204\331\244\265\020\323\2265"
 591      34824C60 
ARM GAS  /tmp/cc1onbPT.s 			page 48


 591      647084D9 
 591      A4B510D3 
 591      9635
 592 16ff 1E504060 		.ascii	"\036P@`\275\325j\216\234\313L\030\315\246\357LfSx\020"
 592      BDD56A8E 
 592      9CCB4C18 
 592      CDA6EF4C 
 592      66537810 
 593 1713 8007B511 		.ascii	"\200\007\265\021\253\276\217\324\2316\204X\203\"V\233"
 593      ABBE8FD4 
 593      99368458 
 593      8322569B 
 594 1723 34E6D51B 		.ascii	"4\346\325\033\241\205\032D,\236\254S?\007;\322\321J"
 594      A1851A44 
 594      2C9EAC53 
 594      3F073BD2 
 594      D14A
 595 1735 AE83BAEF 		.ascii	"\256\203\272\357B\003\327X\264\3260h\0015\2135\320j"
 595      4203D758 
 595      B4D63068 
 595      01358B35 
 595      D06A
 596 1747 D259E981 		.ascii	"\322Y\351\201\250\014\\\025h1qJ|\366)\370.\235\350-"
 596      A80C5C15 
 596      6831714A 
 596      7CF629F8 
 596      2E9DE82D 
 597 175b D61F0243 		.ascii	"\326\037\002CC\326\204\033\255\277xww\005\007\201\037"
 597      43D6841B 
 597      ADBF7877 
 597      77050781 
 597      1F
 598 176c D03FEAF0 		.ascii	"\320?\352\360\3000\223:(8\320\354\021\021\272\032:'"
 598      C030933A 
 598      2838D0EC 
 598      1111BA1A 
 598      3A27
 599 177e DCB4DE64 		.ascii	"\334\264\336d\306A\326\015\202%R\0105\003\013\327\000"
 599      C641D60D 
 599      82255208 
 599      35030BD7 
 599      00
 600 178f 5B8C566C 		.ascii	"[\214Vl^\272\024\312\022\301\374k\301\374\271`\376\225"
 600      5EBA14CA 
 600      12C1FC6B 
 600      C1FCB960 
 600      FE95
 601 17a1 60FE4C30 		.ascii	"`\376L0\377R0\177\352E4\223\250A\243\305?\322\262q\335"
 601      FF52307F 
 601      EA453493 
 601      A841A3C5 
 601      3FD2B271 
 602 17b6 AFC2C0BA 		.ascii	"\257\302\300\272\2016\015\212\010\207\236\265\252\011"
 602      81360D8A 
 602      08879EB5 
 602      AA09
 603 17c4 D73CED3D 		.ascii	"\327<\355=\347\021\026\031\021\021\252\343"
ARM GAS  /tmp/cc1onbPT.s 			page 49


 603      E7111619 
 603      1111AAE3 
 604 17d0 61B5FEDC 		.ascii	"a\265\376\3349g$\306\006\005[\202\202W\203\262\367\334"
 604      396724C6 
 604      06055B82 
 604      825783B2 
 604      F7DC
 605 17e2 4B402783 		.ascii	"K@'\203\300\007oQ\261\321\"1\366-j\200\000 \000\020"
 605      C0076F51 
 605      B1D12231 
 605      F62D6A80 
 605      00200010 
 606 17f6 BFB2AC59 		.ascii	"\277\262\254Y\0114\\\364\226<\346b\177\001B\032\350"
 606      09345CF4 
 606      963CE662 
 606      7F01421A 
 606      E8
 607 1807 D937A650 		.ascii	"\3317\246P\023t\235wP\360\312\240\340?D\254\0145\231"
 607      13749D77 
 607      50F0CAA0 
 607      E03F44AC 
 607      0C3599
 608 181a 22577AD1 		.ascii	"\"Wz\321\3327\340\341\306\025\006z\376\227\300\037L"
 608      DA37E0E1 
 608      C615067A 
 608      FE97C01F 
 608      4C
 609 182b 6B23570A 		.ascii	"k#W\012A\301x\365*Jd\202\315\024\006)\275j\355\032\317"
 609      41C178F5 
 609      2A4A6482 
 609      CD140629 
 609      BD6AED1A 
 610 1840 C8C0F090 		.ascii	"\310\300\360\220 #X\360Q^\006b\254\263\022n{\2546\205"
 610      202358F0 
 610      515E0662 
 610      ACB3126E 
 610      7BAC3685 
 611 1854 5A03BDE1 		.ascii	"Z\003\275\341\036\364\207\311\274.0\364\255\221\263"
 611      1EF487C9 
 611      BC2E30F4 
 611      AD91B3
 612 1863 86845112 		.ascii	"\206\204Q\022|\2676<H\267\316J\016F+\311\314u!f\353"
 612      7CB7363C 
 612      48B7CE4A 
 612      0E462BC9 
 612      CC752166 
 613 1878 5AD21804 		.ascii	"Z\322\030\004\31482\320\354\353p\305h]\340,\304rK\027"
 613      CC3832D0 
 613      ECEB70C5 
 613      685DE02C 
 613      C4724B17 
 614 188c 1A68B192 		.ascii	"\032h\261\222:g\350\322\3178C\311\211'\201\014\367\214"
 614      3A67E8D2 
 614      CF3843C9 
 614      8927810C 
 614      F78C
 615 189e D67F72D1 		.ascii	"\326\177r\321\024\270n&G\010\220\221t\371FzU\033\264"
ARM GAS  /tmp/cc1onbPT.s 			page 50


 615      14B86E26 
 615      47089091 
 615      74F9467A 
 615      551BB4
 616 18b1 D60CE964 		.ascii	"\326\014\351d5\310\227@\221=*\372\260@PN)\342%\207\312"
 616      35C89740 
 616      913D2AFA 
 616      B040504E 
 616      29E22587 
 617 18c6 4AC2BAD1 		.ascii	"J\302\272\321\362\347\360\320\210\240\037\336\326\237"
 617      F2E7F0D0 
 617      88A01FDE 
 617      D69F
 618 18d4 1B498733 		.ascii	"\033I\2073\376\256\245\302\336F\310r\253\361\367\277"
 618      FEAEA5C2 
 618      DE46C872 
 618      ABF1F7BF 
 619 18e4 5BF91F5F 		.ascii	"[\371\037_\177\263\302;0t}\340F\013p;\024F\325\337\270"
 619      7FB3C23B 
 619      30747DE0 
 619      460B703B 
 619      1446D5DF 
 620 18f9 E236F096 		.ascii	"\3426\360\2260;`\371W+W\254\014X\016\324\016X!\351\017"
 620      303B60F9 
 620      572B57AC 
 620      0C580ED4 
 620      0E5821E9 
 621 190e B384588C 		.ascii	"\263\204X\214k\202\202\030g\000\320\037\301\202'\265"
 621      6B828218 
 621      6700D01F 
 621      C18227B5 
 622 191e 466C19D8 		.ascii	"Fl\031\330\030\027\022n1\231\255`\230F\337\270\370\263"
 622      1817126E 
 622      3199AD60 
 622      9846DFB8 
 622      F8B3
 623 1930 4F3E5DA6 		.ascii	"O>]\246\223j\276\224:+,_\263Ao\205\207\361\367\220\024"
 623      936ABE94 
 623      3A2B2C5F 
 623      B3416F85 
 623      87F1F790 
 624 1945 6F633A70 		.ascii	"oc:p/X\365\023\246\372\273\220\357\" \226a\021\353\010"
 624      2F58F513 
 624      A6FABB90 
 624      EF222096 
 624      6111EB08 
 625 1959 ED640EAE 		.ascii	"\355d\016\256TZ\373\345\322\377\003g\376\251H"
 625      545AFBE5 
 625      D2FF0367 
 625      FEA948
 626              		.text
 627              		.section	.gnu.lto_.symtab.6d36af47e2ed4ae9,"",%progbits
 628 0000 63684D73 		.ascii	"chMsgSend\000"
 628      6753656E 
 628      6400
 629 000a 00       		.ascii	"\000"
 630 000b 00       		.ascii	"\000"
ARM GAS  /tmp/cc1onbPT.s 			page 51


 631 000c 00       		.ascii	"\000"
 632 000d 00000000 		.ascii	"\000\000\000\000\000\000\000\000"
 632      00000000 
 633 0015 90010000 		.ascii	"\220\001\000\000"
 634 0019 63684D73 		.ascii	"chMsgWait\000"
 634      67576169 
 634      7400
 635 0023 00       		.ascii	"\000"
 636 0024 00       		.ascii	"\000"
 637 0025 00       		.ascii	"\000"
 638 0026 00000000 		.ascii	"\000\000\000\000\000\000\000\000"
 638      00000000 
 639 002e 93010000 		.ascii	"\223\001\000\000"
 640 0032 63684D73 		.ascii	"chMsgRelease\000"
 640      6752656C 
 640      65617365 
 640      00
 641 003f 00       		.ascii	"\000"
 642 0040 00       		.ascii	"\000"
 643 0041 00       		.ascii	"\000"
 644 0042 00000000 		.ascii	"\000\000\000\000\000\000\000\000"
 644      00000000 
 645 004a 98010000 		.ascii	"\230\001\000\000"
 646 004e 636800   		.ascii	"ch\000"
 647 0051 00       		.ascii	"\000"
 648 0052 02       		.ascii	"\002"
 649 0053 00       		.ascii	"\000"
 650 0054 00000000 		.ascii	"\000\000\000\000\000\000\000\000"
 650      00000000 
 651 005c FC010000 		.ascii	"\374\001\000\000"
 652 0060 63685363 		.ascii	"chSchGoSleepS\000"
 652      68476F53 
 652      6C656570 
 652      5300
 653 006e 00       		.ascii	"\000"
 654 006f 02       		.ascii	"\002"
 655 0070 00       		.ascii	"\000"
 656 0071 00000000 		.ascii	"\000\000\000\000\000\000\000\000"
 656      00000000 
 657 0079 9C010000 		.ascii	"\234\001\000\000"
 658 007d 63685363 		.ascii	"chSchReadyI\000"
 658      68526561 
 658      64794900 
 659 0089 00       		.ascii	"\000"
 660 008a 02       		.ascii	"\002"
 661 008b 00       		.ascii	"\000"
 662 008c 00000000 		.ascii	"\000\000\000\000\000\000\000\000"
 662      00000000 
 663 0094 A0010000 		.ascii	"\240\001\000\000"
 664 0098 63685363 		.ascii	"chSchWakeupS\000"
 664      6857616B 
 664      65757053 
 664      00
 665 00a5 00       		.ascii	"\000"
 666 00a6 02       		.ascii	"\002"
 667 00a7 00       		.ascii	"\000"
 668 00a8 00000000 		.ascii	"\000\000\000\000\000\000\000\000"
ARM GAS  /tmp/cc1onbPT.s 			page 52


 668      00000000 
 669 00b0 A2010000 		.ascii	"\242\001\000\000"
 670              		.text
 671              		.section	.gnu.lto_.opts,"",%progbits
 672 0000 272D666D 		.ascii	"'-fmath-errno' '-fsigned-zeros' '-ftrapping-math' '"
 672      6174682D 
 672      6572726E 
 672      6F272027 
 672      2D667369 
 673 0033 2D666E6F 		.ascii	"-fno-trapv' '-fno-openmp' '-fno-openacc' '-mcpu=cor"
 673      2D747261 
 673      70762720 
 673      272D666E 
 673      6F2D6F70 
 674 0066 7465782D 		.ascii	"tex-m3' '-mthumb' '-O2' '-fomit-frame-pointer' '-fa"
 674      6D332720 
 674      272D6D74 
 674      68756D62 
 674      2720272D 
 675 0099 6C69676E 		.ascii	"lign-functions=16' '-ffunction-sections' '-fdata-se"
 675      2D66756E 
 675      6374696F 
 675      6E733D31 
 675      36272027 
 676 00cc 6374696F 		.ascii	"ctions' '-fno-common' '-flto'\000"
 676      6E732720 
 676      272D666E 
 676      6F2D636F 
 676      6D6D6F6E 
 677              		.text
 678              		.comm	__gnu_lto_v1,1,1
 679              		.comm	__gnu_lto_slim,1,1
 680              		.ident	"GCC: (GNU) 7.3.0"
ARM GAS  /tmp/cc1onbPT.s 			page 53


DEFINED SYMBOLS
                            *ABS*:0000000000000000 chmsg.c
                            *COM*:0000000000000001 __gnu_lto_v1
                            *COM*:0000000000000001 __gnu_lto_slim

NO UNDEFINED SYMBOLS
