ARM GAS  /tmp/ccgpJl9b.s 			page 1


   1              		.cpu cortex-m3
   2              		.eabi_attribute 20, 1
   3              		.eabi_attribute 21, 1
   4              		.eabi_attribute 23, 3
   5              		.eabi_attribute 24, 1
   6              		.eabi_attribute 25, 1
   7              		.eabi_attribute 26, 1
   8              		.eabi_attribute 30, 2
   9              		.eabi_attribute 34, 1
  10              		.eabi_attribute 18, 4
  11              		.file	"crt1.c"
  12              		.section	.gnu.lto_.profile.b57e986fcc050184,"",%progbits
  13 0000 789C6363 		.ascii	"x\234cc```\001bF\006IQ\000\000\277\000:"
  13      60606001 
  13      62460649 
  13      510000BF 
  13      003A
  14              		.text
  15              		.section	.gnu.lto_.icf.b57e986fcc050184,"",%progbits
  16 0000 789C6363 		.ascii	"x\234cc``Pc@\0006\206\023\217\373\247\2600\202I&0\311"
  16      60605063 
  16      40003686 
  16      138FFBA7 
  16      B0308249 
  17 0017 FCF7E295 		.ascii	"\374\367\342\225\033\354,'\276\377}\314\312z\361\333"
  17      1BEC2C27 
  17      BEFF7DCC 
  17      CA7AF1DB 
  18 0027 C61E3E06 		.ascii	"\306\036>\006\000kV\022\357"
  18      006B5612 
  18      EF
  19              		.text
  20              		.section	.gnu.lto_.jmpfuncs.b57e986fcc050184,"",%progbits
  21 0000 789C6363 		.ascii	"x\234cc``\020d@\000V fd``b``f``\001r\000\003o\000'"
  21      60601064 
  21      40005620 
  21      66646060 
  21      62606066 
  22              		.text
  23              		.section	.gnu.lto_.inline.b57e986fcc050184,"",%progbits
  24 0000 789C6363 		.ascii	"x\234cc``\210c@\000V\006\006f&F\006& \223m\201<\210"
  24      60608863 
  24      40005606 
  24      06662646 
  24      06262093 
  25 0018 6260C410 		.ascii	"b`\304\020a\302\020a\006\362 \",`\022H\211\374`\001"
  25      61C21061 
  25      06F22022 
  25      2C601248 
  25      89FC6001 
  26 002c 8A289DF8 		.ascii	"\212(\235\370\341\303\300\326\001Q\305\000\000\376\366"
  26      E1C3C0D6 
  26      0151C500 
  26      00FEF6
  27 003b 06DC     		.ascii	"\006\334"
  28              		.text
  29              		.section	.gnu.lto_.pureconst.b57e986fcc050184,"",%progbits
ARM GAS  /tmp/ccgpJl9b.s 			page 2


  30 0000 789C6363 		.ascii	"x\234cc``\340\006bV\006\011F\011&\011f\023\026)\000"
  30      6060E006 
  30      62560609 
  30      46092609 
  30      66131629 
  31 0015 043700B7 		.ascii	"\0047\000\267"
  32              		.text
  33              		.section	.gnu.lto___core_init.b57e986fcc050184,"",%progbits
  34 0000 789C6363 		.ascii	"x\234cc``\250\003b+ \226\006bFf\006F\246\011\347\030"
  34      6060A803 
  34      622B2096 
  34      06624666 
  34      0646A609 
  35 0016 181A3998 		.ascii	"\030\0329\230\030\031A\214\006\016F\206z&\306z\306\036"
  35      1819418C 
  35      060E4686 
  35      7A26C67A 
  35      C61E
  36 0028 E629CC8C 		.ascii	"\346)\314\214\207\332\237\355d\322\\\336\000\004\007"
  36      87DA9FED 
  36      64D25CDE 
  36      000407
  37 0037 A66FE26A 		.ascii	"\246o\342jkh\225\230\303\314\3000\015\210A\200q3\243"
  37      6B689598 
  37      C3CCC030 
  37      0D884180 
  37      7133A3
  38 004a 260350D9 		.ascii	"&\003P\331\243\215\377\246\362\262\261@\304\031\267"
  38      A38DFFA6 
  38      F2B2B140 
  38      C419B7
  39 0059 30B23130 		.ascii	"0\26210\002\031\353/\261\036h\370\367\277\275\341\300"
  39      0219EB2F 
  39      B11E68F8 
  39      F7BFBDE1 
  39      C0
  40 006a 91C58CFB 		.ascii	"\221\305\214\373\275\230\030\030:\200\362@K\032\016"
  40      BD981818 
  40      3A80F240 
  40      4B1A0E
  41 0079 30743233 		.ascii	"0t23\201X\315\007\030\33616)\200\265\200@\0073#H\030"
  41      8158CD07 
  41      18DE3136 
  41      2980B580 
  41      40073323 
  42 008f A8D4424F 		.ascii	"\250\324BO\3379#3)\323?X?\277X?9?77?O\277\270$\261\250"
  42      DF392333 
  42      29D33F58 
  42      3FBF583F 
  42      393F3737 
  43 00aa A4B440DF 		.ascii	"\244\264@\3371\310\327\331\267\002$Z\220\231\223ZT\254"
  43      31C8D7D9 
  43      B702245A 
  43      9099935A 
  43      54AC
  44 00bc EFEEECAC 		.ascii	"\357\356\354\254\237\\Tb\250\227\314\000\000(\354>\206"
  44      9F5C5462 
ARM GAS  /tmp/ccgpJl9b.s 			page 3


  44      A897CC00 
  44      0028EC3E 
  44      86
  45              		.text
  46              		.section	.gnu.lto___early_init.b57e986fcc050184,"",%progbits
  47 0000 789C6363 		.ascii	"x\234cc``\250\001b+ \226\006bFf\006F\246\011\347\030"
  47      6060A801 
  47      622B2096 
  47      06624666 
  47      0646A609 
  48 0016 181A3998 		.ascii	"\030\0329\230\030\031A\214\006\016F\206z&\306z\306\036"
  48      1819418C 
  48      060E4686 
  48      7A26C67A 
  48      C61E
  49 0028 E629CC8C 		.ascii	"\346)\314\214\207\332\237\355d\322\\\336\000\004\007"
  49      87DA9FED 
  49      64D25CDE 
  49      000407
  50 0037 A6FFE06A 		.ascii	"\246\377\340jkh\225\230\303\314\3000\015\210A\200q3"
  50      6B689598 
  50      C3CCC030 
  50      0D884180 
  50      7133
  51 0049 A3260350 		.ascii	"\243&\003P\331\243\215\377\246\362\262\261@\304\031"
  51      D9A38DFF 
  51      A6F2B2B1 
  51      40C419
  52 0058 B730B231 		.ascii	"\2670\26210\002\031\353/\261\036h\370\367\277\275\341"
  52      300219EB 
  52      2FB11E68 
  52      F8F7BFBD 
  52      E1
  53 0069 C0196566 		.ascii	"\300\031ef&\006\206\016\240,\320\212\206\003\014\235"
  53      2606860E 
  53      A02CD08A 
  53      86030C9D 
  54 0079 402E90D5 		.ascii	"@.\220\325|\200\341\035c\223\002X\003\010t03\202\204"
  54      7C80E11D 
  54      63930258 
  54      03087430 
  54      338284
  55 008c 814A2DF4 		.ascii	"\201J-\364\364\23532\2232\375\203\365\363\213\365\223"
  55      F49D3332 
  55      9332FD83 
  55      F5F38BF5 
  55      93
  56 009d F37373F3 		.ascii	"\363ss\363\363\364\213K\022\213JJ\013\364\035\203|\235"
  56      F3F48B4B 
  56      128B4A4A 
  56      0BF41D83 
  56      7C9D
  57 00af 7D2B40A2 		.ascii	"}+@\242\005\2319\251E\305\372\356\316\316\372\311E%"
  57      059939A9 
  57      45C5FAEE 
  57      CECEFAC9 
  57      4525
ARM GAS  /tmp/ccgpJl9b.s 			page 4


  58 00c1 867AC90C 		.ascii	"\206z\311\014\000x6=K"
  58      0078363D 
  58      4B
  59              		.text
  60              		.section	.gnu.lto___late_init.b57e986fcc050184,"",%progbits
  61 0000 789C6363 		.ascii	"x\234cc``\250\001b+ \226\006bFf\006F\246\011\347\030"
  61      6060A801 
  61      622B2096 
  61      06624666 
  61      0646A609 
  62 0016 181A3998 		.ascii	"\030\0329\230\030\031A\214\006\016F\206z&\306z\306\036"
  62      1819418C 
  62      060E4686 
  62      7A26C67A 
  62      C61E
  63 0028 E629CC8C 		.ascii	"\346)\314\214\207\332\237\355d\322\\\336\000\004\007"
  63      87DA9FED 
  63      64D25CDE 
  63      000407
  64 0037 A66FE16E 		.ascii	"\246o\341nkh\225\230\303\314\3000\015\210A\200q3\243"
  64      6B689598 
  64      C3CCC030 
  64      0D884180 
  64      7133A3
  65 004a 260350D9 		.ascii	"&\003P\331\243\215\377\246\362\262\261@\304\031\267"
  65      A38DFFA6 
  65      F2B2B140 
  65      C419B7
  66 0059 30B23130 		.ascii	"0\26210\002\031\353/\261\036h\370\367\277\275\341\300"
  66      0219EB2F 
  66      B11E68F8 
  66      F7BFBDE1 
  66      C0
  67 006a 11656626 		.ascii	"\021ef&\006\206\016\240,\320\212\206\003\014\235@.\220"
  67      06860EA0 
  67      2CD08A86 
  67      030C9D40 
  67      2E90
  68 007c D57C80E1 		.ascii	"\325|\200\341\035c\223\002X\003\010t03\202\204\201J"
  68      1D639302 
  68      58030874 
  68      30338284 
  68      814A
  69 008e 2DF4F49D 		.ascii	"-\364\364\23532\2232\375\203\365\363\213\365\223\363"
  69      33329332 
  69      FD83F5F3 
  69      8BF593F3 
  70 009e 7373F3F3 		.ascii	"ss\363\363\364\213K\022\213JJ\013\364\035\203|\235}"
  70      F48B4B12 
  70      8B4A4A0B 
  70      F41D837C 
  70      9D7D
  71 00b0 2B40A205 		.ascii	"+@\242\005\2319\251E\305\372\356\316\316\372\311E%\206"
  71      9939A945 
  71      C5FAEECE 
  71      CEFAC945 
  71      2586
ARM GAS  /tmp/ccgpJl9b.s 			page 5


  72 00c2 7AC90C00 		.ascii	"z\311\014\000I\371=\000"
  72      49F93D00 
  73              		.text
  74              		.section	.gnu.lto___default_exit.b57e986fcc050184,"",%progbits
  75 0000 789C6363 		.ascii	"x\234cc``\250\005b+ 6\007bFV\006F\246\011\347\030\030"
  75      6060A805 
  75      622B2036 
  75      07624656 
  75      0646A609 
  76 0017 1A399818 		.ascii	"\0329\230\030\231!\014fF\026\010\203\005\"\342\310\310"
  76      99210C66 
  76      46160883 
  76      0522E2C8 
  76      C8
  77 0028 50CFC4CC 		.ascii	"P\317\304\314\302\010$\030\240\240\207y\0123\343\241"
  77      C2082418 
  77      A0A08779 
  77      0A33E3A1 
  78 0038 F6673B99 		.ascii	"\366g;\2314\2277\000\301\201\351\367\270\333\032Z%\346"
  78      34973700 
  78      C181E9F7 
  78      B8DB1A5A 
  78      25E6
  79 004a 00554C83 		.ascii	"\000UL\203\252b\334\314\250\311\000T\366h\343\277\251"
  79      AA62DCCC 
  79      A8C90054 
  79      F668E3BF 
  79      A9
  80 005b BC6C2C10 		.ascii	"\274l,\020q\306-\214l\014\214@\306\372K\254\007\032"
  80      71C62D8C 
  80      6C0C8C40 
  80      C6FA4BAC 
  80      071A
  81 006d FEFD6F6F 		.ascii	"\376\375oo8pg1\343Oo\240P\007P\236\261\341\000\220f"
  81      38706731 
  81      E34F6FA0 
  81      5007509E 
  81      B1E10090 
  82 0082 62606C04 		.ascii	"b`l\004\321\314\014@\353\233A,\026\020\213\261\203\231"
  82      D1CC0C40 
  82      EB9B412C 
  82      16108BB1 
  82      8399
  83 0094 116CB285 		.ascii	"\021l\262\205\236\276sFfR\246\177\260~~\261~r~nn~\236"
  83      9EBE7346 
  83      6652A67F 
  83      B07E7EB1 
  83      7E727E6E 
  84 00ab 7E714962 		.ascii	"~qIbQIi\201\276c\220\257\263o\005H\264 3'\265\250X\337"
  84      51496981 
  84      BE6390AF 
  84      B36F0548 
  84      B4203327 
  85 00c3 DDD9593F 		.ascii	"\335\331Y?\271\250\304P/\231\001\000m\017Ay"
  85      B9A8C450 
  85      2F990100 
  85      6D0F4179 
ARM GAS  /tmp/ccgpJl9b.s 			page 6


  86              		.text
  87              		.section	.gnu.lto___init_ram_areas.b57e986fcc050184,"",%progbits
  88 0000 789C9555 		.ascii	"x\234\225U\315oTU\024?\347\335\3675\357M'\223\016\013"
  88      CD6F5455 
  88      143FE7DD 
  88      F735EF4D 
  88      27930E0B 
  89 0014 178474D3 		.ascii	"\027\204t\323\005\033&\3355\2720\315,tCL\364\037\020"
  89      051B26DD 
  89      35BA30CD 
  89      2C74434C 
  89      F41F10
  90 0027 AB894DC4 		.ascii	"\253\211M\304N\332\222\270r\036\375\200)\020%D>2\231"
  90      4EDA92B8 
  90      721EFD80 
  90      29102544 
  90      3E3299
  91 003a E2282658 		.ascii	"\342(&X\243\216\006\324v\372\365:\255P\260S\354\010"
  91      A38E06D4 
  91      76FAF53A 
  91      AD50B053 
  91      EC08
  92 004c 8490EA02 		.ascii	"\204\220\352\002(\243\305/l%\241b\365\234{\337\310\320"
  92      28A3C52F 
  92      6C25A162 
  92      F59C7BDF 
  92      C8D0
  93 005e 2AEA24BD 		.ascii	"*\352$\275\357\336w\177\347w\316\371\235\363NM\0008"
  93      EFDE777F 
  93      E777CEF9 
  93      9DF34E4D 
  93      0038
  94 0070 6E0224E8 		.ascii	"n\002$\350\371>\375a\035\240vp\016`\267\255\241P\033"
  94      F93EFD61 
  94      1DA07670 
  94      0E60B7AD 
  94      A1501B
  95 0083 8186DAE8 		.ascii	"\201\206\332\350j3i\033\232~\272\010\3409\356\202\013"
  95      6A33691B 
  95      9A7EBA08 
  95      E039EE82 
  95      0B
  96 0094 5ED8459B 		.ascii	"^\330E\233\337\243\245\236\223\266\255Y\352>$\357CZ"
  96      DFA3A59E 
  96      93B6AD59 
  96      EA3E24EF 
  96      435A
  97 00a6 F8C3693E 		.ascii	"\370\303i>:\327Bt\014+\342\026\007\221\237\236\215\220"
  97      3AD74274 
  97      0C2BE216 
  97      07919F9E 
  97      8D90
  98 00b8 D2846EB8 		.ascii	"\322\204n\270\226\035\012;\230\322\005\240\257\023\333"
  98      961D0A3B 
  98      98D205A0 
  98      AF13DB
  99 00c7 5F0B0506 		.ascii	"_\013\005\006\006\004?\273\2729 \336\020X\334{sX\333"
ARM GAS  /tmp/ccgpJl9b.s 			page 7


  99      06043FBB 
  99      BA3920DE 
  99      1058DC7B 
  99      7358DB
 100 00da 7AD2A39F 		.ascii	"z\322\243\237\177\364Pd\217\327\367HV\000\034\021\012"
 100      7FF45064 
 100      8FD7F748 
 100      56001C11 
 100      0A
 101 00eb 83A7702B 		.ascii	"\203\247p+\020l\276\367\243\254\330/\262\002Q\247\343"
 101      106CBEF7 
 101      A3ACD82F 
 101      B20251A7 
 101      E3
 102 00fc ED52E67A 		.ascii	"\355R\346z\204\217\0326\320\261\367\315w\363\272x\014"
 102      848F1A36 
 102      D0B1F7CD 
 102      77F3BA78 
 102      0C
 103 010d 19F9537A 		.ascii	"\031\371Sz\361F\244\361\204\347u{\3767C\233N\364x3\236"
 103      F146A4F1 
 103      84E7757B 
 103      FE37439B 
 103      4EF47833 
 104 0122 9E15023F 		.ascii	"\236\025\002?EA\254\370\011n\306\323\270Y\262\023\374"
 104      4541ACF8 
 104      096EC6D3 
 104      B859B213 
 104      FC
 105 0133 DAC76B87 		.ascii	"\332\307k\207\353L\035?\303F\345\024\207\320D\272\230"
 105      EB4C1D3F 
 105      C346E514 
 105      87D044BA 
 105      98
 106 0144 F5FBF38E 		.ascii	"\365\373\363\216x\\r\376vtxQ\0178\327\206\266\274\025"
 106      785C72FE 
 106      76747851 
 106      0F38D786 
 106      B6BC15
 107 0157 70EA38FC 		.ascii	"p\3528\374\267\234\323\213\367\312\256h\221\246\267"
 107      B79CD38B 
 107      F7CAAE68 
 107      91A6B7
 108 0166 D23327ED 		.ascii	"\3223'\355\300\364\227\346\214\347\3676\260\341\310"
 108      C0F497E6 
 108      8CE7F736 
 108      B0E1C8
 109 0175 438319C5 		.ascii	"C\203\031\305F,P@\034\013E4F\021\001\010\216\261z\225"
 109      462C5040 
 109      1C0B4534 
 109      46110108 
 109      8EB17A95 
 110 0189 2F1BBEB7 		.ascii	"/\033\276\267\366\307^\317\237k\036[Y\210mB\310\012"
 110      F6C75ECF 
 110      9F6B1E5B 
 110      59886D42 
 110      C80A
ARM GAS  /tmp/ccgpJl9b.s 			page 8


 111 019b 43A385D4 		.ascii	"C\243\205\324\247E\007F\033\300x\023\330\302\222kX\276"
 111      A7450746 
 111      1BC07813 
 111      D8C2926B 
 111      58BE
 112 01ad A993FB88 		.ascii	"\251\223\373\210\304D\345\276^\2561y\013\220&!F\321"
 112      C444E5BE 
 112      5EAE3179 
 112      0B902621 
 112      46D1
 113 01bf F3A15F68 		.ascii	"\363\241_h\264\351\361\341&v\347\362\331G\2458dD\261"
 113      B4E9F1E1 
 113      2676E7F2 
 113      D947A538 
 113      6444B1
 114 01d2 1EE92B5E 		.ascii	"\036\351+^\260\270\004\246\314\263gub9\222\372\335\243"
 114      B0B804A6 
 114      CCB36775 
 114      623992FA 
 114      DDA3
 115 01e4 EA9939A1 		.ascii	"\352\2319\241\322\271;\377C\332\315\341\361\335\321"
 115      D2B93BFF 
 115      43DACDE1 
 115      F1DDD1
 116 01f3 ACB07002 		.ascii	"\254\260p\002S8\316\2712\372\235S}H\350c\236\227{[c"
 116      5338CEB9 
 116      32FA9D53 
 116      7D48E863 
 116      9E977B5B 
 117 0208 0E1F7394 		.ascii	"\016\037s\224#Nb\212l\373\205\200\005W\272\325d\220"
 117      234E628A 
 117      6CFB8580 
 117      0557BAD5 
 117      6490
 118 021a 19A1C312 		.ascii	"\031\241\303\022v\027\276{\255b\261\034\031\021\256"
 118      7617BE7B 
 118      AD62B11C 
 118      1911AE
 119 0229 0D41C810 		.ascii	"\015A\310\020F\213\2453&\273\243^\312\215\263 6\331"
 119      468BA533 
 119      26BBA35E 
 119      CA8DB320 
 119      36D9
 120 023b 6131F079 		.ascii	"a1\360y{\377\241+\030\377\300;\350yT\202\020N\221\307"
 120      7BFFA12B 
 120      18FFC03B 
 120      E8795482 
 120      104E91C7 
 121 024f C3B2CD70 		.ascii	"\303\262\315p\032\3432\303W\245\324\243\354/,\375\015"
 121      1AE332C3 
 121      57A5D4A3 
 121      EC2F2CFD 
 121      0D
 122 0260 BE1EB8AB 		.ascii	"\276\036\270\253[\317_\370W\376\317%?2\377\231\007\370"
 122      5BCF5FF8 
 122      57FECF25 
 122      3F32FF99 
ARM GAS  /tmp/ccgpJl9b.s 			page 9


 122      07F8
 123 0272 0BCC5F07 		.ascii	"\013\314_\007pG\266rU8\226\"\237}\262*\037\236\305\224"
 123      7047B672 
 123      55389622 
 123      9F7DB22A 
 123      1F9EC594 
 124 0286 568E6444 		.ascii	"V\216dD$\\\2705\211$\211\016\364M\222&\024\327\275}"
 124      245CB835 
 124      8924890E 
 124      F44D9226 
 124      14D7BD7D 
 125 029a 63CB4915 		.ascii	"c\313I\025\030\326\352\240o\320\201\"q2\302\300\031"
 125      18D6EAA0 
 125      6FD08122 
 125      7132C2C0 
 125      19
 126 02ab 0E12CFB1 		.ascii	"\016\022\317\261\310d\177q\337\240`\363\365Im\221h3"
 126      C8647F71 
 126      DFA060F3 
 126      F5496D91 
 126      6833
 127 02bd 409F2734 		.ascii	"@\237'49 \203\236\354\236\322\362\263\312a=\003\270"
 127      3920839E 
 127      EC9ED2F2 
 127      B3CA613D 
 127      03B8
 128 02cf 6729A186 		.ascii	"g)\241\206\373\371\324+\330\327\313\317+X\214\275>\000"
 128      FBF9D42B 
 128      D8D7CBCF 
 128      2B588CBD 
 128      3E00
 129 02e1 93B2C664 		.ascii	"\223\262\306du\015\240\301Q-\25747\325^b\014U\352L\305"
 129      750DA0C1 
 129      512DAF34 
 129      37D55E62 
 129      0C55EA4C 
 130 02f6 5154DAC6 		.ascii	"QT\332\306\234\036*\374\027Rx\215E\234%\341\027\261"
 130      9C1E2AFC 
 130      1752788D 
 130      459C25E1 
 130      17B1
 131 0308 F7CAD402 		.ascii	"\367\312\324\002\006\\\354\012X{\203j,\256^\277K)\306"
 131      065CEC0A 
 131      587B836A 
 131      2CAE5EBF 
 131      4B29C6
 132 031b F442E51C 		.ascii	"\364B\345\034\336\221u\026\253\362U\275\236\251\220"
 132      DE917516 
 132      ABF255BD 
 132      9EA990
 133 032a EA69E152 		.ascii	"\352i\341R#b\277\260\356\213\277\362\355{g\315\177V"
 133      2362BFB0 
 133      EE8BBFF2 
 133      ED7B67CD 
 133      7F56
 134 033c CF0AD42B 		.ascii	"\317\012\324+Q\024\265\265q\020p\216n\244Lc\277\006"
 134      5114B5B5 
ARM GAS  /tmp/ccgpJl9b.s 			page 10


 134      7110708E 
 134      6EA44C63 
 134      BF06
 135 034e 6A46D960 		.ascii	"jF\331`\243\232Q)\223\275A&KI3X\225F\374Oi.Hid\177}"
 135      A39A5129 
 135      93BD4126 
 135      4B493358 
 135      9546FC4F 
 136 0369 B95E1AC1 		.ascii	"\271^\032\301\364R\032\213Dr\201\242\260V\227d\353\205"
 136      F4521A8B 
 136      447281A2 
 136      B0569764 
 136      EB85
 137 037b D4D72843 		.ascii	"\324\327(C\277\264K\301\2515\271}\313?\317\016\270j"
 137      BFB44BC1 
 137      A935B97D 
 137      CB3FCF0E 
 137      B86A
 138 038d 304771BE 		.ascii	"0Gq\2766\021\371\331F\330\307\334\324Z\301\344\321A"
 138      3611F9D9 
 138      46D8C7DC 
 138      D45AC1E4 
 138      D141
 139 039f 6732C98C 		.ascii	"g2\311\214\254\2347\330\204\376\357\374\247\311\361"
 139      AC9C37D8 
 139      84FEEFFC 
 139      A7C9F1
 140 03ae 55CDE498 		.ascii	"U\315\344\230\270:~Lo\312sF\271%\244t\361\"\345\204"
 140      B83A7E4C 
 140      6FCA7346 
 140      B925A474 
 140      F122E584 
 141 03c2 65354409 		.ascii	"e5D\011P\032\370\376\262Y\035-\310\263\341\0226Q\276"
 141      501AF8FE 
 141      B2591D2D 
 141      C8B3E112 
 141      3651BE
 142 03d5 97E564E1 		.ascii	"\227\345d\341\331\026\206\234C%u`\204'\333\217\364]"
 142      D916869C 
 142      43257560 
 142      8427DB8F 
 142      F45D
 143 03e7 5606508D 		.ascii	"V\006P\215Zy\217tA\335\323\274-\236x\261\355\271\266"
 143      5A798F74 
 143      41DDD3BC 
 143      2D9E78B1 
 143      EDB9B6
 144 03fa A79E89B7 		.ascii	"\247\236\211\267w\306[\333w\356l\1779\336\331\265\243"
 144      77C65BDB 
 144      77EE6C7F 
 144      39DED9B5 
 144      A3
 145 040b A36B5732 		.ascii	"\243kW2\336\362\364\366\304\366W\370m\262\355\245\027"
 145      DEF2F4F6 
 145      C4F657F8 
 145      6DB2EDA5 
 145      17
ARM GAS  /tmp/ccgpJl9b.s 			page 11


 146 041c 3A3AE34F 		.ascii	"::\343O$\022\361\326\216\256\246m\255 :v$1\251u%\377"
 146      2412F1D6 
 146      8EAEA66D 
 146      AD203A76 
 146      2431A975 
 147 0432 04292640 		.ascii	"\004)&@o"
 147      6F
 148              		.text
 149              		.section	.gnu.lto_ram_areas.b57e986fcc050184,"",%progbits
 150 0000 789C75D1 		.ascii	"x\234u\321\311K[Q\024\006\360{rM\242\326\251V\255\266"
 150      C94B5B51 
 150      1406F07B 
 150      724DA2D6 
 150      A956ADB6 
 151 0014 69FB1FF8 		.ascii	"i\373\037\370\320Up\245dQ\\\210\240\177\201\015B\003"
 151      D05570A5 
 151      64515C88 
 151      A07F810D 
 151      4203
 152 0026 6A2449A1 		.ascii	"j$I\241\270\311[(\210\242+]\231E\300BWR\241\255\232"
 152      B8C95B28 
 152      88A22B5D 
 152      9945C042 
 152      5752A1AD 
 153 003b 380F69B5 		.ascii	"8\017i\265u\250\263\255\255\003\210\005q\345\200\240"
 153      75A8B3AD 
 153      AD038805 
 153      71E580A0 
 154 004b 16BDC9F7 		.ascii	"\026\275\311\367\026\345\205\363\026\357\203s.\037?"
 154      16E585F3 
 154      16EF8373 
 154      2E1F3F
 155 005a EEB50921 		.ascii	"\356\265\011!*\255B\224\011|=\222\"\221\323]{\360\237"
 155      2AAD4294 
 155      097C3D92 
 155      2291D35D 
 155      7BF09F
 156 006d DEAEEB07 		.ascii	"\336\256\353\007\235'\262%$EX&\255\302\307\226\304\202"
 156      9D27B225 
 156      24455826 
 156      ADC2C796 
 156      C482
 157 007f 92179458 		.ascii	"\222\027\224XX\222\026\271\211\271L\314/\217\217&S\235"
 157      589216B9 
 157      89B94CCC 
 157      2F8F8F26 
 157      539D
 158 0091 437A7B58 		.ascii	"Cz{X/\017I\352\225\202\206(\330+\211>\307\303B\237\342"
 158      2F0F49EA 
 158      95828628 
 158      D82B893E 
 158      C7C3429F 
 159 00a6 21E92305 		.ascii	"!\351#\005\343\307/:\332\256d\247\014\251\205\335\324"
 159      E3C72F3A 
 159      DAAE64A7 
 159      0CA985DD 
 159      D4
ARM GAS  /tmp/ccgpJl9b.s 			page 12


 160 00b7 7AD70D61 		.ascii	"z\327\015a\012'\264rB\033#\264s\3021\010G!\214B\030"
 160      0A27B472 
 160      421B23B4 
 160      73C23108 
 160      47218C42 
 161 00cc 81F0E866 		.ascii	"\201\360\350f \232\005\241\315\324zn\010S9a\032'Lg\204"
 161      209A05A1 
 161      CDD47A6E 
 161      08533961 
 161      1A274C67 
 162 00e1 0F38E10C 		.ascii	"\0178\341\014\204\323\020NA8\011\341\302\273\350m\006"
 162      84D3104E 
 162      413809E1 
 162      C2BBE86D 
 162      06
 163 00f2 845653EB 		.ascii	"\204VS\353_C\230\301\01139a\026#\314\346\204\363\020"
 163      5F4398C1 
 163      09333961 
 163      1623CCE6 
 163      84F310
 164 0105 7E85F00B 		.ascii	"~\205\360\013\2041\010W[\007C\306+\247\230ZG\015a\016"
 164      84310857 
 164      5B0743C6 
 164      2BA7985A 
 164      470D610E 
 165 0119 277CC809 		.ascii	"'|\310\011s\031\341#N\270\014\341\022\204\213\020~\207"
 165      7319E123 
 165      4EB80CE1 
 165      12848B10 
 165      7E87
 166 012b 70E66CF0 		.ascii	"p\346l\360\275q\207\322\324\372\301\020\346q\302|NX"
 166      BD7187D2 
 166      D4FAC110 
 166      E671C27C 
 166      4E58
 167 013d C0081F73 		.ascii	"\300\010\037s\302\015\010\327!\\\203p\025\302\330\335"
 167      C20D08D7 
 167      215C8370 
 167      15C2D8DD 
 168 014d D5543684 		.ascii	"\325T6\204\026Sk\277!,\344\204E\234\360\011#|\312\011"
 168      16536BBF 
 168      212CE484 
 168      459CF009 
 168      237CCA09 
 169 0161 7F41F813 		.ascii	"\177A\370\023\302\035\010\267!\374\277\346\246\013$"
 169      C21D08B7 
 169      21FCBFE6 
 169      A60B24
 170 0170 07477AC6 		.ascii	"\007Gz\306\221\2363\244\027\034i\037\244=\220\376\200"
 170      919E33A4 
 170      171C691F 
 170      A43D90FE 
 170      80
 171 0181 F41BA4D6 		.ascii	"\364\033\244\326\276\330\265\035\307uuu\222J\034t@N"
 171      BED8B51D 
 171      C7757575 
 171      924A1C74 
ARM GAS  /tmp/ccgpJl9b.s 			page 13


 171      404E
 172 0193 2A75D0AE 		.ascii	"*u\320\256\212-r\320\246\312\037*WT~S\271\240rN\345"
 172      8A2D72D0 
 172      A6CA1F2A 
 172      57547E53 
 172      B9A0724E 
 173 01a8 ACCA0995 		.ascii	"\254\312\011\225\343*GT\016\223S\320\241\3729\2135\327"
 173      E32A4754 
 173      0E9353D0 
 173      A1FA398B 
 173      35D7
 174 01ba 6BCF2B4F 		.ascii	"k\317+Ou\255\346\365knoc\243\267I\363\007\352|\2017"
 174      75ADE6F5 
 174      6B6E6F63 
 174      A3B749F3 
 174      07EA7C81 
 175 01cf CD5A454D 		.ascii	"\315ZEM\225\253\352m|\332\354i\250\367\371\265\227."
 175      95ABEA6D 
 175      7CDAEC69 
 175      A8F7F9B5 
 175      972E
 176 01e1 97E6F605 		.ascii	"\227\346\366\005J\212\335\342\036j\357\015\303"
 176      4A8ADDE2 
 176      1E6AEF0D 
 176      C3
 177              		.text
 178              		.section	.gnu.lto_.symbol_nodes.b57e986fcc050184,"",%progbits
 179 0000 789C55CD 		.ascii	"x\234U\315\311Q\002a\024E\341\323\023\203\0108 \212"
 179      C9510261 
 179      1445E1D3 
 179      13830838 
 179      208A
 180 0012 20829910 		.ascii	" \202\231\020\214q\374\035\002\361\270cp\000\264\001"
 180      8C71FC1D 
 180      02F1B863 
 180      7000B401 
 181 0022 41440541 		.ascii	"AD\005A\004\343\260\373n\250\336\274\257\352\324\255"
 181      04E3B0FB 
 181      6EA8DEBC 
 181      AFEAD4AD 
 182 0032 7A09E0D6 		.ascii	"z\011\340\326\012\217\335\306@3 \342\316o\204\245\203"
 182      0A8FDDC6 
 182      403320E2 
 182      CE6F84A5 
 182      83
 183 0043 B1E2A58B 		.ascii	"\261\342\245\213\261\343\345\036\343\354K=,\017\030"
 183      B1E3E51E 
 183      E3EC4B3D 
 183      2C0F18
 184 0052 37B6F15A 		.ascii	"7\266\361Z\340\337\200\343=b\325\302W\336\023\266\354"
 184      E0DF80E3 
 184      3D62D5C2 
 184      57DE13B6 
 184      EC
 185 0063 E1C83EAE 		.ascii	"\341\310>\256\034\340\311g\022\362\205\244\014H\311"
 185      1CE0C967 
 185      12F285A4 
ARM GAS  /tmp/ccgpJl9b.s 			page 14


 185      0C48C9
 186 0072 216939E2 		.ascii	"!i9\342@\216\311\310W\016\345\204\254\234\222\223o\344"
 186      408EC9C8 
 186      570EE584 
 186      AC9C9293 
 186      6FE4
 187 0084 E58C23F9 		.ascii	"\345\214#\371\316\261\234s\"?8\225\237\024\344\027g"
 187      CEB19C73 
 187      223F3895 
 187      9F14E417 
 187      67
 188 0095 7241512E 		.ascii	"rAQ.9\227\337\\\310\025%\271\346R\376P\226\033*\362"
 188      3997DF5C 
 188      C81525B9 
 188      E652FE50 
 188      961B2AF2 
 189 00a9 972BB9A5 		.ascii	"\227+\271\245*w\\\313?j\221\374\003\244\033:S"
 189      2A775CCB 
 189      3F6A91FC 
 189      03A41B3A 
 189      53
 190              		.text
 191              		.section	.gnu.lto_.refs.b57e986fcc050184,"",%progbits
 192 0000 789C0DC3 		.ascii	"x\234\015\303\007\016\202@\000\000\260K\3031\004\007"
 192      070E8240 
 192      0000B04B 
 192      C3310407 
 193 0010 20C301A2 		.ascii	" \303\001\242\340k\374\377\177\244I\323\020\302o/\021"
 193      E06BFCFF 
 193      7FA449D3 
 193      10C26F2F 
 193      11
 194 0021 89D312A5 		.ascii	"\211\323\022\2452\271\302A\251rtrvQk\264\256:\275\301"
 194      32B9C241 
 194      A9727472 
 194      76516BB4 
 194      AE3ABDC1 
 195 0035 E8E6EEE1 		.ascii	"\350\346\356\341i2{Y\274}\2546\337\360\007|\323\003"
 195      69327B59 
 195      BC7DAC36 
 195      DFF0077C 
 195      D303
 196 0047 9A       		.ascii	"\232"
 197              		.text
 198              		.section	.gnu.lto_.decls.b57e986fcc050184,"",%progbits
 199 0000 789C9D97 		.ascii	"x\234\235\227[PT\331\025\206\317\356\335@\3234\015\205"
 199      5B5054D9 
 199      1586CFEE 
 199      DD40D334 
 199      0D85
 200 0012 D6949562 		.ascii	"\326\224\225b\022b1\221JFz\360\376\224\232\224\0173"
 200      12623191 
 200      4A467AF0 
 200      FE949A94 
 200      0F33
 201 0024 2F935425 		.ascii	"/\223T%\225\227<\244\207\301NI\005\033\013\232D+/G\021"
 201      95973CA4 
ARM GAS  /tmp/ccgpJl9b.s 			page 15


 201      87C14E49 
 201      051B0B9A 
 201      442B2F47 
 202 0039 1585A151 		.ascii	"\025\205\241Q\021\271( \210\200x\301\021P\020\005\024"
 202      11B92820 
 202      888078C1 
 202      11501005 
 202      14
 203 004a 04E4222A 		.ascii	"\004\344\"*\340\215\213\002\212\016 \"\242\010\003Y"
 203      E08D8B02 
 203      8A0E2022 
 203      A2080359 
 204 005a 7BEDD3D7 		.ascii	"{\355\323\327\015\231\252\234\342\357>{\237\365\177"
 204      0D99AA9C 
 204      E2EF3E7B 
 204      9FF57F
 205 0069 6B9DB5F7 		.ascii	"k\235\265\3679\325xJ\222t\334_\222\216PI\332\243\222"
 205      39D5784A 
 205      9274DC5F 
 205      928E5049 
 205      DAA392
 206 007c A40538BC 		.ascii	"\244\0058\274`\256Nr\034\036\240\032P-\350\006\250\011"
 206      60AE4E72 
 206      1C1EA01A 
 206      502DE806 
 206      A809
 207 008e D402FA35 		.ascii	"\324\002\3725h\0344\001\232\004M\201\246A\037@\037A"
 207      681C3401 
 207      9A044D81 
 207      A6411F40 
 207      1F41
 208 00a0 73A07906 		.ascii	"s\240y\006 \222\244\002\251A\236 \015H\013\322\201\364"
 208      2092A402 
 208      A9419E20 
 208      0D480BD2 
 208      81F4
 209 00b2 207F5000 		.ascii	" \177P\000h9\350\023\320\012\320/@\201\240_\202\202"
 209      6839E813 
 209      D00AD02F 
 209      4081A05F 
 209      8282
 210 00c4 402B41C1 		.ascii	"@+A\301\240\337\200B@\277\005}\016\012%\222\313\361"
 210      A0DF8042 
 210      40BF057D 
 210      0E0A2592 
 210      CBF1
 211 00d6 1F82E9A4 		.ascii	"\037\202\351\244o\2251Qjw?v-\022W\273H\334\276E\342"
 211      6F953151 
 211      6A773F76 
 211      2D1257BB 
 211      48DCBE45 
 212 00eb 6E2C1297 		.ascii	"n,\022\227\272H\\\323\"qi\354\276\225\270\000\320r\220"
 212      BA485CD3 
 212      227169EC 
 212      BE95B800 
 212      D07290
 213 00fe 01E69EC0 		.ascii	"\001\346\236\300\367*\320\027p>\006\337\243\24008\177"
ARM GAS  /tmp/ccgpJl9b.s 			page 16


 213      F72AD017 
 213      703E06DF 
 213      A3A03038 
 213      7F
 214 010f 04DF7F03 		.ascii	"\004\337\177\003\251A\303\240A\3203\320\220\222\243"
 214      A941C3A0 
 214      41D033D0 
 214      9092A3
 215 011e 45F91E77 		.ascii	"E\371\036w\313\323K\270\347\211\302by\306\226\340\260"
 215      CBD34BB8 
 215      E789C262 
 215      79C696E0 
 215      B0
 216 012f 2348E2BD 		.ascii	"#H\342\275\374\\\351m\210\322\353`\245\367A\312Z\004"
 216      FC5CE96D 
 216      88D2EB60 
 216      A5F741CA 
 216      5A04
 217 0141 2A6BB342 		.ascii	"*k\263BY\253\345\312\332\371+k\251S\326V\243\254\265"
 217      59ABE5CA 
 217      DAF92B6B 
 217      A953D656 
 217      A3ACB5
 218 0154 5A597B56 		.ascii	"ZY{V$\333\013lO\260\275\301\366\010\333+l\317\260\275"
 218      24DB0B6C 
 218      4FB0BDC1 
 218      F608DB2B 
 218      6CCFB0BD 
 219 0168 33E156FF 		.ascii	"3\341V\377\021J\252\352j\256\373\364\223^\002\333\222"
 219      114AAAEA 
 219      6AAEFBF4 
 219      935E02DB 
 219      92
 220 0179 F8F3AE12 		.ascii	"\370\363\256\022\376\011\337L8^\260\035\204\317\303"
 220      FE09DF4C 
 220      385EB01D 
 220      84CFC3
 221 0188 AC8A7F29 		.ascii	"\254\212\177)\241l`\263\020\373\214Ja\250l\\\374S\000"
 221      A16C60B3 
 221      10FB8C4A 
 221      61A86C5C 
 221      FC5300
 222 019b C499CAAF 		.ascii	"\304\231\312\257\363t\266\203\337\020?q\362\361)\225"
 222      F374B683 
 222      DF103F71 
 222      F2F12995 
 223 01ab 23999345 		.ascii	"#\231\223E\250U\262_\266\027\345\270I\2424\241l\250"
 223      A855B25F 
 223      B617E5B8 
 223      49A234A1 
 223      6CA8
 224 01bd 3F493540 		.ascii	"?I5@\372\340*l\003\253&\212\260\331\312G)\267<\251\012"
 224      FAE02A6C 
 224      03AB268A 
 224      B0D9CA47 
 224      29B73CA9 
 225 01d2 CFDB9E8C 		.ascii	"\317\333\236\214\225zP=\236_\310\236\353\324\250U\022"
ARM GAS  /tmp/ccgpJl9b.s 			page 17


 225      957A503D 
 225      9E5FC89E 
 225      EBD4A855 
 225      12
 226 01e3 A92094FB 		.ascii	"\251 \224\373gSO\235\321\323ex\265pn\366\221gh\251\314"
 226      67534F9D 
 226      D1D36578 
 226      B5706EF6 
 226      916768A9 
 227 01f8 0F4D1695 		.ascii	"\017M\026\225\310e\214\303\310\206\205\367\265~\007"
 227      C8658CC3 
 227      C88685F7 
 227      B57E07
 228 0207 2909D012 		.ascii	")\011\320\022\025\014\357N\264\036\367\201\341r-\361"
 228      150CEF4E 
 228      B41EF781 
 228      E1722DF1 
 229 0217 876169D2 		.ascii	"\207ai\322\302\021\217\025G\231\321\032/\373\253\310"
 229      C2118F15 
 229      4799D11A 
 229      2FFBABC8 
 230 0227 B79F906A 		.ascii	"\267\237\220j\022H\252H \024{\225\254\200O\263\232\223"
 230      1248AA48 
 230      20147B95 
 230      AC804FB3 
 230      9A93
 231 0239 7E4A28BC 		.ascii	"~J(\274\244Y\231+\347\326\312\265/2\203\213[\367\312"
 231      A459992B 
 231      E7D6CAB5 
 231      2F32838B 
 231      5BF7CA
 232 024c 777265F9 		.ascii	"wre\371K\214#\345\204\222+$\024\342+\211\232\215\340"
 232      4B8C23E5 
 232      84922B24 
 232      14E22B89 
 232      9A8DE0
 233 025f EC121920 		.ascii	"\354\022\031 \344\007\322\017wYCV\002\342\315XJ\273"
 233      E407D20F 
 233      77594356 
 233      02E2CD58 
 233      4ABB
 234 0271 1F4D264B 		.ascii	"\037M&K\334U\336\351\226w\036J\206g\277\313\224kw\357"
 234      DC55DEE9 
 234      96771E4A 
 234      8667BFCB 
 234      946B77EF 
 235 0285 926515E2 		.ascii	"\222e\025\342\257\331\361\327\001\177\315\035_\213\370"
 235      AFD9F1D7 
 235      017FCD1D 
 235      5F8BF8
 236 0294 D7F727FA 		.ascii	"\327\367'\372(\315\\\012\377*\361\302\011\255\202\277"
 236      28CD5C0A 
 236      FF2AF1C2 
 236      09AD82BF 
 237 02a4 BBDA055F 		.ascii	"\273\332\005_g\307\327\003\276\316\035\177\003\361\305"
 237      67C7D703 
 237      BECE1D7F 
ARM GAS  /tmp/ccgpJl9b.s 			page 18


 237      03F1C5
 238 02b3 0FDFD5FB 		.ascii	"\017\337\325\373\320B\216\317i~\226\247\243\345|\360"
 238      D0428ECF 
 238      697E96A7 
 238      A3E57CF0 
 239 02c3 72E4FE63 		.ascii	"r\344\376c?\226\253\301\226k0\261\363\252\267-;i$j6"
 239      3F96ABC1 
 239      966B30B1 
 239      F3AAB72D 
 239      3B69246A 
 240 02d8 595159D1 		.ascii	"YQY\321\347\305\012\250\223k?\206\272\024p\323^\300"
 240      E7C50AA8 
 240      936B3F86 
 240      BA1470D3 
 240      5EC0
 241 02ea 2D28E0A6 		.ascii	"-(\340\246{\001MX\300\235c\007\367\022z\215\347,\034"
 241      7B014D58 
 241      C09D6307 
 241      F7127A8D 
 241      E72C1C
 242 02fd 1EBEA466 		.ascii	"\036\276\244f\260\001\271\266e\023\203\3116X\263\015"
 242      B001B9B6 
 242      651383C9 
 242      3658B30D 
 243 030d 26B15357 		.ascii	"&\261SWR\013\222\256\264\037\276\241\247\035\234T\361"
 243      520B92AE 
 243      B41FBEA1 
 243      A71D9C54 
 243      F1
 244 031e BCB951CB 		.ascii	"\274\271Q\313\267\210L\330Bw\377x\223\360=\"k`<u \341"
 244      B7884CD8 
 244      4277FF78 
 244      93F03D22 
 244      6B603C75 
 245 0334 3DE5D7BD 		.ascii	"=\345\327\275`\330\271\347B\2662T\2635m\313\034\324"
 245      60D8B9E7 
 245      42B63254 
 245      B3356DCB 
 245      1CD4
 246 0346 F3E82018 		.ascii	"\363\350 \030\016\265L^\324k\367\263\035\225\033/{\177"
 246      0EB54C5E 
 246      D46BF7B3 
 246      1D951B2F 
 246      7B7F
 247 0358 CDC2EEC0 		.ascii	"\315\302\356\300\216\352\300\035\325I\264\360i\010$"
 247      8EEAC01D 
 247      D549B4F0 
 247      690824
 248 0367 ED3084E8 		.ascii	"\3550\204\350\314\352\251\026\017\316b\231\366\275\275"
 248      CCEAA916 
 248      0FCE6299 
 248      F6BDBD
 249 0376 B95B4D1F 		.ascii	"\271[M\037\362\262z\233\212\317\260<\253\264\204=[~"
 249      F2B27A9B 
 249      8ACFB03C 
 249      ABB4843D 
 249      5B7E
ARM GAS  /tmp/ccgpJl9b.s 			page 19


 250 0388 30757EF4 		.ascii	"0u~\364\312\214/\237b\021wS&\013\274\350\020\206\253"
 250      CA8C2F9F 
 250      62117753 
 250      260BBCE8 
 250      1086AB
 251 039b FA1FCE3E 		.ascii	"\372\037\316>\321\023m\010\244\336\315SK\366\304\344"
 251      D1136D08 
 251      A4DECD53 
 251      4BF6C4E4 
 252 03ab 01096126 		.ascii	"\001\011a&\326\024\322\005\223\367a\262\220\325X\273"
 252      D614D205 
 252      93F761B2 
 252      90D558BB 
 253 03bb 50F3FB8C 		.ascii	"P\363\373\214IY\016\"=DK\272\035\215[\245\345\013Y\\"
 253      49590E22 
 253      3D444BBA 
 253      1D8D5BA5 
 253      E50B595C 
 254 03cf 907AD293 		.ascii	"\220z\322\223\026\341C\251\252\316\032nP-\225\343\361"
 254      16E143A9 
 254      AACE1A6E 
 254      502D95E3 
 254      F1
 255 03e0 92393ADA 		.ascii	"\2229:\332W6&\260\305y\0049\036:r\364\020%\311B\357"
 255      573626B0 
 255      C5790439 
 255      1E3A72F4 
 255      1025C942 
 256 03f5 BD664FDD 		.ascii	"\275fO\335\001;\025\003\035]{Bt\312\323|\2735\371\232"
 256      013B1503 
 256      1D5D7B42 
 256      74CAD37C 
 256      BB35F99A 
 257 0409 17EDE7AF 		.ascii	"\027\355\347\257\010\353xv\215\017}\311\007\266\007"
 257      08EB7876 
 257      8D0F7DC9 
 257      07B607
 258 0418 3B803FD8 		.ascii	";\200?\330\2665]\256\254i\307\350\373\313Z\372\001c"
 258      B6355DAE 
 258      AC69C7E8 
 258      FBCB5AFA 
 258      0163
 259 042a 3D6FDFCA 		.ascii	"=o\337\312\376\336\227\004\303\021\262\354$K\012\317"
 259      FEDE9704 
 259      C311B2EC 
 259      244B0ACF 
 260 043a 73D0E95B 		.ascii	"s\320\351[{ek8\313E\356A\211/\3102\307\255\335\3052"
 260      7B656B38 
 260      CB45EE41 
 260      892FC832 
 260      C7ADDDC5 
 261 044f C2E043E2 		.ascii	"\302\340C\342\361\037\013\251\\\260\002\203{\335\203"
 261      F11F0BA9 
 261      5CB00283 
 261      7BDD83
 262 045e 0D2CF60E 		.ascii	"\015,\366\016q\004\267\234\266\007?]\234\354\034=\351"
 262      7104B79C 
ARM GAS  /tmp/ccgpJl9b.s 			page 20


 262      B6073F5D 
 262      9CEC1C3D 
 262      E9
 263 046f 40F72D8A 		.ascii	"@\367-\212\3062xc\307\217Rx\343\261\030I\351);R\361"
 263      C6327863 
 263      C78F5278 
 263      E3B11849 
 263      E9293B52 
 264 0484 750682A7 		.ascii	"u\006\202\247\0166~ \354{\346c$\010\"\317a\235\206I"
 264      0E367E20 
 264      EC7BE663 
 264      240822CF 
 264      619D8649 
 265 0498 3019043D 		.ascii	"0\031\004=\003\015\221`\333\313\262\373Ag\2437M\240"
 265      030D9160 
 265      DBCBB2FB 
 265      4167A337 
 265      4DA0
 266 04aa B8D8450F 		.ascii	"\270\330E\017.\336\320\222e!\213\342\310+\240\374\034"
 266      2EDED092 
 266      65218BE2 
 266      C82BA0FC 
 266      1C
 267 04bb 9117D9BD 		.ascii	"\221\027\331\275\221\325\370\022bG\034K\317J\306\224"
 267      91D5F812 
 267      62471C4B 
 267      CF4AC694 
 268 04cb 6D490325 		.ascii	"mI\003%\252\000\253\222\343K5\006\266A\226V,\372G\022"
 268      AA00AB92 
 268      E34B3506 
 268      B6419656 
 268      2CFA4712 
 269 04df 607B6CF0 		.ascii	"`{l\360\2652p\371\250~\231R\321\376%+\222\226\272\301"
 269      B53270F9 
 269      A87E9952 
 269      D1FE252B 
 269      9296BAC1 
 270 04f3 1F1A5F0C 		.ascii	"\037\032_\014\350\234\263\215\376\257lE\363e\245\344"
 270      E89CB38D 
 270      FEAF6C45 
 270      F365A5E4 
 271 0503 B37CF90E 		.ascii	"\263|\371\016\2740\307\263\002\017\313\362\327d\214"
 271      BC30C7B3 
 271      020FCBF2 
 271      D7648C
 272 0512 0490DBFC 		.ascii	"\004\220\333\374>\234\214l\346\357\360\266\033'\237"
 272      3E9C8C6C 
 272      E6EFF0B6 
 272      1B279F
 273 0521 816F722A 		.ascii	"\201or*\371\222\037M\3036\222\366g\207\033\375\0002"
 273      F9921F4D 
 273      C33692F6 
 273      67871BFD 
 273      0032
 274 0533 006BDB7E 		.ascii	"\000k\333~,\340d|.\337\336\257\025\210c\233\277\306"
 274      2CE0647C 
 274      2EDFDEAF 
ARM GAS  /tmp/ccgpJl9b.s 			page 21


 274      1588639B 
 274      BFC6
 275 0545 77D50422 		.ascii	"w\325\004\"^%w-\370\321\"\2168\3363\333\240Q\020\243"
 275      5E25772D 
 275      F8D1228E 
 275      38DE33DB 
 275      A05110A3 
 276 0559 05D41A8C 		.ascii	"\005\324\032\214\2007\002\340\015\002&\021P8\177\277"
 276      803702E0 
 276      0D022611 
 276      50387FBF 
 277 0569 C2935670 		.ascii	"\302\223Vp\300\343]\225\263Z\0050Th\003\274\025\000"
 277      C0E35D95 
 277      B35A0530 
 277      546803BC 
 277      1500
 278 057b 6F113085 		.ascii	"o\0210\205\200\214\222\261\014-m\340\200\216\236\374"
 278      808C92B1 
 278      0C2D6DE0 
 278      808E9EFC 
 279 058b 2A5F1B60 		.ascii	"*_\033`E\246\\\257F\302;\201\360\016\011\323H\030\276"
 279      45A65CAF 
 279      46C23B81 
 279      F00E09D3 
 279      4818BE
 280 059e D1F45443 		.ascii	"\321\364TC\2738\241\177\240\265\304G!<wj\303{\001\361"
 280      BB38A17F 
 280      A0B5C447 
 280      213C776A 
 280      C37B01F1 
 281 05b2 1E111F10 		.ascii	"\036\021\037\020\261{\"\275\314\207\216p\304\211\353"
 281      B17B22BD 
 281      CC878E70 
 281      C489EB
 282 05c1 494D5468 		.ascii	"IMTh\303\214\000\230A\300G\004t\326\226\227x\321i\016"
 282      C38C0098 
 282      41C04704 
 282      74D69697 
 282      78D1690E 
 283 05d5 B89D7C6B 		.ascii	"\270\235|k\316Ch\303\254\000\230E\300\034\002\236\017"
 283      CE4368C3 
 283      AC009845 
 283      C01C029E 
 283      0F
 284 05e6 269579D2 		.ascii	"&\225y\322\0045\002\016U'\035]\244\015?\011\204\237"
 284      0435020E 
 284      55271D5D 
 284      A40D3F09 
 284      849F
 285 05f8 90308F84 		.ascii	"\2200\217\204'9\247gt4\215\023\036\037\253\314\267\255"
 285      2739A767 
 285      74348D13 
 285      1E1FABCC 
 285      B7AD
 286 060a C4BC531B 		.ascii	"\304\274S\033\026\004\304\002\"d\025C\244W\265Vz\321"
 286      1604C402 
 286      22641543 
ARM GAS  /tmp/ccgpJl9b.s 			page 22


 286      A457B556 
 286      7AD1
 287 061c 228E983D 		.ascii	"\"\216\230=[\246\026\272\260K\345\356\207\031\370\334"
 287      5BA616BA 
 287      B04BE5EE 
 287      8719F8DC 
 288 062c 8DFE85F6 		.ascii	"\215\376\205\366\2346\025\255\340\376\211\272\276a\235"
 288      9C3615AD 
 288      E0FE89BA 
 288      BE619D
 289 063b D0857801 		.ascii	"\320\205x\001\020\217\200=\010h\271z\250\0326\003\007"
 289      108F803D 
 289      0868B97A 
 289      A81A3603 
 289      07
 290 064c 9C3FB56B 		.ascii	"\234?\265k\217N\354B\202@H@\302^$\034KJ\374\224vq@O"
 290      8F4EEC42 
 290      82404840 
 290      C25E241C 
 290      4B4AFC94 
 291 0664 73FA84AD 		.ascii	"s\372\204\255\011\335\031\216&\354\023\010\373\220\260"
 291      09DD198E 
 291      26EC1308 
 291      FB90B0
 292 0673 1F09AFCE 		.ascii	"\037\011\257\316])\367\246#\034Q\227Z\326\341)t!Q\000"
 292      5D29F7A6 
 292      231C5197 
 292      5AD6E129 
 292      74215100 
 293 0687 2422E000 		.ascii	"$\"\340\000\002f\363fJ\324t\232\003\316\014=< >\022"
 293      0266F366 
 293      4AD4749A 
 293      03CE0C3D 
 293      3C203E12 
 294 069b 0705C041 		.ascii	"\007\005\300A\004$! +\373D\265\216&x  \377\320\225\023"
 294      04242120 
 294      2BFB44B5 
 294      8E267820 
 294      20FFD095 
 295 06b0 1AB10BC9 		.ascii	"\032\261\013\311\002!\031\011\337#\341\334\265\336*"
 295      02211909 
 295      DF23E1DC 
 295      B5DE2A
 296 06bf 6F9AC609 		.ascii	"o\232\306\011\355\027\337u\333\336\014\343NmH\021\020"
 296      ED17DF75 
 296      DBDE0CE3 
 296      4E6D4811 
 296      10
 297 06d0 2988B022 		.ascii	")\210\260\"\"\341\303\336,\015-\342\210\264\027#V/\241"
 297      22E1C3DE 
 297      2C0D2DE2 
 297      88B41723 
 297      562FA1
 298 06e3 0DA90220 		.ascii	"\015\251\002 \025\001\207\020\320\230\236|\311\207V"
 298      15018710 
 298      D0989E7C 
 298      C98756
ARM GAS  /tmp/ccgpJl9b.s 			page 23


 299 06f2 704049C3 		.ascii	"p@I\303\303_\011]8,\370\017\243\377\010\372OMY\233\325"
 299      C35F095D 
 299      382CF80F 
 299      A3FF08FA 
 299      4F4D599B 
 300 0707 B481FB13 		.ascii	"\264\201\373\023s\006\313\210\330\2054\201\220\206\204"
 300      7306CB88 
 300      D8853481 
 300      908684
 301 0716 A34848AC 		.ascii	"\243HH\254+,\326\322.N\270W:\233i\273\205\306LG\027"
 301      2B2CD6D2 
 301      2E4EB857 
 301      3A9B69BB 
 301      85C64C47 
 302 072b D205443A 		.ascii	"\322\005D:\"\216!\242\252\350\374$\274\0308\242\276"
 302      228E21A2 
 302      AAE8FC24 
 302      BC1838A2 
 302      BE
 303 073c E645BE9F 		.ascii	"\346E\276\237\320\205\014\001\220\201\200L\004\\\036"
 303      D0850C01 
 303      9081804C 
 303      045C1E
 304 074b 7BF4C193 		.ascii	"{\364\301\223Ns\300\314\344X\206\227\320\206,\001\220"
 304      4E73C0CC 
 304      E4588697 
 304      D0862C01 
 304      90
 305 075c 85806C04 		.ascii	"\205\200l\004\274\275m\205G\"\301\023\001)\327\013g"
 305      BCBD6D85 
 305      4722C113 
 305      0129D70B 
 305      67
 306 076d 54621B8E 		.ascii	"Tb\033\216\013\204\343H8\201\204\352\253\263\237\322"
 306      0B84E348 
 306      388184EA 
 306      ABB39FD2 
 307 077d 340E68AE 		.ascii	"4\016h\256o\260?S}N]\310\021\0109H\310E\202\365|\336"
 307      6FB03F53 
 307      7D4E5DC8 
 307      11083948 
 307      C84582F5 
 308 0793 1CEC058E 		.ascii	"\034\354\005\216\350\250\256\250 B\027\362\004@\036"
 308      E8A8AEA8 
 308      204217F2 
 308      04401E
 309 07a2 024EF29B 		.ascii	"\002N\362\233\270W\332\343K+8\340z\371\271i\361\365"
 309      B857DAE3 
 309      4B2B38E0 
 309      7AF9B969 
 309      F1F5
 310 07b4 982F00F2 		.ascii	"\230/\000\362\021P\200\200\201\362\212\363z\332\300"
 310      11508080 
 310      81F28AF3 
 310      7ADAC0
 311 07c3 01B31387 		.ascii	"\001\263\023\207\022\026\351\302)\201p\012\011"
 311      1216E9C2 
ARM GAS  /tmp/ccgpJl9b.s 			page 24


 311      2981700A 
 311      09
 312 07d0 8548386B 		.ascii	"\205H8k\035L\367\242]\234p\254\352p\277\355\3456\355"
 312      1D4CF7A2 
 312      5D9C70AC 
 312      EA70BFED 
 312      E536ED
 313 07e3 D486D302 		.ascii	"\324\206\323\002\3424\"\212\020\221y\357H5\241#\034"
 313      E234228A 
 313      109179EF 
 313      4835A123 
 313      1C
 314 07f4 3152DC56 		.ascii	"1R\334V\350+\264\241X\000\024#\240\004\001\243\373\372"
 314      E82BB4A1 
 314      58001423 
 314      A00401A3 
 314      FBFA
 315 0806 FB603370 		.ascii	"\373`3p@\343\313\306zo\241\015g\004\300\031\004\224"
 315      40E3CBC6 
 315      7A6FA10D 
 315      6704C019 
 315      0494
 316 0818 F217F4DB 		.ascii	"\362\027\364\333\217\361\260\031\274\020P\236\223\372"
 316      8FF1B019 
 316      BC10509E 
 316      93FA
 317 0826 2FB10B67 		.ascii	"/\261\013g\005\300Y\004\234C@\301\350\320-\225\363/"
 317      05C05904 
 317      9C4340C1 
 317      E8D02D95 
 317      F32F
 318 0838 E051A7DF 		.ascii	"\340Q\247\337}\0229\257\302_\300\354\233\375\367\374"
 318      7D1239AF 
 318      C25FC0EC 
 318      9BFDF7FC 
 319 0848 BCFCA9B7 		.ascii	"\274\374\251\267s0\373Q\342\010\276\240\004_\300\340"
 319      7330FB51 
 319      E208BEA0 
 319      045FC0E0 
 320 0858 D6F9EE29 		.ascii	"\326\371\356)/[\360\376\245~[\22320\371\030\215\021"
 320      2F5BF0FE 
 320      A57E5B93 
 320      3230F918 
 320      8D11
 321 086a D1312663 		.ascii	"\3211&c\2449\322\242\376\267)\374\237\033C\015\233\267"
 321      A439D2A2 
 321      FEB729FC 
 321      9F1B430D 
 321      9BB7
 322 087c 467E17F9 		.ascii	"F~\027\371\247\277\030\242c\015\021\321\333\266E\233"
 322      A7BF18A2 
 322      630D11D1 
 322      DBB6459B 
 323 088c 0DB196F0 		.ascii	"\015\261\226\360\030K\334v\303\037\376\374\315\346o"
 323      184BDC76 
 323      C31FFEFC 
 323      CDE66F
ARM GAS  /tmp/ccgpJl9b.s 			page 25


 324 089b 76B0D9ED 		.ascii	"v\260\331\355\221Q\246\230X\303W\2337\033\"b,a\241\021"
 324      9151A698 
 324      58C3579B 
 324      371B2262 
 324      2C61A111 
 325 08af 9AAFFEF8 		.ascii	"\232\257\376\370\327\240\315aa\322\246\377\023 \351"
 325      D7A0CD61 
 325      61D2A6FF 
 325      1320E9
 326 08be 8C465378 		.ascii	"\214FSxL\324N\254\005\352\212\012\267\360\272\364F\343"
 326      4CD44EAC 
 326      05EA8A0A 
 326      B7F0BAF4 
 326      46E3
 327 08d0 16D33FC2 		.ascii	"\026\323?\302\343\242,F\323\216H\213\306\014\005[\342"
 327      E3A22C46 
 327      D38E488B 
 327      C60C055B 
 327      E2
 328 08e1 62CCFE46 		.ascii	"b\314\376F\274l\214\011\337f\014\2171\205\307z\333\317"
 328      BC6C8C09 
 328      DF660C8F 
 328      3185C77A 
 328      DBCF
 329 08f3 B41151C0 		.ascii	"\264\021Q\300\302s\255\321\030\027i\266\254]c\264l2"
 329      C273ADD1 
 329      181769B6 
 329      AC5D63B4 
 329      6C32
 330 0905 C4C5C618 		.ascii	"\304\305\306\030\302c\266\2556G\233M\253M\341\337E\342"
 330      C263B6AD 
 330      36479B4D 
 330      AB4DE1DF 
 330      45E2
 331 0917 4CA43922 		.ascii	"L\2449\"*n\213\311\260-<bk\244\331d\260\247\263\354"
 331      2A6E8BC9 
 331      B02D3C62 
 331      6BA4D964 
 331      B0A7B3EC 
 332 092b DC6E8A0D 		.ascii	"\334n\212\015\335*il\204\325?C\210\335\031k0\306Z\266"
 332      DD2A696C 
 332      84D53F43 
 332      88DD196B 
 332      30C65AB6 
 333 093f 4038D8BC 		.ascii	"@8\330\274\261<V\204\036\317,\246\035|\2503G\033\355"
 333      B13C5684 
 333      1ECF2CA6 
 333      1D7CA833 
 333      471BED
 334 0952 D7FC58D5 		.ascii	"\327\374X\325\366\221\321\022`dw\364\205\321a1\372:"
 334      F691D112 
 334      606477F4 
 334      85D16131 
 334      FA3A
 335 0964 4F19F5CA 		.ascii	"O\031\365\312\210\337\243\321O\031\232\243\371e\356"
 335      88DFA3D1 
 335      4F199AA3 
ARM GAS  /tmp/ccgpJl9b.s 			page 26


 335      F965EE
 336 0973 0F13FD61 		.ascii	"\017\023\375a.\3760W\177\230\233\177\215\350_\343\342"
 336      2EFE3057 
 336      7F989B7F 
 336      8DE85FE3 
 336      E2
 337 0984 5FE3EA5F 		.ascii	"_\343\352_\343\346_+\372\327\272\370\327\272\372\327"
 337      E3E65F2B 
 337      FAD7BAF8 
 337      D7BAFAD7 
 338 0994 BAF9D789 		.ascii	"\272\371\327\211\376u.\376u\256\376un\376\365\242\177"
 338      FE752EFE 
 338      75AEFE75 
 338      6EFEF5A2 
 338      7F
 339 09a5 BD8B7FBD 		.ascii	"\275\213\177\275\253\177\275\233\177\203\350\337\340"
 339      AB7FBD9B 
 339      7F83E8DF 
 339      E0
 340 09b2 E2DFE0EA 		.ascii	"\342\337\340\352\337\340\346\337(\3727\272\3707\272"
 340      DFE0E6DF 
 340      28FA37BA 
 340      F837BA
 341 09c1 FA37DAFD 		.ascii	"\3727\332\375\377\005\022/h\355"
 341      FF05122F 
 341      68ED
 342              		.text
 343              		.section	.gnu.lto_.symtab.b57e986fcc050184,"",%progbits
 344 0000 5F5F636F 		.ascii	"__core_init\000"
 344      72655F69 
 344      6E697400 
 345 000c 00       		.ascii	"\000"
 346 000d 01       		.ascii	"\001"
 347 000e 00       		.ascii	"\000"
 348 000f 00000000 		.ascii	"\000\000\000\000\000\000\000\000"
 348      00000000 
 349 0017 BD000000 		.ascii	"\275\000\000\000"
 350 001b 5F5F6561 		.ascii	"__early_init\000"
 350      726C795F 
 350      696E6974 
 350      00
 351 0028 00       		.ascii	"\000"
 352 0029 01       		.ascii	"\001"
 353 002a 00       		.ascii	"\000"
 354 002b 00000000 		.ascii	"\000\000\000\000\000\000\000\000"
 354      00000000 
 355 0033 C0000000 		.ascii	"\300\000\000\000"
 356 0037 5F5F6C61 		.ascii	"__late_init\000"
 356      74655F69 
 356      6E697400 
 357 0043 00       		.ascii	"\000"
 358 0044 01       		.ascii	"\001"
 359 0045 00       		.ascii	"\000"
 360 0046 00000000 		.ascii	"\000\000\000\000\000\000\000\000"
 360      00000000 
 361 004e C3000000 		.ascii	"\303\000\000\000"
 362 0052 5F5F6465 		.ascii	"__default_exit\000"
ARM GAS  /tmp/ccgpJl9b.s 			page 27


 362      6661756C 
 362      745F6578 
 362      697400
 363 0061 00       		.ascii	"\000"
 364 0062 01       		.ascii	"\001"
 365 0063 00       		.ascii	"\000"
 366 0064 00000000 		.ascii	"\000\000\000\000\000\000\000\000"
 366      00000000 
 367 006c C8000000 		.ascii	"\310\000\000\000"
 368 0070 5F5F696E 		.ascii	"__init_ram_areas\000"
 368      69745F72 
 368      616D5F61 
 368      72656173 
 368      00
 369 0081 00       		.ascii	"\000"
 370 0082 00       		.ascii	"\000"
 371 0083 00       		.ascii	"\000"
 372 0084 00000000 		.ascii	"\000\000\000\000\000\000\000\000"
 372      00000000 
 373 008c CA000000 		.ascii	"\312\000\000\000"
 374 0090 5F5F7261 		.ascii	"__ram0_init_text__\000"
 374      6D305F69 
 374      6E69745F 
 374      74657874 
 374      5F5F00
 375 00a3 00       		.ascii	"\000"
 376 00a4 02       		.ascii	"\002"
 377 00a5 00       		.ascii	"\000"
 378 00a6 00000000 		.ascii	"\000\000\000\000\000\000\000\000"
 378      00000000 
 379 00ae F0000000 		.ascii	"\360\000\000\000"
 380 00b2 5F5F7261 		.ascii	"__ram0_init__\000"
 380      6D305F69 
 380      6E69745F 
 380      5F00
 381 00c0 00       		.ascii	"\000"
 382 00c1 02       		.ascii	"\002"
 383 00c2 00       		.ascii	"\000"
 384 00c3 00000000 		.ascii	"\000\000\000\000\000\000\000\000"
 384      00000000 
 385 00cb F2000000 		.ascii	"\362\000\000\000"
 386 00cf 5F5F7261 		.ascii	"__ram0_clear__\000"
 386      6D305F63 
 386      6C656172 
 386      5F5F00
 387 00de 00       		.ascii	"\000"
 388 00df 02       		.ascii	"\002"
 389 00e0 00       		.ascii	"\000"
 390 00e1 00000000 		.ascii	"\000\000\000\000\000\000\000\000"
 390      00000000 
 391 00e9 F4000000 		.ascii	"\364\000\000\000"
 392 00ed 5F5F7261 		.ascii	"__ram0_noinit__\000"
 392      6D305F6E 
 392      6F696E69 
 392      745F5F00 
 393 00fd 00       		.ascii	"\000"
 394 00fe 02       		.ascii	"\002"
ARM GAS  /tmp/ccgpJl9b.s 			page 28


 395 00ff 00       		.ascii	"\000"
 396 0100 00000000 		.ascii	"\000\000\000\000\000\000\000\000"
 396      00000000 
 397 0108 F6000000 		.ascii	"\366\000\000\000"
 398 010c 5F5F7261 		.ascii	"__ram1_init_text__\000"
 398      6D315F69 
 398      6E69745F 
 398      74657874 
 398      5F5F00
 399 011f 00       		.ascii	"\000"
 400 0120 02       		.ascii	"\002"
 401 0121 00       		.ascii	"\000"
 402 0122 00000000 		.ascii	"\000\000\000\000\000\000\000\000"
 402      00000000 
 403 012a F8000000 		.ascii	"\370\000\000\000"
 404 012e 5F5F7261 		.ascii	"__ram1_init__\000"
 404      6D315F69 
 404      6E69745F 
 404      5F00
 405 013c 00       		.ascii	"\000"
 406 013d 02       		.ascii	"\002"
 407 013e 00       		.ascii	"\000"
 408 013f 00000000 		.ascii	"\000\000\000\000\000\000\000\000"
 408      00000000 
 409 0147 FA000000 		.ascii	"\372\000\000\000"
 410 014b 5F5F7261 		.ascii	"__ram1_clear__\000"
 410      6D315F63 
 410      6C656172 
 410      5F5F00
 411 015a 00       		.ascii	"\000"
 412 015b 02       		.ascii	"\002"
 413 015c 00       		.ascii	"\000"
 414 015d 00000000 		.ascii	"\000\000\000\000\000\000\000\000"
 414      00000000 
 415 0165 FC000000 		.ascii	"\374\000\000\000"
 416 0169 5F5F7261 		.ascii	"__ram1_noinit__\000"
 416      6D315F6E 
 416      6F696E69 
 416      745F5F00 
 417 0179 00       		.ascii	"\000"
 418 017a 02       		.ascii	"\002"
 419 017b 00       		.ascii	"\000"
 420 017c 00000000 		.ascii	"\000\000\000\000\000\000\000\000"
 420      00000000 
 421 0184 FE000000 		.ascii	"\376\000\000\000"
 422 0188 5F5F7261 		.ascii	"__ram2_init_text__\000"
 422      6D325F69 
 422      6E69745F 
 422      74657874 
 422      5F5F00
 423 019b 00       		.ascii	"\000"
 424 019c 02       		.ascii	"\002"
 425 019d 00       		.ascii	"\000"
 426 019e 00000000 		.ascii	"\000\000\000\000\000\000\000\000"
 426      00000000 
 427 01a6 00010000 		.ascii	"\000\001\000\000"
 428 01aa 5F5F7261 		.ascii	"__ram2_init__\000"
ARM GAS  /tmp/ccgpJl9b.s 			page 29


 428      6D325F69 
 428      6E69745F 
 428      5F00
 429 01b8 00       		.ascii	"\000"
 430 01b9 02       		.ascii	"\002"
 431 01ba 00       		.ascii	"\000"
 432 01bb 00000000 		.ascii	"\000\000\000\000\000\000\000\000"
 432      00000000 
 433 01c3 02010000 		.ascii	"\002\001\000\000"
 434 01c7 5F5F7261 		.ascii	"__ram2_clear__\000"
 434      6D325F63 
 434      6C656172 
 434      5F5F00
 435 01d6 00       		.ascii	"\000"
 436 01d7 02       		.ascii	"\002"
 437 01d8 00       		.ascii	"\000"
 438 01d9 00000000 		.ascii	"\000\000\000\000\000\000\000\000"
 438      00000000 
 439 01e1 04010000 		.ascii	"\004\001\000\000"
 440 01e5 5F5F7261 		.ascii	"__ram2_noinit__\000"
 440      6D325F6E 
 440      6F696E69 
 440      745F5F00 
 441 01f5 00       		.ascii	"\000"
 442 01f6 02       		.ascii	"\002"
 443 01f7 00       		.ascii	"\000"
 444 01f8 00000000 		.ascii	"\000\000\000\000\000\000\000\000"
 444      00000000 
 445 0200 06010000 		.ascii	"\006\001\000\000"
 446 0204 5F5F7261 		.ascii	"__ram3_init_text__\000"
 446      6D335F69 
 446      6E69745F 
 446      74657874 
 446      5F5F00
 447 0217 00       		.ascii	"\000"
 448 0218 02       		.ascii	"\002"
 449 0219 00       		.ascii	"\000"
 450 021a 00000000 		.ascii	"\000\000\000\000\000\000\000\000"
 450      00000000 
 451 0222 08010000 		.ascii	"\010\001\000\000"
 452 0226 5F5F7261 		.ascii	"__ram3_init__\000"
 452      6D335F69 
 452      6E69745F 
 452      5F00
 453 0234 00       		.ascii	"\000"
 454 0235 02       		.ascii	"\002"
 455 0236 00       		.ascii	"\000"
 456 0237 00000000 		.ascii	"\000\000\000\000\000\000\000\000"
 456      00000000 
 457 023f 0A010000 		.ascii	"\012\001\000\000"
 458 0243 5F5F7261 		.ascii	"__ram3_clear__\000"
 458      6D335F63 
 458      6C656172 
 458      5F5F00
 459 0252 00       		.ascii	"\000"
 460 0253 02       		.ascii	"\002"
 461 0254 00       		.ascii	"\000"
ARM GAS  /tmp/ccgpJl9b.s 			page 30


 462 0255 00000000 		.ascii	"\000\000\000\000\000\000\000\000"
 462      00000000 
 463 025d 0C010000 		.ascii	"\014\001\000\000"
 464 0261 5F5F7261 		.ascii	"__ram3_noinit__\000"
 464      6D335F6E 
 464      6F696E69 
 464      745F5F00 
 465 0271 00       		.ascii	"\000"
 466 0272 02       		.ascii	"\002"
 467 0273 00       		.ascii	"\000"
 468 0274 00000000 		.ascii	"\000\000\000\000\000\000\000\000"
 468      00000000 
 469 027c 0E010000 		.ascii	"\016\001\000\000"
 470 0280 5F5F7261 		.ascii	"__ram4_init_text__\000"
 470      6D345F69 
 470      6E69745F 
 470      74657874 
 470      5F5F00
 471 0293 00       		.ascii	"\000"
 472 0294 02       		.ascii	"\002"
 473 0295 00       		.ascii	"\000"
 474 0296 00000000 		.ascii	"\000\000\000\000\000\000\000\000"
 474      00000000 
 475 029e 10010000 		.ascii	"\020\001\000\000"
 476 02a2 5F5F7261 		.ascii	"__ram4_init__\000"
 476      6D345F69 
 476      6E69745F 
 476      5F00
 477 02b0 00       		.ascii	"\000"
 478 02b1 02       		.ascii	"\002"
 479 02b2 00       		.ascii	"\000"
 480 02b3 00000000 		.ascii	"\000\000\000\000\000\000\000\000"
 480      00000000 
 481 02bb 12010000 		.ascii	"\022\001\000\000"
 482 02bf 5F5F7261 		.ascii	"__ram4_clear__\000"
 482      6D345F63 
 482      6C656172 
 482      5F5F00
 483 02ce 00       		.ascii	"\000"
 484 02cf 02       		.ascii	"\002"
 485 02d0 00       		.ascii	"\000"
 486 02d1 00000000 		.ascii	"\000\000\000\000\000\000\000\000"
 486      00000000 
 487 02d9 14010000 		.ascii	"\024\001\000\000"
 488 02dd 5F5F7261 		.ascii	"__ram4_noinit__\000"
 488      6D345F6E 
 488      6F696E69 
 488      745F5F00 
 489 02ed 00       		.ascii	"\000"
 490 02ee 02       		.ascii	"\002"
 491 02ef 00       		.ascii	"\000"
 492 02f0 00000000 		.ascii	"\000\000\000\000\000\000\000\000"
 492      00000000 
 493 02f8 16010000 		.ascii	"\026\001\000\000"
 494 02fc 5F5F7261 		.ascii	"__ram5_init_text__\000"
 494      6D355F69 
 494      6E69745F 
ARM GAS  /tmp/ccgpJl9b.s 			page 31


 494      74657874 
 494      5F5F00
 495 030f 00       		.ascii	"\000"
 496 0310 02       		.ascii	"\002"
 497 0311 00       		.ascii	"\000"
 498 0312 00000000 		.ascii	"\000\000\000\000\000\000\000\000"
 498      00000000 
 499 031a 18010000 		.ascii	"\030\001\000\000"
 500 031e 5F5F7261 		.ascii	"__ram5_init__\000"
 500      6D355F69 
 500      6E69745F 
 500      5F00
 501 032c 00       		.ascii	"\000"
 502 032d 02       		.ascii	"\002"
 503 032e 00       		.ascii	"\000"
 504 032f 00000000 		.ascii	"\000\000\000\000\000\000\000\000"
 504      00000000 
 505 0337 1A010000 		.ascii	"\032\001\000\000"
 506 033b 5F5F7261 		.ascii	"__ram5_clear__\000"
 506      6D355F63 
 506      6C656172 
 506      5F5F00
 507 034a 00       		.ascii	"\000"
 508 034b 02       		.ascii	"\002"
 509 034c 00       		.ascii	"\000"
 510 034d 00000000 		.ascii	"\000\000\000\000\000\000\000\000"
 510      00000000 
 511 0355 1C010000 		.ascii	"\034\001\000\000"
 512 0359 5F5F7261 		.ascii	"__ram5_noinit__\000"
 512      6D355F6E 
 512      6F696E69 
 512      745F5F00 
 513 0369 00       		.ascii	"\000"
 514 036a 02       		.ascii	"\002"
 515 036b 00       		.ascii	"\000"
 516 036c 00000000 		.ascii	"\000\000\000\000\000\000\000\000"
 516      00000000 
 517 0374 1E010000 		.ascii	"\036\001\000\000"
 518 0378 5F5F7261 		.ascii	"__ram6_init_text__\000"
 518      6D365F69 
 518      6E69745F 
 518      74657874 
 518      5F5F00
 519 038b 00       		.ascii	"\000"
 520 038c 02       		.ascii	"\002"
 521 038d 00       		.ascii	"\000"
 522 038e 00000000 		.ascii	"\000\000\000\000\000\000\000\000"
 522      00000000 
 523 0396 20010000 		.ascii	" \001\000\000"
 524 039a 5F5F7261 		.ascii	"__ram6_init__\000"
 524      6D365F69 
 524      6E69745F 
 524      5F00
 525 03a8 00       		.ascii	"\000"
 526 03a9 02       		.ascii	"\002"
 527 03aa 00       		.ascii	"\000"
 528 03ab 00000000 		.ascii	"\000\000\000\000\000\000\000\000"
ARM GAS  /tmp/ccgpJl9b.s 			page 32


 528      00000000 
 529 03b3 22010000 		.ascii	"\"\001\000\000"
 530 03b7 5F5F7261 		.ascii	"__ram6_clear__\000"
 530      6D365F63 
 530      6C656172 
 530      5F5F00
 531 03c6 00       		.ascii	"\000"
 532 03c7 02       		.ascii	"\002"
 533 03c8 00       		.ascii	"\000"
 534 03c9 00000000 		.ascii	"\000\000\000\000\000\000\000\000"
 534      00000000 
 535 03d1 24010000 		.ascii	"$\001\000\000"
 536 03d5 5F5F7261 		.ascii	"__ram6_noinit__\000"
 536      6D365F6E 
 536      6F696E69 
 536      745F5F00 
 537 03e5 00       		.ascii	"\000"
 538 03e6 02       		.ascii	"\002"
 539 03e7 00       		.ascii	"\000"
 540 03e8 00000000 		.ascii	"\000\000\000\000\000\000\000\000"
 540      00000000 
 541 03f0 26010000 		.ascii	"&\001\000\000"
 542 03f4 5F5F7261 		.ascii	"__ram7_init_text__\000"
 542      6D375F69 
 542      6E69745F 
 542      74657874 
 542      5F5F00
 543 0407 00       		.ascii	"\000"
 544 0408 02       		.ascii	"\002"
 545 0409 00       		.ascii	"\000"
 546 040a 00000000 		.ascii	"\000\000\000\000\000\000\000\000"
 546      00000000 
 547 0412 28010000 		.ascii	"(\001\000\000"
 548 0416 5F5F7261 		.ascii	"__ram7_init__\000"
 548      6D375F69 
 548      6E69745F 
 548      5F00
 549 0424 00       		.ascii	"\000"
 550 0425 02       		.ascii	"\002"
 551 0426 00       		.ascii	"\000"
 552 0427 00000000 		.ascii	"\000\000\000\000\000\000\000\000"
 552      00000000 
 553 042f 2A010000 		.ascii	"*\001\000\000"
 554 0433 5F5F7261 		.ascii	"__ram7_clear__\000"
 554      6D375F63 
 554      6C656172 
 554      5F5F00
 555 0442 00       		.ascii	"\000"
 556 0443 02       		.ascii	"\002"
 557 0444 00       		.ascii	"\000"
 558 0445 00000000 		.ascii	"\000\000\000\000\000\000\000\000"
 558      00000000 
 559 044d 2C010000 		.ascii	",\001\000\000"
 560 0451 5F5F7261 		.ascii	"__ram7_noinit__\000"
 560      6D375F6E 
 560      6F696E69 
 560      745F5F00 
ARM GAS  /tmp/ccgpJl9b.s 			page 33


 561 0461 00       		.ascii	"\000"
 562 0462 02       		.ascii	"\002"
 563 0463 00       		.ascii	"\000"
 564 0464 00000000 		.ascii	"\000\000\000\000\000\000\000\000"
 564      00000000 
 565 046c 2E010000 		.ascii	".\001\000\000"
 566              		.text
 567              		.section	.gnu.lto_.opts,"",%progbits
 568 0000 272D666D 		.ascii	"'-fmath-errno' '-fsigned-zeros' '-ftrapping-math' '"
 568      6174682D 
 568      6572726E 
 568      6F272027 
 568      2D667369 
 569 0033 2D666E6F 		.ascii	"-fno-trapv' '-fno-openmp' '-fno-openacc' '-mcpu=cor"
 569      2D747261 
 569      70762720 
 569      272D666E 
 569      6F2D6F70 
 570 0066 7465782D 		.ascii	"tex-m3' '-mthumb' '-O2' '-fomit-frame-pointer' '-fa"
 570      6D332720 
 570      272D6D74 
 570      68756D62 
 570      2720272D 
 571 0099 6C69676E 		.ascii	"lign-functions=16' '-ffunction-sections' '-fdata-se"
 571      2D66756E 
 571      6374696F 
 571      6E733D31 
 571      36272027 
 572 00cc 6374696F 		.ascii	"ctions' '-fno-common' '-flto'\000"
 572      6E732720 
 572      272D666E 
 572      6F2D636F 
 572      6D6D6F6E 
 573              		.text
 574              		.comm	__gnu_lto_v1,1,1
 575              		.comm	__gnu_lto_slim,1,1
 576              		.ident	"GCC: (GNU) 7.3.0"
ARM GAS  /tmp/ccgpJl9b.s 			page 34


DEFINED SYMBOLS
                            *ABS*:0000000000000000 crt1.c
                            *COM*:0000000000000001 __gnu_lto_v1
                            *COM*:0000000000000001 __gnu_lto_slim

NO UNDEFINED SYMBOLS
