ARM GAS  /tmp/cc4kVeBl.s 			page 1


   1              		.cpu cortex-m3
   2              		.eabi_attribute 20, 1
   3              		.eabi_attribute 21, 1
   4              		.eabi_attribute 23, 3
   5              		.eabi_attribute 24, 1
   6              		.eabi_attribute 25, 1
   7              		.eabi_attribute 26, 1
   8              		.eabi_attribute 30, 2
   9              		.eabi_attribute 34, 1
  10              		.eabi_attribute 18, 4
  11              		.file	"hal.c"
  12              		.section	.gnu.lto_.profile.f4ffdbce420013f8,"",%progbits
  13 0000 789C6363 		.ascii	"x\234cc```\001bF\006m6\000\000\324\000="
  13      60606001 
  13      6246066D 
  13      360000D4 
  13      003D
  14              		.text
  15              		.section	.gnu.lto_.icf.f4ffdbce420013f8,"",%progbits
  16 0000 789C6363 		.ascii	"x\234cc``\340`@\000F\206k3\257}\347g\000\000\017\254"
  16      6060E060 
  16      40004686 
  16      6B33AF7D 
  16      E7670000 
  17 0016 035B     		.ascii	"\003["
  18              		.text
  19              		.section	.gnu.lto_.jmpfuncs.f4ffdbce420013f8,"",%progbits
  20 0000 789C6363 		.ascii	"x\234cc``\360d@\000F0\311\3048\205\231\261\371\327\376"
  20      6060F064 
  20      40004630 
  20      C9C43885 
  20      99B1F9D7 
  21 0015 CF7CF57F 		.ascii	"\317|\365\177\033$\34603,`\006\311mf\254g`<\300\302"
  21      1B24E630 
  21      332C6006 
  21      C96D66AC 
  21      67603CC0 
  22 002a C800C47F 		.ascii	"\310\000\304\177\376\377\377\317\317\310\004T7\255\365"
  22      FEFFFFCF 
  22      CFC80454 
  22      37ADF5
  23 0039 D079F66E 		.ascii	"\320y\366nf\240*F\006\306-\2142 \314\300\000\000\006"
  23      66A02A46 
  23      06C62D8C 
  23      3220CCC0 
  23      000006
  24 004c 311466   		.ascii	"1\024f"
  25              		.text
  26              		.section	.gnu.lto_.inline.f4ffdbce420013f8,"",%progbits
  27 0000 789C6363 		.ascii	"x\234cc``\320d@\000F\006\006\016mF\006& \223m\201<\023"
  27      6060D064 
  27      40004606 
  27      060E6D46 
  27      06262093 
  28 0018 58880B46 		.ascii	"X\210\013F0q\203\024\200\231\014\000*\334\001]"
  28      30718314 
  28      80990C00 
ARM GAS  /tmp/cc4kVeBl.s 			page 2


  28      2ADC015D 
  29              		.text
  30              		.section	.gnu.lto_.pureconst.f4ffdbce420013f8,"",%progbits
  31 0000 789C6363 		.ascii	"x\234cc```\006bF\006\011\000\000}\000#"
  31      60606006 
  31      62460609 
  31      00007D00 
  31      23
  32              		.text
  33              		.section	.gnu.lto_halInit.f4ffdbce420013f8,"",%progbits
  34 0000 789C7590 		.ascii	"x\234u\220=K\003A\020\206\347\275M.\007~`#(Q\260M\223"
  34      3D4B0341 
  34      1086E7BD 
  34      4D2E077E 
  34      60232851 
  35 0017 FB117636 		.ascii	"\373\021v6\026\376\002M\223\200 \230\336\333x\206D\264"
  35      16FE024D 
  35      93802098 
  35      DEDB7886 
  35      44B4
  36 0029 B030A7C5 		.ascii	"\2600\247\305!\213\010j%!~\235\012\036\371\001\212\266"
  36      218B086A 
  36      25217E9D 
  36      0A1EF901 
  36      8AB6
  37 003b 76A256E7 		.ascii	"v\242V\347\007X\210\212\321\331\213X\305\201agg\236"
  37      0758888A 
  37      D1D98B58 
  37      C5816167 
  37      679E
  38 004d 7D67664D 		.ascii	"}gfM\"\232\003\3210\237iv\010\202\261rAT\262\014@\007"
  38      229A03D1 
  38      309F6976 
  38      0882B172 
  38      4154B20C 
  39 0063 D2023906 		.ascii	"\322\0029\006\034,\213U\201f\345!02\333\222-\\{\031"
  39      1C2C8B55 
  39      8166E521 
  39      3032DB92 
  39      2D5C7B19 
  40 0077 943B217C 		.ascii	"\224;!|A\344\261kC\003\031b\354\266\336\252\365\230"
  40      41E4B16B 
  40      43031962 
  40      ECB6DEAA 
  40      F598
  41 0089 89761EFB 		.ascii	"\211v\036\3730\211{\320\336u2\224\255\357\212\014\357"
  41      30897BD0 
  41      DE753294 
  41      ADEF8A0C 
  41      EF
  42 009a 36F13666 		.ascii	"6\3616f\022U\271\316MdH\213\302\320\221\033R\004W}\246"
  42      1255B9CE 
  42      4D64488B 
  42      C2D0911B 
  42      5204577D 
  43 00af E347AC14 		.ascii	"\343G\254\024\004\321M\312\371\222\226/\340\011V\301"
  43      04D14DCA 
ARM GAS  /tmp/cc4kVeBl.s 			page 3


  43      F992962F 
  43      E00956C1 
  44 00bf 011CF299 		.ascii	"\001\034\362\231\216\260\240\352\335\0358\341q\225p"
  44      8EB0A0EA 
  44      DD1D38E1 
  44      719570
  45 00ce C81C17BC 		.ascii	"\310\034\027\274r\3632\265$|\221\200\276\272\037\347"
  45      72F332B5 
  45      247C9180 
  45      BEBA1FE7 
  46 00de AFBDCC0D 		.ascii	"\257\275\314\015pB\351\3518\367~\365X\355R\330(\365"
  46      7042E9E9 
  46      38F77EF5 
  46      58ED52D8 
  46      28F5
  47 00f0 F9228963 		.ascii	"\371\"\211c\336\365\010Cq\305\335j\224\301\364\272\224"
  47      DEF50843 
  47      71C5DD6A 
  47      94C1F4BA 
  47      94
  48 0101 235A2180 		.ascii	"#Z!\200B{\235\0238\2760\343aw\373;\017\313\3528\375"
  48      427B9D13 
  48      38BE30E3 
  48      6177FB3B 
  48      0FCBEA38 
  49 0116 1BD655F7 		.ascii	"\033\326U\367\377p\011\346\316~\271'\314\253\347Z\273"
  49      FF7009E6 
  49      CE7EB927 
  49      CCABE75A 
  49      BB
  50 0127 87B62AAF 		.ascii	"\207\266*\257\314\337\302\373\244\263\366h\2760U\030"
  50      CCDFC2FB 
  50      A4B3F668 
  50      BE305518 
  51 0137 9FB0678A 		.ascii	"\237\260g\212v~r\332.\316\346\364\231\315\321\017\250"
  51      767E72DA 
  51      2ECEE6F4 
  51      99CDD10F 
  51      A8
  52 0148 818808   		.ascii	"\201\210\010"
  53              		.text
  54              		.section	.gnu.lto_.symbol_nodes.f4ffdbce420013f8,"",%progbits
  55 0000 789C558A 		.ascii	"x\234U\212\273\015\2000\024\304\234\0130\007\243\300"
  55      BB0D8030 
  55      14C49C0B 
  55      3007A3C0 
  56 0010 642F05DF 		.ascii	"d/\005\337\216!\230\202\232\232\031@b\016\304S*(N\226"
  56      8E219882 
  56      9A9A1940 
  56      620EC453 
  56      2A284E96 
  57 0024 ECAB80E4 		.ascii	"\354\253\200\344C\235\014\226\003\034[j\241\034E\355"
  57      439D0C96 
  57      031C5B6A 
  57      A11C45ED 
  58 0034 25CCB290 		.ascii	"%\314\262\220\213_S\343b\222\351'\006Y\374\211^V|E\244"
  58      8B5F53E3 
ARM GAS  /tmp/cc4kVeBl.s 			page 4


  58      6292E927 
  58      0659FC89 
  58      5E567C45 
  59 0049 643D9F10 		.ascii	"d=\237\020)\3303#w\246\350\256'\360\002\"\230\036\241"
  59      29D83323 
  59      77A6E8AE 
  59      27F00222 
  59      981EA1
  60              		.text
  61              		.section	.gnu.lto_.refs.f4ffdbce420013f8,"",%progbits
  62 0000 789C6363 		.ascii	"x\234cc```\003bF\006&F&\006\000\000\263\000\023"
  62      60606003 
  62      62460626 
  62      46260600 
  62      00B30013 
  63              		.text
  64              		.section	.gnu.lto_.decls.f4ffdbce420013f8,"",%progbits
  65 0000 789C8D55 		.ascii	"x\234\215U{LSW\030\277\337=\264\320R-\201e1\233\313"
  65      7B4C5357 
  65      18BFDF3D 
  65      B4D0522D 
  65      8165319B 
  66 0015 0CE962FF 		.ascii	"\014\351b\377\221\212\232\305?\366\217\303\315\221\240"
  66      918A9AC5 
  66      3FF68FC3 
  66      CD91A0
  67 0024 92B825CB 		.ascii	"\222\270%\313\376\251\025\252m\202-i\313\242Y\262]\004"
  67      FEA915AA 
  67      6D822D69 
  67      CBA259B2 
  67      5D04
  68 0036 226164C8 		.ascii	"\"ad\310l\214\340\020\242f\016%\212S|\200\016\320Q\231"
  68      6C8CE010 
  68      A2660E25 
  68      8A537C80 
  68      0ED05199 
  69 004a 934DF1B1 		.ascii	"\223M\361\261\301P\220\207\200<\254\200\020\037\203"
  69      C1509087 
  69      803CAC80 
  69      101F83
  70 0059 7DE79CDB 		.ascii	"}\347\234\333\336\362\322\335\364\353\271\3379\277\357"
  70      DEF2D2DD 
  70      F4EBB9DF 
  70      39BFEF
  71 0068 F7BDCEB9 		.ascii	"\367\275\316\271G-\010\302*\215 D\211\202\340\305\367"
  71      472D08C2 
  71      2A8D2044 
  71      8982E0C5 
  71      F7
  72 0079 297CF055 		.ascii	")|\360U\250G\001\224N\201?*\224~\224\001\224!\224'("
  72      A8470194 
  72      4E813F2A 
  72      947E9401 
  72      94219427 
  73 008e A332E6A9 		.ascii	"\2432\346\2510\375\271\205\223\3418nF\031G\351C\231"
  73      30FDB985 
  73      93E1386E 
ARM GAS  /tmp/cc4kVeBl.s 			page 5


  73      461947E9 
  73      4399
  74 00a0 90B91EA0 		.ascii	"\220\271\036\240\370gp\216\312|C2\377\\\234^\0027\263"
  74      F867708E 
  74      CA7C4332 
  74      FF5C9C5E 
  74      0237B3
  75 00b3 2B7F20DF 		.ascii	"+\177 \337\022\210\326B\030\252O\232\212\273\026\242"
  75      1288D642 
  75      18AA4F9A 
  75      8ABB16A2 
  76 00c3 FA861696 		.ascii	"\372\206\026\226\240Zs\356\242O\305W\227\243\372\242"
  76      A05A73EE 
  76      A24FC557 
  76      97A3FAA2 
  77 00d3 CFDB025C 		.ascii	"\317\333\002\\\325\241\272\253\246\245P\317\301\035"
  77      D5A1BAAB 
  77      A6A550CF 
  77      C11D
  78 00e1 42887134 		.ascii	"B\210q47\376\256\340\364)-\021\201.\025\327\214]\223"
  78      37FEAEE0 
  78      F4292D11 
  78      812E15D7 
  78      8C5D93
  79 00f4 8922503D 		.ascii	"\211\"P=\334P\375<\222h\330\322\275\306\362\3434\202"
  79      DC50FD3C 
  79      9268D8D2 
  79      BDC6F2E3 
  79      3482
  80 0106 A55AA075 		.ascii	"\245Z\240u\322\343\324\311\301\013\317\026\360)\212"
  80      D2E3D4C9 
  80      C10BCF16 
  80      F0298A
  81 0115 E81FF4ED 		.ascii	"\350\037\364\355\323\221\005\354\3357\331:\240\211\253"
  81      D39105EC 
  81      DD37D93A 
  81      A089AB
  82 0124 90F813F1 		.ascii	"\220\370\023\361\271\000\277\000\011$\323\\0r$\234\304"
  82      B900BF00 
  82      0924D35C 
  82      3072249C 
  82      C4
  83 0135 53A0D8DE 		.ascii	"S\240\330\336\362\242m!h\215\271\222\264K*\313\2224"
  83      F2A26D21 
  83      688DB992 
  83      B44B2ACB 
  83      9234
  84 0147 9F087006 		.ascii	"\237\010p\006\026\303iX,\300e0R\362Z\210\023\340\022"
  84      16C36958 
  84      2CC06530 
  84      52F25A88 
  84      13E012
  85 015a 4E5EC4C9 		.ascii	"N^\304\311\037)a]\357\304\322\302\335\222$B=h\241\016"
  85      1F29615D 
  85      EFC4D2C2 
  85      DD922442 
  85      3D68A10E 
ARM GAS  /tmp/cc4kVeBl.s 			page 6


  86 016e 08C360F5 		.ascii	"\010\303`\365\226j\271\213\362#\205\207\324$\203\271"
  86      966AB98B 
  86      F2238587 
  86      D42483B9 
  87 017e A839D0D3 		.ascii	"\2509\320\323 \316\347\242a^\027\023\245\261\276\034"
  87      20CEE7A2 
  87      615E1713 
  87      A5B1BE1C 
  88 018e EAE25774 		.ascii	"\352\342WtqEq\201\036\271\217\316\352\266L\221T\000"
  88      71457181 
  88      1EB98FCE 
  88      EAB64C91 
  88      5400
  89 01a0 4B7832EF 		.ascii	"Kx2\357\242\237\220J\246\250\032\307\306\263t`0\030"
  89      A29F904A 
  89      A6A81AC7 
  89      C6B37460 
  89      3018
  90 01b2 628C87A8 		.ascii	"b\214\207\250\323\272\336\023\306\222\346>I\372^\307"
  90      D3BADE13 
  90      C692E63E 
  90      49FA5EC7 
  91 01c2 D87CC8F6 		.ascii	"\330|\310\366;\304(Q\230\026#q<\376\011\034\337\371"
  91      3BC42851 
  91      98162371 
  91      3CFE091C 
  91      DFF9
  92 01d4 4EB15497 		.ascii	"N\261T\227M\030\270fN0jA\364H\010\372\352Lt5\004\271"
  92      4D18B866 
  92      4E306A41 
  92      F44808FA 
  92      EA4C7435 
  93 01ea 0B695E7B 		.ascii	"\013i^{P L\200s\0108\313\326(\034s\203\353X\212F0\300"
  93      50204C80 
  93      730838CB 
  93      D6281C73 
  93      83EB588A 
  94 0201 6F28D7C0 		.ascii	"o(\327\300\300\272\305K\341+\211\316D+\212\024\3442"
  94      C0BAC54B 
  94      E12B89CE 
  94      442B8A14 
  94      E432
  95 0213 C8ADAC9D 		.ascii	"\310\255\254\235\314\276\241&\003,m\361j\371\261&\200"
  95      CCBEA126 
  95      032C6DF1 
  95      6AF9B126 
  95      80
  96 0224 18E39C7E 		.ascii	"\030\343\234~\340O\244\177\275\253\311\0225\356\027"
  96      E04FA47F 
  96      BDABC912 
  96      35EE17
  97 0233 F803814D 		.ascii	"\370\003\201MJ\315\251c\346o8\273\247#\222o\320E\250"
  97      4ACDA963 
  97      E66F38BB 
  97      A723926F 
  97      D045A8
  98 0246 56359DBF 		.ascii	"V5\235\277\257\"\223\274\005m#wwG\222\034\276\223O\276"
ARM GAS  /tmp/cc4kVeBl.s 			page 7


  98      AF2293BC 
  98      056D2377 
  98      7747921C 
  98      BE934FBE 
  99 025a F41E5593 		.ascii	"\364\036U\223|\256\024d\335\377\232\033}\200Z\376\376"
  99      7CAE1464 
  99      DDFF9A1B 
  99      7D805AFE 
  99      FE
 100 026b A37BD4F2 		.ascii	"\243{\324\362y \250\347U\355=\254'{\0314<\347\340\325"
 100      7920A8E7 
 100      55ED3DAC 
 100      277B1934 
 100      3CE7E0D5 
 101 027f 9270D63A 		.ascii	"\222p\326:\203\321p\210\2054^\032\275W\222\032\227\263"
 101      83D17088 
 101      85345E1A 
 101      BD57921A 
 101      97B3
 102 0291 A06E6250 		.ascii	"\240nbP\2558\006\323\272\001\241\275C\370ec&\353\006"
 102      AD3806D3 
 102      BA01A1BD 
 102      43F86563 
 102      26EB06
 103 02a4 455F9889 		.ascii	"E_\230\211>\017\323\232\207\360\326\020\370\335\231"
 103      3E0FD39A 
 103      87F0D610 
 103      F8DD99
 104 02b3 F0AA799A 		.ascii	"\360\252y\232w\007\001\267\331Z\253\\\3216\254\350?"
 104      770701B7 
 104      D95AAB5C 
 104      D136ACE8 
 104      3F
 105 02c4 58CD7B28 		.ascii	"X\315{(\177\241\374\215\322\"W\226;j~Wqtk\246#e\003"
 105      7FA1FC8D 
 105      D2225796 
 105      3B6A7E57 
 105      71746BA6 
 106 02db CA1D2FE5 		.ascii	"\312\035/\345\035o\235\336q\316\3640\264 \3153\251\252"
 106      1D6F9DDE 
 106      71CEF430 
 106      B420CD33 
 106      A9AA
 107 02ed 4352C4EA 		.ascii	"CR\304\352\326?\033\314\321\223bV]\361\344\220\377\033"
 107      D63F1BCC 
 107      D1936256 
 107      5DF1E490 
 107      FF1B
 108 02ff 30C6701F 		.ascii	"0\306p\037\303\345\254\325\035h|_iu+k\365\234\331B;"
 108      C3E5ACD5 
 108      1D687C5F 
 108      69752B6B 
 108      F59CD942 
 109 0314 26F97F12 		.ascii	"&\371\177\022F\267\267\237\217\336\321\307\3104\271"
 109      46B7B79F 
 109      8FDED1C7 
 109      C834B9
ARM GAS  /tmp/cc4kVeBl.s 			page 8


 110 0323 F3D208AF 		.ascii	"\363\322\010\257\3428P\324\334\247\321\345\005?\033"
 110      E23850D4 
 110      DCA7D1E5 
 110      053F1B
 111 0332 F020E460 		.ascii	"\360 \344`\011\320\011:\012\244#\202\253\353/\325F\266"
 111      09D0093A 
 111      0AA42382 
 111      ABEB2FD5 
 111      46B6
 112 0344 2315DE20 		.ascii	"#\025\336 \020\305(\000\370?\216T\230>\025x\200\317"
 112      10C52800 
 112      F83F8E54 
 112      983E1578 
 112      80CF
 113 0356 E3ACC807 		.ascii	"\343\254\310\007\031J\225\200\011\004gD\231C\014\360"
 113      194A9580 
 113      09046744 
 113      99430CF0 
 114 0366 B29F4C00 		.ascii	"\262\237L\000\241\254|\235\273\013<\374^\341/!v|JT\234"
 114      A1AC7C9D 
 114      BB0B3CFC 
 114      5EE12F21 
 114      767C4A54 
 115 037b 8598CC8A 		.ascii	"\205\230\314\212U\010.\007\203R\222\004\271b\247\272"
 115      55082E07 
 115      83529204 
 115      B962A7BA 
 116 038b DBF3C50E 		.ascii	"\333\363\305\016l\247\000_\010\302\236\2104v\374\374"
 116      6CA7005F 
 116      08C29E88 
 116      3476FCFC 
 117 039b A7A54E2D 		.ascii	"\247\245N-9\302\317b\303\324D\235\236\037F\221\336\005"
 117      39C2CF62 
 117      C3D4449D 
 117      9E1F4691 
 117      DE05
 118 03ad FEEB2591 		.ascii	"\376\353%\221\3740F\241Z\221?\345U-\332\307\332\226"
 118      FC3046A1 
 118      5A913FE5 
 118      552DDAC7 
 118      DA96
 119 03bf 254589B0 		.ascii	"%E\211\260\371M\350\305\212?d\025\357\203E\370\357\010"
 119      F94DE8C5 
 119      8A3F6415 
 119      EF8345F8 
 119      EF08
 120 03d1 0BECACFD 		.ascii	"\013\354\254\375\335\332\3302\251\254\003?\260MKz\317"
 120      DDDAD832 
 120      A9AC033F 
 120      B04D4B7A 
 120      CF
 121 03e2 48127EAF 		.ascii	"H\022~\257\2450\012\203\036eG\365\320\233\007\272q\243"
 121      A5300A83 
 121      1E6547F5 
 121      D09B07BA 
 121      71A3
 122 03f4 4117F65E 		.ascii	"A\027\366^\200~\210E\363\335?\017\267\253H#\217*\277"
ARM GAS  /tmp/cc4kVeBl.s 			page 9


 122      807E8845 
 122      F3DD3F0F 
 122      B7AB4823 
 122      8F2ABF
 123 0407 BBA64A8F 		.ascii	"\273\246J\217\\\035\270/\247ZV\027W\366I\271Z\346\020"
 123      5C1DB82F 
 123      A75A5617 
 123      57F649B9 
 123      5AE610
 124 041a 1E294C8F 		.ascii	"\036)L\217\344;\014\006\030\303\365\207\367\276\"#\234"
 124      E43B0C06 
 124      18C3F587 
 124      F7BE2223 
 124      9C
 125 042b E078435E 		.ascii	"\340xC^f\230L\320\325n8vF\312V1\363A\305|0`>\304\314"
 125      66984CD0 
 125      D56E3876 
 125      46CA5631 
 125      F341C57C 
 126 0444 8F5514F5 		.ascii	"\217U\024\365h\310)\302\354\317z\037=\326\204\211|;"
 126      68C829C2 
 126      ECCF7A1F 
 126      3DD68489 
 126      7C3B
 127 0456 D114E93D 		.ascii	"\321\024\351=\356+\276\023>o1\374\254\030\217A\256\306"
 127      EE2BBE13 
 127      3E6F31FC 
 127      AC188F41 
 127      AEC6
 128 0468 4896B74C 		.ascii	"H\226\267L\035\010\340\204a\210\005\200\030\030V\002"
 128      1D08E084 
 128      61880580 
 128      18185602 
 129 0478 180E04F0 		.ascii	"\030\016\004\360\204\005Pt\260\240\222\220Z\036\300"
 129      84055074 
 129      B0A09290 
 129      5A1EC0
 130 0487 70ED687F 		.ascii	"p\355h\1770\201g\206\232`\002#\212\375H\300~\224\331"
 130      30816786 
 130      9A600223 
 130      8AFD48C0 
 130      7E94D9
 131 049a 375E3931 		.ascii	"7^91\036I&\271\375\277\325MUa\357\035\226\374\022\273"
 131      1E4926B9 
 131      FDBFD54D 
 131      5561EF1D 
 131      96FC12BB 
 132 04ae EE06FDD9 		.ascii	"\356\006\375\331Rn4;1c\234 \344\2435\306:\362\024\336"
 132      526E343B 
 132      31639C20 
 132      E4A335C6 
 132      3AF214DE 
 133 04c2 43BBD297 		.ascii	"C\273\322\227/\212\026\206\0362\352S9d\343\362!\033"
 133      2F8A1686 
 133      1E32EA53 
 133      3964E3F2 
 133      211B
ARM GAS  /tmp/cc4kVeBl.s 			page 10


 134 04d4 6787ECA7 		.ascii	"g\207\354\247\003\273\272t\241`\3774\360\204\014\246"
 134      03BBBA74 
 134      A160FF34 
 134      F0840CA6 
 135 04e4 A33A79ED 		.ascii	"\243:y\355Z\213\307BR\\io\305\231\022l\366-\366\215"
 135      5A8BC742 
 135      525C696F 
 135      C599126C 
 135      F62DF68D 
 136 04f8 9B4C4EB7 		.ascii	"\233LN\267\311fI3\271])t\214K\211X\267\341\263%\011"
 136      C9664933 
 136      B95D2974 
 136      8C4B8958 
 136      B7E1B325 
 137 050d F1F182D6 		.ascii	"\361\361\202\326l\316\260;<+W\230=\253M\031n\227\311"
 137      6CCEB03B 
 137      3C2B5798 
 137      3DAB4D19 
 137      6E97C9
 138 0520 E2DABECC 		.ascii	"\342\332\276\314\341tX\227Y-[\354l\306\356HI\313H\265"
 138      E1745897 
 138      592D5BEC 
 138      6CC6EE48 
 138      49CB48B5 
 139 0534 9AB65B52 		.ascii	"\232\266[Rlv\207\325dN\265n\265d\244y\314\236\235\351"
 139      6C7687D5 
 139      644EB56E 
 139      B564A479 
 139      CC9E9DE9 
 140 0548 56779C4D 		.ascii	"Vw\234M\210\0100,{\015\203{\247\333dv{R\021\216f\304"
 140      8808302C 
 140      7B0D837B 
 140      A7DB6476 
 140      7B52118E 
 141 055e 99EAC230 		.ascii	"\231\352\3020m\357\317\0123\335\351\362\270M\233>]\277"
 141      6DEFCF0A 
 141      33DDE9F2 
 141      B84D9B3E 
 141      5DBF
 142 0570 72852929 		.ascii	"r\205))i\255i]r\342\306/\343\351\2229\035%--\025\315"
 142      69AD695D 
 142      72E2C62F 
 142      E3E99239 
 142      1D252D2D 
 143 0586 A3DD9EED 		.ascii	"\243\335\236\355\350t[\272\335iv[=\031\351f\217:9\201"
 143      E8745BBA 
 143      DD69765B 
 143      3D19E966 
 143      8F3A3981 
 144 059a E6AE4EFE 		.ascii	"\346\256N\376\220\017k\370\360\021\0354\311k\222\022"
 144      900F6BF8 
 144      F0111D34 
 144      C96B9212 
 145 05aa 9C8EADF6 		.ascii	"\234\216\255\366m\341\310\223\350\260{\336\236\277<"
 145      6DE1C893 
 145      E8B07BDE 
 145      9EBF3C
ARM GAS  /tmp/cc4kVeBl.s 			page 11


 146 05b9 82DAEDA1 		.ascii	"\202\332\355\241\220\330Y\220@*4\0267\315B\263\305i"
 146      90D85990 
 146      402A3416 
 146      37CD42B3 
 146      C569
 147 05cb 71A552F0 		.ascii	"q\245R\360\252Y`\266$'\362q\374\362\225\011\253\315"
 147      AA5960B6 
 147      2427F271 
 147      FCF29509 
 147      ABCD
 148 05dd EB133724 		.ascii	"\353\0237$\256_\223\304\227\320|A #\263\035)t\266\020"
 148      AE5F93C4 
 148      97D07C41 
 148      2023B31D 
 148      2974B610 
 149 05f1 25FE9575 		.ascii	"%\376\225u\221Iw\3540\331\224\222P\256@wRX\262\377\001"
 149      914977EC 
 149      30D99492 
 149      50AE4077 
 149      5258B2FF 
 150 0606 522551F0 		.ascii	"R%Q\360"
 151              		.text
 152              		.section	.gnu.lto_.symtab.f4ffdbce420013f8,"",%progbits
 153 0000 68616C49 		.ascii	"halInit\000"
 153      6E697400 
 154 0008 00       		.ascii	"\000"
 155 0009 00       		.ascii	"\000"
 156 000a 00       		.ascii	"\000"
 157 000b 00000000 		.ascii	"\000\000\000\000\000\000\000\000"
 157      00000000 
 158 0013 E9000000 		.ascii	"\351\000\000\000"
 159 0017 70616C5F 		.ascii	"pal_default_config\000"
 159      64656661 
 159      756C745F 
 159      636F6E66 
 159      696700
 160 002a 00       		.ascii	"\000"
 161 002b 02       		.ascii	"\002"
 162 002c 00       		.ascii	"\000"
 163 002d 00000000 		.ascii	"\000\000\000\000\000\000\000\000"
 163      00000000 
 164 0035 F5000000 		.ascii	"\365\000\000\000"
 165 0039 7374496E 		.ascii	"stInit\000"
 165      697400
 166 0040 00       		.ascii	"\000"
 167 0041 02       		.ascii	"\002"
 168 0042 00       		.ascii	"\000"
 169 0043 00000000 		.ascii	"\000\000\000\000\000\000\000\000"
 169      00000000 
 170 004b EB000000 		.ascii	"\353\000\000\000"
 171 004f 626F6172 		.ascii	"boardInit\000"
 171      64496E69 
 171      7400
 172 0059 00       		.ascii	"\000"
 173 005a 02       		.ascii	"\002"
 174 005b 00       		.ascii	"\000"
 175 005c 00000000 		.ascii	"\000\000\000\000\000\000\000\000"
ARM GAS  /tmp/cc4kVeBl.s 			page 12


 175      00000000 
 176 0064 ED000000 		.ascii	"\355\000\000\000"
 177 0068 5F70616C 		.ascii	"_pal_lld_init\000"
 177      5F6C6C64 
 177      5F696E69 
 177      7400
 178 0076 00       		.ascii	"\000"
 179 0077 02       		.ascii	"\002"
 180 0078 00       		.ascii	"\000"
 181 0079 00000000 		.ascii	"\000\000\000\000\000\000\000\000"
 181      00000000 
 182 0081 F1000000 		.ascii	"\361\000\000\000"
 183 0085 68616C5F 		.ascii	"hal_lld_init\000"
 183      6C6C645F 
 183      696E6974 
 183      00
 184 0092 00       		.ascii	"\000"
 185 0093 02       		.ascii	"\002"
 186 0094 00       		.ascii	"\000"
 187 0095 00000000 		.ascii	"\000\000\000\000\000\000\000\000"
 187      00000000 
 188 009d F3000000 		.ascii	"\363\000\000\000"
 189              		.text
 190              		.section	.gnu.lto_.opts,"",%progbits
 191 0000 272D666D 		.ascii	"'-fmath-errno' '-fsigned-zeros' '-ftrapping-math' '"
 191      6174682D 
 191      6572726E 
 191      6F272027 
 191      2D667369 
 192 0033 2D666E6F 		.ascii	"-fno-trapv' '-fno-openmp' '-fno-openacc' '-mcpu=cor"
 192      2D747261 
 192      70762720 
 192      272D666E 
 192      6F2D6F70 
 193 0066 7465782D 		.ascii	"tex-m3' '-mthumb' '-O2' '-fomit-frame-pointer' '-fa"
 193      6D332720 
 193      272D6D74 
 193      68756D62 
 193      2720272D 
 194 0099 6C69676E 		.ascii	"lign-functions=16' '-ffunction-sections' '-fdata-se"
 194      2D66756E 
 194      6374696F 
 194      6E733D31 
 194      36272027 
 195 00cc 6374696F 		.ascii	"ctions' '-fno-common' '-flto'\000"
 195      6E732720 
 195      272D666E 
 195      6F2D636F 
 195      6D6D6F6E 
 196              		.text
 197              		.comm	__gnu_lto_v1,1,1
 198              		.comm	__gnu_lto_slim,1,1
 199              		.ident	"GCC: (GNU) 7.3.0"
ARM GAS  /tmp/cc4kVeBl.s 			page 13


DEFINED SYMBOLS
                            *ABS*:0000000000000000 hal.c
                            *COM*:0000000000000001 __gnu_lto_v1
                            *COM*:0000000000000001 __gnu_lto_slim

NO UNDEFINED SYMBOLS
