ARM GAS  /tmp/cc3obmjb.s 			page 1


   1              		.cpu cortex-m3
   2              		.eabi_attribute 20, 1
   3              		.eabi_attribute 21, 1
   4              		.eabi_attribute 23, 3
   5              		.eabi_attribute 24, 1
   6              		.eabi_attribute 25, 1
   7              		.eabi_attribute 26, 1
   8              		.eabi_attribute 30, 2
   9              		.eabi_attribute 34, 1
  10              		.eabi_attribute 18, 4
  11              		.file	"hal_lld.c"
  12              		.section	.gnu.lto_.profile.a06e494ec4ddd44,"",%progbits
  13 0000 789C6363 		.ascii	"x\234cc```\001bF\006\037G\000\001Q\000\231"
  13      60606001 
  13      6246061F 
  13      47000151 
  13      0099
  14              		.text
  15              		.section	.gnu.lto_.icf.a06e494ec4ddd44,"",%progbits
  16 0000 789C6363 		.ascii	"x\234cc``\020f@\000f\206y\313\346\357dg\374\364b\353"
  16      60601066 
  16      40006686 
  16      79CBE6EF 
  16      6467FCF4 
  17 0016 146EA6B6 		.ascii	"\024n\246\266\2453\213\031\000R\336\010("
  17      A5338B19 
  17      0052DE08 
  17      28
  18              		.text
  19              		.section	.gnu.lto_.jmpfuncs.a06e494ec4ddd44,"",%progbits
  20 0000 789C6363 		.ascii	"x\234cc``\340d@\000&\020\301\010\304\000\001\202\000"
  20      6060E064 
  20      40002610 
  20      C108C400 
  20      018200
  21 0013 13       		.ascii	"\023"
  22              		.text
  23              		.section	.gnu.lto_.inline.a06e494ec4ddd44,"",%progbits
  24 0000 789C6363 		.ascii	"x\234cc``0`@\000&\006\006IEF\006&\255\011'\230\030\330"
  24      60603060 
  24      40002606 
  24      06494546 
  24      0626AD09 
  25 0018 16C83381 		.ascii	"\026\3103\201\004\031\271@\004\203\316\034F\240L\320"
  25      0419B940 
  25      0483CE1C 
  25      46A04CD0 
  26 0028 82D74270 		.ascii	"\202\327Bp\031\006\000\233\264\006O"
  26      1906009B 
  26      B4064F
  27              		.text
  28              		.section	.gnu.lto_.pureconst.a06e494ec4ddd44,"",%progbits
  29 0000 789C6363 		.ascii	"x\234cc```\005b&\006)F)\000\000\374\000C"
  29      60606005 
  29      62260629 
  29      46290000 
  29      FC0043
ARM GAS  /tmp/cc3obmjb.s 			page 2


  30              		.text
  31              		.section	.gnu.lto_hal_lld_init.a06e494ec4ddd44,"",%progbits
  32 0000 789C9D55 		.ascii	"x\234\235U\333K\024Q\034>\337\234\335\331qm\021\021"
  32      DB4B1451 
  32      1C3EDF9C 
  32      DDD9716D 
  32      1111
  33 0012 45C8875E 		.ascii	"E\310\207^z\360\305\301\204\376\201\240\207 z\260\327"
  33      7AF0C5C1 
  33      84FE81A0 
  33      87207AB0 
  33      D7
  34 0023 886EA020 		.ascii	"\210n\240 \030\331\203o;\233\327.PD\273JN\261QPK\344"
  34      18D9836F 
  34      3B9BD72E 
  34      5044BB4A 
  34      4EB15150 
  35 0039 22DA65B7 		.ascii	"\"\332e\267\314u-\263\362RfW\265\314\"\262\244\036\212"
  35      CC752DB3 
  35      F2526657 
  35      B5CC22B2 
  35      A41E8A
  36 004c CA42EDFC 		.ascii	"\312B\355\374\346\254\316\352\223\263\007\346\333\231"
  36      E6ACCEEA 
  36      93B307E6 
  36      DB99
  37 005a 3967BEEF 		.ascii	"9g\276\357\373}3\373;*cl\243\207\2612\361\273^\034\340"
  37      FB7D33FB 
  37      3B2A636C 
  37      A387B132 
  37      F1BB5E1C 
  38 006f 0CCAA961 		.ascii	"\014\312\251a\306\002\232\002\320\211\241\201\371\025"
  38      C6029A02 
  38      D089A181 
  38      F915
  39 007d F871829F 		.ascii	"\370q\202\237\341H6}\212)\305\227\0151\022-\255\336"
  39      E148367D 
  39      8A29C597 
  39      0D31122D 
  39      ADDE
  40 008f 46A3A1D0 		.ascii	"F\243\241\320\344\214\205\304A\003\235(fb\331t\307B"
  40      E48C85C4 
  40      41039D28 
  40      6662D974 
  40      C742
  41 00a1 D0A7BAE4 		.ascii	"\320\247\272\344}tAe\020'\321Qw\302XXl2\022\203\027"
  41      7D744165 
  41      1027D151 
  41      77C25858 
  41      6C321283 
  42 00b6 F16F5B21 		.ascii	"\361o[!\230\311\241\020p\002\027\201J\240\021x\011\262"
  42      98C9A110 
  42      70021781 
  42      4AA01178 
  42      09B2
  43 00c8 097C0439 		.ascii	"\011|\0049\004\271\004y\004\371\004\005\004\2145\013"
  43      04B90479 
ARM GAS  /tmp/cc3obmjb.s 			page 3


  43      04F90405 
  43      048C350B 
  44 00d8 1561D548 		.ascii	"\025a\325H\260\243\\\241\263\272\004\373\202d|\346\344"
  44      B0A35CA1 
  44      B3BA04FB 
  44      82647CE6 
  44      E4
  45 00e9 01D23ECB 		.ascii	"\001\322>\313Ua)\324\220\034\361\034\347&W@\016\307"
  45      556129D4 
  45      901CF11C 
  45      E7265740 
  45      0EC7
  46 00fb A3435F35 		.ascii	"\243C_5yi\204\233\015\227\270u)\332\321\2060\316\007"
  46      7969849B 
  46      0D97B875 
  46      29DAD186 
  46      30CE07
  47 010e 44711B4C 		.ascii	"Dq\033L\316q\003E\270\216\"F\353Ow\216\355\322\257\031"
  47      CE710345 
  47      B88E2246 
  47      EB4F778E 
  47      EDD2AF19 
  48 0122 F530B90B 		.ascii	"\3650\271\0137\305\262\240U2nA'\255\237\032)9\"\211"
  48      37C5B2A0 
  48      55326E41 
  48      27AD9F1A 
  48      29392289 
  49 0136 D92471E8 		.ascii	"\331$q\350bvr r\225\223%`Q\214\034\334\026\217Q\035"
  49      62767220 
  49      72959325 
  49      60518C1C 
  49      DC168F51 
  50 014b 59B20ACD 		.ascii	"Y\262\012\315\021\375\035\233\276;c\217wm\222\036\313"
  50      11FD1D9B 
  50      BE3B638F 
  50      776D921E 
  50      CB
  51 015c 63743636 		.ascii	"ct66\347\223\036\031\022+\375y\327J\035\240)\027zm\362"
  51      E7931E19 
  51      122BFD79 
  51      D74A1DA0 
  51      29177A6D 
  52 0171 A474188F 		.ascii	"\244t\030\217\264\272%W\266#\233}\026\023}b\270\227"
  52      B4BA2557 
  52      B6239B7D 
  52      16137D62 
  52      B897
  53 0183 71ADF76D 		.ascii	"q\255\367m\222~\350\253\303\3679\342z`s\015dl\350\241"
  53      927EE8AB 
  53      C3F739E2 
  53      7A60730D 
  53      646CE8A1 
  54 0197 4DF24818 		.ascii	"M\362H\030Z\225v\216\303\264\037\333l\203Ki\267\245"
  54      5A95768E 
  54      C3B41FDB 
  54      6C834B69 
  54      B7A5
ARM GAS  /tmp/cc3obmjb.s 			page 4


  55 01a9 D286235F 		.ascii	"\322\206#_C\026\223BL\303\026S\335\237FH\"Er\365\307"
  55      43169342 
  55      4CC31653 
  55      DD9F4648 
  55      224572F5 
  56 01be FFFE5827 		.ascii	"\377\376X'\277\022\352\024\300\210\364>v\014\216Sxb"
  56      BF12EA14 
  56      C088F43E 
  56      760C8E53 
  56      7862
  57 01d0 AB3D852E 		.ascii	"\253=\205.$\322C\310u\030\302\250M\366l)\0043\025\002"
  57      24D243C8 
  57      7518C2A8 
  57      4DF66C29 
  57      04331502 
  58 01e4 77646BCC 		.ascii	"wdk\314fz\276*\004\227\344j\377\325\027q/\207\220`x"
  58      667ABE2A 
  58      0497E46A 
  58      FFD51771 
  58      2F879060 
  59 01f9 9179082F 		.ascii	"\221y\010/m\265W\024\202+=\204<\207!\274\266\311\336"
  59      6DB55714 
  59      822B3D84 
  59      3C8721BC 
  59      B6C9DE
  60 020c A4429899 		.ascii	"\244B\230\231\333\274\334\265\353\255\346\276\020Q\255"
  60      DBBCDCB5 
  60      EBADE6BE 
  60      1051AD
  61 021b C61DE248 		.ascii	"\306\035\342Ho\350\030\207\212\011\352\347\023$\235"
  61      6FE81887 
  61      8A09EAE7 
  61      13249D
  62 022a 9FDE58DD 		.ascii	"\237\336X\335\326\312\013\363\365\355Y\362\322\230\012"
  62      D6CA0BF3 
  62      F5ED59F2 
  62      D2980A
  63 0239 588DF54A 		.ascii	"X\215\365Jo\334\310\022\346D)*\336\012c\223)c\335-]"
  63      6FDCC812 
  63      E644292A 
  63      DE0A6393 
  63      2963DD2D 
  64 024e 4D582EF2 		.ascii	"MX.\362\235\345\213[\032\014SK\251\236\373\256J\261"
  64      9DE58B5B 
  64      1A0C534B 
  64      A99EFBAE 
  64      4AB1
  65 0260 02A9D7FE 		.ascii	"\002\251\327\376\271\307\364\246rU\360\336\016u\302"
  65      B9C7F4A6 
  65      7255F0DE 
  65      0E75C2
  66 026f 0A758D62 		.ascii	"\012u\215b\323+\304>P\250\005l\026u\341\036\361'\241"
  66      D32BC43E 
  66      50A8056C 
  66      1675E11E 
  66      F127A1
  67 0282 0D4B3C11 		.ascii	"\015K<\021\213\315\216{\374\363\206frO\210\002\303G"
ARM GAS  /tmp/cc3obmjb.s 			page 5


  67      8BCD8E7B 
  67      FCF38666 
  67      724F8802 
  67      C347
  68 0294 F8C596A3 		.ascii	"\370\305\226\243\261o8\022\376\035\264\336\243\265\357"
  68      B16F3812 
  68      FE1DB4DE 
  68      A3B5EF
  69 02a3 358B94C4 		.ascii	"5\213\224\304\276#\226\224\226\350[**\367V\356(\327"
  69      BE239694 
  69      96E85B2A 
  69      2AF756EE 
  69      28D7
  70 02b5 AB6BF48A 		.ascii	"\253k\364\212=U\372\301\352C\207k\364\362\235\333\313"
  70      3D55FAC1 
  70      EA43876B 
  70      F4F29DDB 
  70      CB
  71 02c6 3649DC5A 		.ascii	"6I\334ZZ[K3\273\253\252\366\227\354c\377\001\300\217"
  71      5A5B4B33 
  71      BBABAAF6 
  71      97EC63FF 
  71      01C08F
  72 02d9 3D6E     		.ascii	"=n"
  73              		.text
  74              		.section	.gnu.lto_stm32_clock_init.a06e494ec4ddd44,"",%progbits
  75 0000 789C9D55 		.ascii	"x\234\235U\315oTU\024\277\347\335\3679o\276)\2151,t"
  75      CD6F5455 
  75      14BFE7DD 
  75      F7396FBE 
  75      298D312C 
  76 0015 C98609F2 		.ascii	"\311\206\011\362\027LL\334\031\026\2705Ft\001I\023\214"
  76      174C4CDC 
  76      1916B835 
  76      46740149 
  76      138C
  77 0027 B860C72B 		.ascii	"\270`\307+\264\245#]\030B1\201\311\330DM%\212\023B\375"
  77      B4A5235D 
  77      18423181 
  77      C9D8444D 
  77      258A1342 
  78 003c 68B1384E 		.ascii	"h\2618N\031\247\005\332\012V\245\264\370\201\016\235"
  78      19A705DA 
  78      0A56A5B4 
  78      F8810E9D 
  79 004c 7E503663 		.ascii	"~P6c\260\240\324{\336\271o\336\313h\242o^2\277\271s"
  79      B0A0D47B 
  79      DEB96FDE 
  79      CB68A26F 
  79      5E32BFB9 
  80 0061 CF9DDFF9 		.ascii	"\317\235\337\371\335\3379\367>\2351\266b1\266K|?\020"
  80      DDDF39F7 
  80      3E9D31B6 
  80      6231B64B 
  80      7C3F10
  81 0074 1F483350 		.ascii	"\037H3P\336\232a\254\333T\200\323\200+\251\2212cND]"
  81      DE9A61AC 
ARM GAS  /tmp/cc3obmjb.s 			page 6


  81      DB5480D3 
  81      802BA991 
  81      32634E44 
  82 0089 B499134D 		.ascii	"\264\231\023M\321|V\005\215\342\232\222\244\270\356"
  82      D17C5605 
  82      8DE29A92 
  82      A4B8EE
  83 0098 C693349F 		.ascii	"\306\2234\237\325\301\240\270\241$(n\272\361\004\315"
  83      D5C1A0B8 
  83      A124286E 
  83      BAF104CD 
  84 00a8 674DB028 		.ascii	"gM\260(n)q\212G\334x\234\346\263\021\260)n+1\212G\335"
  84      6E29718A 
  84      47DC789C 
  84      E6B311B0 
  84      296E2B31 
  85 00bf 788CE6B3 		.ascii	"x\214\346\263Q\000\374vL`\207\025\236R\265\244n$L+\036"
  85      5100FC76 
  85      4C608715 
  85      9E52B5A4 
  85      6E244C2B 
  86 00d4 B1635138 		.ascii	"\261cQ8\254s&\037\315\033\030\336\300\362\006\2667\030"
  86      AC73261F 
  86      CD1B18DE 
  86      C0F206B6 
  86      3718
  87 00e6 E0273994 		.ascii	"\340'9\224\217\335\035U\266\017;\342)\275=f\3679\275"
  87      8FDD1D55 
  87      B60F3BE2 
  87      29BD3D66 
  87      F739BD
  88 00f9 4FE405CB 		.ascii	"O\344\005\313)\311\004\027`;\023\313\356\234\177<\030"
  88      29C90417 
  88      603B13CB 
  88      EE9C7F3C 
  88      18
  89 010a D3559A87 		.ascii	"\323U\232\207\021\320\031\210A\361\206Vr\036o\036sJ"
  89      11D01988 
  89      41F18656 
  89      721E6F1E 
  89      734A
  90 011c 6BEFC2F8 		.ascii	"k\357\302\370\356\247\201\3459(\010\034AE\320\020t\004"
  90      EEA781E5 
  90      3928081C 
  90      4145D010 
  90      7404
  91 012e 03C144B0 		.ascii	"\003\301D\260\020\"\0106B\024!\206\020GH $\021R\010"
  91      10220836 
  91      42142186 
  91      10474820 
  91      24115208 
  92 0142 69842D08 		.ascii	"i\204-\010\035\010[\021:\021\030\353\027j\026m\247\304"
  92      1D085B11 
  92      3A1118EB 
  92      176A166D 
  92      A7C4
  93 0154 725C1183 		.ascii	"r\\\021\203\243%\266\002\345\261\345\225\232\216\022"
ARM GAS  /tmp/cc3obmjb.s 			page 7


  93      A325B602 
  93      E5B1E595 
  93      9A8E12
  94 0163 4F7310CA 		.ascii	"Os\020\312O\365\226g\215\343<\317\025\300\215,\024\247"
  94      4FF59667 
  94      8DE33CCF 
  94      15C08D2C 
  94      14A7
  95 0175 574DFAE9 		.ascii	"WM\372\351\014\365;\252\230z\257x\376\014\014A\241["
  95      0CF53BAA 
  95      987AAF78 
  95      FE0C0C41 
  95      A15B
  96 0187 78F0549E 		.ascii	"x\360T\236s\370\024\266\301'\260\215\341\372\023\027"
  96      73F814B6 
  96      C127B08D 
  96      E1FA1317 
  97 0197 E65ECC9C 		.ascii	"\346^\314\234sz \317U\370L,\033t\235\201\317!#\222\035"
  97      737A20CF 
  97      55F84C2C 
  97      1B749D81 
  97      CF212392 
  98 01ac FDA30F28 		.ascii	"\375\243\017(\225B\331F.W\373\\z\020\317\250\340\020"
  98      9542D946 
  98      2E57FB5C 
  98      7A10CFA8 
  98      E010
  99 01be 82E6DE74 		.ascii	"\202\346\336t\327\204\3124\346g\272\010\031A/F9\316"
  99      D784CA34 
  99      E667BA08 
  99      19412F46 
  99      39CE
 100 01d0 9928BEB7 		.ascii	"\231(\276\267\313\325\232A\251\371\377e\356\306\220"
 100      CBD59A41 
 100      A9F9FF65 
 100      EEC690
 101 01df 0A5FF8DC 		.ascii	"\012_\370\334\343\264\213?\373\2464\342R\211\256\262"
 101      E3B48B3F 
 101      FBA634E2 
 101      5289AEB2 
 102 01ef F9A094A0 		.ascii	"\371\240\224\240m(pI\320\324\240\347\326\3045\271W4"
 102      6D287049 
 102      D0D4A0E7 
 102      D6C435B9 
 102      5734
 103 0201 ADB836BA 		.ascii	"\255\2706\272\021\243\025\014\276\304D\014\353\221b"
 103      11A3150C 
 103      BEC4440C 
 103      EB9162
 104 0210 A26B21C7 		.ascii	"\242k!\307\325@9\356y\345\320BYP\362e~\345\311\224\002"
 104      D54039EE 
 104      79E5D042 
 104      5950F265 
 104      7EE5C994 
 105 0225 245771AA 		.ascii	"$Wq\252\267\012\244a\003\240\334\276\333\023~\252\313"
 105      B70AA461 
 105      03A0DCBE 
ARM GAS  /tmp/cc3obmjb.s 			page 8


 105      DB137EAA 
 105      CB
 106 0236 E8B68E44 		.ascii	"\350\266\216D\215\372\372\373\306\277P\015=\371\037"
 106      8DFAFAFB 
 106      C6BF500D 
 106      3DF91F
 107 0245 FE565C36 		.ascii	"\376V\\6<\037\3605d\202-\250\012\257\252\256W9\256\005"
 107      3C1FF035 
 107      64822DA8 
 107      0AAFAAAE 
 107      5739AE05 
 108 0259 6B79BF22 		.ascii	"ky\277\"ki\204\254\345\244\237k\3123i^\326\322$\272"
 108      6B6984AC 
 108      E5A49F6B 
 108      CA33695E 
 108      D6D224BA 
 109 026d 47F593F3 		.ascii	"G\365\223\363\322\245(\\\241Z.4ki\006\212\227\224\305"
 109      D2A5285C 
 109      A15A2E34 
 109      6B69068A 
 109      9794C5
 110 0280 D303C5EB 		.ascii	"\323\003\305\353_\222\305\263B9z\325w\364Z\313I\211"
 110      5F92C5B3 
 110      42397AD5 
 110      77F45ACB 
 110      4989
 111 0292 10D7D2FA 		.ascii	"\020\327\322\372G\003\006\311r\034\025\246\333\257\336"
 111      470306C9 
 111      721C15A6 
 111      DBAFDE
 112 02a1 8C9F6B16 		.ascii	"\214\237k\026\253\027q\3755\202\376\346\226\244\277"
 112      AB1771FD 
 112      3582FEE6 
 112      96A4BF
 113 02b0 76487FBF 		.ascii	"vH\177\277\361\271\257\267\236\225(\321M\024\012=\212"
 113      F1B9AFB7 
 113      9E9528D1 
 113      4D140A3D 
 113      8A
 114 02c1 B711136E 		.ascii	"\267\021\023n\264\236\226h\300\341\204t\330\0148\\\030"
 114      B49E9668 
 114      C0E18474 
 114      D80C385C 
 114      18
 115 02d2 96DA62A1 		.ascii	"\226\332b\241v\375\255_\371\271\026\207\343\304\365"
 115      76FDAD5F 
 115      F9B91687 
 115      E3C4F5
 116 02e1 E189DECD 		.ascii	"\341\211\336\315\246\303\015\006\337\265o\361\367~\262"
 116      A6C30D06 
 116      DFB56FF1 
 116      F77EB2
 117 02f0 1FD0E2B8 		.ascii	"\037\320\342\270+\375\354;Ry\"\024\331M\337\323\371"
 117      2BFDEC3B 
 117      52792214 
 117      D94DDFD3 
 117      F9
ARM GAS  /tmp/cc3obmjb.s 			page 9


 118 0301 16E549E2 		.ascii	"\026\345I\342\272^{8ky\312\205\247\267\332W\276\340"
 118      BA5E7B38 
 118      6B79CA85 
 118      A7B7DA57 
 118      BEE0
 119 0313 275B44E5 		.ascii	"'[D\345I\2679\254`s|\3405G*ds\334\366\271\177lm\216"
 119      49B739AC 
 119      60737CE0 
 119      35472A64 
 119      73DCF6B9 
 120 032b 34D15DDD 		.ascii	"4\321]\335\034\270\2575w\222\204\237Z\273#\035\350\216"
 120      1CB8AF35 
 120      7792849F 
 120      5ABB231D 
 120      E88E
 121 033d B8EC8E48 		.ascii	"\270\354\216H\263;\032\365\217\207\333\272\203~\366"
 121      B33B1AF5 
 121      8F87DBBA 
 121      837EF6
 122 034c 0BF68B7B 		.ascii	"\013\366\213{\007\235\275\264q$Fw\2203\371;\203;di\243"
 122      079DBDB4 
 122      71244677 
 122      9033F93B 
 122      833B6469 
 123 0361 3E59F512 		.ascii	">Y\365\0224\257)\315}S>\254U\216\233\364\323)\321\233"
 123      34AF29CD 
 123      7D533EAC 
 123      558E9BF4 
 123      D329D19B 
 124 0375 72F5CCB9 		.ascii	"r\365\314\271\333\226'a\257x\007\353\360\233\320\360"
 124      DB962761 
 124      AF7807EB 
 124      F09BD0F0 
 125 0385 ABD430FA 		.ascii	"\253\3240\372We<\021\020QsE\340\253\013\356\272\"\006"
 125      57653C11 
 125      10517345 
 125      E0AB0BEE 
 125      BA2206
 126 0398 A7C76F72 		.ascii	"\247\307or\022\221\206%R0\266<\355\035\200-\241*[\367"
 126      12918625 
 126      5230B63C 
 126      ED1D802D 
 126      A12A5BF7 
 127 03ac B7B8DCD2 		.ascii	"\267\270\334\322F\035\202\313}m\265\3314+>\365*6M\207"
 127      461D82CB 
 127      7D6DB5D9 
 127      342B3EF5 
 127      2A364D87 
 128 03c0 DB3476B0 		.ascii	"\3334v\260if\252R\364\326\220M\263\346s\337k\275\261"
 128      6966AA52 
 128      F4D6904D 
 128      B3E673DF 
 128      6BBDB1
 129 03d3 3B05DD3F 		.ascii	";\005\335?\257\350NAr\372b\343\212\354#\023\326\233"
 129      AFE84E41 
 129      72FA62E3 
 129      8AEC2313 
ARM GAS  /tmp/cc3obmjb.s 			page 10


 129      D69B
 130 03e5 1D13931D 		.ascii	"\035\023\223\035\023\245\216Y\207#C\217\012\356\337"
 130      13A58E59 
 130      8723438F 
 130      0AEEDF
 131 03f4 E4021001 		.ascii	"\344\002\020\001Q\200\235;2\317\356\333\277w\377\356"
 131      51809D3B 
 131      32CFEEDB 
 131      BF77FFEE 
 132 0404 3D990307 		.ascii	"=\231\003\0073\373^\356\312\274v\340\3657\016f\366\274"
 132      33FB5EEE 
 132      CABC76E0 
 132      F5370E66 
 132      F6BC
 133 0416 F0FCAE67 		.ascii	"\360\374\256g\010\237\333y\350\020F^\352\352zu\307+"
 133      089FDB79 
 133      E810465E 
 133      EAEA7A75 
 133      C72B
 134 0428 EC6F6496 		.ascii	"\354od\226@\321"
 134      40D1
 135              		.text
 136              		.section	.gnu.lto_.symbol_nodes.a06e494ec4ddd44,"",%progbits
 137 0000 789C6363 		.ascii	"x\234cc``\360\000b\006\2466\246z\006\206\011\347\030"
 137      6060F000 
 137      6206A636 
 137      A67A0686 
 137      09E718
 138 0013 1880D4AE 		.ascii	"\030\200\324\256\006G\240H;S=#\212\010k\013\023C\243"
 138      0647A048 
 138      3B533D23 
 138      8A086B0B 
 138      1343A3
 139 0026 12503163 		.ascii	"\022P1c\007S=\023X\212\201\241\241\301\201\201\201\031"
 139      07533D13 
 139      588A81A1 
 139      A1C18181 
 139      8119
 140 0038 088F74BF 		.ascii	"\010\217t\277\221g\000\000b\006\020K"
 140      91670000 
 140      6206104B 
 141              		.text
 142              		.section	.gnu.lto_.refs.a06e494ec4ddd44,"",%progbits
 143 0000 789C6363 		.ascii	"x\234cc```\004b\006\000\000D\000\010"
 143      60606004 
 143      62060000 
 143      440008
 144              		.text
 145              		.section	.gnu.lto_.decls.a06e494ec4ddd44,"",%progbits
 146 0000 789C9D55 		.ascii	"x\234\235U}P\224\325\032\177\237\367\254\313\262\313"
 146      7D5094D5 
 146      1A7F9FF7 
 146      ACCBB2CB 
 147 0010 8741354E 		.ascii	"\207A5N\343\037\216m#\177\\Y\321\177\374\243i\302\025"
 147      E31F8E6D 
 147      237F5C59 
 147      D17FFCA3 
ARM GAS  /tmp/cc3obmjb.s 			page 11


 147      69C215
 148 0023 B3E94367 		.ascii	"\263\351Cg\361\336\246n3\033\037\353\270\023\354\032"
 148      F1DEA66E 
 148      331B1FEB 
 148      B813EC1A 
 149 0033 BB4C38FD 		.ascii	"\273L8\375\363\"H\010\030\240\336J\254$b\232$\356\215"
 149      F3224808 
 149      18A0DE4A 
 149      AC24629A 
 149      24EE8D
 150 0046 2C333ED4 		.ascii	",3>\324\345\313hSAJB\001YP\210 \001\021\021\304\242"
 150      E5CB6853 
 150      414A4201 
 150      59508820 
 150      011111C4 
 151 005b E79CB3CB 		.ascii	"\347\234\263\313\373\262,\335\352\235}\366\234\347\234"
 151      FBB22CDD 
 151      EA9D7DF6 
 151      9CE79C
 152 006a DF793E7E 		.ascii	"\337y>~\347\234\347\250\005Ax(T\020\242EA\360`\177\016"
 152      E79CE7A8 
 152      05417828 
 152      5410A245 
 152      41F0607F 
 153 007f 3F826DBD 		.ascii	"?\202m\275 \177T\257E9\215r\026\005P\316\013\013\277"
 153      207F54AF 
 153      45398D72 
 153      160550CE 
 153      0B0BBF
 154 0092 D7713018 		.ascii	"\327q0\030\333WP\326\240\334D\031AiE\231B\231D\271\213"
 154      DB5750D6 
 154      A0DC4419 
 154      41694599 
 154      429944B9 
 155 00a7 5283A242 		.ascii	"R\203\242B\031D\351G\271\2062\246\3601\343\365\341\377"
 155      1944E947 
 155      B98632A6 
 155      F031E3F5 
 155      E1FF
 156 00b9 BD81F683 		.ascii	"\275\201\366\203\226\260\037\201s\017\000\267\321'\360"
 156      96B01F81 
 156      730F00B7 
 156      D127F0
 157 00c8 3C4280C7 		.ascii	"<B\200\307y:\200\255\303\004j\352O\237\325\365B\017"
 157      793A80AD 
 157      C3046AEA 
 157      4F9FD5F5 
 157      420F
 158 00da 60DAB09C 		.ascii	"`\332\260\234\215\002\360\177l\2510}\316\367\001\037"
 158      8D02F07F 
 158      6CA9307D 
 158      CEF7011F 
 159 00ea C7519137 		.ascii	"\307Q\2217^(U|K`~D\364\332\020}v\331\317k\000\224V\371"
 159      5E28557C 
 159      4B607E44 
 159      F4DA107D 
 159      76D9CF6B 
ARM GAS  /tmp/cc3obmjb.s 			page 12


 160 0102 3C77E7FB 		.ascii	"<w\347\3738\303\274\243X\307\207D\331\231b\311\242X"
 160      38C3BCA3 
 160      58C78744 
 160      D99962C9 
 160      A258
 161 0114 85F9E9F9 		.ascii	"\205\371\351\371\240\344$\301K\302\3477z\013D\017\\"
 161      A0E424C1 
 161      4BC2E737 
 161      7A0B440F 
 161      5C
 162 0125 C3D99704 		.ascii	"\303\331\227\004\241H\223\002t\364\310\007\205U\204"
 162      A1489302 
 162      74F4C807 
 162      855584
 163 0134 88AC3F52 		.ascii	"\210\254?R\177\371u\022\316\272g\334\015s\241\321\225"
 163      7FF97512 
 163      CEBA67DC 
 163      0D73A1D1 
 163      95
 164 0145 12FF34B9 		.ascii	"\022\3774\271D\200\257\200\370\370l\236\273\353\012"
 164      4480AF80 
 164      F8F86C9E 
 164      BBEB0A
 165 0154 CF2710A1 		.ascii	"\317'\020\241\005\021\325\366\361\363\357\353P}P\013"
 165      0511D5F6 
 165      F1F3EFEB 
 165      507D500B 
 166 0164 CB51AD2C 		.ascii	"\313Q\255,\230;\274l\305\333taQ\226\264\\\204W\036\206"
 166      983BBC6C 
 166      C5DB7461 
 166      5196B45C 
 166      84571E86 
 167 0178 6A58095F 		.ascii	"jX\011_\303J\214\246\006V\340\277M\305-\225\334l*\327"
 167      C34A8CA6 
 167      0656E0BF 
 167      4DC52D95 
 167      DC6C2AD7 
 168 018c AE2E954A 		.ascii	"\256.\225J=\222\253\365\310\272O\316\347Hm\270\356I"
 168      3D92ABF5 
 168      C8BA4FCE 
 168      E7486DB8 
 168      EE49
 169 019e 86839340 		.ascii	"\206\203\223@\340\024D\323$NR\357\360%x\000\276\200"
 169      E01444D3 
 169      244E52EF 
 169      F0257800 
 169      BE80
 170 01b0 5ECCA116 		.ascii	"^\314\241\026V\343zi\250\266;\234\274\301b\236\374\332"
 170      56E37A69 
 170      A8B63B9C 
 170      BCC1629E 
 170      FCDA
 171 01c2 3DA1F6DA 		.ascii	"=\241\366\332\032^[\"\271\366\242%\221\031\252\223\015"
 171      1A5E5B22 
 171      B9F6A225 
 171      9119AA93 
 171      0D
ARM GAS  /tmp/cc3obmjb.s 			page 13


 172 01d3 D5F91B3A 		.ascii	"\325\371\033:\315\014\345\217\334+\004R\000\314Rf]m"
 172      CD0CE58F 
 172      DC2B0452 
 172      00CC5266 
 172      5D6D
 173 01e5 13B5E491 		.ascii	"\023\265\344\221$\327O\025Q-UCR\256\226\207tF\266t\306"
 173      24D74F15 
 173      512D5543 
 173      52AE9687 
 173      7446B674 
 174 01fa 4B089C65 		.ascii	"K\010\234e\026zZ\216\177J\220\2055Z\240\373\022\216"
 174      167A5A8E 
 174      7F4A9085 
 174      355AA0FB 
 174      128E
 175 020c 439FFD52 		.ascii	"C\237\375R=\023\312\207\250\331\366\302\211\362 \322"
 175      3D13CA87 
 175      A8D9F6C2 
 175      89F220D2 
 176 021c C27D5CCA 		.ascii	"\302}\\\312\256z\217p\016U\250\336\272Pr=\214s\270\352"
 176      AE7A8F70 
 176      0E55A8DE 
 176      BA50723D 
 176      8C73B8EA 
 177 0230 30117BAF 		.ascii	"0\021{\257\314v\207\2016*W\222\366J\245YR\360V\001\232"
 177      CC768781 
 177      362A5792 
 177      F64AA559 
 177      52F05601 
 178 0245 90C346E4 		.ascii	"\220\303F\344\020\316A\0245I\303\200z\034t\341\340\307"
 178      10CE4114 
 178      3549C380 
 178      7A1C74E1 
 178      E0C7
 179 0257 946E576F 		.ascii	"\224nWo\315\023G&$i\0254\203\026\032\344P\327h9\335"
 179      CD134726 
 179      24691534 
 179      83161AE4 
 179      50D76839 
 180 026c C7CB8BCB 		.ascii	"\307\313\213\313\324\244\200m\267X{t\240Y\\\312\307"
 180      D4A4806D 
 180      B7587B74 
 180      A0595CCA 
 180      C7
 181 027d B74BFA18 		.ascii	"\267K\372\030s\257>\267\217\022\333\202>\276\221}\240"
 181      73AF3EB7 
 181      8F12DB82 
 181      3EBE917D 
 181      A0
 182 028e 4BEEE4ED 		.ascii	"K\356\344\355\271\226\377\322\314\350\274\324TA\271"
 182      B996FFD2 
 182      CCE8BCD4 
 182      5441B9
 183 029d A92A1F78 		.ascii	"\251*\037x\2244\362S\366\326'\255\335\352\307>\222J"
 183      9434F253 
 183      F6D627AD 
 183      DDEAC73E 
ARM GAS  /tmp/cc3obmjb.s 			page 14


 183      924A
 184 02af 1BE8963F 		.ascii	"\033\350\226?^\336\230#\025\001\003\177\307\215\315"
 184      5EDE9823 
 184      1501037F 
 184      C78DCD
 185 02be 0721B011 		.ascii	"\007!\260\0217\015\347<<\246 )\202\221\004\305\215w"
 185      370DE73C 
 185      3CA62029 
 185      829104C5 
 185      8D77
 186 02d0 6EEBC8F7 		.ascii	"n\353\310\367\334\354\273\355\237\307i1\225\254?\225"
 186      DCECBBED 
 186      9FC76931 
 186      95AC3F95 
 187 02e0 0A2E18CD 		.ascii	"\012.\030\315\036\360\350\270\261\025\250^\330\177\360"
 187      1EF0E8B8 
 187      B115A85E 
 187      D87FF0
 188 02ef 3F22E9E4 		.ascii	"?\"\351\344\306n\2655\346\005\023\017W|\307;\202\037"
 188      C66EB535 
 188      E605130F 
 188      577CC73B 
 188      821F
 189 0301 EFBCFA2B 		.ascii	"\357\274\372+9\301d\210\317}8T}(\234\214q\245\244v\322"
 189      39C16488 
 189      CF7D3854 
 189      7D289C8C 
 189      71A5A476 
 190 0316 BD8C0335 		.ascii	"\275\214\0035\250\326u\2354\220i>u\274\372@\3372\222"
 190      A8D6759D 
 190      3490693E 
 190      75BCFA40 
 190      DF3292
 191 0329 499872FD 		.ascii	"I\230r\375T\366\224\212\354\343J[\215g \214\344q\345"
 191      54F6948A 
 191      ECE34A5B 
 191      8D67208C 
 191      E471E5
 192 033c E8ED9E9F 		.ascii	"\350\355\236\237\203\271\205(T\013\333\216ui\370\241"
 192      83B98528 
 192      540BDB8E 
 192      7569F8A1 
 193 034c 70D18BF6 		.ascii	"p\321\213\366Nu\377x\0309\300\260!'\366\317&\202\236"
 193      4E75FF78 
 193      1839C0B0 
 193      2127F6CF 
 193      26829E
 194 035f 7F917A7D 		.ascii	"\177\221z}\224\276L\312\316BJ\207\3771\335>$I\007C\240"
 194      94BE4CCA 
 194      CE424A87 
 194      FF31DD3E 
 194      24490743 
 195 0374 1539BD84 		.ascii	"\0259\275\204\014\016@\244\314F\033#\266\211\376\013"
 195      0C0E40A4 
 195      CC461B23 
 195      B689FE0B 
 196 0384 7C853B03 		.ascii	"|\205;\003\357J6a\360\037\374\341\337/\202\017\333e"
ARM GAS  /tmp/cc3obmjb.s 			page 15


 196      EF4A3661 
 196      F01FFCE1 
 196      DF2F820F 
 196      DB65
 197 0396 F8157FB8 		.ascii	"\370\025\177\270\301\037\335\257@_\015\210\216\221\301"
 197      C11FDDAF 
 197      405F0D88 
 197      8E91C1
 198 03a5 F714E01F 		.ascii	"\367\024\340\037\375\301\035\213\"iW\004\336\0368O\205"
 198      FDC11D8B 
 198      22695704 
 198      DE1E384F 
 198      85
 199 03b6 F17E05FA 		.ascii	"\361~\005\372\242?\372\202\214.f\205\013\005T\002t#"
 199      A23FFA82 
 199      8C2E6685 
 199      0B055402 
 199      7423
 200 03c8 A08BCD51 		.ascii	"\240\213\315Q8=\234Cx\232\372@\217\365C\017?\243\364"
 200      383D9C43 
 200      789AFA40 
 200      8FF5430F 
 200      3FA3F4
 201 03db A30CA2F4 		.ascii	"\243\014\242\364\242\\G\271\206r\003\345'\320\263\352"
 201      A25C47B9 
 201      867203E5 
 201      27D0B3EA 
 202 03eb C09D3728 		.ascii	"\300\2357(\234_\016\314\261\"\324a\005\272'p\250\234"
 202      9C5F0ECC 
 202      B122D461 
 202      05BA2770 
 202      A89C
 203 03fd 077E233B 		.ascii	"\007~#;\306\"21\\\012\023\274\267Q\366<5\026Q\226%\265"
 203      C6223231 
 203      5C0A13BC 
 203      B751F63C 
 203      35165196 
 204 0413 AC63C63A 		.ascii	"\254c\306:\003\223\312\\\343\371\272SY\331\243#\315"
 204      0393CA5C 
 204      E3F9BA53 
 204      59D9A323 
 204      CD
 205 0424 EC7C8907 		.ascii	"\354|\211\007\356\035\032\014\207\310\250\200|\300/"
 205      EE1D1A0C 
 205      87C8A880 
 205      7CC02F
 206 0433 48C3DFA5 		.ascii	"H\303\337\245\204G}nF\215/\013\214\240\221a\271\212"
 206      84477D6E 
 206      468D2F0B 
 206      8CA09161 
 206      B98A
 207 0445 D01C582C 		.ascii	"\320\034X,\2375\027UhB\362\346k\023\003\312\225\341"
 207      9F351755 
 207      6842F2E6 
 207      6B1303CA 
 207      95E1
 208 0457 2684B0DA 		.ascii	"&\204\260\332\213-\202O\215~z*\324{Qp\261\252\273\362"
ARM GAS  /tmp/cc3obmjb.s 			page 16


 208      8B2D824F 
 208      8D7E7A2A 
 208      D47B5170 
 208      B1AABBF2 
 209 046b CD1135E8 		.ascii	"\315\0215\350#}\227\242cTA\002=\206\343\201\217\341"
 209      237D97A2 
 209      63544102 
 209      3D86E381 
 209      8FE1
 210 047d 825C4771 		.ascii	"\202\\Gq\236\3633\356M\364\026&:\206\211L,Ld\224\323"
 210      9EF333EE 
 210      4DF41626 
 210      3A86894C 
 210      2C4C6494 
 211 0492 3F1E88FE 		.ascii	"?\036\210\376kJ\317=\001=\363\255\244\365\343D\323\331"
 211      6B4ACF3D 
 211      013DF3AD 
 211      A4F5E344 
 211      D3D9
 212 04a4 2072C94B 		.ascii	" r\311K\177\355l\025\370\323\357\013\011\356`$\177\034"
 212      7FED6C15 
 212      F8D3EF0B 
 212      09EE6024 
 212      7F1C
 213 04b6 D5E028A3 		.ascii	"\325\340(\243w\022A\267ez\307}\364vw\266\273\211\222"
 213      771241B7 
 213      657AC77D 
 213      F47677B6 
 213      BB8992
 214 04c9 DEC905F4 		.ascii	"\336\311\005\364Ny\351\235b\364\036\273?{$L\011\246"
 214      4E79E99D 
 214      62F41EBB 
 214      3F7B244C 
 214      09A6
 215 04db 2FA10CBE 		.ascii	"/\241\014\276\353\005\337e\340\367;\313\316\210\244"
 215      EB05DF65 
 215      E0F73BCB 
 215      CE88A4
 216 04ea 8717B4FE 		.ascii	"\207\027\264\376\351;\227\203\361%u\261\367}cG#{\337"
 216      E93B9783 
 216      F12575B1 
 216      F77D6347 
 216      237BDF
 217 04fd 4BBDEFFB 		.ascii	"K\275\357\373\264\034\330\264\377\263<\303\036\325\301"
 217      B41CD8B4 
 217      FFB33CC3 
 217      1ED5C1
 218 050c F2EA8B22 		.ascii	"\362\352\213\"\231\346\306F\033\016Z\311}\336\277z\242"
 218      99E6C646 
 218      1B0E5AC9 
 218      7DDEBF7A 
 218      A2
 219 051d AF4F4DF6 		.ascii	"\257OM\366\251\2302QrnDKr\271r\364\177\025\331\204\344"
 219      A9983251 
 219      726E444B 
 219      72B972F4 
 219      7F15D984 
ARM GAS  /tmp/cc3obmjb.s 			page 17


 220 0532 73A5BB2E 		.ascii	"s\245\273.\263)\214\034\342J\337\261\2757\226\221w\271"
 220      B3298C1C 
 220      E24ADFB1 
 220      BD379691 
 220      77B9
 221 0544 325D77A9 		.ascii	"2]w\251L\344\245V\217j\205+\277\205\360\023TJK\355\307"
 221      4CE4A556 
 221      8F6A852B 
 221      BF85F013 
 221      544A4BED 
 222 0559 AD338781 		.ascii	"\2553\207\201\274\307\260\272\217\372\\u\"\2602K\013"
 222      BCC7B0BA 
 222      8FFA5C75 
 222      22B0324B 
 222      0B
 223 056a AD7EBED4 		.ascii	"\255~\276\324n\354R\224\332\373\230M\216\370\207\265"
 223      6EEC5294 
 223      DAFB984D 
 223      8EF887B5 
 224 057a D3FDB27C 		.ascii	"\323\375\262|\261\263D?\370R5h\257\270\0222E:G\341t"
 224      B1B3443F 
 224      F8523568 
 224      AFB81232 
 224      453A47E1 
 225 058f C7F3C528 		.ascii	"\307\363\305((\020\365\220\207\222\213\262\037\345M"
 225      2810F590 
 225      87928BB2 
 225      1FE54D
 226 059e 946C9403 		.ascii	"\224l\224\003(o\241\354\023\225\365g\370\337\013\313"
 226      286FA1EC 
 226      1395F567 
 226      F8DF0BCB 
 227 05ae 70803815 		.ascii	"p\2008\025\365\347\252\002\375\233?\272cQaU\240\177"
 227      F5E7AA02 
 227      FD9B3FBA 
 227      63516155 
 227      A07F
 228 05c0 0D8C5E50 		.ascii	"\015\214^P\265\025\3609\177\270\301\277\266\375v\225"
 228      B515F039 
 228      7FB8C1BF 
 228      B6FD7695 
 229 05d0 5F2E442D 		.ascii	"_.D-\276\\\027\273\024\227K\362\347s\321\353\242p<\353"
 229      BE5C17BB 
 229      14974BF2 
 229      E773D1EB 
 229      A2703CEB 
 230 05e4 EF78D173 		.ascii	"\357x\321s\321\240\330\252{\201\321\363\0277\347\212"
 230      D1A0D8AA 
 230      7B81D1F3 
 230      1737E78A 
 231 05f4 D4A9231F 		.ascii	"\324\251#\037\262\303\"N\335\032r\253!*\322[\233\273"
 231      B2C3224E 
 231      DD1A72AB 
 231      212AD25B 
 231      9BBB
 232 0606 D9352CC6 		.ascii	"\3315,\306\325\205\342\374i\247\331,\261\313P\204\233"
 232      D585E2FC 
ARM GAS  /tmp/cc3obmjb.s 			page 18


 232      69A7D92C 
 232      B1CB5084 
 232      9B
 233 0617 FB77361A 		.ascii	"\373w6\032\343\250-\361|\031\254\274\247\305\242\362"
 233      E3A82DF1 
 233      7C19ACBC 
 233      A7C5A2F2 
 234 0627 521F14F9 		.ascii	"R\037\024\371=\245m\310\256\204\024sJJ\262\331j\263"
 234      3DA56DC8 
 234      AE841473 
 234      4A4AB2D9 
 234      6AB3
 235 0639 3AD7451B 		.ascii	":\327E\033\214\273\254\211\326m\361\006\273\303\200"
 235      8CBBAC89 
 235      D66DF106 
 235      BBC380
 236 0648 3386DDF6 		.ascii	"3\206\335\3664\247\303\020\277\343\271\015\353\371\377"
 236      34A7C310 
 236      BFE3B90D 
 236      EBF9FF
 237 0657 96988C0C 		.ascii	"\226\230\214\014\203wMt\222\346\251\347\377\271\312"
 237      83774D74 
 237      92E6A9E7 
 237      FFB9CA
 238 0666 181323C4 		.ascii	"\030\023#\304\374\325\225\302r\2073u\303zsR\212=\351"
 238      FCD595C2 
 238      72873375 
 238      C37A7352 
 238      8A3DE9
 239 0679 55E63CC8 		.ascii	"U\346<\310\232\366\332\323\330n\370\223\246\370z\253"
 239      9AF6DAD3 
 239      D86EF893 
 239      A6F87AAB 
 240 0689 232D7A97 		.ascii	"#-z\227\2405\233\323\2556'\352\316\215\206tG\232!!-"
 240      A0359BD3 
 240      AD3627EA 
 240      CE8D8674 
 240      479A2121 
 241 069e 75ADCD6E 		.ascii	"u\255\315n\263\254\265$$Z\331\210\325\226\224\222\236"
 241      B3ACB524 
 241      245AD988 
 241      D5969492 
 241      9E
 242 06af 6C31A426 		.ascii	"l1\244&$\355\262\332,\006s\262egBz\212\323\354\334\263"
 242      24EDB2DA 
 242      2C0673B2 
 242      6567427A 
 242      8AD3ECDC 
 243 06c4 DBE2401B 		.ascii	"\333\342@\033\032\237\205\265\377\307\202c\217\303`"
 243      1A9F85B5 
 243      FFC78263 
 243      8FC360
 244 06d3 76389311 		.ascii	"v8\223\021\216\313\302\343\3678\234\226T\243=\315b\244"
 244      8ECBC2E3 
 244      F7389C96 
 244      54A33DCD 
 244      62A4
ARM GAS  /tmp/cc3obmjb.s 			page 19


 245 06e5 B9A8366D 		.ascii	"\271\2506m6\232\202b\267o\212\211{\236\265\353\261U"
 245      369A8262 
 245      B76F8A89 
 245      7B9EB5EB 
 245      B155
 246 06f7 C76EDD84 		.ascii	"\307n\335\204\215\206\016\233\342w\260\316z\332!\306"
 246      8D860E9B 
 246      E277B0CE 
 246      7ADA21C6 
 247 0707 A74D2AE3 		.ascii	"\247M*\343\226\247L\242\021\373\361\246\205\311'\331"
 247      96A74CA2 
 247      11FBF1A6 
 247      85C927D9 
 248 0717 5353ED36 		.ascii	"SS\3556\203%\303\211y\373\247\2763f\335\206\214D\214"
 248      8325C389 
 248      79FBA7BE 
 248      3366DD86 
 248      8C448C
 249 072a 4067321A 		.ascii	"@g2\032\315;0\213\315\226\235\272\355/\230|\375G|[\233"
 249      CD3B308B 
 249      CD969DBA 
 249      ED2F987C 
 249      FD477C5B 
 250 073f 9890F46A 		.ascii	"\230\220\364j\372ns\262=5\301jc\\\223m\233L\032S\\|"
 250      FA6E73B2 
 250      3D35C16A 
 250      635C936D 
 250      9B4C1A53 
 251 0755 9CE95F71 		.ascii	"\234\351_q\233\305X\223\030o\012\332\266}\3073q/\232"
 251      9BC55893 
 251      186F0ADA 
 251      B67DC733 
 251      712F9A
 252 0768 54F48FC4 		.ascii	"T\364\217\304\032M\252\027L\333M\241[\236\215\215\337"
 252      1A4DAA17 
 252      4CDB4DA1 
 252      5B9E8D8D 
 252      DF
 253 0779 EAB3F83B 		.ascii	"\352\263\370;\344\214o]"
 253      E48C6F5D 
 254              		.text
 255              		.section	.gnu.lto_.symtab.a06e494ec4ddd44,"",%progbits
 256 0000 68616C5F 		.ascii	"hal_lld_init\000"
 256      6C6C645F 
 256      696E6974 
 256      00
 257 000d 00       		.ascii	"\000"
 258 000e 00       		.ascii	"\000"
 259 000f 00       		.ascii	"\000"
 260 0010 00000000 		.ascii	"\000\000\000\000\000\000\000\000"
 260      00000000 
 261 0018 BB000000 		.ascii	"\273\000\000\000"
 262 001c 73746D33 		.ascii	"stm32_clock_init\000"
 262      325F636C 
 262      6F636B5F 
 262      696E6974 
 262      00
ARM GAS  /tmp/cc3obmjb.s 			page 20


 263 002d 00       		.ascii	"\000"
 264 002e 00       		.ascii	"\000"
 265 002f 00       		.ascii	"\000"
 266 0030 00000000 		.ascii	"\000\000\000\000\000\000\000\000"
 266      00000000 
 267 0038 BD000000 		.ascii	"\275\000\000\000"
 268 003c 53797374 		.ascii	"SystemCoreClock\000"
 268      656D436F 
 268      7265436C 
 268      6F636B00 
 269 004c 00       		.ascii	"\000"
 270 004d 00       		.ascii	"\000"
 271 004e 00       		.ascii	"\000"
 272 004f 00000000 		.ascii	"\000\000\000\000\000\000\000\000"
 272      00000000 
 273 0057 CC000000 		.ascii	"\314\000\000\000"
 274 005b 69727149 		.ascii	"irqInit\000"
 274      6E697400 
 275 0063 00       		.ascii	"\000"
 276 0064 02       		.ascii	"\002"
 277 0065 00       		.ascii	"\000"
 278 0066 00000000 		.ascii	"\000\000\000\000\000\000\000\000"
 278      00000000 
 279 006e BF000000 		.ascii	"\277\000\000\000"
 280              		.text
 281              		.section	.gnu.lto_.opts,"",%progbits
 282 0000 272D666D 		.ascii	"'-fmath-errno' '-fsigned-zeros' '-ftrapping-math' '"
 282      6174682D 
 282      6572726E 
 282      6F272027 
 282      2D667369 
 283 0033 2D666E6F 		.ascii	"-fno-trapv' '-fno-openmp' '-fno-openacc' '-mcpu=cor"
 283      2D747261 
 283      70762720 
 283      272D666E 
 283      6F2D6F70 
 284 0066 7465782D 		.ascii	"tex-m3' '-mthumb' '-O2' '-fomit-frame-pointer' '-fa"
 284      6D332720 
 284      272D6D74 
 284      68756D62 
 284      2720272D 
 285 0099 6C69676E 		.ascii	"lign-functions=16' '-ffunction-sections' '-fdata-se"
 285      2D66756E 
 285      6374696F 
 285      6E733D31 
 285      36272027 
 286 00cc 6374696F 		.ascii	"ctions' '-fno-common' '-flto'\000"
 286      6E732720 
 286      272D666E 
 286      6F2D636F 
 286      6D6D6F6E 
 287              		.text
 288              		.comm	__gnu_lto_v1,1,1
 289              		.comm	__gnu_lto_slim,1,1
 290              		.ident	"GCC: (GNU) 7.3.0"
ARM GAS  /tmp/cc3obmjb.s 			page 21


DEFINED SYMBOLS
                            *ABS*:0000000000000000 hal_lld.c
                            *COM*:0000000000000001 __gnu_lto_v1
                            *COM*:0000000000000001 __gnu_lto_slim

NO UNDEFINED SYMBOLS
