ARM GAS  /tmp/ccra7sFq.s 			page 1


   1              		.cpu cortex-m3
   2              		.eabi_attribute 20, 1
   3              		.eabi_attribute 21, 1
   4              		.eabi_attribute 23, 3
   5              		.eabi_attribute 24, 1
   6              		.eabi_attribute 25, 1
   7              		.eabi_attribute 26, 1
   8              		.eabi_attribute 30, 2
   9              		.eabi_attribute 34, 1
  10              		.eabi_attribute 18, 4
  11              		.file	"hal_pal_lld.c"
  12              		.section	.gnu.lto_.profile.e15ee51e4147dacb,"",%progbits
  13 0000 789C6363 		.ascii	"x\234cc```\001bF\006wW\000\001K\000\230"
  13      60606001 
  13      62460677 
  13      5700014B 
  13      0098
  14              		.text
  15              		.section	.gnu.lto_.icf.e15ee51e4147dacb,"",%progbits
  16 0000 789C6363 		.ascii	"x\234cc``\220b@\000\026\206\023\367\016mac\354\335\320"
  16      60609062 
  16      40001686 
  16      13F70E6D 
  16      6163ECDD 
  17 0015 B19083E9 		.ascii	"\261\220\203\351\345\362\347\227Y\230\177\277\330\272"
  17      E5F2E797 
  17      59987FBF 
  17      D8BA
  18 0023 9C890100 		.ascii	"\234\211\001\000\246 \014J"
  18      A6200C4A 
  19              		.text
  20              		.section	.gnu.lto_.jmpfuncs.e15ee51e4147dacb,"",%progbits
  21 0000 789C6363 		.ascii	"x\234cc``\220a@\000&\006FF\306\3729\314\014\214\314"
  21      60609061 
  21      40002606 
  21      4646C6FA 
  21      39CC0C8C 
  22 0015 40063B90 		.ascii	"@\006;\220\005\3421\00113\003\000<b\004\264"
  22      05E23101 
  22      31330300 
  22      3C6204B4 
  23              		.text
  24              		.section	.gnu.lto_.inline.e15ee51e4147dacb,"",%progbits
  25 0000 789C3D91 		.ascii	"x\234=\2211N\0031\020E\377\214\235d\005\005[P\"\305"
  25      314E0331 
  25      1045FF8C 
  25      9D640505 
  25      5B5022C5 
  26 0014 45920370 		.ascii	"E\222\003p\000\344\243P\207KL\033Q!\321 \245p\211D\007"
  26      00E4A350 
  26      874B4C1B 
  26      5121D120 
  26      A5708944 
  27 0029 A4DFF414 		.ascii	"\244\337\364\024\024\224\024[R\302\015\342\231\361\342"
  27      1494145B 
  27      52C20DE2 
  27      99F1E2
ARM GAS  /tmp/ccra7sFq.s 			page 2


  28 0038 E2FDF91A 		.ascii	"\342\375\371\032\351yW\236\0038\020\376\017\003\353"
  28      E979579E 
  28      033810FE 
  28      0F03EB
  29 0047 155D2011 		.ascii	"\025] \021\002\214\331\230\214\267\306B\026\3421\264"
  29      028CD998 
  29      8CB7C642 
  29      16E231B4 
  30 0057 C616A3B7 		.ascii	"\306\026\243\267\322\232\307\340!\301\233G\011i\363"
  30      D29AC7E0 
  30      21C19B47 
  30      0969F3
  31 0066 FBCC9897 		.ascii	"\373\314\230\227%\203~\026\321\251\350l\354\024\275"
  31      25837E16 
  31      D1A9E86C 
  31      EC14BD
  32 0075 8DBD22D9 		.ascii	"\215\275\"\331\230\024\331\306\254\020b\017#{q\306\026"
  32      9814D9C6 
  32      AC10620F 
  32      237B71C6 
  32      16
  33 0086 46778A49 		.ascii	"Fw\212I\305\255bZq\257\230X\334,\256\236\334M>\331\233"
  33      C5AD625A 
  33      71AF9858 
  33      DC2CAE9E 
  33      DC4D3ED9 
  34 009b 7EF2D70B 		.ascii	"~\362\327\013\352!\254\036\210f\234\266\217\201v\373"
  34      EA21AC1E 
  34      88669CB6 
  34      8F8176FB 
  35 00ab A797C57D 		.ascii	"\247\227\305}\330\207@\201\336\350\012\234\356Z\352"
  35      D8874081 
  35      DEE80A9C 
  35      EE5AEA
  36 00ba FA38BEFE 		.ascii	"\3728\276\376\235\373:\322{[{\326\247\350\256?\277{"
  36      9DFB3AD2 
  36      7B5B7BD6 
  36      A7E8AE3F 
  36      BF7B
  37 00cc 9C0D378C 		.ascii	"\234\0157\214X\226\031\361\3432\327\317\036\251\327"
  37      589619F1 
  37      E332D7CF 
  37      1EA9D7
  38 00db 7FD0007D 		.ascii	"\177\320\000}\261^^i\217v\002\203.Q\337"
  38      B15E5E69 
  38      8F760283 
  38      2E51DF
  39              		.text
  40              		.section	.gnu.lto_.pureconst.e15ee51e4147dacb,"",%progbits
  41 0000 789C6363 		.ascii	"x\234cc```\005b&\006)F)\000\000\374\000C"
  41      60606005 
  41      62260629 
  41      46290000 
  41      FC0043
  42              		.text
  43              		.section	.gnu.lto__pal_lld_init.e15ee51e4147dacb,"",%progbits
  44 0000 789CA597 		.ascii	"x\234\245\227]L\034U\024\307\357\231;;\373\305\262\220"
ARM GAS  /tmp/ccra7sFq.s 			page 3


  44      5D4C1C55 
  44      14C7EF99 
  44      3B3BFBC5 
  44      B290
  45 0012 B489897D 		.ascii	"\264\211\211}\350\203\246\351K'jb\342\223\017\2324&"
  45      E883A6E9 
  45      4B276A62 
  45      E2930F9A 
  45      3426
  46 0024 3535A9AF 		.ascii	"55\251\257\306X\214\226\204Hc\215\257\235]\276\026\250"
  46      C6588C96 
  46      8448638D 
  46      AF9D5DBE 
  46      16A8
  47 0036 82B45483 		.ascii	"\202\264T\203\033\335\2046\232X\273\255\370\005\002"
  47      1BDD8436 
  47      9A58BBAD 
  47      F80502
  48 0045 5D970A6A 		.ascii	"]\227\012j\273P>\264P\012\330V\241\273\320V\204\326"
  48      BB503EB4 
  48      500AD856 
  48      A1BBD056 
  48      84D6
  49 0057 4A05BCE7 		.ascii	"J\005\274\347\336\235\231%\033&\336\354&s\230\331\231"
  49      DE9D9925 
  49      1B26DEEC 
  49      267398D9 
  49      99
  50 0068 3DE7F7BB 		.ascii	"=\347\367\273\363\317\262\243\021Bf\002\204<\315\376"
  50      F3CFB2A3 
  50      11426602 
  50      843CCDFE 
  51 0078 3ECC36A0 		.ascii	">\3146\240\004\224\346ABB\036\005\000w\014\017\220\303"
  51      0494E641 
  51      42421E05 
  51      00770C0F 
  51      90C3
  52 008a 0A1C8623 		.ascii	"\012\034\206#\364\030\205d\335l\247\262\363\023\203"
  52      F4188564 
  52      DD6CA7B2 
  52      F31383
  53 0099 BD12EF8F 		.ascii	"\275\022\357\217h\265F\315CQJ\310q\266\341\013:`'\273"
  53      68B546CD 
  53      43514AC8 
  53      71B6E10B 
  53      3A6027BB 
  54 00ad 6AB8FA4C 		.ascii	"j\270\372L\2246\322(\005P\331\341b\252\355F1\036*\260"
  54      9436D228 
  54      0550D9E1 
  54      62AAED46 
  54      311E2AB0 
  55 00c1 9D1DA6D7 		.ascii	"\235\035\246\327\342s*}\012\010\333\377z\341\343~\377"
  55      E2732A7D 
  55      0A08DBFF 
  55      7AE1E37E 
  55      FF
  56 00d2 8E938611 		.ascii	"\216\223\206\0216\022\013'\250\361H\224\2627\201\262"
ARM GAS  /tmp/ccra7sFq.s 			page 4


  56      36120B27 
  56      A8F14894 
  56      B23781B2 
  57 00e2 86F0156C 		.ascii	"\206\360\025l\203/a\033ao\021\370\006v\340\365\327\317"
  57      832F611B 
  57      616F11F8 
  57      0676E0F5 
  57      D7CF
  58 00f4 AEB50634 		.ascii	"\256\265\0064U\014\204oA#\300v\342#\256\204\261\266"
  58      550C846F 
  58      4123C076 
  58      E223AE84 
  58      B1B6
  59 0106 5EC77A9C 		.ascii	"^\307z\234\204\325\335\217\002\373\214\252`\241XT,."
  59      84D5DD8F 
  59      02FB8CAA 
  59      60A15854 
  59      2C2E
  60 0118 2C1A1637 		.ascii	",\032\0267\026\017\026/\026\037\026?\226\",\001,\305"
  60      160F162F 
  60      161F163F 
  60      96222C01 
  60      2CC5
  61 012a 5882584A 		.ascii	"X\202XJ\260\224b\331\202e+p\022\022a\363\331\352\030"
  61      B09462D9 
  61      82652B70 
  61      121261F3 
  61      D9EA18
  62 013d 09524F15 		.ascii	"\011RO\025\334\253J\220\014$\273\322\275eH\325F\201"
  62      DCAB4A90 
  62      0C24BBD2 
  62      BD6548D5 
  62      4681
  63 014f C11EAF49 		.ascii	"\301\036\257I\016\271\321\333\305]'\343\251y\21784b"
  63      0EB9D1DB 
  63      C55D27E3 
  63      A9798F38 
  63      3462
  64 0161 110357E6 		.ascii	"\021\003W\346D\374\354\207\020\203\217Bl=\267G\251\006"
  64      44FCEC87 
  64      10838F42 
  64      6C3DB747 
  64      A906
  65 0173 5DCCB993 		.ascii	"]\314\271\2239\343\365-\035c/\351\237\033\325\020\245"
  65      39E3F52D 
  65      1D632FE9 
  65      9F1BD510 
  65      A5
  66 0184 6EF88E5D 		.ascii	"n\370\216]\326\312W\031\272Ag\263\252\356\327\202\030"
  66      D6CA5719 
  66      BA4167B3 
  66      AAEED782 
  66      18
  67 0195 A58869A3 		.ascii	"\245\210i\243\247\327\023|\321UX%\320\303\2320\240\261"
  67      A7D7137C 
  67      D1555825 
  67      D0C39A30 
ARM GAS  /tmp/ccra7sFq.s 			page 5


  67      A0B1
  68 01a7 067E91D4 		.ascii	"\006~\221\324\250^{\3249\320Y\177n\346\025\303\266\374"
  68      A85E7BD4 
  68      39D0597F 
  68      6EE615C3 
  68      B6FC
  69 01b9 DF56213C 		.ascii	"\337V!<\345\206\204\335\354{\316\035\356J_\350\013\212"
  69      E58684DD 
  69      EC7BCE1D 
  69      EE4A5FE8 
  69      0B8A
  70 01cb 66347791 		.ascii	"f4w\221(_\244\356d\252_\313\366\216u\341\215\364\264"
  70      285FA4EE 
  70      64AA5FCB 
  70      F68E75E1 
  70      8DF4B4
  71 01de D1AD90CC 		.ascii	"\321\255\220\314v_ll\031\007\326\276\231O\366B\037o"
  71      765F6C6C 
  71      1907D6BE 
  71      994FF642 
  71      1F6F
  72 01f0 8F196027 		.ascii	"\217\031`';\372z\374\342\\l\205\231\370\340<\350\255"
  72      3BFA7AFC 
  72      E25C6C85 
  72      99F8E03C 
  72      E8AD
  73 0202 0C9FCDFE 		.ascii	"\014\237\315\376\201\317f\313\221\246\331\365\260\346"
  73      81CF66CB 
  73      91A6D9F5 
  73      B0E6
  74 0210 FAF9DCD9 		.ascii	"\372\371\334\331\376\313\365.qh4W\363\233\3230\265\324"
  74      FECBF52E 
  74      71683457 
  74      F39BD330 
  74      B5D4
  75 0222 AB9828FB 		.ascii	"\253\230(\373\031I\021\0140\321\376,J$\225i\367\344"
  75      1949110C 
  75      30D1FE2C 
  75      4A249569 
  75      F7E4
  76 0234 98FEC851 		.ascii	"\230\376\310Qx.\177\302e\243B\366\242)\253\312\333\375"
  76      782E7FC2 
  76      65A342F6 
  76      A229ABCA 
  76      DBFD
  77 0246 EC687701 		.ascii	"\354hw\001\355T\234w1\317N\222=\305\007\271\260\327"
  77      ED549C77 
  77      31CF4E92 
  77      3DC507B9 
  77      B0D7
  78 0258 20B2AB82 		.ascii	" \262\253\202=e\262\273\344\331\207\034\331/!\273\206"
  78      3D65B2BB 
  78      E4D9871C 
  78      D92F21BB 
  78      86
  79 0269 F3860B65 		.ascii	"\363\206\013e\037\341\203\334\330k\024\331]\202}\320"
  79      1FE183DC 
ARM GAS  /tmp/ccra7sFq.s 			page 6


  79      D86B14D9 
  79      5D827DD0 
  80 0279 64D7E4D9 		.ascii	"d\327\344\331\307xK\317&\354\277X\251\3725\217}r\370"
  80      C7784BCF 
  80      26ECBF58 
  80      A9FA358F 
  80      7D72F8
  81 028c DA67DE6C 		.ascii	"\332g\336l\214>\0201\232\277\3236\343\335\250s9Gg<r"
  81      8C3E1031 
  81      9ABFD336 
  81      E3DDA873 
  81      3947673C 
  82 02a1 AAD597A3 		.ascii	"\252\325\227\2433n\307h\002u4\2413d\352\270\345u\256"
  82      336EC768 
  82      027534A1 
  82      3364EAB8 
  82      E575AE
  83 02b4 38EA4C5A 		.ascii	"8\352LZ1\272\232\247#\311>e\307h\032\331\335\202}\334"
  83      31BA9AA7 
  83      23C93E65 
  83      C7681AD9 
  83      DD827DDC 
  84 02c8 64F7C8B3 		.ascii	"d\367\310\263\3178\262\377f\305\350Z\241\354\327\355"
  84      CF38B2FF 
  84      66C5E85A 
  84      A1ECD7ED 
  85 02d8 18DD4076 		.ascii	"\030\335@v\217`\2370\331\275\362\354\277\363\226\336"
  85      8F609F30 
  85      D9BDF2EC 
  85      BFF396DE 
  86 02e8 4DD8FFB0 		.ascii	"M\330\377\260b4\233\307~\367\330\304(dc\024\0231:zz"
  86      62349BC7 
  86      7EF7D8C4 
  86      28646314 
  86      13313A7A 
  87 02fd E0BC7FA3 		.ascii	"\340\274\177\243\316\\\216\316\\8\323\251\346\350\334"
  87      CE5C8ECE 
  87      5C38D3A9 
  87      E6E8DC
  88 030c B4639446 		.ascii	"\264c\224F\035\257\320\271b\352\370\344u2\216:\363V"
  88      1DAFD0B9 
  88      62EAF8E4 
  88      75328E3A 
  88      F356
  89 031e 8C16F274 		.ascii	"\214\026\362t$\331o\3311\272\215\354>\301>i\262\373"
  89      24D96FD9 
  89      31BA8DEC 
  89      3EC13E69 
  89      B2FB
  90 0330 E5D9EF38 		.ascii	"\345\331\3578\262\377i\305h\261P\366\277\354\030-!\273"
  90      B2FF69C5 
  90      68B150F6 
  90      BFEC182D 
  90      21BB
  91 0342 5FB05F35 		.ascii	"_\260_5\331\213\344\331\227yK\337&\354w\255\030\335"
  91      D98BE4D9 
  91      97794BDF 
ARM GAS  /tmp/ccra7sFq.s 			page 7


  91      26EC77AD 
  91      18DD
  92 0354 CB67AFBF 		.ascii	"\313g\257\277\0252\277\215>\0251j?w\357\013\272Q\347"
  92      1532BF8D 
  92      3E15316A 
  92      3F77EF0B 
  92      BA51E7
  93 0367 EF1C9DE9 		.ascii	"\357\034\235\351\356SF\356\227\353};F\377\240N\221\320"
  93      EE5346EE 
  93      97EB7D3B 
  93      46FFA04E 
  93      91D0
  94 0379 99327502 		.ascii	"\2312u\002\362:+\216:\017\254\030\375\233\247#\311\276"
  94      F23A2B8E 
  94      3A0FAC18 
  94      FD9BA723 
  94      C9BE
  95 038b 6AC7680D 		.ascii	"j\307h\015\331\003\202}\332d/\226g_wd7\0243F!\245@\366"
  95      D903827D 
  95      DA642F96 
  95      675F7764 
  95      37143346 
  96 03a3 B062C5A8 		.ascii	"\260b\305\250Ja\354\305\202\375\246\311\036\224g\257"
  96      4A61ECC5 
  96      82FDA6C9 
  96      1E9467AF 
  97 03b3 E62DFD9B 		.ascii	"\346-\375\233\260\327(f\214j\363\330\227W\332\227\265"
  97      B0D72866 
  97      8C6AF3D8 
  97      9757DA97 
  97      B5
  98 03c4 6C8CCE64 		.ascii	"l\214\316d\377\251--\366\0046\352\324)\266\316\245\201"
  98      FFA92D2D 
  98      F60436EA 
  98      D429B6CE 
  98      A581
  99 03d6 A6783047 		.ascii	"\246x0G'\242X1\252G\235\240\320I\233:%\362:\015\216"
  99      27A25831 
  99      AA479DA0 
  99      D0499B3A 
  99      25F23A0D 
 100 03eb 3A8D8A19 		.ascii	":\215\212\031\243#y:\222\354\357(V\214\336E\366\022"
 100      A323793A 
 100      92ECEF28 
 100      568CDE45 
 100      F612
 101 03fd C19E31D9 		.ascii	"\301\2361\331K\345\331\233\034\331\233\255\030\275W"
 101      4BE5D99B 
 101      1CD99BAD 
 101      18BD57
 102 040c 287B8B1D 		.ascii	"({\213\035\243\243\310^JnC8\366\240\211?\024\360'\266"
 102      A3A3C85E 
 102      4A6E4338 
 102      F6A0893F 
 102      14F027B6 
 103 0420 08FB89C6 		.ascii	"\010\373\211\306\036_\330\235\177r\227\376\314\201\362"
 103      1E5FD89D 
ARM GAS  /tmp/ccra7sFq.s 			page 8


 103      7F7297FE 
 103      CC81F2
 104 042f FDE57BF7 		.ascii	"\375\345{\367\351\225\207\364\003\257T\350\007+\337"
 104      E99587F4 
 104      03AF54E8 
 104      072BDF
 105 043e 7CEB90BE 		.ascii	"|\353\220\276\357\305\347\237x\\\337\263\347Y}\367\013"
 105      EFC5E79F 
 105      785CDFB3 
 105      E7597DF7 
 105      0B
 106 044f CFED7DFB 		.ascii	"\317\355}\3731<\365\362A\266UT\274\272\253\214he\225"
 106      313CF5F2 
 106      41B65554 
 106      BCBAAB8C 
 106      686595
 107 0462 6FBC56FE 		.ascii	"o\274V\376\372\177p\262\235\356"
 107      FA7F70B2 
 107      9DEE
 108              		.text
 109              		.section	.gnu.lto__pal_lld_setgroupmode.e15ee51e4147dacb,"",%progbits
 110 0000 789CA556 		.ascii	"x\234\245VklTE\024\236s\347\356\335\273{\367\321G\010"
 110      6B6C5445 
 110      149E73E7 
 110      EEDDBB7B 
 110      F7D14708 
 111 0014 0D94D2F4 		.ascii	"\015\224\322\364]j\330 \011\211\177\374\203\211hP\214"
 111      5D6AD820 
 111      09897FFC 
 111      83896850 
 111      8C
 112 0025 1813638C 		.ascii	"\030\023c\214\"\210%\266B\200\230\230\230\364B\037P"
 112      228825B6 
 112      42809898 
 112      98F4421F 
 112      50
 113 0036 146DA2D4 		.ascii	"\024m\242\324\270\256\246X@EJ\261\024J\227R\372n\021"
 113      B8AEA658 
 113      40454AB1 
 113      144A9752 
 113      FA6E11
 114 0049 5A5A046A 		.ascii	"ZZ\004j\013\013\310\243I\211\022^)Ri\353\2313{\351\266"
 114      0B0BC8A3 
 114      4989125E 
 114      295269EB 
 114      99337BE9 
 115 005e 3612E226 		.ascii	"6\022\342&wv\346\314\371\316\371\2763\347\316\256\306"
 115      7776E6CC 
 115      F9CEF9BE 
 115      33E7CEAE 
 115      C6
 116 006f 185B6F30 		.ascii	"\030[o0\366:~\237\300\007\242\030(%]\214m\320\025\205"
 116      F63A7E9F 
 116      C007A218 
 116      28255D8C 
 116      6DD01585 
 117 0083 77CC60A6 		.ascii	"w\314`\246S\355\230\317L\027\007M\232U\305Ff\215\314"
ARM GAS  /tmp/ccra7sFq.s 			page 9


 117      53ED98CF 
 117      4C17074D 
 117      9A55C546 
 117      668DCC
 118 0096 36CBAC81 		.ascii	"6\313\254\201GN\354\212\2769\035\367\035bt\351\340\224"
 118      474EEC8A 
 118      BE391DF7 
 118      1D6274E9 
 118      E094
 119 00a8 66873571 		.ascii	"f\2075q*\006\355\273h\337\000\2674\273\254\211[\006"
 119      2A06EDBB 
 119      68DF00B7 
 119      34BBAC89 
 119      5B06
 120 00ba 6AD43D8A 		.ascii	"j\324=\212\275\266\225\241\247\267WGO/\200\260\233:"
 120      BDB695A1 
 120      A7B75747 
 120      4F2F80B0 
 120      9B3A
 121 00cc B03C85AB 		.ascii	"\260<\205\2536\315\256;\234\206\313\355\361B\236\342"
 121      36CDAE3B 
 121      9C86CBED 
 121      F1429EE2 
 122 00dc 61D0A082 		.ascii	"a\320\240\202>>\240\024\366\011\377\202C\323\246\201"
 122      3E3EA014 
 122      F609FF82 
 122      43D3A681 
 123 00ec 5A25F37B 		.ascii	"Z%\363{\023?\015_\326;\213\314\302\270\000g\254\224"
 123      133F0D5F 
 123      D63B8BCC 
 123      C2B80067 
 123      AC94
 124 00fe 33FAC07E 		.ascii	"3\372\300~\310D\257\236\202}\001\3761\017p\000\025\227"
 124      C844AF9E 
 124      827D01FE 
 124      310F7000 
 124      1597
 125 0110 B73AFD57 		.ascii	"\267:\375W<b\251@\".\233\273\306\0169\371S\300p>\322"
 125      3C62A940 
 125      222E9BBB 
 125      C60E39F9 
 125      53C0703E 
 126 0125 3634A0A7 		.ascii	"64\240\247\3574\315\215f\303\203\035\334L\011p\016\007"
 126      EF34CD8D 
 126      66C3831D 
 126      DC4C0970 
 126      0E07
 127 0137 81634038 		.ascii	"\201c@8\000\361P\015\361\014M\014j \035\335\307v\355"
 127      00F1500D 
 127      F10C4D0C 
 127      6A201DDD 
 127      C776ED
 128 014a 2BD6F9D3 		.ascii	"+\326\371\323\004\355\375~\223\337\031\206\266\355\216"
 128      04EDFD7E 
 128      93DF1986 
 128      B6ED8E
 129 0159 D9996F2E 		.ascii	"\331\231o.\012p\025\016M\006\253\014j\011|g\377\316"
ARM GAS  /tmp/ccra7sFq.s 			page 10


 129      0A70150E 
 129      4D06AB0C 
 129      6A097C67 
 129      FFCE
 130 016b CF0DBE90 		.ascii	"\317\015\276\220\300\027nT\177m\201\273v\317\330A`\033"
 130      C0176E54 
 130      7F6D81BB 
 130      76CFD841 
 130      601B
 131 017d 0427836D 		.ascii	"\004'\203m\014\016C\272@\354<\336\\\357\341\213\010"
 131      0C0E43BA 
 131      40EC3CDE 
 131      5CEFE18B 
 131      08
 132 018e BDB5BB74 		.ascii	"\275\265\273t\277-\265\234\320\243{\342\266\347\233"
 132      BF2DB59C 
 132      D0A37BE2 
 132      B6E79B
 133 019d 1DA61AE0 		.ascii	"\035\246\032\340\032\324M\304\213\217Hv\255\255\033"
 133      1AD44DC4 
 133      8B8F4876 
 133      ADAD1B
 134 01ac F8F3043D 		.ascii	"\370\363\004=|\375|\201\005\035\332\023_\036\206\332"
 134      7CFD7C81 
 134      051DDA13 
 134      5F1E86DA 
 135 01bc A17E4A68 		.ascii	"\241~Jhykp\330\340/\022\264\273g\250\320\031\206\236"
 135      796B70D8 
 135      E02F12B4 
 135      BB67A8D0 
 135      19869E
 136 01cf 28E7E60E 		.ascii	"(\347\346\016S\021\300\206)\201\243[\352nr\3762\001"
 136      5311C086 
 136      2981A35B 
 136      EA6E72FE 
 136      3201
 137 01e1 035557CE 		.ascii	"\003UW\316X9\257~\367\020\3304%\260\252\361\226\306"
 137      5839AF7E 
 137      F710D834 
 137      25B0AAF1 
 137      96C6
 138 01f3 5F25DC67 		.ascii	"_%\334g;~\250T\302\270\226q\\\313\224\270{\237\326\364"
 138      3B7EA854 
 138      C2B89671 
 138      5CCB94B8 
 138      7B9FD6F4 
 139 0207 027F8D80 		.ascii	"\002\177\215\200}\2037\212\354V\302\355\017\201mS\002"
 139      7D83378A 
 139      EC56C2ED 
 139      0F816D53 
 139      02
 140 0218 2FFF3CBA 		.ascii	"/\377<\272\315\255\251e\270\323\016\251\320\212O3>\215"
 140      CDADA965 
 140      B8D30EA9 
 140      D08A4F33 
 140      3E8D
 141 022a F81CC5E7 		.ascii	"\370\034\305\347\010\244\312\366\202\016\320\0300f\377"
ARM GAS  /tmp/ccra7sFq.s 			page 11


 141      08A4CAF6 
 141      820ED018 
 141      3066FF
 142 0239 0FCFCA53 		.ascii	"\017\317\312S\266\006stl\023\036\352\234s\325-\261O"
 142      B6067374 
 142      6C131EEA 
 142      9C73D52D 
 142      B14F
 143 024b 009EA1AE 		.ascii	"\000\236\241\256\340\340\340bP\305`\023\203&\006\273"
 143      E0E0E062 
 143      50C56013 
 143      832606BB 
 144 025b 18743138 		.ascii	"\030t18\304\340\244N1(\272\213F7\023Y<4z\231\310\026"
 144      C4E0A44E 
 144      3128BA8B 
 144      46371359 
 144      3C347A99 
 145 0271 45633413 		.ascii	"Ec4\023Ych\214e\"\3634\020\2152\035D\243\306\201\210"
 145      5963688C 
 145      6522F334 
 145      108D321D 
 145      44A3C681 
 146 0286 33930956 		.ascii	"3\223\011V\361\024g\026EH \354lB%\221%\231vS\310\222"
 146      F1146716 
 146      454820EC 
 146      6C422591 
 146      25997653 
 147 029c 4ABB6934 		.ascii	"J\273i4O\247\335\014\262d\222\317\034\342\226E\271\030"
 147      4FA7DD0C 
 147      B26492CF 
 147      1CE29645 
 147      B918
 148 02ae DB8C05E9 		.ascii	"\333\214\005\351\325\315\006V\314\025\234\3447\260k"
 148      D5CD0656 
 148      CC159CE4 
 148      37B06B
 149 02bd 50D0DFDC 		.ascii	"P\320\337\334U\341\022U\362\363iX\327\342\300W?\331"
 149      55E11255 
 149      F2F36958 
 149      D7E2C057 
 149      3FD9
 150 02cf C55B6703 		.ascii	"\305[g\003\016\307\302\365.\306wiXA\377\353\320\344"
 150      0EC7C2F5 
 150      2EC67769 
 150      5841FFEB 
 150      D0E4
 151 02e1 1FEC2F74 		.ascii	"\037\354/t\012\177t.-l:I\316\234\016\260\256\251\263"
 151      0A7F742E 
 151      2D6C3A49 
 151      CE9C0EB0 
 151      AEA9B3
 152 02f4 4D2B836F 		.ascii	"M+\203o7\340{^\266\022k\343\364\363\351\360\213\010"
 152      37E07B5E 
 152      B6126BE3 
 152      F4F3E9F0 
 152      8B08
 153 0306 82BB676B 		.ascii	"\202\273gk\2025n_\205Y\260\301L\014p\003\216C\031l\243"
ARM GAS  /tmp/ccra7sFq.s 			page 12


 153      82356E5F 
 153      8559B0C1 
 153      4C0C7003 
 153      8E43196C 
 154 031b 1B004E80 		.ascii	"\033\000N\200\317\317\343(\221\312B6\213\330\205\212"
 154      CFCFE328 
 154      91CA4236 
 154      8BD8858A 
 155 032b 05E3C41A 		.ascii	"\005\343\304\032/U\3352$1\025:\037\022\263\261\373`"
 155      2F55DD32 
 155      2431153A 
 155      1F12B3B1 
 155      FB60
 156 033d 113B7FCD 		.ascii	"\021;\177\315\036&\366xL\272\210\011\010&'\307\231h"
 156      1E26F678 
 156      4CBA8809 
 156      082627C7 
 156      9968
 157 034f B244D761 		.ascii	"\262D\327ac\375`HF\366s\210T\355\"\325\371\303G\357"
 157      63FD6048 
 157      46F67388 
 157      54ED22D5 
 157      F9C347EF 
 158 0363 78F2464C 		.ascii	"x\362FL\274\322\\e\\v\347\375\236?7\033\"\177T\200\273"
 158      BCD25C65 
 158      5C76E7FD 
 158      9E3F371B 
 158      227F5480 
 159 0378 A107F2A0 		.ascii	"\241\007\362\240;\234\273\266\244\264\304;\257\322,"
 159      3B9CBBB6 
 159      A4B4C43B 
 159      AFD22C
 160 0387 31456E0F 		.ascii	"1En\017\234\302\334(\220\312\360+\314\023\351no\372"
 160      9CC2DC28 
 160      90CAF02B 
 160      CC13E96E 
 160      6FFA
 161 0399 50269B89 		.ascii	"P&\233\211\371\330\000lL\024K\321\026h\022\353\262\277"
 161      F9D8006C 
 161      4C144BD1 
 161      166812EB 
 161      B2BF
 162 03ab 4B7D64C2 		.ascii	"K}d\3023\217\344c\007\006\2471\217p\331\005\344!:\335"
 162      338FE463 
 162      0706A731 
 162      8F70D905 
 162      E4213ADD 
 163 03bf 32BD4F96 		.ascii	"2\275O\226\326\010\313\014\262\264GX\306J\245\355\010"
 163      D608CB0C 
 163      B2B44758 
 163      C64AA5ED 
 163      08
 164 03d0 45AEFCA3 		.ascii	"E\256\374\243\366\276[D\3260\362\031\252y1\2673\374"
 164      F6BE5B44 
 164      D630F219 
 164      AA7931B7 
 164      33FC
ARM GAS  /tmp/ccra7sFq.s 			page 13


 165 03e2 45A0C2E4 		.ascii	"E\240\302\344\337,\332\032zKrM\362sO\344\035\356\305"
 165      DF2CDA1A 
 165      7A4B724D 
 165      F2734FE4 
 165      1DEEC5
 166 03f5 533A2B83 		.ascii	"S:+\203&Zy\321K\242\266\275!A\311~\254\341\004\257v"
 166      265A79D1 
 166      4BA2B6BD 
 166      2141C97E 
 166      ACE104AF 
 167 040a E1952CBD 		.ascii	"\341\225,\275*B+\244[\212\237\307Ltk\024n)\322\355@"
 167      2A422BA4 
 167      5B8A9FC7 
 167      4C746B14 
 167      6E29D2ED 
 168 041f 38185AA2 		.ascii	"8\030Z\242&z5\013\257T\341\365\240\2503\364\221tS\374"
 168      267A350B 
 168      AF54E1F5 
 168      A0A833F4 
 168      917453FC 
 169 0433 DC89440F 		.ascii	"\334\211D\017\016\034ks\012\242\0160\001z\021F-\327"
 169      0E1C6B73 
 169      0AA20E30 
 169      017A1146 
 169      2DD7
 170 0445 0261AF48 		.ascii	"\002a\257H\365\016T\377\333\303\216\323Y(I\312\377\253"
 170      F50E54FF 
 170      DBC38ED3 
 170      592849CA 
 170      FFAB
 171 0457 2814CA96 		.ascii	"(\024\312\226\376\351\250\015!{o\337\335\253I\210\027"
 171      FEE9A80D 
 171      217B6FDF 
 171      DDAB4988 
 171      17
 172 0468 FAFE253F 		.ascii	"\372\376%?\235\0028\"\002\214\204rd\2004:\356\224I\022"
 172      9D023822 
 172      028C8472 
 172      6480343A 
 172      EE944912 
 173 047c D308E00C 		.ascii	"\323\010\340\014W|\000\024&\355\321rNA\335R\340\326"
 173      577C0014 
 173      26EDD172 
 173      4E41DD52 
 173      E0D6
 174 048e 8B61815C 		.ascii	"\213a\201\\\012\034)\353\037\261\205\005\232\012\364"
 174      0A1C29EB 
 174      1FB18505 
 174      9A0AF4
 175 049d 4F56C82D 		.ascii	"OV\310-IC\340Ffz\360p\0176b\222\303\037l\204!\210F."
 175      4943E046 
 175      667AF070 
 175      0F366292 
 175      C31F6C84 
 176 04b5 7A7FF018 		.ascii	"z\177\360\030\232\322\034\303\207\373\000i\030\021\274"
 176      9AD21CC3 
 176      87FB0069 
ARM GAS  /tmp/ccra7sFq.s 			page 14


 176      1811BC
 177 04c4 BFB91816 		.ascii	"\277\271\030\026\236\211\3075Q)\035a&\021wE \216\\\014"
 177      9E89C735 
 177      51291D61 
 177      26117745 
 177      208E5C0C 
 178 04d8 2BCD20A5 		.ascii	"+\315 \245\251\223\216)\203\000\356H\245d\367\3129\005"
 178      A9938E29 
 178      8300EE48 
 178      A564F7CA 
 178      3905
 179 04ea 35E48177 		.ascii	"5\344\201wZ\271\347\240R\310\212H\215w\035Z\205Wi\321"
 179      5AB9E7A0 
 179      52C88A48 
 179      8D771D5A 
 179      855769D1 
 180 04fe C8B9BAB0 		.ascii	"\310\271\272\260\322,?\217\305\202T\267\264\027\351"
 180      D22C3F8F 
 180      C58254B7 
 180      B417E9
 181 050d B29901CE 		.ascii	"\262\231\001\316E2>\"\202g\211J\030\310\334\010\326"
 181      45323E22 
 181      8267894A 
 181      18C8DC08 
 181      D6
 182 051e 8B4A24BB 		.ascii	"\213J$\273\202T\011/r5\206\251\022\031\256\341z\252"
 182      8254092F 
 182      723586A9 
 182      1219AEE1 
 182      7AAA
 183 0530 8487E1BF 		.ascii	"\204\207\341\277 \213&\241c#\016'&\202~T\304Ay\"\244"
 183      208B26A1 
 183      63230E27 
 183      26827E54 
 183      C4417922 
 184 0545 B8E49C08 		.ascii	"\270\344\234\010;\305\301\234l\036\255\320$_A\366\356"
 184      3BC5C19C 
 184      6C1EADD0 
 184      245F41F6 
 184      EE
 185 0556 96C27B5C 		.ascii	"\226\302{\\\222\265\303y\353\240\360\026\213\323\030"
 185      92B5C379 
 185      EBA0F016 
 185      8BD318
 186 0565 4A74FB8F 		.ascii	"Jt\373\217\366 7\227xo\265\376\232yX\0337\356{h}\033"
 186      F6203797 
 186      786FB5FE 
 186      9A79581B 
 186      37EE7B68 
 187 057b 63B8C532 		.ascii	"c\270\3052\212\226U\210\362\212e\214\334E\215\321b\031"
 187      8A965588 
 187      F28A658C 
 187      DC458DD1 
 187      6219
 188 058d 2BDE686D 		.ascii	"+\336hm\270F\210\315r\3376P\227\327\272\362\232\202"
 188      B84688CD 
 188      72DF3650 
ARM GAS  /tmp/ccra7sFq.s 			page 15


 188      97D7BAF2 
 188      9A82
 189 059f 83A38586 		.ascii	"\203\243\205\206\244\243N\272O\023\037q\233\206\350"
 189      A4A34EBA 
 189      4F131F71 
 189      9B86E8
 190 05ae 3655C485 		.ascii	"6U\304\205v\001|\2629\177\014_\2376\014\347\347\361"
 190      76017CB2 
 190      397F0C5F 
 190      9F360CE7 
 190      E7F1
 191 05c0 B2238A1D 		.ascii	"\262#\212\035\322(\355\011\"\355\351-}|\252+<\341\021"
 191      D228ED09 
 191      22EDE92D 
 191      7D7CAA2B 
 191      3CE111
 192 05d3 392F8EE7 		.ascii	"9/\216\347\274$npMj\030\2634\330\037S\303\357\024\217"
 192      BC246E70 
 192      4D6A18B3 
 192      34D81F53 
 192      C3EF148F 
 193 05e7 FE3F5C9E 		.ascii	"\376?\\\236\254A\307p~>k\242\006\007\331g\377\037\015"
 193      AC41C770 
 193      7E3E6BA2 
 193      0607D967 
 193      FF1F0D
 194 05fa 57C6735E 		.ascii	"W\306s^\025\032\034\354\006^\310\345\001\352by\376\361"
 194      151A1CEC 
 194      065EC8E5 
 194      01EA6279 
 194      FEF1
 195 060c D8381EFC 		.ascii	"\3308\036\374\236\205\315$\276\023\260\301\304\367l"
 195      9E85CD24 
 195      BE13B0C1 
 195      C4F76C
 196 061b 6C3A8FF8 		.ascii	"l:\217\370}\007<@\254\302\202\271\276\205\331\253\336"
 196      7D073C40 
 196      ACC282B9 
 196      BE85D9AB 
 196      DE
 197 062c 5EB564A9 		.ascii	"^\265d\251o\365:_\366\262\034\337\232\325k\327\257\363"
 197      6FF53A5F 
 197      F6B21CDF 
 197      9AD56BD7 
 197      AFF3
 198 063e 2D7DE585 		.ascii	"-}\345\205\371O\372\026/~\306\367\354K\317-\371`\236"
 198      F94FFA16 
 198      2F7EC6F7 
 198      EC4BCF2D 
 198      F9609E
 199 0651 D87A730D 		.ascii	"\330zs\015>99+\346.g\252\360Rs\227\255{O\315]\275\342"
 199      3E39392B 
 199      E62E67AA 
 199      F0527397 
 199      AD7B4FCD 
 200 0668 1D58C597 		.ascii	"\035X\305\227\257|\227/_\233\203O\266\222\233\243\344"
 200      AF7C972F 
ARM GAS  /tmp/ccra7sFq.s 			page 16


 200      5F9B834F 
 200      B6929BA3 
 200      E4
 201 0679 66FF03B4 		.ascii	"f\377\003\2644\260\202"
 201      34B082
 202              		.text
 203              		.section	.gnu.lto_cfgtab.6911.e15ee51e4147dacb,"",%progbits
 204 0000 789C4D8F 		.ascii	"x\234M\217MK\002Q\030\205\357;\267\031+G\255\375\374"
 204      4D4B0251 
 204      1885EF3B 
 204      B7192B47 
 204      ADFDFC
 205 0013 896AE3CF 		.ascii	"\211j\343\31730\220\332\264p\025\023\010\025A\222\011"
 205      333090DA 
 205      B4701513 
 205      08154192 
 205      09
 206 0024 D5D48C7D 		.ascii	"\325\324\214}\230f\246\264\250 B\210V-\"Z\210\014\210"
 206      9866A6B4 
 206      A8204288 
 206      562D225A 
 206      880C88
 207 0037 D858C7FB 		.ascii	"\330X\307\373^b\2069\034\036\236\341=\214%\204\230\220"
 207      5E628639 
 207      1C1E9EE1 
 207      3D8C2584 
 207      9890
 208 0049 1078D553 		.ascii	"\020x\325S\224T\031\204\025kC\272RP\006Xh\277\277\320"
 208      94541984 
 208      156B43BA 
 208      52500658 
 208      68BFBFD0 
 209 005d 14891681 		.ascii	"\024\211\026\201\257\275\274Ol\223\300\347\376\303v"
 209      AFBDBC4F 
 209      6C93C0E7 
 209      FEC376
 210 006c 92ED0270 		.ascii	"\222\355\002p\253\026vM\266\263\361S\244NEo\253\023"
 210      AB16764D 
 210      B6B3F153 
 210      A44E456F 
 210      AB13
 211 007e 83310DDC 		.ascii	"\2031\015\334\371\362\233&c\0128\376,\366\364\220\035"
 211      F9F29B26 
 211      630A38FE 
 211      2CF6F490 
 211      1D
 212 008f 1F223514 		.ascii	"\037\"5\024\365\037#\233q\036X\366\366\002m\347\200"
 212      F51F239B 
 212      711E58F6 
 212      F6026DE7 
 212      80
 213 00a0 E1FADA50 		.ascii	"\341\372\332P\362n\"\216\244\2601\250\356\333l%\360"
 213      F26E228E 
 213      A4B031A8 
 213      EEDB6C25 
 213      F0
 214 00b1 637C18A4 		.ascii	"c|\030\244\331Z\300\243o\177\224b;\375\375\316n\360"
ARM GAS  /tmp/ccra7sFq.s 			page 17


 214      D95AC0A3 
 214      6F7F9462 
 214      3BFDFDCE 
 214      6EF0
 215 00c3 A3874CE0 		.ascii	"\243\207L\340S\276\352\352S3\361S\244N\375[\241l\353"
 215      53BEEAEA 
 215      5333F153 
 215      A44EFD5B 
 215      A16CEB
 216 00d6 7758CFB0 		.ascii	"wX\317\2605\342(\024\036l\216\312\211\254\227+\224r"
 216      35E22814 
 216      1E6C8ECA 
 216      89AC972B 
 216      9472
 217 00e8 25D39506 		.ascii	"%\323\225\006-9\324&\207\226\035\352\240\356\211\361"
 217      2D39D426 
 217      87961DEA 
 217      A0EE89F1 
 218 00f8 0E39435A 		.ascii	"\0169CZ\272o\221&\322@n\220:r\215\254\260\276\322\237"
 218      BA6F9126 
 218      D2406E90 
 218      3A728DAC 
 218      B0BED29F 
 219 010c 5DEABED0 		.ascii	"]\352\276\320]\323\035\350\366u\237\353\366\220S\344"
 219      5DD31DE8 
 219      F6759FEB 
 219      F69053E4 
 220 011c 04392647 		.ascii	"\0049&GP\227\262\342\017\222\026\230\360"
 220      5097B2E2 
 220      0F921698 
 220      F0
 221              		.text
 222              		.section	.gnu.lto_.symbol_nodes.e15ee51e4147dacb,"",%progbits
 223 0000 789C6363 		.ascii	"x\234cc``\260\000b\006\246V\246z\006\206\011\347\030"
 223      6060B000 
 223      6206A656 
 223      A67A0686 
 223      09E718
 224 0013 1880D4AE 		.ascii	"\030\200\324\256\006G\240H\033S=#\212\010k;\023C\203"
 224      0647A048 
 224      1B533D23 
 224      8A086B3B 
 224      134383
 225 0026 12030333 		.ascii	"\022\003\0033k\013\023c\243\022H\033\000uO\013c"
 225      6B0B1363 
 225      A312481B 
 225      00754F0B 
 225      63
 226              		.text
 227              		.section	.gnu.lto_.refs.e15ee51e4147dacb,"",%progbits
 228 0000 789C6363 		.ascii	"x\234cc```\003bFF\006&V\006\000\000\271\000\026"
 228      60606003 
 228      62464606 
 228      26560600 
 228      00B90016 
 229              		.text
 230              		.section	.gnu.lto_.decls.e15ee51e4147dacb,"",%progbits
ARM GAS  /tmp/ccra7sFq.s 			page 18


 231 0000 789C9D18 		.ascii	"x\234\235\030kP\224\311\361\233o\326e_\200\007&\361"
 231      6B5094C9 
 231      F19B6FD6 
 231      655F8007 
 231      26F1
 232 0012 07A918E5 		.ascii	"\007\251\030\345\312M*\262\242\311\325\245\352*9EO\275"
 232      CA4D2AB2 
 232      A2C9D5A5 
 232      EA2A3945 
 232      4FBD
 233 0024 23A7B59A 		.ascii	"#\247\265\232\037\311\217\354!\240l\002,%\353\225\367"
 233      1FC98FEC 
 233      21A06C02 
 233      2C25EB95 
 233      F7
 234 0035 27F91454 		.ascii	"'\371\024T\304\027(QA\021\004_ \210\210\310\323\343"
 234      C4172851 
 234      4111045F 
 234      208888C8 
 234      D3E3
 235 0047 FD10C543 		.ascii	"\375\020\305C\024\024\024A\024\365<\225\247(\353\203"
 235      14141441 
 235      14F53C95 
 235      A728EB83 
 236 0057 F4CC7CBB 		.ascii	"\364\314|\273\373\261\354\236\027\277\242w\246gz\272"
 236      FBB1EC9E 
 236      17BFA277 
 236      A6677ABA 
 237 0067 7BBAA77B 		.ascii	"{\272\247{z\220s\034\367\347i\034W\303s\\\024\342\270"
 237      7A90731C 
 237      F7E7691C 
 237      57C3735C 
 237      14E2B8
 238 007a 71F86430 		.ascii	"q\370d0V\005@\332^\2007\000\343\000<\314\223\017H95"
 238      560540DA 
 238      5E803700 
 238      E3003CCC 
 238      930F4839 
 239 008f F43F40AC 		.ascii	"\364?@\254?\013\3329\342\234\365\373\005L\270C\373\025"
 239      3F0BDA39 
 239      E29CF5FB 
 239      054CB843 
 239      FB15
 240 00a1 8017C034 		.ascii	"\200\027\3004\221\327l\200e@\273\004\240\017\372w\001"
 240      91D76C80 
 240      6540BB04 
 240      A00FFA77 
 240      01
 241 00b2 3E87FE17 		.ascii	">\207\376\027\000\026\350\277\004\320\020\235\000\277"
 241      0016E8BF 
 241      04D0109D 
 241      00BF
 242 00c0 056D23C0 		.ascii	"\005m#\3003\200&\200A\200\213\000\317\001\272\000n\000"
 242      33802680 
 242      41808B00 
 242      CF01BA00 
 242      6E00
ARM GAS  /tmp/ccra7sFq.s 			page 19


 243 00d2 DC04E800 		.ascii	"\334\004\350\000@\242N\216\337,\320c\252\203\036\322"
 243      40A24E8E 
 243      DF2CD063 
 243      AA831ED2 
 244 00e2 FDFC0DDA 		.ascii	"\375\374\015\332Z\000\037Q7\"\237\350\025\010s3\001"
 244      5A001F51 
 244      37229FE8 
 244      15087333 
 244      01
 245 00f3 7E0DF077 		.ascii	"~\015\360w\321\026\243\000C\242\036\317E\231\304\006"
 245      D116A300 
 245      43A21ECF 
 245      4599C406 
 246 0103 48B481F4 		.ascii	"H\264\201\364[\002r\261\310\227\310\234\351D7\353\227"
 246      5B0272B1 
 246      C897C89C 
 246      E94437EB 
 246      97
 247 0114 84D1D5D8 		.ascii	"\204\321\325\3303\207\360v\214\274TH\006\350`s\312="
 247      3387F076 
 247      8CBC5448 
 247      06E86073 
 247      CA3D
 248 0126 0F40A7A9 		.ascii	"\017@\247\251\320\014@\313\212\312\353\247\260\331\271"
 248      D00C40CB 
 248      8ACAEBA7 
 248      B0D9B9
 249 0135 80BE7A94 		.ascii	"\200\276z\224\324\201\030\252\001tSYG\242'#\356\341"
 249      D48118AA 
 249      01745359 
 249      47A22723 
 249      EEE1
 250 0147 248BBDD8 		.ascii	"$\213\275\330\342]\273\013\362U\030\366\012\375\224"
 250      E25DBB0B 
 250      F25518F6 
 250      0AFD94
 251 0156 B2912691 		.ascii	"\262\221&\221\221\002\320\314\272R\213\032+\351TWc\326"
 251      9102D0CC 
 251      BA528B1A 
 251      2BE95457 
 251      63D6
 252 0168 29A2C16C 		.ascii	")\242\301l\025\"g\300\023\206\362\236\224\214\271\263"
 252      152267C0 
 252      1386F29E 
 252      948CB9B3 
 253 0178 214231DE 		.ascii	"!B1\336\031/\310\261;\355\267\344\327\025\310\374r\004"
 253      192FC8B1 
 253      3BEDB7E4 
 253      D715C8FC 
 253      7204
 254 018a F629B663 		.ascii	"\366)\266c\016}\213\260u7\255\273\207\216\272\341@B"
 254      0E7D8BB0 
 254      7537ADBB 
 254      878EBAE1 
 254      4042
 255 019c C97777BC 		.ascii	"\311ww\274\272\355\201T\3328A\330$\244\307\010\312\245"
 255      BAED8154 
ARM GAS  /tmp/ccra7sFq.s 			page 20


 255      DA3841D8 
 255      24A4C708 
 255      CAA5
 256 01ae 1C3A877C 		.ascii	"\034:\207|P\001\362\341P5\322\022\356\025\310\217C\027"
 256      5001F2E1 
 256      5035D212 
 256      EE15C88F 
 256      4317
 257 01c0 60B01C06 		.ascii	"`\260\034\006\217\023\216\225\343)\177J\036\022\204"
 257      8F138E95 
 257      E3297F4A 
 257      1E1284
 258 01cf 19A80AA9 		.ascii	"\031\250\012\251P%\302\224\006L=[\305Dd\035M\314\220"
 258      5025C294 
 258      064C3D5B 
 258      C544641D 
 258      4DCC90
 259 01e2 E3044465 		.ascii	"\343\004De\224\035\354\253\343]\311\250s)\343\273S3"
 259      941DECAB 
 259      E35DC9A8 
 259      7329E3BB 
 259      5333
 260 01f4 EB370B02 		.ascii	"\3537\013\002\217jAF\215]\006\210dBzKoo\344q\003\025"
 260      8F6A4146 
 260      8D5D0688 
 260      64427A4B 
 260      6F6FE471 
 261 020a 82DEC697 		.ascii	"\202\336\306\227\017`|\211\"S\032GFc4\310\327\327\327"
 261      0F607C89 
 261      22531A47 
 261      466334C8 
 261      D7D7D7
 262 021d 5B9B4184 		.ascii	"[\233A\204V\216\227hS[\037\011\302\036\015\345V\017"
 262      568E9768 
 262      535B1F09 
 262      C21E0DE5 
 262      560F
 263 022f DC2E216F 		.ascii	"\334.!o\273\026:8\010\310\237\234\006F\337\373\313\024"
 263      BB163A38 
 263      08C89F9C 
 263      0646DFFB 
 263      CB14
 264 0241 A1321653 		.ascii	"\2412\026S\3422\247\304\200\331\250\207$\324\015\216"
 264      E232A7C4 
 264      80D9A887 
 264      24D40D8E 
 265 0251 D4A5C8C6 		.ascii	"\324\245\310\306;\221\354+\001\000\3118T\004\004\347"
 265      3B91EC2B 
 265      0100C938 
 265      540404E7 
 266 0261 E91C2187 		.ascii	"\351\034!\207\275\241\313`\212F\344\213.\0024!_\352"
 266      BDA1CB60 
 266      8A46E48B 
 266      2E023421 
 266      5FEA
 267 0273 2E668AFA 		.ascii	".f\212\372T\257\215\260\212Pr\242\031D_V\274\215m\221"
 267      54AF8DB0 
ARM GAS  /tmp/ccra7sFq.s 			page 21


 267      8A5072A2 
 267      19445F56 
 267      BC8D6D91 
 268 0287 E32DF4FC 		.ascii	"\343-\364\374\360\015Y\331\315\010yk\235\312A\337\001"
 268      F00D59D9 
 268      CD08796B 
 268      9DCA41DF 
 268      01
 269 0298 FB778B7A 		.ascii	"\373w\213z\233*\207\023\203\256\000a\263\335\346D0\225"
 269      9B2A8713 
 269      83AE0061 
 269      B3DDE644 
 269      3095
 270 02aa F72CB6AF 		.ascii	"\367,\266\257G\315\216\350t@\013\233\213\357L\301\311"
 270      47CD8EE8 
 270      74400B9B 
 270      8BEF4CC1 
 270      C9
 271 02bb ECF8DE1E 		.ascii	"\354\370\336\036j\337\252\306\351\014\311{\235tB\216"
 271      6ADFAAC6 
 271      E90CC97B 
 271      9D74428E 
 272 02cb 4F306477 		.ascii	"O0dw\314\235\177\263E\237\000\266\343\300\211\004\271"
 272      CC9D7FB3 
 272      459F00B6 
 272      E3C08904 
 272      B9
 273 02dc 181118F0 		.ascii	"\030\021\030\360\370\302\275\231\236\3704%u\333|\270"
 273      F8C2BD99 
 273      9EF83425 
 273      75DB7CB8 
 274 02ec 21D58DBA 		.ascii	"!\325\215\272\316W\353\233AU\032M\363\332+\010\215s"
 274      CE57EB9B 
 274      41551A4D 
 274      F3DA2B08 
 274      8D73
 275 02fe A9525741 		.ascii	"\251RWA\251Nhm\333jAR\337\001y\265v#\365\006\241.q\244"
 275      A94E686D 
 275      DB6A4152 
 275      DF0179B5 
 275      7623F506 
 276 0316 2E46139C 		.ascii	".F\023\234\007\344\235\022\362vG\362B\027\316k\003\202"
 276      07E49D12 
 276      F27647F2 
 276      4217CE6B 
 276      0382
 277 0328 EB74AE53 		.ascii	"\353t\256S\264\350m\260\350-\260f\027\300\015\200\233"
 277      B4E86DB0 
 277      E82DB066 
 277      17C00D80 
 277      9B
 278 0339 001DA265 		.ascii	"\000\035\242e\231\240\326_\331\005]s\024d?\200\242\307"
 278      99A0D65F 
 278      D9055D73 
 278      14643F80 
 278      A2C7
 279 034b D398C73B 		.ascii	"\323\230\307;'z\234qz 5H\253#\253R\311\026\301\272U"
ARM GAS  /tmp/ccra7sFq.s 			page 22


 279      277A9C71 
 279      7A203548 
 279      AB23AB52 
 279      C916C1BA 
 280 0360 634F367B 		.ascii	"cO6{\342BvB\362\236\016\374\007i\275\231\214gY\324\325"
 280      E2427642 
 280      F29E0EFC 
 280      0769BD99 
 280      8C6759D4 
 281 0375 3DB0F88E 		.ascii	"=\260\370\216\335\325\235\324\325Nw\213\272a\223?e\303"
 281      DDD59DD4 
 281      D54E778B 
 281      BA61933F 
 281      65C3
 282 0387 20F6BA65 		.ascii	" \366\272e\270\315\323[d\023\347\222\015\367c<\016&"
 282      B8CDD35B 
 282      6413E792 
 282      0DF7633C 
 282      0E26
 283 0399 B73E526A 		.ascii	"\267>Rj\342mi\003\335\225\004\026\207z\021\271\212h"
 283      E26D6903 
 283      DD950416 
 283      877A11B9 
 283      8A68
 284 03ab 4BB2DAC0 		.ascii	"K\262\332\300\345T\361dN\005\364l\373\3112\005\256`"
 284      E554F164 
 284      4E05F46C 
 284      FBC93205 
 284      AE60
 285 03bd E7EF406B 		.ascii	"\347\357@k\376b\025\244\237\230\237\224~`\301\316\244"
 285      FE6215A4 
 285      9F989F94 
 285      7E60C1CE 
 285      A4
 286 03ce EA6A19AE 		.ascii	"\352j\031\256a\253ck\332\0125\270\221!}\227\3626)\360"
 286      61AB636B 
 286      DA0A35B8 
 286      91217D97 
 286      F23629F0 
 287 03e2 65863C38 		.ascii	"e\206<8\265\343\211\007na\310\251=W\217a|\235!\305\027"
 287      B5E38907 
 287      6E61C8A9 
 287      3D578F61 
 287      7C9D21C5 
 288 03f7 9ECE63CA 		.ascii	"\236\316c\312\370\000V\3325X\251\026O<\002<\367e\367"
 288      F80056DA 
 288      3558A916 
 288      4F3C023C 
 288      F765F7
 289 040a F929F826 		.ascii	"\371)\370&%U\026\306u\214c\004\347\035>\255/\234\371"
 289      255516C6 
 289      758C6304 
 289      E71D3EAD 
 289      2F9CF9
 290 041d D818A1B2 		.ascii	"\330\030\241\262\377\326\357\273\305\204\325\007Y\345"
 290      FFD6EFBB 
 290      C584D507 
ARM GAS  /tmp/ccra7sFq.s 			page 23


 290      59E5
 291 042b 21F8A77F 		.ascii	"!\370\247\177rVaN\236\340\253'@\361\003\235\354\027"
 291      7256614E 
 291      9EE0AB27 
 291      40F1039D 
 291      EC17
 292 043d 1D35025B 		.ascii	"\0355\002[|\016\206\035\004\030\006x\0060\0120\0040"
 292      7C0E861D 
 292      04180678 
 292      06300A30 
 292      0430
 293 044f 603BA144 		.ascii	"`;\241Dhu\030\313cD\342SG\211\023\342\214Pw\032\354"
 293      687518CB 
 293      6344E253 
 293      478913E2 
 293      8C50771A 
 294 0464 D4DF3B52 		.ascii	"\324\337;RO\310\221\204\332\"\241\276\357H}\0179\222"
 294      4FC89184 
 294      DA22A1BE 
 294      EF487D0F 
 294      3992
 295 0476 F74AC81F 		.ascii	"\367J\310\0379\337\2744Z\272Y\264\364;F\013a\325\336"
 295      39DFBC34 
 295      5ABA59B4 
 295      F43B460B 
 295      61D5DE
 296 0489 ED951143 		.ascii	"\355\225\021C\242\205\360z\354TQ\311\256\206$\202\037"
 296      A285F07A 
 296      EC5451C9 
 296      AE862482 
 296      1F
 297 049a 38D7D35F 		.ascii	"8\327\323_\214\254{/\036\026y\342DL#\253\343u\323\025"
 297      8CAC7B2F 
 297      1E1679E2 
 297      444C23AB 
 297      E375D315 
 298 04ae 0FC7DC6B 		.ascii	"\017\307\334ku\006\032\003\037\374?\376`\333\272\362"
 298      75061A03 
 298      1FFC3FFE 
 298      60DBBAF2 
 299 04be 8806E84B 		.ascii	"\210\006\350KX\370\302\036\240\375\326\\<\230\222\330"
 299      58F8C21E 
 299      A0FDD65C 
 299      3C9892D8 
 300 04ce E6260D8F 		.ascii	"\346&\015\217\227\023\302\303\2024\342\022\240-\332"
 300      9713C2C3 
 300      8234E212 
 300      A02DDA
 301 04dd 76E0A13B 		.ascii	"v\340\241;>\314t\265\024\346U#\244\325\210wy\211o\356"
 301      3ECC74B5 
 301      14E65523 
 301      A4D58877 
 301      79896FEE 
 302 04f1 00B9CBDF 		.ascii	"\000\271\313\337\300\202Wv9\026\032^.\330\243\327\260"
 302      C0825776 
 302      39161A5E 
 302      2ED8A3D7 
ARM GAS  /tmp/ccra7sFq.s 			page 24


 302      B0
 303 0502 0BBB04B2 		.ascii	"\013\273\004\262\226DJ\355h\242;\316bR\036\214\305\236"
 303      96444AED 
 303      68A23BCE 
 303      62521E8C 
 303      C59E
 304 0514 53BBBAF6 		.ascii	"S\273\272\366\005\336\325\265\337\236=m\023\361\345"
 304      05DED5B5 
 304      DF9E3D6D 
 304      13F1E5
 305 0523 3838E0AD 		.ascii	"88\340\255]\233Zz\353\223Q\220\223\335\234\365Z\206"
 305      5D9B5A7A 
 305      EB935190 
 305      93DD9CF5 
 305      5A86
 306 0535 CF3339A3 		.ascii	"\31739\243\265\0173\025\256\344\304\270\224c\371-\261"
 306      B50F3315 
 306      AEE4C4B8 
 306      9463F92D 
 306      B1
 307 0546 ED265E85 		.ascii	"\355&^\205\240\210p\220\002\243$j\253.T\250\273!9A\261"
 307      A0887090 
 307      02A3246A 
 307      AB2E54A8 
 307      BB213941 
 308 055b 88A652BF 		.ascii	"\210\246R\277 \304~\241%@\361q\353\207\3308\214\362"
 308      20C47EA1 
 308      2540F171 
 308      EB87D838 
 308      8CF2
 309 056d AC114909 		.ascii	"\254\021I\011b]\202l#\274\310\203\267\362\245\177\""
 309      625D826C 
 309      23BCC883 
 309      B7F2A57F 
 309      22
 310 057e 0324E5CA 		.ascii	"\003$\345\312\346\2318\353\307\352[\326\221\254cC\274"
 310      E69938EB 
 310      C7EA5BD6 
 310      91AC6343 
 310      BC
 311 058f 5D9864C9 		.ascii	"]\230d\311$]9\333\264M)\373&\221\230\203\363\357w\357"
 311      245D39DB 
 311      B44D29FB 
 311      26919883 
 311      F3EF77EF 
 312 05a3 E07BE082 		.ascii	"\340{\340\202\340\020\024\332\011\212p\232\336\262s"
 312      E01014DA 
 312      098A709A 
 312      DEB273
 313 05b2 92FB94B8 		.ascii	"\222\373\224\270\202:\000\235Oz\334\257\224\361,\023"
 313      823A009D 
 313      4F7ADCAF 
 313      94F12C13 
 314 05c2 A3481919 		.ascii	"\243H\031\031\253\033\177Q\351\311\022 /I\316\323Xr"
 314      AB1B7F51 
 314      E9C91220 
 314      2F49CED3 
ARM GAS  /tmp/ccra7sFq.s 			page 25


 314      5872
 315 05d4 7E559FD2 		.ascii	"~U\237\322\3466}\037\015\225\030a*\217\276\3729\332"
 315      E6367D1F 
 315      0D951861 
 315      2A8FBEFA 
 315      39DA
 316 05e6 C6FBA038 		.ascii	"\306\373\2408\236\034\334x~:\374n\345eL\203\352\272"
 316      9E1CDC78 
 316      7E3AFC6E 
 316      E5654C83 
 316      EABA
 317 05f8 53DB9533 		.ascii	"S\333\2253\323\205\364\036H\213c\276)\227\267\010-\260"
 317      D385F41E 
 317      488B63BE 
 317      2997B708 
 317      2DB0
 318 060a F0534A88 		.ascii	"\360SJ\210\266\330\235\007]\370\335\014\332\242X\276"
 318      B6D89D07 
 318      5DF8DD0C 
 318      DAA258BE 
 319 061a 1B14DECE 		.ascii	"\033\024\336\316\317\204\365O\217\305\354\365\304\261"
 319      CF84F54F 
 319      8FC5ECF5 
 319      C4B1
 320 0628 32AA6B51 		.ascii	"2\252kQcE\234\212\352J<\317t\035O\336\225)\247c\344"
 320      63459C8A 
 320      EA4A3CCF 
 320      741D4FDE 
 320      9529A763 
 321 063d CCEDE4E9 		.ascii	"\314\355\344\351`C]\322=O:H\302b\027\033\274\326\023"
 321      60435DD2 
 321      3D4F3A48 
 321      C262171B 
 321      BCD613
 322 0650 3FA070A9 		.ascii	"?\240p\251w\002\325{\267U\357\2027\031\202J\324\333"
 322      7702D57B 
 322      B755EF82 
 322      3719824A 
 322      D4DB
 323 0662 F21BC82A 		.ascii	"\362\033\310*p\254\241\232\005*\264\303\256\364\016"
 323      70ACA19A 
 323      052AB4C3 
 323      AEF40E
 324 0671 47A513A9 		.ascii	"G\245\023\251\3227s\256\305c\234\302\224\316\357y]."
 324      D23773AE 
 324      C5639CC2 
 324      94CEEF79 
 324      5D2E
 325 0683 63C6F402 		.ascii	"c\306\364\002t\270\366\344\260\370\242H \267\311\246"
 325      74B8F6E4 
 325      B0F8A248 
 325      20B7C9A6 
 326 0693 E6915235 		.ascii	"\346\221R5>\316h\343\032\356\264\211\257\217\017\000"
 326      3ECE68E3 
 326      1AEEB489 
 326      AF8F0F00 
 327 06a3 6DFF21E3 		.ascii	"m\377!\343\216\007\271\372\0041\210a\334\236\"\366\363"
ARM GAS  /tmp/ccra7sFq.s 			page 26


 327      8E07B9FA 
 327      04318861 
 327      DC9E22F6 
 327      F3
 328 06b4 70DC2105 		.ascii	"p\334!\005\242}<\275\366\3626\337\317\202\327\002\362"
 328      A27D3CBD 
 328      F6F236DF 
 328      CF82D702 
 328      F2
 329 06c5 81570692 		.ascii	"\201W\006\222<1|\330\023\343\\\345p\256\014\347RA|~"
 329      3C317CD8 
 329      13E35CE5 
 329      70AE0CE7 
 329      52417C7E 
 330 06d9 EEFD7F22 		.ascii	"\356\375\177\"\255\312\372\036\360\333\274\225\354\356"
 330      ADCAFA1E 
 330      F0DBBC95 
 330      ECEE
 331 06e7 105835C5 		.ascii	"\020X5\305\276;\037\022N40\205L\001O\347\320|\0374\027"
 331      BE3B1F12 
 331      4E343085 
 331      4C014FE7 
 331      D07C1F34 
 332 06fc C2F22084 		.ascii	"\302\362 \204\245\217\030\226\311`\300\003L~V\332\311"
 332      A58F1896 
 332      C960C003 
 332      4C7E56DA 
 332      C9
 333 070d 5A775CC4 		.ascii	"Zw\\\304\004\334\311\355\277\202m\022\3405P@_\003i "
 333      04DCC9ED 
 333      BF826D12 
 333      E0355040 
 333      5F036920 
 334 0721 21D52EE1 		.ascii	"!\325.\341\020\357B\304a\347\"bn\034\033Wz%\210Y\372"
 334      10EF42C4 
 334      61E72262 
 334      6E1C1B57 
 334      7A258859 
 335 0736 5344F925 		.ascii	"SD\371%\301\374^\352\303t\336\313j\027B=\366\260Z\220"
 335      C1FC5EEA 
 335      C374DECB 
 335      6A17423D 
 335      F6B05A90 
 336 074a A944EE71 		.ascii	"\251D\356q\357\346\276\363\326\310\336\011\334\217\374"
 336      EFE6BEF3 
 336      D6C8DE09 
 336      DC8FFC
 337 0759 18F7FDBD 		.ascii	"\030\367\375\275cO<?\314\024Z*\311\311\326f\017\304"
 337      634F3C3F 
 337      CC145A2A 
 337      C9C9D666 
 337      0FC4
 338 076b C2850FA9 		.ascii	"\302\205\017\251/\203\367B\377\205-\302Q\220,\336\003"
 338      2F83F742 
 338      FF852DC2 
 338      51902CDE 
 338      03
ARM GAS  /tmp/ccra7sFq.s 			page 27


 339 077c 23FFE039 		.ascii	"#\377\3409\224\311\177\010k\323\333\272\356kp\005s\372"
 339      94C97F08 
 339      6BD3DBBA 
 339      EE6B7005 
 339      73FA
 340 078e E9A191D3 		.ascii	"\351\241\221\323r\346t\3622L\354\252\262\270\273t\372"
 340      72E674F2 
 340      324CECAA 
 340      B2B8BB74 
 340      FA
 341 079f 71ABD38F 		.ascii	"q\253\323\217Q\235\371\013'\007\207\334'\334\\\210\334"
 341      519DF90B 
 341      270787DC 
 341      27DC5C88 
 341      DC
 342 07b0 71EC663C 		.ascii	"q\354f<\301\263K\353$\257\225\\L\335\311\270\344\330"
 342      C1B34BEB 
 342      24AF955C 
 342      4CDDC9B8 
 342      E4D8
 343 07c2 16419091 		.ascii	"\026A\220\221y\207\027IyR/\274\002\372"
 343      79871749 
 343      79522FBC 
 343      02FA
 344 07d0 990FCB47 		.ascii	"\231\017\313G.v\273\333\012\316\366\\z\237\235\002\236"
 344      2E76BBDB 
 344      0ACEF65C 
 344      7A9F9D02 
 344      9E
 345 07e1 59760F12 		.ascii	"Yv\017\022\026\322\"\306&\035e\203\221\035\025 \311"
 345      16D222C6 
 345      261D6583 
 345      911D1520 
 345      C9
 346 07f2 E44DDC4B 		.ascii	"\344M\334Kw\251\221\011C\253\3029\324\304\307\255&\036"
 346      77A99109 
 346      43ABC239 
 346      D4C4C7AD 
 346      261E
 347 0804 38D37491 		.ascii	"8\323t\221\2308\235\232\370\223\372LX\203\010\021:\312"
 347      98389D9A 
 347      F893FA4C 
 347      58830811 
 347      3ACA
 348 0816 34B02D3C 		.ascii	"4\260-<J\0031\227\0327\261\346\371\260\032[\230q\233"
 348      4A033197 
 348      1A37B1E6 
 348      F9B01A5B 
 348      98719B
 349 0829 B7ED0167 		.ascii	"\267\355\001g\2143d\260\245&^\211\267N\241H|U\307\026"
 349      8C3364B0 
 349      A5265E89 
 349      B74EA148 
 349      7C55C716 
 350 083d 25DECD90 		.ascii	"%\336\315\220#\217J \315\354cH\371\255B\035Nc\375\254"
 350      238F4A20 
 350      CDEC6348 
ARM GAS  /tmp/ccra7sFq.s 			page 28


 350      F9AD421D 
 350      4E63FDAC 
 351 0851 929D77A7 		.ascii	"\222\235w\247\340\223\014\271W\024;*\3039\014i)\355"
 351      E0930CB9 
 351      57143B2A 
 351      C3390C69 
 351      29ED
 352 0863 E9F3C0F9 		.ascii	"\351\363\300\371\01498\334\365\275\222\371PK\236L-i"
 352      0C3938DC 
 352      F5BD92F9 
 352      504B9E4C 
 352      2D69
 353 0875 B7142CC8 		.ascii	"\267\024,\310+I\006\335_\322;\340\201\317QZ\315\331"
 353      2B4906DD 
 353      5FD23BE0 
 353      81CF515A 
 353      CDD9
 354 0887 6DAF5693 		.ascii	"m\257V\2237\222/}'\321\207\022+\032\177\367RR4\346\301"
 354      37922F7D 
 354      27D18712 
 354      2B1A7FF7 
 354      525234E6 
 355 089c 0EABF849 		.ascii	"\016\253\370I%\234\264\314j\332`\257v\362\035\311'W"
 355      259CB4CC 
 355      6ADA60AF 
 355      76F21DC9 
 355      2757
 356 08ae 658F4D76 		.ascii	"e\217Mv\362BG\362I%_\257\204\372\274SjI\335e\221\020"
 356      F24247F2 
 356      49255FAF 
 356      84FABC53 
 356      6A49DD65 
 357 08c4 17381297 		.ascii	"\0278\022\227N\322\244U\242\370\031\347\373\2240\357"
 357      4ED2A455 
 357      A2F819E7 
 357      FB9430EF 
 358 08d4 95509F76 		.ascii	"\225P\237v\244.v\361\306+\206\310+\242\221W%\236\301"
 358      A42E76F1 
 358      C62B86C8 
 358      2BA29157 
 358      259EC1
 359 08e7 5A388F17 		.ascii	"Z8\217\027x_T\016P\007\360-@5@\031@\005@)@%@\015?\241"
 359      785F540E 
 359      5007F02D 
 359      40354019 
 359      40054029 
 360 0901 AA96083F 		.ascii	"\252\226\010?\353\334\306\022U\037K\250K\234\253\312"
 360      EBDCC612 
 360      551F4BA8 
 360      4B9CABCA 
 361 0911 EC208654 		.ascii	"\354 \206T?\253|\253x'\225\357h\277\244\362=\347\334"
 361      3FAB7CAB 
 361      782795EF 
 361      68BFA4F2 
 361      3DE7DC
 362 0924 A8D662F6 		.ascii	"\250\326b\366yNN\227\032\027\323\363\305\357\264\354"
 362      794E4E97 
ARM GAS  /tmp/ccra7sFq.s 			page 29


 362      1A17D3F3 
 362      C5EFB4EC 
 363 0934 7DE0E958 		.ascii	"}\340\351X\314Z\355\201\032\301\014\357k\022\261^\037"
 363      CC5AED81 
 363      1AC10CEF 
 363      6B12B15E 
 363      1F
 364 0945 A389A001 		.ascii	"\243\211\240\001\230\324\333\023A\025/\026\266yu\011"
 364      98D4DB13 
 364      41152F16 
 364      B6797509 
 365 0955 D90A6961 		.ascii	"\331\012ia\333\300K\013\333\213<{\367A\013\304\375\235"
 365      DBC04B0B 
 365      DB8B3C7B 
 365      F7410BC4 
 365      FD9D
 366 0967 99059A89 		.ascii	"\231\005\232\211\017Mg\377\362\340&\375\277\0035\361"
 366      0F4D67FF 
 366      F2E026FD 
 366      BF0335F1 
 367 0977 DEE43F6B 		.ascii	"\336\344?k\027J\266x\250\304\3421\356\235\217Ct\211"
 367      174AB678 
 367      A8C4E231 
 367      EE9D8F43 
 367      7489
 368 0989 D686958F 		.ascii	"\326\206\225\217\217\344Mx\232\222\234mW\361\262\250"
 368      8FE44D78 
 368      9A929C6D 
 368      57F1B2A8 
 369 0999 2269E52B 		.ascii	"\"i\345+\026-\0122\007\341\340u\341\177\360\323\005"
 369      162D0A32 
 369      07E1E075 
 369      E17FF0D3 
 369      05
 370 09aa 8419571B 		.ascii	"\204\031W\033\227\257\324\231\242uaA\341\272(\323:s"
 370      97AFD499 
 370      A2756141 
 370      E1BA28D3 
 370      3A73
 371 09bc B46EE5AA 		.ascii	"\264n\345\252\277\314\237\247\013\014\\\244[\262b\331"
 371      BFCC9FA7 
 371      0B0C5CA4 
 371      5BB262D9 
 372 09cc F2AFFDC9 		.ascii	"\362\257\375\311\224!\012 <<\304/X\261\344\313\277\316"
 372      94210A20 
 372      3C3CC42F 
 372      58B1E4CB 
 372      BFCE
 373 09de 08F0F7E7 		.ascii	"\010\360\367\347T\006\303zc\244y\376<\203\371c\335\372"
 373      5406C37A 
 373      63A479FE 
 373      3C83F963 
 373      DDFA
 374 09f0 E875BAA0 		.ascii	"\350u\272\240u\021s\"M\221\241sB\203V\033\351\21012"
 374      75117322 
 374      4D91A173 
 374      4283561B 
ARM GAS  /tmp/ccra7sFq.s 			page 30


 374      E9883132 
 375 0a04 387C7D48 		.ascii	"8|}H\250.\"(8\314\030\031\2523\204\204\256\011Z\037"
 375      A82E2228 
 375      38CC1819 
 375      AA338484 
 375      AE095A1F 
 376 0a18 6E3698BF 		.ascii	"n6\230\277\211\012\215\366\013\343\024V\016s\336\301"
 376      890A8DF6 
 376      0BE31456 
 376      0E73DEC1 
 377 0a28 21FA9B68 		.ascii	"!\372\233h\235!\332\034\002\344\260\014\233B\326\301"
 377      9D21DA1C 
 377      02E4B00C 
 377      9B42D6C1 
 378 0a38 0EC23E7A 		.ascii	"\016\302>z\237\035\204q^\321\346\010\020\2726\312h2"
 378      9F1D8471 
 378      5ED1E608 
 378      10BA36CA 
 378      6832
 379 0a4a 44879AD7 		.ascii	"D\207\232\327G\031\314\362\025\001\304,\362\025\013"
 379      4719CCF2 
 379      1501C42C 
 379      F2150B
 380 0a59 59B38035 		.ascii	"Y\263\2005\213I\243\\\261 0\300\024\271\306\270\026"
 380      8B49A35C 
 380      B12030C0 
 380      14B9C6B8 
 380      16
 381 0a6a 2FD4EB65 		.ascii	"/\324\353e\013W\352\365x\371\"=^\006\020\240_\012\020"
 381      0B57EAF5 
 381      78F9223D 
 381      5E0610A0 
 381      5F0A10
 382 0a7d 280B0CF8 		.ascii	"(\013\014\370B?\177\2026\301\246\210\010S\244.t\203"
 382      423F7F82 
 382      36C1A688 
 382      0853A42E 
 382      7483
 383 0a8f 19D4611A 		.ascii	"\031\324a\032}\346\277a\203\216\312^\343?w\376\206\325"
 383      7DE6BF61 
 383      838ECA5E 
 383      E33F77FE 
 383      86D5
 384 0aa1 A08A8628 		.ascii	"\240\212\206(hX\005\346X\024\272Fe4\021\375\215!\006"
 384      685805E6 
 384      5814BA46 
 384      653411FD 
 384      8D2106
 385 0ab4 B3867523 		.ascii	"\263\206u#\202\242\377e0+\214\246\010SH\250\301\354"
 385      82A2FF65 
 385      302B8CA6 
 385      085348A8 
 385      C1EC
 386 0ac6 6EDD84C1 		.ascii	"n\335\204\301\030i4\277\327\356\203\271\237\331\230"
 386      186934BF 
 386      D7EE83B9 
 386      9FD998
ARM GAS  /tmp/ccra7sFq.s 			page 31


 387 0ad5 C0DED7AE 		.ascii	"\300\336\327\2563\255\217\"\314\325\301k\326\232\203"
 387      33AD8F22 
 387      CCD5C16B 
 387      D69A83
 388 0ae4 56FB7DF4 		.ascii	"V\373}\364G\177\1779\353+\231\203?6\230\335\304VM\227"
 388      477F7F39 
 388      EB2B9983 
 388      3F3698DD 
 388      C4564D97 
 389 0af8 867E1D1A 		.ascii	"\206~\035\032i\216\2365I\272\325W\2428\330\235\012\032"
 389      698E9E35 
 389      49BAD557 
 389      A238D89D 
 389      0A1A
 390 0b0a 4A6D30CB 		.ascii	"Jm0\313\026.\012\320\273-X\261\320\177\361\227\264\235"
 390      162E0AD0 
 390      BB2D58B1 
 390      D07FF197 
 390      B49D
 391 0b1c 07AD7CC1 		.ascii	"\007\255|\301\322\205\320(\310\260~\345*\332\231G:8"
 391      D285D028 
 391      C8B07EE5 
 391      2ADA9947 
 391      3A38
 392 0b2e 60995E16 		.ascii	"`\231^\026\360\331\022=\037\000\375\225z\265> \300j"
 392      F0D9123D 
 392      1F00FD95 
 392      7AB53E20 
 392      C06A
 393 0b40 A5FF0198 		.ascii	"\245\377\001\230\243\227w"
 393      A39777
 394              		.text
 395              		.section	.gnu.lto_.symtab.e15ee51e4147dacb,"",%progbits
 396 0000 5F70616C 		.ascii	"_pal_lld_init\000"
 396      5F6C6C64 
 396      5F696E69 
 396      7400
 397 000e 00       		.ascii	"\000"
 398 000f 00       		.ascii	"\000"
 399 0010 00       		.ascii	"\000"
 400 0011 00000000 		.ascii	"\000\000\000\000\000\000\000\000"
 400      00000000 
 401 0019 0B010000 		.ascii	"\013\001\000\000"
 402 001d 5F70616C 		.ascii	"_pal_lld_setgroupmode\000"
 402      5F6C6C64 
 402      5F736574 
 402      67726F75 
 402      706D6F64 
 403 0033 00       		.ascii	"\000"
 404 0034 00       		.ascii	"\000"
 405 0035 00       		.ascii	"\000"
 406 0036 00000000 		.ascii	"\000\000\000\000\000\000\000\000"
 406      00000000 
 407 003e 11010000 		.ascii	"\021\001\000\000"
 408 0042 5F70616C 		.ascii	"_pal_events\000"
 408      5F657665 
 408      6E747300 
ARM GAS  /tmp/ccra7sFq.s 			page 32


 409 004e 00       		.ascii	"\000"
 410 004f 00       		.ascii	"\000"
 411 0050 00       		.ascii	"\000"
 412 0051 00000000 		.ascii	"\000\000\000\000\000\000\000\000"
 412      00000000 
 413 0059 2D010000 		.ascii	"-\001\000\000"
 414              		.text
 415              		.section	.gnu.lto_.opts,"",%progbits
 416 0000 272D666D 		.ascii	"'-fmath-errno' '-fsigned-zeros' '-ftrapping-math' '"
 416      6174682D 
 416      6572726E 
 416      6F272027 
 416      2D667369 
 417 0033 2D666E6F 		.ascii	"-fno-trapv' '-fno-openmp' '-fno-openacc' '-mcpu=cor"
 417      2D747261 
 417      70762720 
 417      272D666E 
 417      6F2D6F70 
 418 0066 7465782D 		.ascii	"tex-m3' '-mthumb' '-O2' '-fomit-frame-pointer' '-fa"
 418      6D332720 
 418      272D6D74 
 418      68756D62 
 418      2720272D 
 419 0099 6C69676E 		.ascii	"lign-functions=16' '-ffunction-sections' '-fdata-se"
 419      2D66756E 
 419      6374696F 
 419      6E733D31 
 419      36272027 
 420 00cc 6374696F 		.ascii	"ctions' '-fno-common' '-flto'\000"
 420      6E732720 
 420      272D666E 
 420      6F2D636F 
 420      6D6D6F6E 
 421              		.text
 422              		.comm	__gnu_lto_v1,1,1
 423              		.comm	__gnu_lto_slim,1,1
 424              		.ident	"GCC: (GNU) 7.3.0"
ARM GAS  /tmp/ccra7sFq.s 			page 33


DEFINED SYMBOLS
                            *ABS*:0000000000000000 hal_pal_lld.c
                            *COM*:0000000000000001 __gnu_lto_v1
                            *COM*:0000000000000001 __gnu_lto_slim

NO UNDEFINED SYMBOLS
