ARM GAS  /tmp/cc05rPk3.s 			page 1


   1              		.cpu cortex-m3
   2              		.eabi_attribute 20, 1
   3              		.eabi_attribute 21, 1
   4              		.eabi_attribute 23, 3
   5              		.eabi_attribute 24, 1
   6              		.eabi_attribute 25, 1
   7              		.eabi_attribute 26, 1
   8              		.eabi_attribute 30, 2
   9              		.eabi_attribute 34, 1
  10              		.eabi_attribute 18, 4
  11              		.file	"hal_pal.c"
  12              		.section	.gnu.lto_.profile.52cc907e6debac97,"",%progbits
  13 0000 789C6363 		.ascii	"x\234cc```\001bF\006\015\031\000\000\344\000P"
  13      60606001 
  13      6246060D 
  13      190000E4 
  13      0050
  14              		.text
  15              		.section	.gnu.lto_.icf.52cc907e6debac97,"",%progbits
  16 0000 789C6363 		.ascii	"x\234cc``\020a@\000f\206\371;\037|`b<yn\322gv\246\347"
  16      60601061 
  16      40006686 
  16      F93B1F7C 
  16      60623C79 
  17 001a EBDF1F67 		.ascii	"\353\337\037ge\000\000g#\011\277"
  17      65000067 
  17      2309BF
  18              		.text
  19              		.section	.gnu.lto_.jmpfuncs.52cc907e6debac97,"",%progbits
  20 0000 789C6363 		.ascii	"x\234cc``hf@\000f\006FF\306\3729@\212\211\221\221\031"
  20      60606866 
  20      40006606 
  20      4646C6FA 
  20      39408A89 
  21 0017 C4006246 		.ascii	"\304\000bF&\030\207q\0163\023\033\003\003\343\001\026"
  21      26188771 
  21      0E33131B 
  21      0303E301 
  21      16
  22 0028 460620FE 		.ascii	"F\006 \376\017\004\374\014h|F\306)\314\214\323Z\017"
  22      0F04FC0C 
  22      687C46C6 
  22      29CC8CD3 
  22      5A0F
  23 003a 9D67EF66 		.ascii	"\235g\357f\006\352ed`\334\314(\003\024z\275g\303\015"
  23      06EA6564 
  23      60DCCC28 
  23      03147ABD 
  23      67C30D
  24 004d 56881044 		.ascii	"V\210\020D\335\026F\031\246JF\014\323\000\214y&%"
  24      DD164619 
  24      A64A460C 
  24      D3008C79 
  24      2625
  25              		.text
  26              		.section	.gnu.lto_.inline.52cc907e6debac97,"",%progbits
  27 0000 789C6363 		.ascii	"x\234cc``\370\316\200\000\314\014\014\234\034\214\314"
ARM GAS  /tmp/cc05rPk3.s 			page 2


  27      6060F8CE 
  27      8000CC0C 
  27      0C9C1C8C 
  27      CC
  28 0011 0C0A8C20 		.ascii	"\014\012\214 &\210t\000\223\012\034l\037\364\030\330"
  28      26887400 
  28      930A1C6C 
  28      1FF418D8 
  29 0021 16C83331 		.ascii	"\026\310310\276`g\201\220 \202\003\314\344\000\021\002"
  29      30BE6067 
  29      81902082 
  29      03CCE400 
  29      1102
  30 0033 60A600C8 		.ascii	"`\246\000\310\030F\006>^F\026F\240N\210!\012HF1p3]\340"
  30      1846063E 
  30      5E461646 
  30      A04E8821 
  30      0A484631 
  31 004b 87180564 		.ascii	"\207\030\005d\240\030\302\262@\236\007j\022\363\016"
  31      A018C2B2 
  31      409E076A 
  31      12F30E
  32 005a 710106A0 		.ascii	"q\001\006\240\2352 \276\002X^\001d2\023\003\2670\212"
  32      9D3220BE 
  32      02585E01 
  32      64321303 
  32      B7308A
  33 006d FBA04673 		.ascii	"\373\240Fs\002\345\210s\036\320R\011\220I,\274@\357"
  33      02E58873 
  33      1ED05209 
  33      90492CBC 
  33      40EF
  34 007f 4EF00341 		.ascii	"N\360\003A\006\000\373F \246"
  34      0600FB46 
  34      20A6
  35              		.text
  36              		.section	.gnu.lto_.pureconst.52cc907e6debac97,"",%progbits
  37 0000 789C6363 		.ascii	"x\234cc```\007bf\006)F)&I\000\001\274\000a"
  37      60606007 
  37      62660629 
  37      46292649 
  37      0001BC00 
  38              		.text
  39              		.section	.gnu.lto_palReadBus.52cc907e6debac97,"",%progbits
  40 0000 789C9591 		.ascii	"x\234\225\221\317KTQ\024\307\317\367\2357w\336\244\343"
  40      CF4B5451 
  40      14C7CFF7 
  40      9D3777DE 
  40      A4E3
  41 0012 3F90D010 		.ascii	"?\220\320\020\212\270\361\375\021\201\333\026\375\001"
  41      8AB8F1FD 
  41      1181DB16 
  41      FD01
  42 0020 31CE4641 		.ascii	"1\316FA(\032\202v\336\031\177\206\005\"\2510<e\026\015"
  42      281A8276 
  42      DE197F86 
  42      0522A930 
ARM GAS  /tmp/cc05rPk3.s 			page 3


  42      3C65160D 
  43 0034 8220164D 		.ascii	"\202 \026MMM\246\317\021\334Y\351B\024\\\351\252\010"
  43      4D4DA6CF 
  43      11DC59E9 
  43      42145CE9 
  43      AA08
  44 0046 A96819DA 		.ascii	"\251h\031\3329w\024f\321\306\305=\367\234{\317\371\234"
  44      39771466 
  44      D1C6C53D 
  44      F79C7BCF 
  44      F99C
  45 0058 EFB9D710 		.ascii	"\357\271\327\020\321\023\217\250[\366\233\262\300\004"
  45      D1138FA8 
  45      5BF69BB2 
  45      C004
  46 0066 6FE63351 		.ascii	"o\3463Q!\360\000ul\000\032\3610\202g\374\202\2617\366"
  46      21F00075 
  46      6C001AF1 
  46      308267FC 
  46      82B137F6 
  47 007a 2AE2698E 		.ascii	"*\342i\216$\315\227\360\327n\351\264CC #\341\217\263"
  47      24CD97F0 
  47      D76EE9B4 
  47      43432023 
  47      E18FB3
  48 008d 9D6A7BEF 		.ascii	"\235j{\357\262\265E\033/\314\232\245\352W\233\212\330"
  48      B2B5451B 
  48      2FCC9AA5 
  48      EA579B8A 
  48      D8
  49 009e A37949AF 		.ascii	"\243yI\257\242\023o\320\251=\336\242W\222\307\367\026"
  49      A2136FD0 
  49      A93DDEA2 
  49      5792C7F7 
  49      16
  50 00af 26986F83 		.ascii	"&\230o\203\304?\372\271r\334\321Sq\205\177^\262\355"
  50      C43FFAB9 
  50      72DCD153 
  50      71857F5E 
  50      B2ED
  51 00c1 8A98F10E 		.ascii	"\212\230\361\016\334Z(G\204\032z4\377\344\365\371\\"
  51      DC5A2847 
  51      841A7A34 
  51      FFE4F5F9 
  51      5C
  52 00d2 DAF86526 		.ascii	"\332\370e&e\013\362=\014A\234\265\375Dl\317/&m|\\\301"
  52      650BF23D 
  52      0C419CB5 
  52      FD446CCF 
  52      2F266D7C 
  53 00e8 627FCA93 		.ascii	"b\177\312\2232\237\305$|1&\241\236Q\223\204\262\002"
  53      329FC524 
  53      7C3126A1 
  53      9E519384 
  53      B202
  54 00fa 52793425 		.ascii	"Ry4%\014\231\325\306\364TB\361Fc\372\216b\375\333\363"
  54      0C99D5C6 
ARM GAS  /tmp/cc05rPk3.s 			page 4


  54      F45442F1 
  54      4663FA8E 
  54      62FDDBF3 
  55 010e 6DA3E812 		.ascii	"m\243\350\022{\322t~\274\361%\251\303\262\323\274\336"
  55      7BD2747E 
  55      BCF125A9 
  55      C3B2D3BC 
  55      DE
  56 011f D8DD3165 		.ascii	"\330\3351e,\025\254\265\231\210\223%N\342\203\016\250"
  56      2C15ACB5 
  56      99889325 
  56      4EE2830E 
  56      A8
  57 0130 EF323D7B 		.ascii	"\3572={\210p\325\316\270\253\000u\2241\247B\011\037"
  57      8870D5CE 
  57      B8AB0075 
  57      9431A742 
  57      091F
  58 0142 110ABB51 		.ascii	"\021\012\273QO5\301\334\012N\375\017|C\272c\375\022"
  58      4F35C1DC 
  58      0A4EFD0F 
  58      7C43BA63 
  58      FD12
  59 0154 7C50ABD7 		.ascii	"|P\253\327\322\002\036+\350U\033>9\260N\216\015\007"
  59      D2021E2B 
  59      E8551B3E 
  59      39B04E8E 
  59      0D07
  60 0166 2E5E81FD 		.ascii	".^\201\375kIl\307\246#yJ\212\035i\364\367\004\232\250"
  60      6B496CC7 
  60      A623794A 
  60      8A1D69F4 
  60      F7049AA8 
  61 017a 84C81460 		.ascii	"\204\310\024`+\335\\\213\236\306\226\243\273\257j4\351"
  61      2BDD5C8B 
  61      9EC696A3 
  61      BBAF6A34 
  61      E9
  62 018b 7FAFE881 		.ascii	"\177\257\350\201k`\350\014\305\314\345\211>\324\224"
  62      6B60E80C 
  62      C5CCE589 
  62      3ED494
  63 019a 4C253F21 		.ascii	"L%?!\202n\365\205w\006\207\006\206\356\336\013\037\344"
  63      826EF585 
  63      77068706 
  63      86EEDE0B 
  63      1FE4
  64 01ac C3C1EC70 		.ascii	"\303\301\354p\230\177\224\323\375\376\303\354p_\216"
  64      987F94D3 
  64      FDFEC3EC 
  64      705F8E
  65 01bb 78E071FE 		.ascii	"x\340q\376\037t\311\315\321"
  65      1F74C9CD 
  65      D1
  66              		.text
  67              		.section	.gnu.lto_palWriteBus.52cc907e6debac97,"",%progbits
  68 0000 789C9592 		.ascii	"x\234\225\222\317k\023Q\020\307\337w\337f\363sS\275"
ARM GAS  /tmp/cc05rPk3.s 			page 5


  68      CF6B1351 
  68      10C7DF77 
  68      DF66F373 
  68      53BD
  69 0012 092D18C4 		.ascii	"\011-\030\304\032\212\322\375#\374\003<\370\007H\223"
  69      1A8AD2FD 
  69      23FC033C 
  69      F8074893 
  70 0022 4B0305C5 		.ascii	"K\003\005\305(\036\273I\223T\211B\021\233B\334j\260"
  70      281EBB49 
  70      93548942 
  70      119B42DC 
  70      6AB0
  71 0034 98822056 		.ascii	"\230\202 V\374\021\033k]\243\266\036Zm{(*\202\240\320"
  71      FC111B6B 
  71      5DA3B61E 
  71      5A6D7B28 
  71      2A82A0D0 
  72 0048 83A04628 		.ascii	"\203\240F(\342\241\244\316\274$4\025/}\260\363\336\314"
  72      E2A1A4CE 
  72      BC243415 
  72      2F7DB0F3 
  72      DECC
  73 005a 9BF9CCCC 		.ascii	"\233\371\314\314\3163\204\0207\245\020\307h\357\246"
  73      CE338410 
  73      37A510C7 
  73      68EFA6
  74 0069 0F52401B 		.ascii	"\017R@\033{+D\312\247\001|\260}\020\303\032\206qY^\223"
  74      7B2B44CA 
  74      A7017CB0 
  74      7D10C31A 
  74      8671595E 
  75 007e A88D6ECC 		.ascii	"\250\215n\314j}\3236-wb\323\310\331\331\003\016\205"
  75      6A7DD336 
  75      2D7762D3 
  75      C8D9D903 
  75      0E85
  76 0090 17E8E385 		.ascii	"\027\350\343\205\007\350#\257\325\314\214#\363\322\221"
  76      07E823AF 
  76      D5CC8C23 
  76      F3D291
  77 009f 804EEAAF 		.ascii	"\200N\352\257\345\342\3270\253\032\"\244fW'rR\036\202"
  77      E5E2D730 
  77      AB1A22A4 
  77      66572772 
  77      521E82
  78 00b2 A0F387FA 		.ascii	"\240\363\207\372\235O\341\350m\333N\333\356\326\224"
  78      9D4FE1E8 
  78      6DDB4EDB 
  78      EED694
  79 00c1 B40F3B52 		.ascii	"\264\017;R\3421$\001\361\010=x\210\036A&\201\012\242"
  79      E2312401 
  79      F1083D78 
  79      881E4126 
  79      810AA2
  80 00d4 E43ED9B8 		.ascii	"\344>\331\270\265\030\224GThy\336\211\267\"\227\312"
  80      B5189447 
ARM GAS  /tmp/cc05rPk3.s 			page 6


  80      546879DE 
  80      89B72297 
  80      CA
  81 00e5 2A52C793 		.ascii	"*R\307\223\177#u\201YD\331\375\313\375\306\270i\350"
  81      7F237581 
  81      5944D9FD 
  81      CBFDC6B8 
  81      69E8
  82 00f7 A576B5A8 		.ascii	"\245v\265\250\302\000W\2602\223\017\313\243\012\371"
  82      C20057B0 
  82      32930FCB 
  82      A30AF9
  83 0106 71A53C6D 		.ascii	"q\245<m\366N)\346\357\353F\321v3\021Gz\360t7\226\327"
  83      F64E29E6 
  83      EFEB46D1 
  83      76331147 
  83      7AF07437 
  84 011c 0E1173E8 		.ascii	"\016\021s\350U4b>#&ml\272\267\346q\355\306\366\250\355"
  84      5534623E 
  84      23266D6C 
  84      BAB7E671 
  84      EDC6F6A8 
  85 0131 AE77FFDC 		.ascii	"\256w\377\334\374\274\277\013\340R4*\312\220,t\026\036"
  85      FCBCBF0B 
  85      E052342A 
  85      CA902C74 
  85      161E
  86 0143 125E8385 		.ascii	"\022^\203\205\227U\037\013?\213\000\011_\010\334\267"
  86      97551F0B 
  86      3F8B0009 
  86      5F08DCB7 
  87 0153 29540A71 		.ascii	")T\012q\221\312\246\211\330\256\270$5>\215\270\342\033"
  87      91CAA689 
  87      D8AEB824 
  87      353E8DB8 
  87      E21B
  88 0165 D28DDCF7 		.ascii	"\322\215\334\367J\2103\027\245V\224`S\325\337\324yb"
  88      4A883317 
  88      A5569460 
  88      53D5DFD4 
  88      7962
  89 0177 856CED9D 		.ascii	"\205l\355\235\227\177\276T-\316\325\226\027\214\022"
  89      977FBE54 
  89      2DCED596 
  89      178C12
  90 0186 6EA46882 		.ascii	"n\244h\202\324\233\277(C\230\347\236xN\371\253\357a"
  90      D49BBF28 
  90      4398E79E 
  90      784EF9AB 
  90      EF61
  91 0198 DDB5C7D4 		.ascii	"\335\265\307\324U\000\317Q\302\270\232,\\X\004\036\331"
  91      5500CF51 
  91      C2B89A2C 
  91      5C58041E 
  91      D9
  92 01a9 CAA149D6 		.ascii	"\312\241I\326U2\331\231\314\263'z\020/\024\035L\257"
  92      5532D999 
ARM GAS  /tmp/cc05rPk3.s 			page 7


  92      CCB3277A 
  92      102F141D 
  92      4CAF
  93 01bb 35E98536 		.ascii	"5\351\2056\275E[\253/M\006\271t/\366\341%a\310\247\336"
  93      BD455BAB 
  93      2F4D06B9 
  93      742FF6E1 
  93      2561C8A7 
  94 01d0 F6F1AA22 		.ascii	"\366\361\252\"\214]U\371\250\377fU;~~e\366\260\355O"
  94      8C5D55F9 
  94      A8FF6655 
  94      3B7E7E65 
  94      F6B0ED4F 
  95 01e4 DB66AA70 		.ascii	"\333f\252p\277\330@:\242fF\377\227\254\235\335\004\366"
  95      BFD8403A 
  95      A26646FF 
  95      97AC9DDD 
  95      04F6
  96 01f6 D44D08AF 		.ascii	"\324M\010\257T7\032w\363ZuS+(R\347\004\314\377M L\271"
  96      54371A77 
  96      F35A7553 
  96      2B2852E7 
  96      04CCFF4D 
  97 020d B0D0A2AE 		.ascii	"\260\320\242\256W\252\025\223\250\231\024_uaQQ\325s"
  97      57AA1593 
  97      A899145F 
  97      75615151 
  97      D573
  98 021f 7D038B4B 		.ascii	"}\003\213K\374\201ti\373\012\232\357M\360\243\000?\005"
  98      FC817469 
  98      FB0A9AEF 
  98      4DF0A300 
  98      3F05
  99 0231 4A7CB0DF 		.ascii	"J|\260\337:>\230\210%N\234\264N'\255\301\201!+y6\316"
  99      3A3E9888 
  99      254E9CB4 
  99      4E27ADC1 
  99      81212B79 
 100 0247 FBA93303 		.ascii	"\373\2513\003C\375q!c\347\223z,q.\211\013\177\001\326"
 100      43FD7121 
 100      63E7937A 
 100      2C712E89 
 100      0B7F01D6 
 101 025b C223A7   		.ascii	"\302#\247"
 102              		.text
 103              		.section	.gnu.lto_palSetBusMode.52cc907e6debac97,"",%progbits
 104 0000 789C9592 		.ascii	"x\234\225\222\317KTQ\024\307\317\367\2367\357\315h\272"
 104      CF4B5451 
 104      14C7CFF7 
 104      9E37EFCD 
 104      68BA
 105 0012 0E121A22 		.ascii	"\016\022\032\"\032l\341\373#Z\270t\341\037 :\005\032"
 105      1A6CE1FB 
 105      235AB874 
 105      E11F203A 
 105      051A
 106 0024 86D2E07A 		.ascii	"\206\322\340z\256c3\032\006J\351\010\323Cf\341\024\004"
ARM GAS  /tmp/cc05rPk3.s 			page 8


 106      AE63331A 
 106      064AE908 
 106      D34366E1 
 106      1404
 107 0036 62A195E3 		.ascii	"b\241\225\343\257\236\263p\345\017tUT.\012\004c\022"
 107      AF9EB370 
 107      E50F7455 
 107      542E0A04 
 107      6312
 108 0048 A5ADBFCE 		.ascii	"\245\255\277\316\275\326\302v^\270\367\236\363\356\371"
 108      BDD6C276 
 108      5EB8F79E 
 108      F3EEF9
 109 0057 7EEEF71E 		.ascii	"~\356\367\036\236KD\017\025\321]\331o\310\004\023\324"
 109      9E4B440F 
 109      15D15DD9 
 109      6FC80413 
 109      D4
 110 0068 E826517F 		.ascii	"\350&Q\177T\001&\320QPZ!\215g<\306\250\014\356\225U"
 110      540126D0 
 110      51505A21 
 110      8D673CC6 
 110      A80CEE95 
 111 007d E36B2D23 		.ascii	"\343k-#\234\330\361r:{=`\242\274L30\213F\251\332~\362"
 111      9CD8F172 
 111      3A7B3D60 
 111      A2BC4C33 
 111      308B46A9 
 112 0094 36E0610E 		.ascii	"6\340a\016\030p$=\332(\374\2547\251B\\\322\354\366D"
 112      1870243D 
 112      DA28FCAC 
 112      37A9425C 
 112      D2ECF644 
 113 00a8 8EF91648 		.ascii	"\216\371\026H\342/\207o\276\325'JZgt\270>\305\372v\300"
 113      E22F876F 
 113      BED5274A 
 113      5A6774B8 
 113      3EC5FA76 
 114 00bd 8C0F6001 		.ascii	"\214\017`\001\342=\0320\207\006\222O\204\217HH\371\237"
 114      E23D1A30 
 114      8706924F 
 114      848F4848 
 114      F99F
 115 00cf D9D28B5A 		.ascii	"\331\322\213Z\276c\245\273\007s/k\376J\217KV\352`\376"
 115      BE63A5BB 
 115      07732F6B 
 115      FE4A8F4B 
 115      56EA60FE 
 116 00e3 7FA94328 		.ascii	"\177\251C(#a\352\177\274;\035\257s\235\342?\273X\200"
 116      2361EA7F 
 116      BC3B1DAF 
 116      739DE23F 
 116      BB5880
 117 00f6 4B906066 		.ascii	"K\220`f'\022\352\323\263A\035V_\341{sL\211,\302\262"
 117      2712EAD3 
 117      B3411D56 
 117      5FE17B73 
ARM GAS  /tmp/cc05rPk3.s 			page 9


 117      4C892CC2 
 118 010b B88E2C5E 		.ascii	"\270\216,^\304D.\214\003\017\026FC\242\227\336\350\220"
 118      C4442E8C 
 118      030F1646 
 118      43A297DE 
 118      E890
 119 011d 9EB232D1 		.ascii	"\236\2622\321@H\277\220Y\330\377\2354\324\002+\271/"
 119      4048BF90 
 119      59D8FF9D 
 119      34D4022B 
 119      B92F
 120 012f 9FAD6C79 		.ascii	"\237\255ly\346\325l\355.U6\326\334\"&\373\245u\361\200"
 120      E6D56CED 
 120      2E5536D6 
 120      DC2226FB 
 120      A575F180 
 121 0143 A30576B1 		.ascii	"\243\005v\261(\026\315\331\321\360\363\317\360\247\365"
 121      2816CDD9 
 121      D1F0F3CF 
 121      F0A7F5
 122 0152 A83D8A61 		.ascii	"\250=\212a\011E\214\333\226b\031\276E\307.\300|%R\015"
 122      09458CDB 
 122      966219BE 
 122      45C72EC0 
 122      7C25520D 
 123 0166 562CC9BC 		.ascii	"V,\311\274\022\237.\223\234+\221j\021Z\2222\244UK\032"
 123      129F2E93 
 123      9C2B916A 
 123      115A9232 
 123      A4554B1A 
 124 017a 38CCE102 		.ascii	"8\314\341\002\025\021_\002\244*rq\333U\221\227\313\325"
 124      15115F02 
 124      A42A7271 
 124      DB559197 
 124      CBD5
 125 018c AF5EFA44 		.ascii	"\257^\372DG\003\276\2267\006PA\232\2443\266\334\013"
 125      4703BE96 
 125      37065041 
 125      9AA433B6 
 125      DC0B
 126 019e B88E0E90 		.ascii	"\270\216\016\220).\216X\206\375y\206\244Lz)W\334l\362"
 126      292E8E58 
 126      86FD7986 
 126      A44C7A29 
 126      57DC6CF2 
 127 01b2 EF757675 		.ascii	"\357uvut\265\264\372=)\277\263\275\333O=N\232\275\255"
 127      74B5B4FA 
 127      3D29BFB3 
 127      BDDB4F3D 
 127      4E9ABDAD 
 128 01c6 B7BDBB29 		.ascii	"\267\275\273)I\334\321\227r\036\365\334\177p\016J\337"
 128      49DCD197 
 128      721EF5DC 
 128      7F700E4A 
 128      DF
 129 01d7 CBD2     		.ascii	"\313\322"
 130              		.text
ARM GAS  /tmp/cc05rPk3.s 			page 10


 131              		.section	.gnu.lto_.symbol_nodes.52cc907e6debac97,"",%progbits
 132 0000 789C6363 		.ascii	"x\234cc``\010\004b\006\246\026\246z\006\206\011\347"
 132      60600804 
 132      6206A616 
 132      A67A0686 
 132      09E7
 133 0012 181880D4 		.ascii	"\030\030\200\324\256\006G\240H+S=#\252H\033S=\023\212"
 133      AE0647A0 
 133      482B533D 
 133      23AA481B 
 133      533D138A 
 134 0026 08632753 		.ascii	"\010c'S=3X\204\201\241\241\301\201\201\201\231\211\231"
 134      3D335884 
 134      81A1A1C1 
 134      81818199 
 134      8999
 135 0038 61C9C37F 		.ascii	"a\311\303\177\214\014\000->\023\263"
 135      8C0C002D 
 135      3E13B3
 136              		.text
 137              		.section	.gnu.lto_.refs.52cc907e6debac97,"",%progbits
 138 0000 789C6363 		.ascii	"x\234cc```\004b\006\000\000D\000\010"
 138      60606004 
 138      62060000 
 138      440008
 139              		.text
 140              		.section	.gnu.lto_.decls.52cc907e6debac97,"",%progbits
 141 0000 789C9557 		.ascii	"x\234\225WkP\024\331\025\356\323w\006\206a\000\203&"
 141      6B5014D9 
 141      15EED377 
 141      06866100 
 141      8326
 142 0012 65552863 		.ascii	"eU(c\031\214\374\210\214Hbm\252\362#\245&\273V\334u"
 142      198CFC88 
 142      8C48626D 
 142      AAF223A5 
 142      26BB56DC 
 143 0027 0B379572 		.ascii	"\0137\225r\177\354\354\010C\230\012\017\213\031R\356"
 143      7FECEC08 
 143      43980A0F 
 143      8B1952EE 
 144 0037 AF34CCC8 		.ascii	"\2574\314\310\216\312\272\242,Ad\243+\212\362\360\265"
 144      8ECABAA2 
 144      2C4164A3 
 144      2B8AF2F0 
 144      B5
 145 0048 51944565 		.ascii	"Q\224EeD\005\326'\"\302\202\217\301\027 \213\010\210"
 145      4405D627 
 145      22C2828F 
 145      C117208B 
 145      0888
 146 005a 0F4020E7 		.ascii	"\017@ \347\336\333=3\014\214&]\234\351\276\267\3179"
 146      DEDB3D33 
 146      0C8C265D 
 146      9CE9BEB7 
 146      CF39
 147 006c DF77CE3D 		.ascii	"\337w\316=\367\334&@\020\204\017g\010\202Q\024\204\002"
ARM GAS  /tmp/cc05rPk3.s 			page 11


 147      F7DC2640 
 147      10840F67 
 147      08825114 
 147      8402
 148 007e 108409BC 		.ascii	"\020\204\011\274T8w\026\205\240\014\242\324\242\014"
 148      54387716 
 148      85A00CA2 
 148      D4A20C
 149 008d 09FCA2EF 		.ascii	"\011\374\242\357\306PD\324\015D\011\001a\3125\212s\241"
 149      C65044D4 
 149      0D440901 
 149      61CA358A 
 149      73A1
 150 009f 780F4799 		.ascii	"x\017G\231%\333S?wP\026\240\254A\031@\011E\2750\224"
 150      25DB533F 
 150      775016A0 
 150      AC411940 
 150      0945BD30 
 151 00b4 5BF8DC80 		.ascii	"[\370\334\2002\003\237\177\002\034\3431J\013J/\312\023"
 151      32039F7F 
 151      021CE331 
 151      4A0B4A2F 
 151      CA13
 152 00c6 149071E9 		.ascii	"\024\220q\351}\256\017\246\032\271c\010\302\247^\230"
 152      7DAE0FA6 
 152      1AB96308 
 152      C2A75E98 
 153 00d6 0AEF1A2F 		.ascii	"\012\357\032/\314;2.\305\240X\276\370*\031\253W\306"
 153      CC3B322E 
 153      C5A058BE 
 153      F82A19AB 
 153      57C6
 154 00e8 6F93F168 		.ascii	"o\223\361h\254\364>\337\0077L\344q\372\342\016\371\211"
 154      ACF43EDF 
 154      07374CE4 
 154      71FAE20E 
 154      F989
 155 00fa 55C1FD15 		.ascii	"U\301\375\025\212\016x~\037{a\242;wN)T\264\017^\036"
 155      8A0E787E 
 155      1F7B61A2 
 155      3B774E29 
 155      54B40F5E 
 156 010f 81EBF623 		.ascii	"\201\353\366#Ed3\201p-\250p8p\245\360A(\016gia.\016"
 156      45643381 
 156      702DA870 
 156      3870A5F0 
 156      41280E67 
 157 0127 0BAB872E 		.ascii	"\013\253\207.\252\371[\015\016'J\216l\324\020d\217\317"
 157      AAF95B0D 
 157      0E274A8E 
 157      6CD41064 
 157      8FCF
 158 0139 771A4ACB 		.ascii	"w\032J\313\251\341\002-\320%\016\303\251\303\275U\303"
 158      A9E1022D 
 158      D0250EC3 
 158      A9C3BD55 
 158      C3
ARM GAS  /tmp/cc05rPk3.s 			page 12


 159 014a 217C8A6A 		.ascii	"!|\212j\334ko\316\326\220@\366\374\242~\20338\272B\342"
 159      DC6B6FCE 
 159      D69040F6 
 159      FCA27E83 
 159      3338BA42 
 160 015f 97E60301 		.ascii	"\227\346\003\001\252\200(\034\232\276\034\334\033H\364"
 160      AA80281C 
 160      9ABE1CDC 
 160      1B48F4
 161 016e 545174B5 		.ascii	"TQt\265\215\336\016\005m\224C\222\262\244\3356)\350"
 161      8DDE0E05 
 161      6D944392 
 161      B2A4DD36 
 161      29E8
 162 0180 3D018E41 		.ascii	"=\001\216A\004\374\007\"\0048\015Q\324\371w\020-\300"
 162      04FC0722 
 162      04380D51 
 162      D4F97710 
 162      2DC0
 163 0192 499C3C81 		.ascii	"I\234<\201\223%\324\241\263\365\345\202\334\317%I\204"
 163      9325D4A1 
 163      B3F5E582 
 163      DCCF2549 
 163      84
 164 01a3 53A0856A 		.ascii	"S\240\205j L\007\203^\240\345\020\245{s\367\004\020"
 164      204C0783 
 164      5EA0E510 
 164      A57B73F7 
 164      0410
 165 01b5 0B83A8DE 		.ascii	"\013\203\250\336\371\350\202\350\017\302\351\027\242"
 165      F9E882E8 
 165      0FC2E917 
 165      A2
 166 01c2 6BD7BCBA 		.ascii	"k\327\274\272\015\024\242\006!\316x \020\221c\330\317"
 166      0D14A206 
 166      21CE7820 
 166      109163D8 
 166      CF
 167 01d3 BFC80D21 		.ascii	"\277\310\015!e\300@:\207\355\307\202\375\201\234\363"
 167      65C0403A 
 167      87EDC782 
 167      FD819CF3 
 168 01e3 0B327128 		.ascii	"\0132q(\252\254Y\222\346B-\202\234\365\200\324( 7\007"
 168      AAAC5992 
 168      E6422D82 
 168      9CF580D4 
 168      28203707 
 169 01f7 06F34349 		.ascii	"\006\363CI\037\003\201>\373\243\216`\276<\263i\036\373"
 169      1F03813E 
 169      FBA38E60 
 169      BE3CB369 
 169      1EFB
 170 0209 2F7F2D0F 		.ascii	"/\177-\017g\340\360\333\226\003\325\032\362\234\253"
 170      67E0F0DB 
 170      9603D51A 
 170      F29CAB
 171 0218 16341DFD 		.ascii	"\0264\035\375\243\026\311\330\376\247\210\321\340\213"
ARM GAS  /tmp/cc05rPk3.s 			page 13


 171      A316C9D8 
 171      FEA788D1 
 171      E08B
 172 0226 BCDA5A15 		.ascii	"\274\332Z\025\031\346\326\366s7\217\353\3108\037<\272"
 172      19E6D6F6 
 172      73378FEB 
 172      C8381F3C 
 172      BA
 173 0237 74384B43 		.ascii	"t8KC\262x\031t\226\347\364\206\222l>(\337v}\037!\233"
 173      B2781974 
 173      96E7F486 
 173      926C3E28 
 173      DF767D1F 
 174 024d F8E0E4E9 		.ascii	"\370\340\344\351'\2139\231\010\034}wg\300\031\314\013"
 174      278B3999 
 174      081C7D77 
 174      67C019CC 
 174      0B
 175 025e AB03707C 		.ascii	"\253\003p|\360\225\253RM\2660\325\240\343\216\266\011"
 175      F095AB52 
 175      4DB630D5 
 175      A0E38EB6 
 175      09
 176 026f 02913323 		.ascii	"\002\2213#\361\212\212\214\334#\331m\222\323u\3617\256"
 176      F18A8A8C 
 176      DC23D96D 
 176      92D375F1 
 176      37AE
 177 0281 A66E49DA 		.ascii	"\246nI\332\246\203\006L\306ELF\023\314\364\360>\216"
 177      A683064C 
 177      C6454C46 
 177      13CCF4F0 
 177      3E8E
 178 0293 3F2C0C4C 		.ascii	"?,\014LL.M\336V\024P\011p\0155\256\262\227T\037\343"
 178      4C2E4DDE 
 178      56145009 
 178      700D35AE 
 178      B297541F 
 179 02a8 82560CF1 		.ascii	"\202V\014\361\007\210\204f\224\026\224\353(m(7Qn@$\253"
 179      07888466 
 179      941694EB 
 179      286D2837 
 179      516E4024 
 180 02bd 430E5A9B 		.ascii	"C\016Z\233T(9\355\204!6\372\"^`Nc\"\334\332\355\006"
 180      542839ED 
 180      842136FA 
 180      225E604E 
 180      6322DCDA 
 181 02d3 8FF6655F 		.ascii	"\217\366e_m\275\207\036\327\036\361\322\256\367\325"
 181      6DBD871E 
 181      D71EF1D2 
 181      AEF7D5
 182 02e2 AE035FF5 		.ascii	"\256\003_\365\373^\352\227\246\017\236Q\341\205S\347"
 182      FB5EEA97 
 182      A60F9E51 
 182      E18553E7 
 183 02f2 0ACFC4F0 		.ascii	"\012\317\304\360\251\226 \027\215'\252\026W\370\036"
ARM GAS  /tmp/cc05rPk3.s 			page 14


 183      A9962017 
 183      8D27AA16 
 183      57F81E
 184 0301 9BD4B088 		.ascii	"\233\324\260\210\371\2722-Q\257\250\006\275\200\277"
 184      F9BA322D 
 184      51AFA806 
 184      BD80BF
 185 0310 9F9E27D3 		.ascii	"\237\236'\323\306U|\360\262\353D\030\251g\253(\266\275"
 185      C6557CF0 
 185      B2EB4418 
 185      A967AB28 
 185      B6BD
 186 0322 BE783514 		.ascii	"\276x5\024fFM\273\030p\033\327\340\377Y\017\036\326"
 186      66464DBB 
 186      18701BD7 
 186      E0FF590F 
 186      1ED6
 187 0334 D5EE006C 		.ascii	"\325\356\000l\027p\013\015\333=\273\201\006\311\360"
 187      17700B0D 
 187      DB3DBB81 
 187      06C9F0
 188 0343 070A736F 		.ascii	"\007\012so\006\3526\271\367\030ST\270\012p\007t\262"
 188      06EA36B9 
 188      F7185354 
 188      B80A7007 
 188      74B2
 189 0355 09EA9ED8 		.ascii	"\011\352\236\330X\320\025B\2329\327\221\343\207k\001"
 189      58D01542 
 189      9A39D791 
 189      E3876B01 
 190 0365 A274CAAE 		.ascii	"\242t\312\256\213<\330Ow]\007\032\334\365\340\240=\336"
 190      8B3CD84F 
 190      775D071A 
 190      DCF5E0A0 
 190      3DDE
 191 0377 FCB80717 		.ascii	"\374\270\007\027F1\011a\264;\257\015x\311\353p\230U"
 191      46310961 
 191      B43BAF0D 
 191      78C9EB70 
 191      9855
 192 0389 DD961B26 		.ascii	"\335\226\033&\227<}=\264\275\335\025J\\\223\333\347"
 192      973C7D3D 
 192      B4BDDD15 
 192      4A5C93DB 
 192      E7
 193 039a 9AA9ED73 		.ascii	"\232\251\355s\015o\237\275\215\327n\000\351\344|\333"
 193      0D6F9FBD 
 193      8DD76E00 
 193      E9E47CDB 
 194 03aa 07AF137F 		.ascii	"\007\257\023\177\335\244\033y\254\2217\360#\234|\350"
 194      DDA41B79 
 194      AC9137F0 
 194      239C7CE8 
 195 03ba EE26AEBB 		.ascii	"\356&\256\273\213_\260\256\330\205K\331\351\211k\015"
 195      8B5FB0AE 
 195      D8854BD9 
 195      E9896B0D 
ARM GAS  /tmp/cc05rPk3.s 			page 15


 196 03ca 6F26EA87 		.ascii	"o&\352\207\335\347\316\252q\337\261=\207\236\235]?F"
 196      DDE7CEAA 
 196      71DFB13D 
 196      879E9D5D 
 196      3F46
 197 03dc 1E1EE47B 		.ascii	"\036\036\344{\216\246\342<\232\364L_*\223\026\371>\276"
 197      8EA6E23C 
 197      9AF44C5F 
 197      2A9316F9 
 197      3EBE
 198 03ee BFC732DE 		.ascii	"\277\3072\336#\257\360\217\310\3511\256\346\023\224"
 198      23AFF08F 
 198      C8E931AE 
 198      E61394
 199 03fd DE492BDA 		.ascii	"\336I+\332w\210\027j\217o\241R\374\273'\303\213Y\241"
 199      7788176A 
 199      8F6FA152 
 199      FCBB27C3 
 199      8B59A1
 200 0410 52C20F7C 		.ascii	"R\302\017|\321\217{\357?\252>\242\347\225J\233e\345"
 200      D18F7BEF 
 200      3FAA3EA2 
 200      E7954A9B 
 200      65E5
 201 0422 B45CF986 		.ascii	"\264\\\371\206\302l\016\227>\033\"\304I\370\352\327"
 201      C26C0E97 
 201      3E1B22C4 
 201      49F8EAD7 
 202 0432 F45F0F84 		.ascii	"\364_\017\204\250\231\234Q\347IVc\375h\334\347\311Q"
 202      A8999C51 
 202      E7495663 
 202      FD68DCE7 
 202      C951
 203 0444 0FABB169 		.ascii	"\017\253\261i\303\204\247\030\335\233\"E\274\234oO\035"
 203      C384A718 
 203      DD9B2245 
 203      BC9C6F4F 
 203      1D
 204 0455 53CF94CD 		.ascii	"S\317\224\315\035~\315\205\351l\307[\267\345\007yW\365"
 204      1D7ECD85 
 204      E96CC75B 
 204      B7E50779 
 204      57F5
 205 0467 C0A4AA1E 		.ascii	"\300\244\252\036dU\311\356\250\\v\245\364\265\212\324"
 205      6455C9EE 
 205      A85C76A5 
 205      F4B58AD4 
 206 0477 F1C05E9C 		.ascii	"\361\300^\234\357*\326\370\253\223\347o8u~\317O\235"
 206      EF2AD6F8 
 206      AB93E76F 
 206      38757ECF 
 206      4F9D
 207 0489 214CE433 		.ascii	"!L\3443\337S\207\316\322\016~\366tM\260\013+\036\277"
 207      DF5387CE 
 207      D20E7EF6 
 207      744DB00B 
 207      2B1EBF
ARM GAS  /tmp/cc05rPk3.s 			page 16


 208 049c 2A6006E3 		.ascii	"*`\006\343\012\300\177\361N\205\215'\224\013\370<\316"
 208      0AC07FF1 
 208      4E858D27 
 208      940BF83C 
 208      CE
 209 04ad 8AFC26AB 		.ascii	"\212\374&\253\322\201b\002\356\031Q\366!*~\331\237\354"
 209      D2816202 
 209      EE1951F6 
 209      212A7ED9 
 209      9FEC
 210 04bf 00BCBDF2 		.ascii	"\000\274\275\362\367\034N\271\370w\025\177\360\262\343"
 210      F71C4EB9 
 210      F877157F 
 210      F0B2E3
 211 04ce 53A207CC 		.ascii	"S\242\007\314\313d\012W\301\375\332M\312\023$\310Ks"
 211      CB640A57 
 211      C1FDDA4D 
 211      CA1324C8 
 211      4B73
 212 04e0 F4A12B47 		.ascii	"\364\241+G\354\300\036!\300\307\202\260U\223\314\277"
 212      ECC01E21 
 212      C0C782B0 
 212      5593CCBF 
 213 04f0 749A4E8D 		.ascii	"t\232N\215i\3105\302\217\307-O+\303T\"_ HU\321\271\013"
 213      69C835C2 
 213      8FC72D4F 
 213      2BC35422 
 213      5F204855 
 214 0507 132F9D61 		.ascii	"\023/\235a\2743\210^\007\365,~P\333/\327\024\206\314"
 214      BC33885E 
 214      07F52C7E 
 214      50DB2FD7 
 214      1486CC
 215 051a CE67B562 		.ascii	"\316g\265b\223f\210\254\236Gq\205F\330z\277\206\331"
 215      936688AC 
 215      9E477185 
 215      46D87ABF 
 215      86D9
 216 052c F83B0C2A 		.ascii	"\370;\014*N\241\305Y\364L\234\267[\332\335\201\237="
 216      4EA1C559 
 216      F44C9CB7 
 216      5BDADD81 
 216      9F3D
 217 053e A39105A7 		.ascii	"\243\221\005\247p\277jUT\013^y\226\356\025\375\274\202"
 217      70BF6A55 
 217      540B5E79 
 217      96EE15FD 
 217      BC82
 218 0550 97B88DE1 		.ascii	"\227\270\215\341\005v*\001\306`\036\032\357/\260]\012"
 218      05762A01 
 218      C6601E1A 
 218      EF2FB05D 
 218      0A
 219 0561 26239C69 		.ascii	"&#\234iv\375\215\332@\306\224\002r\246\025{m\233\003"
 219      76FD8DDA 
 219      40C69402 
 219      72A6157B 
ARM GAS  /tmp/cc05rPk3.s 			page 17


 219      6D9B03
 220 0574 DDEC2780 		.ascii	"\335\354'\200Mn\336x\370\373 o\202\237\376\314\213_"
 220      4D6EDE78 
 220      F8FB206F 
 220      829FFECC 
 220      8B5F
 221 0586 A648F949 		.ascii	"\246H\371I\242\314\257\273\250\336\025(\363k\331\251"
 221      A2CCAFBB 
 221      A8DE1528 
 221      F36BD9A9 
 222 0596 C31D9A25 		.ascii	"\303\035\232%\321\036\204j0\356!8\356K0K\244\004\307"
 222      D11E846A 
 222      30EE2138 
 222      EE4B304B 
 222      A404C7
 223 05a9 EE3E1814 		.ascii	"\356>\030\024I\266\212\021<\321P\343\32022Cn\2029Y\365"
 223      49B68A11 
 223      3CD150E3 
 223      D0323243 
 223      6E823959 
 224 05be 673CE9B5 		.ascii	"g<\351\265\213l\362^^\243+\304/\301lFp\203B\260\352"
 224      8B6CF25E 
 224      5EA32BC4 
 224      2FC16C46 
 224      708342B0 
 225 05d3 CA89F220 		.ascii	"\312\211\362 \231\340\3059n~\250\0056\321\315\017\037"
 225      99E0C539 
 225      6E7EA805 
 225      36D1CD0F 
 225      1F
 226 05e4 27F3FB9C 		.ascii	"'\363\373\234\361{\262\317\266=\214\344\371\3477\261"
 226      F17BB2CF 
 226      B63D8CE4 
 226      F9E737B1 
 227 05f4 634B7180 		.ascii	"cKq\200;\251\0339\277\372\013y\0178i\332V7\361\311\033"
 227      3BA91B39 
 227      BFFA0B79 
 227      0F3869DA 
 227      5637F1C9 
 228 0609 1D9BFA35 		.ascii	"\035\233\3725~I\3470\322\233\025\322\217oW\234\013@"
 228      7E49E730 
 228      D29B15D2 
 228      8F6F579C 
 228      0B40
 229 061b D21DFC23 		.ascii	"\322\035\374#\361\311\221n\311\241eZ\340\360\220v\210"
 229      F1C9916E 
 229      C9A1655A 
 229      E0F09076 
 229      88
 230 062c FCA31ABE 		.ascii	"\374\243\032\276`d\037m;\332E\224F\342x\303\361\010"
 230      60641F6D 
 230      3BDA4594 
 230      46E278C3 
 230      F108
 231 063e 5B44DA4B 		.ascii	"[D\332KZ\013\007\354\032\177\372>\347\035|\311L\262"
 231      5A0B07EC 
 231      1A7FFA3E 
ARM GAS  /tmp/cc05rPk3.s 			page 18


 231      E71D7CC9 
 231      4CB2
 232 0650 37548F13 		.ascii	"7T\217\023\255\303m\362\226s\011\266\212\264\227dV\025"
 232      ADC36DF2 
 232      967309B6 
 232      8AB49764 
 232      5615
 233 0662 E5ABA7B7 		.ascii	"\345\253\247\267\232\356\333\030r\231\325\363\333\027"
 233      9AEEDB18 
 233      7299D5F3 
 233      DB17
 234 0670 9EAA4919 		.ascii	"\236\252I\031\317}k\233\275J>l\203\351R\334\373\252"
 234      CF7D6B9B 
 234      BD4A3E6C 
 234      83E952DC 
 234      FBAA
 235 0682 26886FA9 		.ascii	"&\210o\251\037\350\353o\256<\313\327\222\223\\w\254"
 235      1FE8EB6F 
 235      AE3CCBD7 
 235      92935C77 
 235      AC
 236 0693 BF714CC7 		.ascii	"\277qL\307u\251\237\321\206\354]@\321%\271\277\342\274"
 236      75A99FD1 
 236      86EC5D40 
 236      D125B9BF 
 236      E2BC
 237 06a5 272BFF12 		.ascii	"'+\377\022\261\351\341\351\001\371\"\373\020\276\371"
 237      B1E9E1E9 
 237      01F922FB 
 237      10BEF9
 238 06b4 EAF4888E 		.ascii	"\352\364\210\216\234e\236T\025\266\262~\025DE\000\252"
 238      9C659E54 
 238      15B6B27E 
 238      15444500 
 238      AA
 239 06c5 83B644F9 		.ascii	"\203\266D\371\177F\200\"Q\013\005r\366\361*\304\236"
 239      7F468022 
 239      510B0572 
 239      F6F12AC4 
 239      9E
 240 06d6 2FF5FF93 		.ascii	"/\365\377\223N\343\263\206\335Y\270R\261Df\013\020\033"
 240      4EE3B386 
 240      DD59B852 
 240      B144660B 
 240      101B
 241 06e8 018B30AE 		.ascii	"\001\2130\256\035b\024{%\300N1\002\0129\340\231KMm\241"
 241      1D62147B 
 241      25C04E31 
 241      020A39E0 
 241      994B4D6D 
 242 06fd E15BE593 		.ascii	"\341[\345\223\347\017\300|\347\341\373\355\"\345\367"
 242      E70FC07C 
 242      E7E1FBED 
 242      22E5F7
 243 070c B518AEB0 		.ascii	"\265\030\256\260d\035\251\250a8H+\373v\274\315w\363"
 243      641DA9A8 
 243      6138482B 
ARM GAS  /tmp/cc05rPk3.s 			page 19


 243      FB76BCCD 
 243      77F3
 244 071e DD9C65DE 		.ascii	"\335\234e\336\256\377\375&\327\245\025\247\216\004\314"
 244      AEFFFD26 
 244      D7A515A7 
 244      8E04CC
 245 072d 2F961A9D 		.ascii	"/\226\032\235\264\323\374\272\240Dr\034\301Xv\211\341"
 245      B4D3FCBA 
 245      A044721C 
 245      C1587689 
 245      E1
 246 073e F015D61C 		.ascii	"\360\025\326\034v\024/\333m8\363\211(\300nq>\232n\351"
 246      76142FDB 
 246      6D38F389 
 246      28C06E71 
 246      3E9A6EE9 
 247 0752 39763A94 		.ascii	"9v:\224\324\361\364\333*\316T\252\375\346{\217\222\357"
 247      D4F1F4DB 
 247      2ACE54AA 
 247      FDE67B8F 
 247      92EF
 248 0764 ED9C625F 		.ascii	"\355\234b_oI\271\3327|\317\027F1\343\270G\341XY\267"
 248      6F49B9DA 
 248      377CCF17 
 248      4631E3B8 
 248      47E15859 
 249 0779 E3B9D637 		.ascii	"\343\271\3267\"\277\332\017\033\007[UrD\367\177\236"
 249      22BFDA0F 
 249      1B075B55 
 249      7244F77F 
 249      9E
 250 078a B9DB9939 		.ascii	"\271\333\2319\027\366\312\341`\377\3612\374F\016g\037"
 250      17F6CAE1 
 250      60FFF132 
 250      FC460E67 
 250      1F
 251 079b 0BE76867 		.ascii	"\013\347hg\365&\225\367\211L\367\235'\204\022\221\237"
 251      F52695F7 
 251      894CF79D 
 251      27841291 
 251      9F
 252 07ac C8256C4B 		.ascii	"\310%lK\264\037\313\276\025@\232\345\322\273\2359.\362"
 252      B41FCBBE 
 252      15409AE5 
 252      D2BB9D39 
 252      2EF2
 253 07be D20BA5DD 		.ascii	"\322\013\245\335\341q[\261\\\246\375\364uqO\3259\371"
 253      E1715BB1 
 253      5CA6FDF4 
 253      75714FD5 
 253      39F9
 254 07d0 1FEC10FA 		.ascii	"\037\354\020\372/[\355\336\276 \277\231*W2U\3063%\331"
 254      2F5BEDDE 
 254      BE20BF99 
 254      2A573255 
 254      C63325D9 
 255 07e4 5E76EA7C 		.ascii	"^v\352|3U\212+r\200\255H\005\213\275\\\211}\177\255"
ARM GAS  /tmp/cc05rPk3.s 			page 20


 255      33558A2B 
 255      7280AD48 
 255      058BBD5C 
 255      897D7FAD 
 256 07f8 BD7A4AA6 		.ascii	"\275zJ\246\374j7\036\250\274\254\2253\325>\207g\352"
 256      FC6A371E 
 256      A8BCAC95 
 256      33D53E87 
 256      67EA
 257 080a A09C29EC 		.ascii	"\240\234)\354\204^\206\373\345L\035\022\347\013\252"
 257      845E86FB 
 257      E54C1D12 
 257      E70BAA
 258 0819 14A3E5EF 		.ascii	"\024\243\345\357s\242\365\313\222\314k\315\253V\353"
 258      73A2F5CB 
 258      92CC6BCD 
 258      AB56EB
 259 0828 D32CFA24 		.ascii	"\323,\372$c\262\336\222\036O\357\206u\306\344\350x\315"
 259      63B2DE92 
 259      1E4FEF86 
 259      75C6E4E8 
 259      78CD
 260 083a BB1FFC65 		.ascii	"\273\037\374e\356\262\230\030Ak0d\230S\255\261\213\015"
 260      EEB29818 
 260      416B3064 
 260      9853ADB1 
 260      8B0D
 261 084c D677F419 		.ascii	"\326w\364\031\226t\2751=eajZ\252i\241\311\270\326\314"
 261      9674BD31 
 261      3D65616A 
 261      5AAA69A1 
 261      C9B8D6CC 
 262 0860 66CCA9F1 		.ascii	"f\314\251\361\311\031\011&}\2121>\311\234j\322\033\022"
 262      C9190926 
 262      7D8A313E 
 262      C99C6AD2 
 262      1B12
 263 0872 4C89C68C 		.ascii	"L\211\306\214d\253\301\372\331:\223%:I\320(\036\026"
 263      64ABC1FA 
 263      D93A9325 
 263      3A49D028 
 263      1E16
 264 0884 BEC583E5 		.ascii	"\276\305\203\3453\213\336`\261&\240:\232\351\314i\353"
 264      338BDE60 
 264      B126A03A 
 264      9AE9CC69 
 264      EB
 265 0895 D2D2AD94 		.ascii	"\322\322\255\224\255\301\272d\012_\372\316\242_\375"
 265      ADC1BA64 
 265      0A5FFACE 
 265      A25FFD
 266 08a4 D1FBB18B 		.ascii	"\321\373\261\213\365+W.\327\277\373\341\212U\377\210"
 266      F52B572E 
 266      D7BFFBE1 
 266      8A55FF88 
 267 08b4 51423024 		.ascii	"QB0$''\240\217\000\252eN K\343\342TKW\307\305\221U\313"
 267      2727A08F 
ARM GAS  /tmp/cc05rPk3.s 			page 21


 267      00AA654E 
 267      204BE3E2 
 267      544B57C7 
 268 08cc E3C80A94 		.ascii	"\343\310\012\224eq\357\241\254T\255\\\366\347\270\330"
 268      6571EFA1 
 268      AC54AD5C 
 268      F6E7B8D8 
 269 08dc 49BEE3D3 		.ascii	"I\276\343\323RR\322R\365\246\365Vt\316\375\377)f\375"
 269      5252D252 
 269      F5A6F556 
 269      74CEFDFF 
 269      2966FD
 270 08ef 7ABDC59A 		.ascii	"z\275\305\232\022\27381fQ\354\372\265\224\034\2053|"
 270      12BB3831 
 270      6651ECFA 
 270      B5941C85 
 270      337C
 271 0901 84112E37 		.ascii	"\204\021.7%j9Ss\202\301\032\220\226\230h1Yu4dC\242\321"
 271      256A3953 
 271      7382C11A 
 271      90969868 
 271      31597534 
 272 0919 627DC760 		.ascii	"b}\307`\215z[\330J\304\277\234\022\244\242\242,L\222"
 272      8D7A5BD8 
 272      4AC4BF9C 
 272      12A4A2A2 
 272      2C4C92
 273 092c A05EB16A 		.ascii	"\240^\261ji\206EcNKIK0\031\254Z\234\2153\031\023p\356"
 273      69864563 
 273      4E4B494B 
 273      3019AC5A 
 273      9C8D3319 
 274 0943 176F5E52 		.ascii	"\027o^R!\030o\177M7[M\250\033\202\317\253MV|z\037\335"
 274      21186F7F 
 274      4D375B4D 
 274      A81B82CF 
 274      AB4D567C 
 275 095a FC54C998 		.ascii	"\374T\311\230\001\251\377-=-c\035u\036b0$f\244\306\033"
 275      01A9FF2D 
 275      3D2D631D 
 275      751E6230 
 275      2466A4C6 
 276 096f 0CD14B7E 		.ascii	"\014\321K~\267\350\267\032e\244\212O2\246{\277\213Y"
 276      B7E8B71A 
 276      65A48A4F 
 276      32A67BBF 
 276      8B59
 277 0981 3469B4E4 		.ascii	"4i\264\344\277\357hw\374"
 277      BFEF6877 
 277      FC
 278              		.text
 279              		.section	.gnu.lto_.symtab.52cc907e6debac97,"",%progbits
 280 0000 70616C52 		.ascii	"palReadBus\000"
 280      65616442 
 280      757300
 281 000b 00       		.ascii	"\000"
 282 000c 00       		.ascii	"\000"
ARM GAS  /tmp/cc05rPk3.s 			page 22


 283 000d 00       		.ascii	"\000"
 284 000e 00000000 		.ascii	"\000\000\000\000\000\000\000\000"
 284      00000000 
 285 0016 FD000000 		.ascii	"\375\000\000\000"
 286 001a 70616C57 		.ascii	"palWriteBus\000"
 286      72697465 
 286      42757300 
 287 0026 00       		.ascii	"\000"
 288 0027 00       		.ascii	"\000"
 289 0028 00       		.ascii	"\000"
 290 0029 00000000 		.ascii	"\000\000\000\000\000\000\000\000"
 290      00000000 
 291 0031 02010000 		.ascii	"\002\001\000\000"
 292 0035 70616C53 		.ascii	"palSetBusMode\000"
 292      65744275 
 292      734D6F64 
 292      6500
 293 0043 00       		.ascii	"\000"
 294 0044 00       		.ascii	"\000"
 295 0045 00       		.ascii	"\000"
 296 0046 00000000 		.ascii	"\000\000\000\000\000\000\000\000"
 296      00000000 
 297 004e 07010000 		.ascii	"\007\001\000\000"
 298 0052 5F70616C 		.ascii	"_pal_lld_setgroupmode\000"
 298      5F6C6C64 
 298      5F736574 
 298      67726F75 
 298      706D6F64 
 299 0068 00       		.ascii	"\000"
 300 0069 02       		.ascii	"\002"
 301 006a 00       		.ascii	"\000"
 302 006b 00000000 		.ascii	"\000\000\000\000\000\000\000\000"
 302      00000000 
 303 0073 0D010000 		.ascii	"\015\001\000\000"
 304              		.text
 305              		.section	.gnu.lto_.opts,"",%progbits
 306 0000 272D666D 		.ascii	"'-fmath-errno' '-fsigned-zeros' '-ftrapping-math' '"
 306      6174682D 
 306      6572726E 
 306      6F272027 
 306      2D667369 
 307 0033 2D666E6F 		.ascii	"-fno-trapv' '-fno-openmp' '-fno-openacc' '-mcpu=cor"
 307      2D747261 
 307      70762720 
 307      272D666E 
 307      6F2D6F70 
 308 0066 7465782D 		.ascii	"tex-m3' '-mthumb' '-O2' '-fomit-frame-pointer' '-fa"
 308      6D332720 
 308      272D6D74 
 308      68756D62 
 308      2720272D 
 309 0099 6C69676E 		.ascii	"lign-functions=16' '-ffunction-sections' '-fdata-se"
 309      2D66756E 
 309      6374696F 
 309      6E733D31 
 309      36272027 
 310 00cc 6374696F 		.ascii	"ctions' '-fno-common' '-flto'\000"
ARM GAS  /tmp/cc05rPk3.s 			page 23


 310      6E732720 
 310      272D666E 
 310      6F2D636F 
 310      6D6D6F6E 
 311              		.text
 312              		.comm	__gnu_lto_v1,1,1
 313              		.comm	__gnu_lto_slim,1,1
 314              		.ident	"GCC: (GNU) 7.3.0"
ARM GAS  /tmp/cc05rPk3.s 			page 24


DEFINED SYMBOLS
                            *ABS*:0000000000000000 hal_pal.c
                            *COM*:0000000000000001 __gnu_lto_v1
                            *COM*:0000000000000001 __gnu_lto_slim

NO UNDEFINED SYMBOLS
