ARM GAS  /tmp/ccJiGz1r.s 			page 1


   1              		.cpu cortex-m3
   2              		.eabi_attribute 20, 1
   3              		.eabi_attribute 21, 1
   4              		.eabi_attribute 23, 3
   5              		.eabi_attribute 24, 1
   6              		.eabi_attribute 25, 1
   7              		.eabi_attribute 26, 1
   8              		.eabi_attribute 30, 2
   9              		.eabi_attribute 34, 1
  10              		.eabi_attribute 18, 4
  11              		.file	"hal_st.c"
  12              		.section	.gnu.lto_.profile.ac6038b6a0376596,"",%progbits
  13 0000 789C6363 		.ascii	"x\234cc```\001bF\006)\036\000\000\270\0002"
  13      60606001 
  13      62460629 
  13      1E0000B8 
  13      0032
  14              		.text
  15              		.section	.gnu.lto_.icf.ac6038b6a0376596,"",%progbits
  16 0000 789C6363 		.ascii	"x\234cc``\220g@\000V\206\023/^\356gf<>\253\377\026/"
  16      60609067 
  16      40005686 
  16      132F5EEE 
  16      67663C3E 
  17 0018 D392FF37 		.ascii	"\323\222\3777\317\2610\277\355j\315c\331=\241a#\023"
  17      CFB130BF 
  17      ED6ACD63 
  17      D93DA161 
  17      2313
  18 002a 0300F6B4 		.ascii	"\003\000\366\264\016\235"
  18      0E9D
  19              		.text
  20              		.section	.gnu.lto_.jmpfuncs.ac6038b6a0376596,"",%progbits
  21 0000 789C6363 		.ascii	"x\234cc``\220a@\000V\020\301\010\004\365s\230\031\230"
  21      60609061 
  21      40005610 
  21      C10804F5 
  21      73981998 
  22 0014 181898A1 		.ascii	"\030\030\230\241L\026\2400\000#\314\002t"
  22      4C16A030 
  22      0023CC02 
  22      74
  23              		.text
  24              		.section	.gnu.lto_.inline.ac6038b6a0376596,"",%progbits
  25 0000 789C6363 		.ascii	"x\234cc``\310g@\000V\006\006\026\036F\006& \223m\201"
  25      6060C867 
  25      40005606 
  25      06161E46 
  25      06262093 
  26 0016 3C886260 		.ascii	"<\210b`\344\002\021\014l\254\214\214\014\002\214\014"
  26      E402110C 
  26      6CAC8C8C 
  26      0C028C0C 
  27 0026 0C4C6C1F 		.ascii	"\014Ll\037\364\340\222L\014,\314@\345L\027\370\341B"
  27      F4E0924C 
  27      0C2CCC40 
  27      E54C17F8 
ARM GAS  /tmp/ccJiGz1r.s 			page 2


  27      E142
  28 0038 CC2021A8 		.ascii	"\314 !\250Rdq\026L\245\014\000\311\276\010\235"
  28      52647116 
  28      4CA50C00 
  28      C9BE089D 
  29              		.text
  30              		.section	.gnu.lto_.pureconst.ac6038b6a0376596,"",%progbits
  31 0000 789C6363 		.ascii	"x\234cc``\340\006bV\006\011F)&)f)\026)\000\004\001\000"
  31      6060E006 
  31      62560609 
  31      46292629 
  31      66291629 
  32 0018 A1       		.ascii	"\241"
  33              		.text
  34              		.section	.gnu.lto_stInit.ac6038b6a0376596,"",%progbits
  35 0000 789C6363 		.ascii	"x\234cc``X\001\304\012@,\015\304\214\314\014\214L\023"
  35      60605801 
  35      C40A402C 
  35      0DC48CCC 
  35      0C8C4C13 
  36 0014 CE313034 		.ascii	"\316104r012\202\030\015\034\214\014\365L\214\365\214"
  36      72303132 
  36      82180D1C 
  36      8C0CF54C 
  36      8CF58C
  37 0027 3DCC5398 		.ascii	"=\314S\230\031\017\265?\333\311\244\271\274\001\010"
  37      190FB53F 
  37      DBC9A4B9 
  37      BC0108
  38 0036 0E4CFF21 		.ascii	"\016L\377!\331\260\342\000\343\034f\006\206i@\014\002"
  38      D9B0E200 
  38      E31C6606 
  38      8669400C 
  38      02
  39 0047 8C9B1935 		.ascii	"\214\233\0315\031\200\312\036m\3747\225\227\215\005"
  39      1980CA1E 
  39      6DFC3795 
  39      978D05
  40 0056 22CEB885 		.ascii	"\"\316\270\205\221\215\201\021\310X\177\211\365@\303"
  40      918D8111 
  40      C8587F89 
  40      F540C3
  41 0065 BFFFED0D 		.ascii	"\277\377\355\015\007\356,b\374\317\012\224\353\000b"
  41      07EE2C62 
  41      FCCF0A94 
  41      EB0062
  42 0074 A0250D07 		.ascii	"\240%\015\007\030:\231\231@\254\346\003\014o\030\233"
  42      183A9999 
  42      40ACE603 
  42      0C6F189B 
  43 0084 17FC9606 		.ascii	"\027\374\226\006k\002\232\264s\347\233\333\354\365\177"
  43      6B029AB4 
  43      73E79BDB 
  43      ECF57F
  44 0093 1B38E630 		.ascii	"\0338\34603Nc\006\232\302\270\225\261\236a\016P\365"
  44      334E6306 
  44      9AC2B895 
ARM GAS  /tmp/ccJiGz1r.s 			page 3


  44      B19E610E 
  44      50F5
  45 00a5 3BC6A605 		.ascii	";\306\246\005\377\271\301\352@\240\003(\0114\200\211"
  45      FFB9C1EA 
  45      40A00328 
  45      09348089 
  46 00b5 81414E4F 		.ascii	"\201ANO\3379#3)\323?X?\277X?#1G\277\270(\031D\307\027"
  46      DF392333 
  46      29D33F58 
  46      3FBF583F 
  46      233147BF 
  47 00cf 97E82533 		.ascii	"\227\350%3\000\000h\225DU"
  47      00006895 
  47      4455
  48              		.text
  49              		.section	.gnu.lto_stStartAlarm.ac6038b6a0376596,"",%progbits
  50 0000 789C9552 		.ascii	"x\234\225R\337KTA\024\236of\275w\333j\355\241\207\240"
  50      DF4B5441 
  50      149E6F66 
  50      BD77DB6A 
  50      EDA187A0 
  51 0014 25EA4164 		.ascii	"%\352Ad{\330\313V\377A\021\004J\017\372.\356\026\354"
  51      7BD8CB56 
  51      FF411104 
  51      4A0FFA2E 
  51      EE16EC
  52 0027 C286E12E 		.ascii	"\302\206\341.=\346x\325V\335\015\202rCY\353\202\205"
  52      3DE678D5 
  52      56DD0D82 
  52      724359EB 
  52      8285
  53 0039 6989FD4E 		.ascii	"i\211\375N\313\352\266iE\206\211\331\233\017\321\303"
  53      CBEAB669 
  53      458689D9 
  53      9B0FD1C3 
  54 0049 1A112921 		.ascii	"\032\021)!\370Phgf\2670z\251\201\2319\347\360\235\357"
  54      F8506867 
  54      66B7307A 
  54      A9819939 
  54      E7F09DEF 
  55 005d 7C73E618 		.ascii	"|s\346\030\214\261\367\234\261\010\335;iC0\360s3\214"
  55      8CB1F79C 
  55      B108DD3B 
  55      694330F0 
  55      73338C
  56 0070 B57A39A0 		.ascii	"\265z9\240\014\351\005k\341hAV\\\020(\244\213\343<8"
  56      0CE9056B 
  56      E1684156 
  56      5C1028A4 
  56      8BE33C38 
  57 0084 2869B917 		.ascii	"(i\271\027\307\2143\262cG^0\226\243\255\026\356 H\250"
  57      C78C33B2 
  57      63475E30 
  57      96A3AD16 
  57      EE2048A8 
  58 0098 A9F555B7 		.ascii	"\251\365U\2672#\362\002\340\344\316-\277\351\337\254"
  58      3223F202 
ARM GAS  /tmp/ccJiGz1r.s 			page 4


  58      E0E4CE2D 
  58      BFE9DFAC 
  59 00a8 5C8E6DE4 		.ascii	"\\\216m\344~\037\276\271P)\366\200\221\375c\341\325"
  59      7E1FBEB9 
  59      5029F680 
  59      91FD63E1 
  59      D5
  60 00b9 A2BFFAAA 		.ascii	"\242\277\372\252\224\266t\277\234\027r{^\010\334\207"
  60      94B674BF 
  60      9C17727B 
  60      5E08DC87 
  61 00c9 2042DC43 		.ascii	" B\334C\000w\021`\024bx\200j\205\377xk\255g\253\341"
  61      00771160 
  61      14627880 
  61      6A85FF78 
  61      6BAD67AB 
  62 00de 717ED5C4 		.ascii	"q~\325\304\030\014\0062F\347*\\\271\266\236\226\356"
  62      180C0632 
  62      46E72A5C 
  62      B9B69E96 
  62      EE
  63 00ef CA15BC3B 		.ascii	"\312\025\274;l\222zJ\021\224\354a\254\223\240\364\026"
  63      6C927A4A 
  63      1194EC61 
  63      AC93A0F4 
  63      16
  64 0100 E9B22EC1 		.ascii	"\351\262.\301\225\325\346\262\"\270\"\354r\273'}\"\250"
  64      95D5E6B2 
  64      22B822EC 
  64      72BB277D 
  64      22A8
  65 0112 C5DC58CA 		.ascii	"\305\334X\312\274\366W\015h1\305\336-\275\322\265w+"
  65      BCF6570D 
  65      6831C5DE 
  65      2DBDD2B5 
  65      772B
  66 0124 3DE37FEA 		.ascii	"=\343\177\352\321\017}\210\252>\342\372\014\373[ziz"
  66      D10F7D88 
  66      AA3EE2FA 
  66      0CFB5B7A 
  66      697A
  67 0136 7EC0FC2D 		.ascii	"~\300\374-\256\275\324\234YC(\220V\230\023\330 \236"
  67      AEBDD49C 
  67      59432890 
  67      569813D8 
  67      209E
  68 0148 E1110C4C 		.ascii	"\341\021\014L(\341t\364\011Q\"*\314w\023Q\233\251\202"
  68      28E174F4 
  68      0951222A 
  68      CC771351 
  68      9BA982
  69 015b 04CE7514 		.ascii	"\004\316u\024\336\232\252i\025:wfdu\331Wr\025\277\207"
  69      DE9AAA69 
  69      153A7766 
  69      6475D957 
  69      7215BF87 
  70 016f 424EFFE2 		.ascii	"BN\377\342&\007\227\220\027\006\236\220\266\307J\033"
ARM GAS  /tmp/ccJiGz1r.s 			page 5


  70      26079790 
  70      17069E90 
  70      B6C74A1B 
  71 017f C5D3C5E9 		.ascii	"\305\323\305\351Y\2775\"\333[\245s:/L<\205\203\036j"
  71      59BF3522 
  71      DB5BA573 
  71      3A2F4C3C 
  71      85831E6A 
  72 0193 81AAAB00 		.ascii	"\201\252\253\000n\326\0362\303\243\032p\233\322\275"
  72      6ED61E32 
  72      C3A31A70 
  72      9BD2BD
  73 01a2 7061616F 		.ascii	"paao\240\214\3003\204I\225\222\264\362i8\355/\013\372"
  73      A08CC033 
  73      84499592 
  73      B4F26938 
  73      ED2F0BFA 
  74 01b6 C7725E14 		.ascii	"\307r^\024t9\224\311\236\303\332\370\032\232&LR\246"
  74      743994C9 
  74      9EC3DAF8 
  74      1A9A264C 
  74      52A6
  75 01c8 26BFFEFF 		.ascii	"&\277\376\377\344S\232\234\227\311_h\362\211\313\331"
  75      E4539A9C 
  75      97C95F68 
  75      F289CBD9 
  76 01d8 215F899C 		.ascii	"!_\211\234\343%e\026a\177\310\\\213\252\326\353?`_a"
  76      E3256516 
  76      617FC85C 
  76      8BAAD6EB 
  76      3F605F61 
  77 01ec 3B8367A1 		.ascii	";\203g\241\247E\255N\222Gc@\203\277+d\035\214\305#\361"
  77      A745AD4E 
  77      92476340 
  77      83BF2B64 
  77      1D8CC523 
  78 0201 A3755653 		.ascii	"\243uVS\322\2125&\254dsT\335\015\311T(\312\314\306H"
  78      D28A3526 
  78      AC647354 
  78      DD0DC954 
  78      28CACCC6 
  79 0216 32153F71 		.ascii	"2\025?q\334\243\216\003\177aO65\247\222V]}\355\376}"
  79      DCA38E03 
  79      7F614F36 
  79      35A79256 
  79      5D7DEDFE 
  80 022b 564DCD21 		.ascii	"VM\315!\253\376H\355\251p9\273!\2218\026\212\261\237"
  80      ABFE48ED 
  80      A97039BB 
  80      21913816 
  80      8AB19F
  81 023e 15D50991 		.ascii	"\025\325\011\221"
  82              		.text
  83              		.section	.gnu.lto_stStopAlarm.ac6038b6a0376596,"",%progbits
  84 0000 789C658F 		.ascii	"x\234e\217KKBQ\020\307\347\177\217\335\036P\333\202"
  84      4B4B4251 
  84      10C7E77F 
ARM GAS  /tmp/ccJiGz1r.s 			page 6


  84      8FDD1E50 
  84      DB82
  85 0012 A44D2B37 		.ascii	"\244M+7\036z}\202\"\010\212\026\332Z\312\026\012\202"
  85      1E7A7D82 
  85      22088A16 
  85      DA5ACA16 
  85      0A82
  86 0024 91D2D653 		.ascii	"\221\322\326Si\032\266h\221\266\321\020Z\270\222\210"
  86      691AB668 
  86      91B6D110 
  86      5AB89288 
  87 0034 9E16C145 		.ascii	"\236\026\301E\332D`\341'\220\026\006-\"H(\010\2549\032"
  87      DA4460E1 
  87      27901606 
  87      2D224828 
  87      08AC391A 
  88 0048 21343067 		.ascii	"!40g\346\314\3537c\022\321\004\210\026\330\016\262B"
  88      E6CCEB37 
  88      6312D104 
  88      8816D80E 
  88      B242
  89 005a 108CDD32 		.ascii	"\020\214\3352\321z\227\001hGu\201\"\006\"\330\021{\002"
  89      D17A9701 
  89      68477581 
  89      220622D8 
  89      117B02
  90 006d A578AD68 		.ascii	"\245x\255h8\362\212\305\332\257\233[*6\220\021DiV-8"
  90      38F28AC5 
  90      DAAF9B5B 
  90      2A369011 
  90      4469562D 
  91 0082 8183B8EC 		.ascii	"\201\203\270\354\351\270\221\3525m\2558Na\0223\350\250"
  91      E9B891EA 
  91      356DAD38 
  91      4E611233 
  91      E8A8
  92 0094 D261A9C6 		.ascii	"\322a\251\306w\\Y\267\207\370\232\346\\\202\225!\312"
  92      775C59B7 
  92      87F89AE6 
  92      5C829521 
  92      CA
  93 00a5 A26D6168 		.ascii	"\242maho\323\242\027\224\352\237w\365\254\363oN\264"
  93      6FD3A217 
  93      94EA9F77 
  93      F5ACF36F 
  93      4EB4
  94 00b7 85FB3445 		.ascii	"\205\3734EsVZ\240\235\2013\2308\327\010~8\236\216\225"
  94      73565AA0 
  94      9D813398 
  94      38D7087E 
  94      389E8E95 
  95 00cb 1E3A9322 		.ascii	"\036:\223\"#\320,+\027>\336zZ_=\306\306\241\\\366\271"
  95      23D02C2B 
  95      173EDE7A 
  95      5A5F3DC6 
  95      C6A15CF6 
  96 00e0 3B870364 		.ascii	";\207\003d\204\201K\330q\001;\351\322x\355\376\261O"
ARM GAS  /tmp/ccJiGz1r.s 			page 7


  96      84814BD8 
  96      71013BE9 
  96      D278EDFE 
  96      B14F
  97 00f2 1654745D 		.ascii	"\026Tt]U\363\225\376wn\022(\"\207\024\257\2511\204+"
  97      55F395FE 
  97      776E1228 
  97      228714AF 
  97      A931842B 
  98 0106 C876046F 		.ascii	"\310v\004o\202k\356~\305F5y3\334\274TK\202\023|\215"
  98      826BEE7E 
  98      C5463579 
  98      33DCBC54 
  98      4B82137C 
  99 011b 4134E494 		.ascii	"A4\344\224\223>\377\222\177\336%\203!\351[\014\310\320"
  99      933EFF92 
  99      7FDE2583 
  99      21E95B0C 
  99      C8D0
 100 012d AA575B4F 		.ascii	"\252W[O(\354\364\322\370\277\364Jp5\034\222.\367\334"
 100      28ECF4D2 
 100      F8BFF44A 
 100      70351C92 
 100      2EF7DC
 101 0140 D8A89C9D 		.ascii	"\330\250\234\235\235\222\356\231\271\265\221\337\006"
 101      9D92EE99 
 101      B9B591DF 
 101      06
 102 014d 4F20B0EC 		.ascii	"O \260\354\364\321\017\275\353\204\213"
 102      F4D10FBD 
 102      EB848B
 103              		.text
 104              		.section	.gnu.lto_stSetAlarm.ac6038b6a0376596,"",%progbits
 105 0000 789C6552 		.ascii	"x\234eR\317k\023A\024~\337N\262\033\253\246\036<\010"
 105      CF6B1341 
 105      147EDF4E 
 105      B21BABA6 
 105      1E3C08
 106 0013 06D14329 		.ascii	"\006\321C)\361\220%\352\177\240 B\213\207\366^\232("
 106      F19025EA 
 106      7FA02042 
 106      8B87F65E 
 106      9A28
 107 0025 2410A974 		.ascii	"$\020\251t\203G;\335\266\246m\212\010\332\210e#\013"
 107      83473BDD 
 107      B6A66D8A 
 107      08DA8865 
 107      230B
 108 0037 5544B1B4 		.ascii	"UD\261\264\376n\255?\306\240\"V\252\024\2179\024\221"
 108      FE6EAD3F 
 108      C6A02256 
 108      AA148F39 
 108      1491
 109 0049 14446CF1 		.ascii	"\024Dl\361\222\203\322\372fSEq`f\336{|\357\233\357}"
 109      9283D2FA 
 109      66534571 
 109      6066DE7B 
ARM GAS  /tmp/ccJiGz1r.s 			page 8


 109      7CEF9BEF 
 110 005e 8C4944BB 		.ascii	"\214ID\273\015\242\224\276yC\020\214\013\213D\375\021"
 110      0DA294BE 
 110      7943108C 
 110      0B8B44FD 
 110      11
 111 006f 03D0818C 		.ascii	"\003\320\201\214\200\372\014\364aL\\\022\250\024jsF"
 111      80FA0CF4 
 111      614C5C12 
 111      A8146A73 
 111      46
 112 0080 FC86E4A5 		.ascii	"\374\206\344\245.\317X\347\344\320.O\020\225x\353\205"
 112      2ECF58E7 
 112      E4D02E4F 
 112      109578EB 
 112      85
 113 0091 7B8833EA 		.ascii	"{\2103\352\325F]5\027\205'\000\203\323\245\265w\345"
 113      D5465D35 
 113      17852700 
 113      83D3A5B5 
 113      77E5
 114 00a3 AD3A35B0 		.ascii	"\255:5\260\203\323\037\267f\252\315b\037\210\343\237"
 114      83D31FB7 
 114      66AACD62 
 114      1F88E39F 
 115 00b3 D5372BD1 		.ascii	"\3257+\321\326\353R\272RU/\012\271\323\023\002\017!"
 115      D6EB52BA 
 115      52552F0A 
 115      B9D31302 
 115      0F21
 116 00c5 98100F10 		.ascii	"\230\020\017\020\303}\304\210K\204Gh\325\370Ow\326\307"
 116      C37DC488 
 116      4B844768 
 116      D5F84F77 
 116      D6C7
 117 00d7 B79B21FF 		.ascii	"\267\233!\377\367\233\230\205I\340`z)\254\344\372FA"
 117      F79B9885 
 117      49E0607A 
 117      29ACE4FA 
 117      4641
 118 00e9 AACFD730 		.ascii	"\252\317\3270\1774\314\352\271Eps\210h\230\241<\213"
 118      7F34CCEA 
 118      B9457073 
 118      886898A1 
 118      3C8B
 119 00fb 5434220C 		.ascii	"T4\"\014\035\015(\252\301\320\204#j\364e\223\210\007"
 119      1D0D28AA 
 119      C1D08423 
 119      6AF46593 
 119      8807
 120 010d 626EAF16 		.ascii	"bn\257\026\337F[&\0031\257\313\333\256H\345\356\325"
 120      DF465B26 
 120      0331AFCB 
 120      DBAE48E5 
 120      EED5
 121 011f 7AE6FED5 		.ascii	"z\346\376\325\023\014\372\030-\023\314\365\005\356\367"
 121      130CFA18 
ARM GAS  /tmp/ccJiGz1r.s 			page 9


 121      2D13CCF5 
 121      05EEF7
 122 012e C2EAC2D7 		.ascii	"\302\352\302\327I\353\217\270\301\2069\263\226\320\240"
 122      49EB8FB8 
 122      C18639B3 
 122      96D0A0
 123 013d 406149E0 		.ascii	"@aI\340/\361\204y\230x\242\205\3631!D\203\250\362q\224"
 123      2FF18479 
 123      9878A285 
 123      F3312144 
 123      83A8F271 
 124 0152 89062C5D 		.ascii	"\211\006,]dpi\250\362\336\322\246\205\203\336\305\251"
 124      647069A8 
 124      F2DED2A6 
 124      8583DEC5 
 124      A9
 125 0163 FA5A5323 		.ascii	"\372ZS#\325\374!.\371\345\225->\256\302\023&\236\261"
 125      D5FC212E 
 125      F9E5952D 
 125      3EAEC213 
 125      269EB1
 126 0176 B6A75A1B 		.ascii	"\266\247Z\033\327\013\265\205\017Q{J\016\366K\377\254"
 126      D70BB585 
 126      0F517B4A 
 126      0EF64BFF 
 126      AC
 127 0187 272C3C87 		.ascii	"',<\207\217q\266@\277\253\001j\314\275i%\247\003\300"
 127      8F71B640 
 127      BFAB016A 
 127      CCBD6925 
 127      A703C0
 128 019a 5D6E8F40 		.ascii	"]n\217@\301\306\376\330&\002/\220dU\354\220\273\\\254"
 128      C1C6FED8 
 128      26022F90 
 128      6455EC90 
 128      BB5CAC
 129 01ad A6F500C1 		.ascii	"\246\365\000\301$\364\015\256_?\217\300s\275\206y,6"
 129      24F40DAE 
 129      5F3F8FC0 
 129      73BD8679 
 129      2C36
 130 01bf 93BFCF9E 		.ascii	"\223\277\317\236\204}8\223Me\217w\330=\216\235\351\316"
 130      847D3893 
 130      4D658F77 
 130      D83D8E9D 
 130      E9CE
 131 01d1 D94E6F5A 		.ascii	"\331NoZ\337]N>\221&\253;\345\344\263\247N\206\364q\350"
 131      DF5D4E3E 
 131      9126AB3B 
 131      E5E4B3A7 
 131      4E86F471 
 132 01e6 3FECE99E 		.ascii	"?\354\351\236\336\274cwt\266\037<`\267\265\035\261;"
 132      DEBC6377 
 132      74B61F3C 
 132      60B7B51D 
 132      B13B
 133 01f8 8FB59F49 		.ascii	"\217\265\237Invw\345r'\022\031\372\005<\342\316d"
ARM GAS  /tmp/ccJiGz1r.s 			page 10


 133      6E7677E5 
 133      72271219 
 133      FA053CE2 
 133      CE64
 134              		.text
 135              		.section	.gnu.lto_stGetAlarm.ac6038b6a0376596,"",%progbits
 136 0000 789C6590 		.ascii	"x\234e\220\313K[A\024\306\317wOro\254\370X\333\324}"
 136      CB4B5B41 
 136      14C6CF77 
 136      4F726FAC 
 136      F858DBD4 
 137 0015 5C6448ED 		.ascii	"\\dH\355\177`A\004m\027\332\265h\272\210\020\210\030"
 137      7F604104 
 137      6D17DAB5 
 137      68BA8810 
 137      8818
 138 0027 E9D63155 		.ascii	"\351\3261URQAP#\264\327z\245\013\221\"\342\243j\323"
 138      52514150 
 138      23B4D77A 
 138      A50B9122 
 138      E2A36AD3 
 139 003b 0717C185 		.ascii	"\007\027\301\205(*\371\013DD\301\205\0047QZ\3243*\245"
 139      282AF90B 
 139      4444C185 
 139      0437515A 
 139      D4332AA5 
 140 004f E0C03CCE 		.ascii	"\340\300<\316\231\337\234\363}c\023\321(\210\336\310"
 140      99DF9CF3 
 140      7D6313D1 
 140      2888DEC8 
 141 005f FE542698 		.ascii	"\376T&\230`\215\355\021\365\207,\300\034t\010\324g\241"
 141      608DED11 
 141      F5872CC0 
 141      1C7408D4 
 141      67A1
 142 0071 0F233CC1 		.ascii	"\017#<\301\330\272)\371U\303\354\032L\302Bqw\272\334"
 142      D8BA29F9 
 142      55C3EC1A 
 142      4CC24271 
 142      77BADC
 143 0084 8440B584 		.ascii	"\204@\265\204_gKnydN\353\214\366\247\212\316\247\345"
 143      5F674B6E 
 143      79644EEB 
 143      8CF6A78A 
 143      CEA7E5
 144 0097 031D74D9 		.ascii	"\003\035t\331\242\234\340\253\010c\005a\323\343\033"
 144      A29CE0AB 
 144      08630561 
 144      D3E31B
 145 00a6 2224F4D1 		.ascii	"\"$\364\321\322\365d\205\035\360\230\014 \3715\330$"
 145      D2F56485 
 145      1DF0980C 
 145      20F935D8 
 145      24
 146 00b7 5A68B110 		.ascii	"Zh\261\020\364\365\365MV\373\307_\360\2471`\221\313"
 146      F4F5F54D 
 146      56FBC75F 
ARM GAS  /tmp/ccJiGz1r.s 			page 11


 146      F0A73160 
 146      91CB
 147 00c9 CCB20488 		.ascii	"\314\262\004\210>\010)\262\264OCRXN\357}:\303\346\357"
 147      3E0829B2 
 147      B44F4352 
 147      584EEF7D 
 147      3AC3E6EF 
 148 00dd ABEDD599 		.ascii	"\253\355\325\231W\377\212\016h\031\376\324\245SsW5\307"
 148      57FF8A0E 
 148      6819FED4 
 148      A5537357 
 148      35C7
 149 00ef F8AF2161 		.ascii	"\370\257!a\03566L3Y>\2621\222\033\334\334w\214\221\340"
 149      1D36364C 
 149      33593EB2 
 149      31921BDC 
 149      DC778C91 
 150 0104 1DB9B750 		.ascii	"\035\271\267P*>\271\017M\245\200\244\274\351\3232\017"
 150      2A3EB90F 
 150      4DA580A4 
 150      BCE9D332 
 150      0F
 151 0115 9FE1B28D 		.ascii	"\237\341\262\215\274x\371n\274H>{\262sP\251\026\364"
 151      BC78F96E 
 151      BC483E7B 
 151      B27350A9 
 151      16F4
 152 0127 40BF3E9C 		.ascii	"@\277>\234+<\033/s\331\301\017x\230\024\245\246\223"
 152      2B3C1B2F 
 152      73D9C10F 
 152      789814A5 
 152      A693
 153 0139 81FC91CC 		.ascii	"\201\374\221\314\274\023[4\220\227\267\\\016\341'\024"
 153      BC135B34 
 153      9097B75C 
 153      0EE12714 
 154 0149 EAC20F04 		.ascii	"\352\302\017\004~!&.2\027\331y\276\327\304\"\213\316"
 154      7E21262E 
 154      3217D979 
 154      BED7C422 
 154      8BCE
 155 015b 91391CFA 		.ascii	"\2219\034\372\313\306\201d\344c\304=\214g\213\2506\252"
 155      CBC68164 
 155      E463C43D 
 155      8C678BA8 
 155      36AA
 156 016d 1A125D9D 		.ascii	"\032\022]\235]\257[U*\255\022\035I\225\356\211\233\275"
 156      5DAF5B55 
 156      2AAD121D 
 156      4995EE89 
 156      9BBD
 157 017f 3DDD1B8D 		.ascii	"=\335\033\215\323\213G\327\335\251\236\336\264jmk\251"
 157      D38B47D7 
 157      DDA99EDE 
 157      B46A6D6B 
 157      A9
 158 0190 7FAE9A9B 		.ascii	"\177\256\232\233_\252\266\246\226w\261\207\007\355\311"
ARM GAS  /tmp/ccJiGz1r.s 			page 12


 158      5FAAB6A6 
 158      9677B187 
 158      07EDC9
 159 019f E4DB6882 		.ascii	"\344\333h\202n\001\243\"\237\031"
 159      6E01A322 
 159      9F19
 160              		.text
 161              		.section	.gnu.lto_.symbol_nodes.ac6038b6a0376596,"",%progbits
 162 0000 789C55C8 		.ascii	"x\234U\310\261\015\2000\014\005\321\313\017a.\030\212"
 162      B10D8030 
 162      0C05D1CB 
 162      0F612E18 
 162      8A
 163 0011 DA2E8040 		.ascii	"\332.\200@\307\020L\301\020\314\300$\210\210\316\305"
 163      C7104CC1 
 163      10CCC024 
 163      8888CEC5 
 164 0021 E9A4D703 		.ascii	"\351\244\327\003S\013\31528nh\273|l\262\310R\224U\246"
 164      530BCD32 
 164      386E68BB 
 164      7C6CB2C8 
 164      529455A6 
 165 0035 285596A3 		.ascii	"(U\226\243l\262.H\332e\345\027p\037 S8\2377\361\001"
 165      6CB22E48 
 165      DA65E517 
 165      701F2053 
 165      389F37F1 
 166 004a AD6C1CA4 		.ascii	"\255l\034\244"
 167              		.text
 168              		.section	.gnu.lto_.refs.ac6038b6a0376596,"",%progbits
 169 0000 789C6363 		.ascii	"x\234cc```\004b\006\000\000D\000\010"
 169      60606004 
 169      62060000 
 169      440008
 170              		.text
 171              		.section	.gnu.lto_.decls.ac6038b6a0376596,"",%progbits
 172 0000 789CB558 		.ascii	"x\234\265XkL\024Y\026\256[\267\301\246y\271h\214\233"
 172      6B4C1459 
 172      16AE5BB7 
 172      C1A679B9 
 172      688C9B
 173 0013 75268E41 		.ascii	"u&\216Aa\223\325\026\335\231u\022\263;N\353:&\343\314"
 173      6193D516 
 173      DD997512 
 173      B33B4EEB 
 173      3A26E3CC 
 174 0027 A47593CD 		.ascii	"\244u\223\315\376\330\036\006\231\205\004\320@\273\311"
 174      FED81E06 
 174      998504D0 
 174      40BBC9
 175 0036 FCD92969 		.ascii	"\374\331)i\034\333\327\010\012>P\004D\360\205\012* "
 175      1CDBD708 
 175      0A3E5004 
 175      44F0850A 
 175      2A20
 176 0048 20D08222 		.ascii	" \320\202\"\362Ph\237\210\012*\342s\020\021EA\355=\367"
 176      F250689F 
ARM GAS  /tmp/ccJiGz1r.s 			page 13


 176      880A2AE2 
 176      73101145 
 176      41ED3DF7 
 177 005c 515D4541 		.ascii	"Q]EA\353\354\217\255p\272\352\334\373\335\357\234{\316"
 177      EBEC8FAD 
 177      70BAEADC 
 177      FBDDEF9C 
 177      7BCE
 178 006e 7DE22D08 		.ascii	"}\342-\010B}\220 l\024\005\341\030\022\004\027<\336"
 178      427D9020 
 178      6C1405E1 
 178      18120417 
 178      3CDE
 179 0080 50761204 		.ascii	"Pv\022\004T\301!\260\207\224\325\022,H#\3109\220\026"
 179      54C121B0 
 179      8794D512 
 179      2C4823C8 
 179      399016
 180 0093 900BC2F0 		.ascii	"\220\013\302\360g=4\304\360\376\026\3442\310i^.r\216"
 180      673D34C4 
 180      F0FE16E4 
 180      32C8695E 
 180      2E728E
 181 00a6 91DAA441 		.ascii	"\221\332\244A\033\037\336\006\334\021\306r\333! \223"
 181      1B1FDE06 
 181      DC11C672 
 181      DB212093 
 182 00b6 A0EE2390 		.ascii	"\240\356#\220^\370\356\024\030\267\037\350\001 \376"
 182      5EF8EE14 
 182      18B71FE8 
 182      0120FE
 183 00c5 88F112BF 		.ascii	"\210\361\022\277\202\021\363y&\032\312\275\015t\035"
 183      8211F379 
 183      261ACABD 
 183      0D741D
 184 00d4 E796B93A 		.ascii	"\347\226\271:y\377\344\366\244O\037k\332\221'\343\177"
 184      79FFE4F6 
 184      A44F1F6B 
 184      DA9127E3 
 184      7F
 185 00e5 F00B71BF 		.ascii	"\360\013q\277D\036\237?q\177\376\242\341\315\341\234"
 185      441E9F3F 
 185      717FFEA2 
 185      E1CDE19C 
 186 00f5 5ABE29EF 		.ascii	"Z\276)\357\341$\361\236\3039M\032\316T\214r\007\006"
 186      E124F19E 
 186      C3394D1A 
 186      CE548C72 
 186      0706
 187 0107 7BF05A8C 		.ascii	"{\360Z\214\246\030\220\313\205\241\340\360\343\322W"
 187      A61890CB 
 187      85A1E0F0 
 187      E3D257
 188 0116 FEAC80D4 		.ascii	"\376\254\200\324\267\365\015\016\352\261H\277+\2237"
 188      B7F50D0E 
 188      EAB148BF 
 188      2B9337
ARM GAS  /tmp/ccJiGz1r.s 			page 14


 189 0125 1D1E352D 		.ascii	"\035\0365-_b\217\376\013\001\025!,\023U5\234\315\363"
 189      5F628FFE 
 189      0B011521 
 189      2C135535 
 189      9CCDF3
 190 0138 C3BFA7C0 		.ascii	"\303\277\247\300\323\256~G p\004\031\220\010\252\263"
 190      D3AE7E47 
 190      20700419 
 190      9008AAB3 
 191 0148 A731C317 		.ascii	"\2471\303\027\324\261\0064:\025\213\207\322_\277\016"
 191      D4B10634 
 191      3A158B87 
 191      D25FBF0E 
 192 0158 448650BB 		.ascii	"D\206P\273$%J\3116\311+T@\245h\002:\216&\010\250\034"
 192      24254AC9 
 192      36C92B54 
 192      40A56802 
 192      3A8E2608 
 193 016e 8512D3C5 		.ascii	"\205\022\323\305h\232\200\216A\341Q(\314#\346\034\367"
 193      689A808E 
 193      41E15128 
 193      CC23E61C 
 193      F7
 194 017f 8A3F2C95 		.ascii	"\212?,\225\244\321\250\014\031P\011\302\024\002\335"
 194      A4D1A80C 
 194      195009C2 
 194      1402DD
 195 018e 9A6260F6 		.ascii	"\232b`\366+S\332\272\0148\226\330\027\023\233\323\236"
 195      2B53DABA 
 195      0C3896D8 
 195      17139BD3 
 195      9E
 196 019f 79B450E9 		.ascii	"y\264P\351\321B\377\316\031\247VJ\222\210*\300\304\011"
 196      D142FFCE 
 196      19A7564A 
 196      92882AC0 
 196      C409
 197 01b1 C5045864 		.ascii	"\305\004Xd66\024\265\275\016\304\273\0215R\\P\365\306"
 197      363614B5 
 197      BD0EC4BB 
 197      1135525C 
 197      50F5C6
 198 01c4 E0C9C849 		.ascii	"\340\311\310I\317F\016\316\316\270(I\023\221\003\214"
 198      CF460ECE 
 198      CEB82849 
 198      1391038C 
 199 01d4 5429462A 		.ascii	"T)F*\250\021R\012\206\312NVT\371\266\243\033\0102\210"
 199      A811520A 
 199      86CA4E56 
 199      54F9B6A3 
 199      1B083288 
 200 01e8 46D31023 		.ascii	"F\323\020#\304~\341M\204\352.\371A\254\034JE\366\342"
 200      C47EE14D 
 200      84EA2EF9 
 200      41AC1C4A 
 200      45F6E2
 201 01fb 50A2C84D 		.ascii	"P\242\310M\220\273D\344\034\242\314K\3778\001R\263\262"
ARM GAS  /tmp/ccJiGz1r.s 			page 15


 201      90BB44E4 
 201      1CA2CC4B 
 201      FF380152 
 201      B3B2
 202 020d 7A664E7E 		.ascii	"zfN~\330\370b\037\252v\254HT\214\251\232\014\363UpW"
 202      D8F8621F 
 202      AA76AC48 
 202      548CA99A 
 202      0CF35570 
 203 0222 BB9D523A 		.ascii	"\273\235R:\211\370\210*\354l_'v\240\233P\373\017AH\326"
 203      89F8882A 
 203      EC6C5F27 
 203      76A09B50 
 203      FB0F4148 
 204 0237 C7D0B1B5 		.ascii	"\307\320\261\265\352Hw\273\027n\2469@\371\353\\\251"
 204      EA4877BB 
 204      176EA639 
 204      40F9EB5C 
 204      A9
 205 0248 5EE33793 		.ascii	"^\3437\223\300B\006F\213\350\333q\356\034\010\3504\032"
 205      C0420646 
 205      8BE8DB71 
 205      EE1C08E8 
 205      341A
 206 025a 0FBF713A 		.ascii	"\017\277q:>@\256\333^\372O\312\222\262:$\207\253l\372"
 206      3E40AEDB 
 206      5EFA4FCA 
 206      92B23A24 
 206      87AB6CFA 
 207 026e BD639204 		.ascii	"\275c\222\004\311\226t\004\206N)\2118E\3064\252A\035"
 207      C9967404 
 207      864E2989 
 207      3845C634 
 207      AA411D
 208 0281 0855A376 		.ascii	"\010U\243v0^\213&As[\376\2655^\370\005\263\373\270u"
 208      305E8B26 
 208      41735BFE 
 208      B5355EF8 
 208      05B3FBB8 
 209 0296 E56AAC13 		.ascii	"\345j\254\023Y\276\210\005(\253\356l\272\240\363\350"
 209      59BE8805 
 209      28ABEE6C 
 209      BAA0F3E8 
 210 02a6 CB59EA4B 		.ascii	"\313Y\352K\035\342\316\024v\034\272\356\005\316t\200"
 210      1DE2CE14 
 210      761CBAEE 
 210      05CE7480 
 211 02b6 33B77F9B 		.ascii	"3\267\177\233.9\022%2\360\000\205\316(\256\234\321\272"
 211      2E391225 
 211      32F00085 
 211      CE28AE9C 
 211      D1BA
 212 02c8 524F5D39 		.ascii	"RO]9;x$\000\333\330\234\314\254{\350\014\340D\316\337"
 212      3B782400 
 212      DBD89CCC 
 212      AC7BE80C 
 212      E044CEDF 
ARM GAS  /tmp/ccJiGz1r.s 			page 16


 213 02dc B989489F 		.ascii	"\271\211H\237\032\024\242\006-Q#%\332x\264?\323\013"
 213      1A14A206 
 213      2D512325 
 213      DA78B43F 
 213      D30B
 214 02ee 6F604CDB 		.ascii	"o`L\333\006\253S\0039S\365\007C\\jR\230\232\264L\347"
 214      06AB5303 
 214      3953F507 
 214      435C6A52 
 214      989AB44C 
 215 0303 28537E5F 		.ascii	"(S~_\363\021\177\234\316\2306\374RzR\257\216\004\011"
 215      F3117F9C 
 215      CE9836FC 
 215      527A52AF 
 215      8E0409
 216 0316 92128AE6 		.ascii	"\222\022\212\346!i\351~\221\327'G\2426s\\\266M\332+"
 216      2169E97E 
 216      91D72747 
 216      A236735C 
 216      B64DDA2B 
 217 032a 91E90128 		.ascii	"\221\351\001(t^\261{^k\267\205\332}\272\356IV \316e"
 217      745EB17B 
 217      5E6BB785 
 217      DA7DBAEE 
 217      495620CE 
 218 033f 765D4F0F 		.ascii	"v]O\017]\246T0\315\316\237\013>Tp_\262\033\3500@N\205"
 218      5DA65430 
 218      CDCE9F0B 
 218      3E54705F 
 218      B21BE830 
 219 0356 C9C9D72C 		.ascii	"\311\311\327,t\2012\264$\025\354\300l\255\322\021\302"
 219      748132B4 
 219      2415ECC0 
 219      6CADD211 
 219      C2
 220 0367 A6F43B01 		.ascii	"\246\364;\001l\255\232H\302\373zp[\200\337\0322\305"
 220      6CAD9A48 
 220      C2FB7A70 
 220      5B80DF1A 
 220      32C5
 221 0379 B36C92CF 		.ascii	"\263l\222\317\027\224\354\022t\345\"\355\312e\344G\251"
 221      1794EC12 
 221      74E522ED 
 221      CA65E447 
 221      A9
 222 038a E00DE092 		.ascii	"\340\015\340\222[iU>\214\352*\361'\275\274\257\336\213"
 222      5B69553E 
 222      8CEA2AF1 
 222      27BDBCAF 
 222      DE8B
 223 039c E97A52DD 		.ascii	"\351zR\335}\240\304\237Q;H\365\205\256\354$?V\335L\364"
 223      7DA0C49F 
 223      513B48F5 
 223      85AEEC24 
 223      3F56DD4C 
 224 03b1 9ACB677A 		.ascii	"\232\313gzt\270\213\365\345F\335\276\003\304\255\020"
 224      74B88BF5 
ARM GAS  /tmp/ccJiGz1r.s 			page 17


 224      E546DDBE 
 224      03C4AD10 
 225 03c1 B22EBB5C 		.ascii	"\262.\273\\\201\252\2259\204\255\314\316\015\275\273"
 225      81AA9539 
 225      84ADCCCE 
 225      0DBDBB
 226 03d0 47E1C714 		.ascii	"G\341\307\024.\266\267\016^\017\220\027#\352\251\340"
 226      2EB6B70E 
 226      5E0F9017 
 226      23EAA9E0 
 227 03e0 76136216 		.ascii	"v\023b\026J\032\321\305\350\006\024^W\326\324\027!)"
 227      4A1AD1C5 
 227      E806145E 
 227      57D6D417 
 227      2129
 228 03f2 AB4896DB 		.ascii	"\253H\226\333!C7\225\030\205\360\005o\337\356\224]\336"
 228      21433795 
 228      1885F005 
 228      6FDFEE94 
 228      5DDE
 229 0404 B89FD928 		.ascii	"\270\237\331(\337~\367\264\350\311\306\035\2176\372"
 229      DF7EF7B4 
 229      E8C9C61D 
 229      8F36FA
 230 0413 774EAAA5 		.ascii	"wN\252\245\253\352m\260qK\261\321.\257\252[\235\205"
 230      ABEA6DB0 
 230      714BB1D1 
 230      2EAFAA5B 
 230      9D85
 231 0425 F30C406A 		.ascii	"\363\014@j\373U\244\320\240\261q\260\311\013K\230\206"
 231      FB55A4D0 
 231      A0B171B0 
 231      C90B4B98 
 231      86
 232 0436 61EDE9A2 		.ascii	"a\355\351\242Z\236\277:\242\247\226\325\224\373b\033"
 232      5A9EBF3A 
 232      A2A796D5 
 232      94FB621B 
 233 0446 ABBCB3E6 		.ascii	"\253\274\263\346v\2157\2663E\216\177\020\217\177f\333"
 233      768D37B6 
 233      33458E7F 
 233      108F7F66 
 233      DB
 234 0457 F37A84D7 		.ascii	"\363z\204\327\261\312\362\222\023\265<W\323U[V\020\335"
 234      B1CAF292 
 234      13B53C57 
 234      D3555B56 
 234      10DD
 235 0469 B25071D7 		.ascii	"\262Pq\327\331Z\003K\235\204@\257p^\377\014\247\260"
 235      D95A034B 
 235      9D8440AF 
 235      705EFF0C 
 235      A7B0
 236 047b 96D5BD05 		.ascii	"\226\325\275\005{x\032\311\376\331\221\\\343\012$\335"
 236      7B781AC9 
 236      FED9915C 
 236      E30A24DD 
ARM GAS  /tmp/ccJiGz1r.s 			page 18


 237 048b 91F88881 		.ascii	"\221\370\210\201re\300\364\220N#\343\004\364\204u\345"
 237      7265C0F4 
 237      904E23E3 
 237      04F48475 
 237      E5
 238 049c 7972C15F 		.ascii	"yr\301_\203\222\351L\221\244\317t4F\277\000\3721E?E"
 238      8392E94C 
 238      91A4CF74 
 238      3446BF00 
 238      FA31453F 
 239 04b1 41721B02 		.ascii	"Ar\033\002^q+\367f\200\032\335\371.\364\241\234\334"
 239      5E712BF7 
 239      66801ADD 
 239      F92EF4A1 
 239      9CDC
 240 04c3 2D069CC6 		.ascii	"-\006\234\306\234\334\376\354\306\003>4CA\315{Qn\323"
 240      9CDCFEEC 
 240      C6033E34 
 240      4341CD7B 
 240      516ED3
 241 04d6 E36DAC6E 		.ascii	"\343m\254nSeF\323(\234\301\024y\374\007\261\361\237"
 241      536546D3 
 241      289CC114 
 241      79FC07B1 
 241      F19F
 242 04e8 78E5739C 		.ascii	"x\345s\234\315j\252R6\336@8\227)\335Iw;x|\306\203\232"
 242      CD6AAA52 
 242      36DE4038 
 242      9729DD49 
 242      773B787C 
 243 04ff D6F02804 		.ascii	"\326\360(\004\357gUo\353jBp\001\373\256-\336\273\007"
 243      EF67556F 
 243      EB6A4270 
 243      01FBAE2D 
 243      DEBB07
 244 0512 E162A6F4 		.ascii	"\341b\246\364\246\327>2\3402\246d9w\034\327\343\012"
 244      A6D73E32 
 244      E032A664 
 244      39771CD7 
 244      E30A
 245 0524 A6E4BDDC 		.ascii	"\246\344\275\334\014g\207j\246\\,\275d\367\305g\230"
 245      0C67876A 
 245      A65C2CBD 
 245      64F7C567 
 245      98
 246 0535 622F2CDC 		.ascii	"b/,\334\352\213\033\230\222X\336\232\302\217\025\035"
 246      EA8B1B98 
 246      9258DE9A 
 246      C28F151D 
 247 0545 44EFCCED 		.ascii	"D\357\314\355\314\362\341Y\361\006}\215\263\261\037"
 247      CCF2E159 
 247      F1067D8D 
 247      B3B11F
 248 0554 E1F30C9C 		.ascii	"\341\363\014\234\322\323\273\311\333c\036~\022y\036"
 248      D2D3BBC9 
 248      DB631E7E 
 248      12791E
ARM GAS  /tmp/ccJiGz1r.s 			page 19


 249 0563 A6D33494 		.ascii	"\246\3234\224\024\345<\321k\363\320\012\350\253\024"
 249      14E53CD1 
 249      6BF3D00A 
 249      E8AB14
 250 0572 BD4A0C92 		.ascii	"\275J\014\222\333\020\364\251S\025o\2206\017\236\320"
 250      DB10F4A9 
 250      53156F90 
 250      360F9ED0 
 251 0582 E31CABB2 		.ascii	"\343\034\253\262V\372\242`\366\214\011\226\237P\362"
 251      56FAA260 
 251      F68C0996 
 251      9F50F2
 252 0591 B34B4AB2 		.ascii	"\263KJ\262\301,\034\010\266\347\374\274^\312\252F\224"
 252      C12C1C08 
 252      B6E7FCBC 
 252      5ECAAA46 
 252      94
 253 05a2 EA394C92 		.ascii	"\3529L\222dq\2142\017\372(\357%\362+\260&\267\177\204"
 253      64718C32 
 253      0FFA28EF 
 253      25F22BB0 
 253      26B77F84 
 254 05b6 053A0953 		.ascii	"\005:\011S\370k-|\200\302\303\024t\265\012-\211\032"
 254      F86B2D7C 
 254      80C2C314 
 254      74B50A2D 
 254      891A
 255 05c8 F4D521E8 		.ascii	"\364\325!\350\025\222\343\232\035\257\240\360^\024\204"
 255      1592E39A 
 255      1DAFA0F0 
 255      5E1484
 256 05d7 BA39B93C 		.ascii	"\2729\271<\314\320\243a\276\324\253\330]Z_\256\016\203"
 256      CCD0A361 
 256      BED4ABD8 
 256      5D5A5FAE 
 256      0E83
 257 05e9 3B55F0B7 		.ascii	";U\360\267Z\370c\255\353\275v\254\300\357i\341]*\366"
 257      5AF863AD 
 257      EBBD76AC 
 257      C0EF69E1 
 257      5D2AF6
 258 05fc 149E0F09 		.ascii	"\024\236\017\011\366X\224$N@6\221T\022<, (]\014E\251"
 258      F6589424 
 258      4E403691 
 258      54123C2C 
 258      20285D0C 
 259 0612 62304A01 		.ascii	"b0J\001Y\013\262\036\344g\220\035 k@6\202l\006I\003"
 259      590BB21E 
 259      E467901D 
 259      206B4036 
 259      826C0649 
 260 0627 D909B21A 		.ascii	"\331\011\262\032$\003d\035\310V\220M \033@\266\203l"
 260      2403641D 
 260      C856904D 
 260      201B40B6 
 260      836C
 261 0639 01D92606 		.ascii	"\001\331&\006\323m\204\2719\360\037\305\313\025\332"
ARM GAS  /tmp/ccJiGz1r.s 			page 20


 261      D36D84B9 
 261      39F01FC5 
 261      CB15DA
 262 0648 081BB521 		.ascii	"\010\033\265!x\250\012\301\340\310\331\033\002W\307"
 262      78A80AC1 
 262      E0C8D91B 
 262      0257C7
 263 0657 E0FEC831 		.ascii	"\340\376\3101P\207L\345K\342\210\276\250\300\003*W^"
 263      50874CE5 
 263      4BE288BE 
 263      A8C0032A 
 263      575E
 264 0669 6AA9FB87 		.ascii	"j\251\373\207\271\322\253\202\277\032\031\256\036w\253"
 264      B9D2AB82 
 264      BF1A19AE 
 264      1E77AB
 265 0678 558EB769 		.ascii	"U\216\267i\341\327\206\217juG\037j\361\017\206\342a"
 265      E1D7868F 
 265      6A75471F 
 265      6AF10F86 
 265      E261
 266 068a 8CD6AFE6 		.ascii	"\214\326\257\346#\325.\006\241\225\274\253\362DDW\024"
 266      23D52E06 
 266      A195BCAB 
 266      F2444457 
 266      14
 267 069b 77D84ED4 		.ascii	"w\330N\324\3756h\005\014\017\202\022\370.\244d\360\255"
 267      FD366805 
 267      0C0F8212 
 267      F82EA464 
 267      F0AD
 268 06ad 1D97C291 		.ascii	"\035\227\302\221p\26575~wdgU}\273\246\212\304\233\221"
 268      70B53735 
 268      7E776467 
 268      557DBBA6 
 268      8AC49B91 
 269 06c1 87F19051 		.ascii	"\207\361\220Q\257\356\3323-\376\321\260\310\251\341"
 269      AFEEDA33 
 269      2DFED1B0 
 269      C8A9E1
 270 06d0 2F465E0F 		.ascii	"/F^\017(\234\034\025\032/\357\015\300v\035\335\244\213"
 270      289C1C15 
 270      1A2FEF0D 
 270      C0761DDD 
 270      A48B
 271 06e2 ECADF981 		.ascii	"\354\255\371\201(t\014\353\361\345\325\330Fz\234\015"
 271      28740CEB 
 271      F1E5D5D8 
 271      467A9C0D 
 272 06f2 AD3345F7 		.ascii	"\2553E\367\326K\002\340a\302\240,\230'\377\3579Cn8U"
 272      D64B02E0 
 272      61C2A02C 
 272      9827FFEF 
 272      39436E38 
 273 0707 D9253AF5 		.ascii	"\331%:\365\301*[\325A\001\355\022\331\301\012\336\000"
 273      C12A5BD5 
 273      4101ED12 
ARM GAS  /tmp/ccJiGz1r.s 			page 21


 273      D9C10ADE 
 273      00
 274 0718 CE3EDA97 		.ascii	"\316>\332\227\356\217Si\017\221\324v\334\351\007\247"
 274      EE8F5369 
 274      0F91D476 
 274      DCE907A7 
 275 0728 3C470739 		.ascii	"<G\0079\345\315.\275z_\222\200'\011\351\350Y5G\351&"
 275      E5CD2EBD 
 275      7A5F9280 
 275      2709E9E8 
 275      593547E9 
 276 073d 7C0E3D33 		.ascii	"|\016=3\356\026\311\211/\251m\353\031\037\274\207\261"
 276      EE16C989 
 276      2FA96DEB 
 276      191FBC87 
 276      B1
 277 074e E53C2CAD 		.ascii	"\345<,\255\341\373\276?\250\327w\245\346\352\330\226"
 277      E1FBBE3F 
 277      A8D777A5 
 277      E6EAD896 
 278 075e 729F5467 		.ascii	"r\237Tg7=\333l\300E\014;x?\265\0251,\361\252\253,\365"
 278      373DDB6C 
 278      C0450C3B 
 278      783FB515 
 278      312CF1AA 
 279 0775 94C1E30E 		.ascii	"\224\301\343\016\263_\336a\366\211t\213\271\364\262"
 279      B35FDE61 
 279      F689748B 
 279      B9F4B2
 280 0784 62C00F57 		.ascii	"b\300\017WR&]\276m\177\217\016\205N@\000G\206<\371F"
 280      52265DBE 
 280      6D7F8F0E 
 280      854E4000 
 280      47863CF9 
 281 0799 2DA0C3A2 		.ascii	"-\240\303\242\001\035\020\261|AO\227\200\276\347GR\014"
 281      011D10B1 
 281      7C414F97 
 281      80BEE747 
 281      520C
 282 07ab DF7AFAA6 		.ascii	"\337z\372\246\307/)G\302\343\0054\223n`(\037\362t\230"
 282      C72F2947 
 282      C2E30534 
 282      936E6028 
 282      1FF27498 
 283 07bf DA3B0469 		.ascii	"\332;\004i<\310\014JR\363\023/e\227B\224{"
 283      3CC80C4A 
 283      52F3132F 
 283      65974294 
 283      7B
 284 07d0 0FD4E7D1 		.ascii	"\017\324\347\321u\261\200\356R\373\345=\255pG\335+\037"
 284      75B180EE 
 284      52FBE53D 
 284      AD7047DD 
 284      2B1F
 285 07e2 03E7B6BF 		.ascii	"\003\347\266\277\217\333\265e\307\323Qj\356\302wq\347"
 285      8FDBB565 
 285      C7D3516A 
ARM GAS  /tmp/ccJiGz1r.s 			page 22


 285      EEC27771 
 285      E7
 286 07f3 DE3EAD9B 		.ascii	"\336>\255\233\234#5;\310\305k\326\266<\311^\000}9\002"
 286      9C23353B 
 286      C8C56BD6 
 286      B63CC95E 
 286      007D3902 
 287 0807 73762F24 		.ascii	"sv/$\013\3564\252\246\271P\362OQ@G\305\311\344\277\017"
 287      0BEE34AA 
 287      A6B950F2 
 287      4F514047 
 287      C5C9E4BF 
 288 081c AED22C7F 		.ascii	"\256\322,\177\\\303\302\177\27081\323\340N\374\037\312"
 288      5CC3C27F 
 288      B83831D3 
 288      E04EFC1F 
 288      CA
 289 082d 558927A7 		.ascii	"U\211'\247\362cJ\342\217i\023_D\023_\365`w\272\016_"
 289      F2634AE2 
 289      8F69135F 
 289      44135FF5 
 289      6077BA0E 
 290 0842 626C6B9F 		.ascii	"blk\237V\265\370p\266\201\331\354\272\223\315\256;\305"
 290      56B5F870 
 290      B681D9EC 
 290      BA93CDAE 
 290      3BC5
 291 0854 0A53B196 		.ascii	"\012S\261\226\251\2042\265\224=>\340\207\273\030\323"
 291      A98432B5 
 291      943D3EE0 
 291      87BB18D3 
 292 0864 95D6A452 		.ascii	"\225\326\244R>,|U\267\200\261\374\026\360\246\247\371"
 292      3E2C7C55 
 292      B780B1FC 
 292      16F0A6A7 
 292      F9
 293 0875 0D3F1F92 		.ascii	"\015?\037\222\253\375`\335O\231\310\343\2509!\217\232"
 293      ABFD60DD 
 293      4F99C8E3 
 293      A839218F 
 293      9A
 294 0886 7216E8CA 		.ascii	"r\026\350\312\006gk\2006\211e\020\255R\032\255\012\032"
 294      06676B80 
 294      36896510 
 294      AD521AAD 
 294      0A1A
 295 0898 E81372A0 		.ascii	"\350\023r\240/\336\\g\322f\305#\270'\375`\207\217;-"
 295      2FDE5C67 
 295      D266C523 
 295      B827FD60 
 295      878F3B2D 
 296 08ac A1193C2D 		.ascii	"\241\031<-\225<-p\257S\265=\316\323RE\323R\274%\355"
 296      953C2D70 
 296      AF53B53D 
 296      CED35245 
 296      D352BC25 
 297 08c1 CFB88FF5 		.ascii	"\317\270\217\365~K\365\246~\275\222\225\312^%+\344\012"
ARM GAS  /tmp/ccJiGz1r.s 			page 23


 297      7E4BF5A6 
 297      7EBD9295 
 297      CA5E252B 
 297      E40A
 298 08d3 E75062E9 		.ascii	"\347Pb\351\320\306\362$\215\345\3765O\033\375\361J/"
 298      D0C6F224 
 298      8DE5FE35 
 298      4F1BFDF1 
 298      4A2F
 299 08e5 F69FA3E3 		.ascii	"\366\237\243\343-{|\025\24725N\265\014q\252\232;U#N"
 299      2D7B7C15 
 299      A732354E 
 299      B50C71AA 
 299      9A3B5523 
 300 08fa 163E9866 		.ascii	"\026>\230f4EE\177\027\375\365\"\343\322\004cTx\2141"
 300      3445457F 
 300      17FDF522 
 300      E3D20463 
 300      54788C31 
 301 090e 213E82BC 		.ascii	"!>\202\274-\011\326i\021\372\371_\375m\242),L0X,\313"
 301      2D09D669 
 301      11FAF95F 
 301      FD6DA229 
 301      2C4C3058 
 302 0924 A3E3AC61 		.ascii	"\243\343\254a\237X\254\263\214\313\023\342\215\341\361"
 302      9F58ACB3 
 302      8CCB13E2 
 302      8DE1F1
 303 0933 B153E396 		.ascii	"\261S\343\226\306EN\215\014\377.\232\226D\307E\304,"
 303      C6454E8D 
 303      0CFF2E9A 
 303      9644C745 
 303      C42C
 304 0945 5F12698C 		.ascii	"_\022i\214\015\217\210\212\216\2134Z\226D~\037\276<"
 304      0D8F888A 
 304      8E8B345A 
 304      96447E1F 
 304      BE3C
 305 0957 C66AB1FE 		.ascii	"\306j\261\376\260,2aZ\224\240\227\031\246\276\207!\341"
 305      B02C3261 
 305      5A94A097 
 305      19A6BE87 
 305      21E1
 306 0969 87042398 		.ascii	"\207\004#\230_\002ph\346\003\2525:6\322b\375h\210\257"
 306      5F027068 
 306      E603AA35 
 306      3A36D262 
 306      FD6888AF 
 307 097d F1567783 		.ascii	"\361Vw\203\210(\002\000\254w\202uA\\\264\365\303wvJ"
 307      88280200 
 307      AC778275 
 307      415CB4F5 
 307      C377764A 
 308 0991 F04BB02E 		.ascii	"\360K\260.\262\206\307[\347\304\200\017\276DY\272\214"
 308      B286C75B 
 308      E7C4800F 
 308      BE4459BA 
ARM GAS  /tmp/ccJiGz1r.s 			page 24


 308      8C
 309 09a2 7E1BE03B 		.ascii	"~\033\340;\322*\177\316\217t#,11K,\321\300\374\307a"
 309      D22A7FCE 
 309      8F74232C 
 309      31314B2C 
 309      D1C0FCC7 
 310 09b7 CCCB96C6 		.ascii	"\314\313\226\306[\023\214\213\026/\2349\303\370\345"
 310      5B138C8B 
 310      162F9C39 
 310      C3F8E5
 311 09c6 97738D8B 		.ascii	"\227s\215\213\027,\374w\030\267E\232\201W^&\323B\363"
 311      172CFC77 
 311      18B7459A 
 311      81575E26 
 311      D342F3
 312 09d9 4C1EC299 		.ascii	"L\036\302\2313,V\275\374!~m\326\315]8\307\214\347\232"
 312      332C56BD 
 312      FC217E6D 
 312      D6CD5D38 
 312      C78CE79A 
 313 09ed CCBACFE7 		.ascii	"\314\272\317\347.6c\223\311\214\315 s\314f\374\315\""
 313      2E366393 
 313      C98CCD20 
 313      73CC66FC 
 313      CD22
 314 09ff 13367DB5 		.ascii	"\0236}\265Xg2\3153S\216\031\3647\014\317\233o\026\027"
 314      586732CD 
 314      33538E19 
 314      F4370CCF 
 314      9B6F1617 
 315 0a13 41CB05F3 		.ascii	"A\313\005\363\314\272E\013\001m2\317\000\011\003\344"
 315      CCBA450B 
 315      016D32CF 
 315      000903E4 
 316 0a23 DFCD337F 		.ascii	"\337\3153\177\245\213\011\326X\342Bt,x\350\353V,\326"
 316      A58B09D6 
 316      58E24274 
 316      2C78E8EB 
 316      562CD6
 317 0a36 20DEDD04 		.ascii	" \336\335\004\022\"K8\211\200\277\305\362\375\362\270"
 317      12224B38 
 317      8980BFC5 
 317      F2FDF2B8 
 318 0a46 088B65DA 		.ascii	"\010\213e\332'\237N\237\245\2275]DTx\374o\334\360\245"
 318      279F4E9F 
 318      A597355D 
 318      445478FC 
 318      6FDCF0A5 
 319 0a5a CB187AB4 		.ascii	"\313\030z\264\\\0229B\363\260\217\345\352\177\215X\375"
 319      5C123942 
 319      F3B08FE5 
 319      EA7F8D58 
 319      FD
 320 0a6b E97F01C0 		.ascii	"\351\177\001\300\300H<"
 320      C0483C
 321              		.text
 322              		.section	.gnu.lto_.symtab.ac6038b6a0376596,"",%progbits
ARM GAS  /tmp/ccJiGz1r.s 			page 25


 323 0000 7374496E 		.ascii	"stInit\000"
 323      697400
 324 0007 00       		.ascii	"\000"
 325 0008 00       		.ascii	"\000"
 326 0009 00       		.ascii	"\000"
 327 000a 00000000 		.ascii	"\000\000\000\000\000\000\000\000"
 327      00000000 
 328 0012 C6000000 		.ascii	"\306\000\000\000"
 329 0016 73745374 		.ascii	"stStartAlarm\000"
 329      61727441 
 329      6C61726D 
 329      00
 330 0023 00       		.ascii	"\000"
 331 0024 00       		.ascii	"\000"
 332 0025 00       		.ascii	"\000"
 333 0026 00000000 		.ascii	"\000\000\000\000\000\000\000\000"
 333      00000000 
 334 002e CA000000 		.ascii	"\312\000\000\000"
 335 0032 73745374 		.ascii	"stStopAlarm\000"
 335      6F70416C 
 335      61726D00 
 336 003e 00       		.ascii	"\000"
 337 003f 00       		.ascii	"\000"
 338 0040 00       		.ascii	"\000"
 339 0041 00000000 		.ascii	"\000\000\000\000\000\000\000\000"
 339      00000000 
 340 0049 CC000000 		.ascii	"\314\000\000\000"
 341 004d 73745365 		.ascii	"stSetAlarm\000"
 341      74416C61 
 341      726D00
 342 0058 00       		.ascii	"\000"
 343 0059 00       		.ascii	"\000"
 344 005a 00       		.ascii	"\000"
 345 005b 00000000 		.ascii	"\000\000\000\000\000\000\000\000"
 345      00000000 
 346 0063 CE000000 		.ascii	"\316\000\000\000"
 347 0067 73744765 		.ascii	"stGetAlarm\000"
 347      74416C61 
 347      726D00
 348 0072 00       		.ascii	"\000"
 349 0073 00       		.ascii	"\000"
 350 0074 00       		.ascii	"\000"
 351 0075 00000000 		.ascii	"\000\000\000\000\000\000\000\000"
 351      00000000 
 352 007d D1000000 		.ascii	"\321\000\000\000"
 353 0081 73745F6C 		.ascii	"st_lld_init\000"
 353      6C645F69 
 353      6E697400 
 354 008d 00       		.ascii	"\000"
 355 008e 02       		.ascii	"\002"
 356 008f 00       		.ascii	"\000"
 357 0090 00000000 		.ascii	"\000\000\000\000\000\000\000\000"
 357      00000000 
 358 0098 D3000000 		.ascii	"\323\000\000\000"
 359              		.text
 360              		.section	.gnu.lto_.opts,"",%progbits
 361 0000 272D666D 		.ascii	"'-fmath-errno' '-fsigned-zeros' '-ftrapping-math' '"
ARM GAS  /tmp/ccJiGz1r.s 			page 26


 361      6174682D 
 361      6572726E 
 361      6F272027 
 361      2D667369 
 362 0033 2D666E6F 		.ascii	"-fno-trapv' '-fno-openmp' '-fno-openacc' '-mcpu=cor"
 362      2D747261 
 362      70762720 
 362      272D666E 
 362      6F2D6F70 
 363 0066 7465782D 		.ascii	"tex-m3' '-mthumb' '-O2' '-fomit-frame-pointer' '-fa"
 363      6D332720 
 363      272D6D74 
 363      68756D62 
 363      2720272D 
 364 0099 6C69676E 		.ascii	"lign-functions=16' '-ffunction-sections' '-fdata-se"
 364      2D66756E 
 364      6374696F 
 364      6E733D31 
 364      36272027 
 365 00cc 6374696F 		.ascii	"ctions' '-fno-common' '-flto'\000"
 365      6E732720 
 365      272D666E 
 365      6F2D636F 
 365      6D6D6F6E 
 366              		.text
 367              		.comm	__gnu_lto_v1,1,1
 368              		.comm	__gnu_lto_slim,1,1
 369              		.ident	"GCC: (GNU) 7.3.0"
ARM GAS  /tmp/ccJiGz1r.s 			page 27


DEFINED SYMBOLS
                            *ABS*:0000000000000000 hal_st.c
                            *COM*:0000000000000001 __gnu_lto_v1
                            *COM*:0000000000000001 __gnu_lto_slim

NO UNDEFINED SYMBOLS
