ARM GAS  /tmp/ccCuAX4u.s 			page 1


   1              		.cpu cortex-m3
   2              		.eabi_attribute 20, 1
   3              		.eabi_attribute 21, 1
   4              		.eabi_attribute 23, 3
   5              		.eabi_attribute 24, 1
   6              		.eabi_attribute 25, 1
   7              		.eabi_attribute 26, 1
   8              		.eabi_attribute 30, 2
   9              		.eabi_attribute 34, 1
  10              		.eabi_attribute 18, 4
  11              		.file	"hal_st_lld.c"
  12              		.section	.gnu.lto_.profile.7334592050e2d54a,"",%progbits
  13 0000 789C6363 		.ascii	"x\234cc```\001bF\006+Y\000\001\011\000c"
  13      60606001 
  13      6246062B 
  13      59000109 
  13      0063
  14              		.text
  15              		.section	.gnu.lto_.icf.7334592050e2d54a,"",%progbits
  16 0000 789C6363 		.ascii	"x\234cc``\340e@\000&\206}\363\217Lbb\374\263\340l5\003"
  16      6060E065 
  16      40002686 
  16      7DF38F4C 
  16      6262FCB3 
  17 0018 0026DB05 		.ascii	"\000&\333\005\260"
  17      B0
  18              		.text
  19              		.section	.gnu.lto_.jmpfuncs.7334592050e2d54a,"",%progbits
  20 0000 789C6363 		.ascii	"x\234cc``\360d@\000&0\311\310\300\300\3028\205\231\361"
  20      6060F064 
  20      40002630 
  20      C9C8C0C0 
  20      C2388599 
  21 0015 E9C9C96D 		.ascii	"\351\311\311m<\335\314s\230\031\030e\03073\31200\036"
  21      3CDDCC73 
  21      98191865 
  21      183733CA 
  21      30301E
  22 0028 60619401 		.ascii	"`a\224\001b\240\022\240t\327\257\353}\034\020i\016\306"
  22      62A012A0 
  22      74D7AFEB 
  22      7D1C1069 
  22      0EC6
  23 003a 2D50690E 		.ascii	"-Pi\016\2604\003\000!Q\016\252"
  23      B0340300 
  23      21510EAA 
  24              		.text
  25              		.section	.gnu.lto_.inline.7334592050e2d54a,"",%progbits
  26 0000 789C6363 		.ascii	"x\234cc``\260b@\000&\006\006\036QF\006&\276+\376\014"
  26      6060B062 
  26      40002606 
  26      061E5146 
  26      0626BE2B 
  27 0016 6C0BE499 		.ascii	"l\013\344\231@b\214\\p\202AT\026()\267\341\025#\\\226"
  27      40628C5C 
  27      70824154 
  27      162829B7 
ARM GAS  /tmp/ccCuAX4u.s 			page 2


  27      E115235C 
  28 002b 9907AC8B 		.ascii	"\231\007\254\213\001\000\254\347\005<"
  28      0100ACE7 
  28      053C
  29              		.text
  30              		.section	.gnu.lto_.pureconst.7334592050e2d54a,"",%progbits
  31 0000 789C6363 		.ascii	"x\234cc```\003b&\206]\214\214R\000\003\261\000\345"
  31      60606003 
  31      6226865D 
  31      8C8C5200 
  31      03B100E5 
  32              		.text
  33              		.section	.gnu.lto_VectorB0.7334592050e2d54a,"",%progbits
  34 0000 789C8554 		.ascii	"x\234\205T[l\023G\024\275wg\375\210\035\002\237\010"
  34      5B6C1347 
  34      14BD7767 
  34      FD881D02 
  34      9F08
  35 0012 45AA831A 		.ascii	"E\252\203\032!$\344-\020\011\011\276\252\364'\022\026"
  35      2124E42D 
  35      100909BE 
  35      AAF42712 
  35      16
  36 0023 15E63F82 		.ascii	"\025\346?\202\305\324\226l\214\274\001\301W&\017\032"
  36      C5D4966C 
  36      8CBC01C1 
  36      57260F1A 
  37 0033 52505555 		.ascii	"RPUU\340\206\310M\334\242\266\360\021\236}\340\000a"
  37      E086C84D 
  37      DCA2B6F0 
  37      119E7DE0 
  37      0061
  38 0045 9B948667 		.ascii	"\233\224\206g\010\346\025\360\007-\210\204\320\010Q"
  38      08E615F0 
  38      072D8884 
  38      D00851
  39 0054 844A2B4A 		.ascii	"\204J+J\302\275\273\216\233\330\025\214\344\361\316"
  39      C2BDBB8E 
  39      9BD8158C 
  39      E4F1CE
  40 0063 9CFB3873 		.ascii	"\234\3738s\316\354:\001\340\035\007\200\013\001j\350"
  40      CEEC3A01 
  40      E01D0780 
  40      0B016AE8 
  41 0073 191D80CA 		.ascii	"\031\035\200\312gC\000MnE\021\303\225 =\252\271\024"
  41      6743004D 
  41      6E4511C3 
  41      95203DAA 
  41      B914
  42 0085 64B940D5 		.ascii	"d\271@\325\336V\021\371A\272\021\032\025\241b#\356\021"
  42      DE5611F9 
  42      41BA111A 
  42      15A16223 
  42      EE11
  43 0097 7B05F6B7 		.ascii	"{\005\366\267\215f\224\305\337I\032\346\027\317*\232"
  43      8D6694C5 
  43      DF491AE6 
ARM GAS  /tmp/ccCuAX4u.s 			page 3


  43      17CF2A9A 
  44 00a7 E4CEF929 		.ascii	"\344\316\371)\001\220\244\037\017<\201\213\201\302\356"
  44      0190A41F 
  44      0F3C818B 
  44      81C2EE
  45 00b6 1F9BDC37 		.ascii	"\037\233\3347\307\251\332\373\370=:\201\032\303\221"
  45      C7A9DAFB 
  45      F83D3A81 
  45      1AC391
  46 00c5 ACC39493 		.ascii	"\254\303\224\223Sm\322|~\000O\254\361 \244\004*<\001"
  46      536DD27C 
  46      7E004FAC 
  46      F120A404 
  46      2A3C01
  47 00d8 ECA2486A 		.ascii	"\354\242Hj(Mh\027\012?\265\230\360\030\373{\307\317"
  47      284D6817 
  47      0A3FB598 
  47      F018FB7B 
  47      C7CF
  48 00ea B779B940 		.ascii	"\267y\271@\247@\252\233\334\331\177\325\265[\244\204"
  48      A740AA9B 
  48      DCD97FD5 
  48      B55BA484 
  49 00fa 82DC66A8 		.ascii	"\202\334f\250\347\305S\217\275dF*m\245\277\034+KcW\023"
  49      E7C5538F 
  49      BD64462A 
  49      6DA5BF1C 
  49      2B4B6357 
  50 010f 2D7D2921 		.ascii	"-})!\360G\254\304\037\260\0228\274m\364\322p\205\326"
  50      F047ACC4 
  50      1FB01238 
  50      BC6DF4D2 
  50      7085D6
  51 0122 235B9B18 		.ascii	"#[\233\030S\361'L\343>\2139\236D\215\332\265\374\373"
  51      53F1274C 
  51      E33E8B39 
  51      9E448DDA 
  51      B5FCFB
  52 0135 F17E97DD 		.ascii	"\361~\227\335M\261\033\236\233za\316\345\016\210\012"
  52      4DB11B9E 
  52      9B7A61CE 
  52      E50E880A 
  53 0145 66A8CE43 		.ascii	"f\250\316Cl\315\015\324\344c(\340\310D\346\2379v\000"
  53      6CCD0DD4 
  53      E46328E0 
  53      C844E69F 
  53      397600
  54 0158 602F37A2 		.ascii	"`/7\242\321.\004\014W\332'x\376\350\302\240u\202\331"
  54      D12E040C 
  54      57DA2778 
  54      FEE8C2A0 
  54      7582D9
  55 016b E4D2DFF2 		.ascii	"\344\322\337\362\351\337\314\357\324\177\374N\2436\363"
  55      E9DFCCEF 
  55      D47FFC4E 
  55      A336F3
  56 017a F82A353B 		.ascii	"\370*5;CY\243$\037\355_k=\232\022\274\357@\326\340\317"
ARM GAS  /tmp/ccCuAX4u.s 			page 4


  56      4359A324 
  56      1FED5F6B 
  56      3D9A12BC 
  56      EF40D6E0 
  57 018f 2B9D0F2A 		.ascii	"+\235\017*x\351D\037-\277\271\230=\353\025+,\305\016"
  57      78E9441F 
  57      2DBFB998 
  57      3DEB152B 
  57      2CC50E
  58 01a2 1DFEAAA3 		.ascii	"\035\376\252\243\274\372\200\224\315\322\234\032\364"
  58      BCFA8094 
  58      CDD29C1A 
  58      F4
  59 01af EF1F7924 		.ascii	"\357\037y$\345\347\022S\302\205&\012\262\013\317\022"
  59      E5E71253 
  59      C285260A 
  59      B20BCF12 
  60 01bf A1BEFC39 		.ascii	"\241\276\3749\360g\254f^\343\362\214\312\365\\\350\303"
  60      F067AC66 
  60      5EE3F28C 
  60      CAF55CE8 
  60      C3
  61 01d0 7EC2FEC0 		.ascii	"~\302\376\300\346\373/?\355\275\207\005\253[\355\033"
  61      E6FB2F3F 
  61      EDBD8705 
  61      AB5BED1B 
  62 01e0 919CEBB0 		.ascii	"\221\234\353\260\354N\012\204\"\354vO\315':\340\000"
  62      EC4E0A84 
  62      22EC764F 
  62      CD273AE0 
  62      00
  63 01f1 834A3198 		.ascii	"\203J1\230\313,\211\000\376\302\230(\306^\216-\\\000"
  63      CB2C8900 
  63      FEC29828 
  63      C65E8E2D 
  63      5C00
  64 0203 788E31B5 		.ascii	"x\2161\265\030\313\222\356\304\021\360W\206\0353\257"
  64      18CB92EE 
  64      C411F057 
  64      861D33AF 
  65 0213 1E0EA213 		.ascii	"\036\016\242\023\317\363\315\243\211\344\202\011f\373"
  65      CFF3CDA3 
  65      89E48209 
  65      66FB
  66 0221 75F7F1BF 		.ascii	"u\367\361\277=U\257\260[v\220\304nN\350ypJ\272U\205"
  66      3D55AFB0 
  66      5B7690C4 
  66      6E4EE879 
  66      704ABA55 
  67 0236 4E7B01AB 		.ascii	"N{\001\253,\037\236N\334\310)\264\203\027Q\265\316\013"
  67      2C1F9E4E 
  67      DCC829B4 
  67      831751B5 
  67      CE0B
  68 0248 78C912F6 		.ascii	"x\311\022\366`\337\300\303\362*\251\330\331e\034\373"
  68      60DFC0C3 
  68      F22AA9D8 
ARM GAS  /tmp/ccCuAX4u.s 			page 5


  68      D9651CFB 
  69 0258 ECF0F19B 		.ascii	"\354\360\361\233^+\3732g\343\025T\311\225f\237\245\035"
  69      5E2BFB32 
  69      67E31554 
  69      C995669F 
  69      A51D
  70 026a 50D396DF 		.ascii	"P\323\226\337\306\223\177m*\026\252\243 \224s\026\351"
  70      C6937F6D 
  70      2A16AAA3 
  70      20947316 
  70      E9
  71 027b 21E27A95 		.ascii	"!\342z\225I\363D@&3\221s5\276\222\356\224\360$I\377"
  71      49F34440 
  71      26339173 
  71      35BE92EE 
  71      94F02449 
  72 0290 21C686B1 		.ascii	"!\306\206\261\221\356\216w\332\375\331\236\256|\233"
  72      91EE8E77 
  72      DAFDD99E 
  72      AE7C9B
  73 029f A7D72C4F 		.ascii	"\247\327,O\013W\211>\011\230}\223\247\235\005\252\356"
  73      0B57893E 
  73      09987D93 
  73      A79D05AA 
  73      EE
  74 02b0 524F7D7B 		.ascii	"RO}{\310\323\353\014\226\225z\372n\024\360\006c\236"
  74      C8D3EB0C 
  74      96957AFA 
  74      6E14F006 
  74      639E
  75 02c2 124F0717 		.ascii	"\022O\007\027\221\2477\031\363\026c\217\273\004s\004"
  75      91A73719 
  75      F316638F 
  75      BB047304 
  76 02d2 BC55EAE9 		.ascii	"\274U\352\351m\222g\204%\030\231\341\351d\367\357}\336"
  76      6D926784 
  76      251899E1 
  76      E964F7EF 
  76      7DDE
  77 02e4 69BBB296 		.ascii	"i\273\262\226]w,\273\212\275\271[\360\206\353[\357\251"
  77      5D772CBB 
  77      8ABDB95B 
  77      F086EB5B 
  77      EFA9
  78 02f6 9AFFD4B0 		.ascii	"\232\377\324\260O\355#\326\273_*{9\345\346\362\232?"
  78      4FED23D6 
  78      BB5F2A7B 
  78      39E5E6F2 
  78      9A3F
  79 0308 C1E6F458 		.ascii	"\301\346\364X\027Z\201<v\321M\247\022\324\244\306\257"
  79      175A813C 
  79      76D14DA7 
  79      12D4A4C6 
  79      AF
  80 0319 D586231B 		.ascii	"\325\206#\033\"k\202Z\334\320\302\353\243\332\226x\242"
  80      226B825A 
  80      DCD0C2EB 
ARM GAS  /tmp/ccCuAX4u.s 			page 6


  80      A3DA9678 
  80      A2
  81 032a C1D082EB 		.ascii	"\301\320\202\353\002\313\227i\253W\177\240\255\253\013"
  81      02CB9769 
  81      AB577FA0 
  81      ADAB0B
  82 0339 6C5BCA48 		.ascii	"l[\312H\275\321P\037\215n\364\353\340\332\260\336\010"
  82      BDD1501F 
  82      8D6EF4EB 
  82      E0DAB0DE 
  82      08
  83 034a 7D9888F8 		.ascii	"}\230\210\370g%\353\361X,\2769\237\377\376\332@m`\273"
  83      6725EBF1 
  83      582CBE39 
  83      9FFFFEDA 
  83      406D60BB 
  84 035e A687F578 		.ascii	"\246\207\365x\"T\277mE\314\037\206U\377\027\036\332"
  84      2254BF6D 
  84      45CC1F86 
  84      55FF171E 
  84      DA
  85 036f DEC0C15A 		.ascii	"\336\300\301Zm X\027\324j)Z\253\333\254G\267n\014iz"
  85      6D205817 
  85      D46A295A 
  85      ABDBAC47 
  85      B76E0C69 
  86 0384 CC8818F5 		.ascii	"\314\210\030\365\037\351:\345\372Jx\306\015\232\022"
  86      1FE93AE5 
  86      FA4A78C6 
  86      0D9A12
  87 0393 0DD67F49 		.ascii	"\015\326\177I\000\355G\246\253\204\215\035\006\005\314"
  87      00ED47A6 
  87      AB848D1D 
  87      0605CC
  88 03a2 0B04D7FA 		.ascii	"\013\004\327\372\230\370\226Dd\211\257\372=P\022\340"
  88      98F89644 
  88      6489AFFA 
  88      3D5012E0 
  89 03b2 8A8562F1 		.ascii	"\212\205b\361\304\016x\015\230\203\006\352"
  89      C40E780D 
  89      988306EA 
  90              		.text
  91              		.section	.gnu.lto_st_lld_init.7334592050e2d54a,"",%progbits
  92 0000 789C9D94 		.ascii	"x\234\235\224IO\024A\024\200\353u5\323=\200h<\2318\007"
  92      494F1441 
  92      1480EB75 
  92      35D33D80 
  92      683C9938 
  93 0015 AF78A083 		.ascii	"\257x\240\203\032\375\001z1\201\230\010WC\\\022!!\301"
  93      1AFD017A 
  93      31819808 
  93      57435C12 
  93      2121C1
  94 0028 08F1E834 		.ascii	"\010\361\3504\333\014\233HTpku\242\030\303\201L\206"
  94      DB0C9B48 
  94      54706B75 
  94      A218C381 
ARM GAS  /tmp/ccCuAX4u.s 			page 7


  94      4C86
  95 003a 459C716B 		.ascii	"E\234qk\006\024\221U\004\331\324\203\011\210\002\352"
  95      06149155 
  95      04D9D483 
  95      098802EA 
  96 004a 01976804 		.ascii	"\001\227h\004\337\253\032f\010'\231N\272\272\273\252"
  96      DFAB1A66 
  96      0827994E 
  96      BABABBAA 
  97 005a FAFB5EBD 		.ascii	"\372\373^\275Z\034\214\261\271\004\306\366\342s;\336"
  97      5A1C8CB1 
  97      B904C6F6 
  97      E2733BDE 
  98 006a C0192875 		.ascii	"\300\031(u\203\214\025\353\012\000\275\230:0\267\002"
  98      838C15EB 
  98      0A00BD98 
  98      3A30B702 
  99 007a 6EA8E197 		.ascii	"n\250\341\2278\204\275\263A%\365\236\211\227}yj\263"
  99      3884BDB3 
  99      4125F59E 
  99      89977D79 
  99      6AB3
 100 008c C72CDF66 		.ascii	"\307,\337fq\306\032\360\246\013Z!\225a\267\017\201\345"
 100      71C61AF0 
 100      A60B5A21 
 100      9561B70F 
 100      81E5
 101 009e FA4D0E55 		.ascii	"\372M\016U\326C\0338\030\340\213\177$\3016\227W\274"
 101      D6431B38 
 101      18E08B7F 
 101      24C13697 
 101      57BC
 102 00b0 A6DD7D07 		.ascii	"\246\335}\007\276\037\336\012\314\342\240P\301\251P"
 102      BE1FDE0A 
 102      CCE2A050 
 102      C1A950
 103 00bf A9D0A860 		.ascii	"\251\320\250`\254\002\177D\273i\263J\256\320[\251\315"
 103      AC027F44 
 103      BB69B34A 
 103      AED05BA9 
 103      CD
 104 00d0 3E4338F4 		.ascii	">C8\364\351\317I\302]\343\200\226\206\362\360\220V\315"
 104      E9CF49C2 
 104      5DE38096 
 104      86F2F090 
 104      56CD
 105 00e2 2DAE0049 		.ascii	"-\256\000I\247\375\003\363\272\3744}\025\246\212U\215"
 105      A7FD03F3 
 105      BAFC347D 
 105      15A68A55 
 105      8D
 106 00f3 FEC075F0 		.ascii	"\376\300u\360\301\315b\214w\207\3059\334\007\027\264"
 106      C1CD628C 
 106      7787C539 
 106      DC0717B4 
 107 0103 838B51FF 		.ascii	"\203\213Q\377\013\255\243G\214f\263\014,\256B\007v\253"
 107      0BADA347 
ARM GAS  /tmp/ccCuAX4u.s 			page 8


 107      8C66B30C 
 107      2CAE4207 
 107      76AB
 108 0115 17A38007 		.ascii	"\027\243\200\007`\240\253\364\227\007\244J\221\266\266"
 108      60A0ABF4 
 108      9707A44A 
 108      91B6B6
 109 0124 EE1E8FC0 		.ascii	"\356\036\217\300\003^Ad`<\243U\242\317\206L\241\230"
 109      035E4164 
 109      603CA355 
 109      A2CF864C 
 109      A198
 110 0136 E9211888 		.ascii	"\351!\030\210\027\003sJ\227\366\277\250bjR\341Q\014"
 110      1703734A 
 110      97F6BFA8 
 110      626A52E1 
 110      510C
 111 0148 F658841D 		.ascii	"\366X\204\035\0165-k\222\305\327\246(A\244\250\252\264"
 111      0E352D6B 
 111      92C5D7A6 
 111      2841A4A8 
 111      AAB4
 112 015a B345979F 		.ascii	"\263E\227\237\246]g\246`\325\344bY )fs\300S\264=\211"
 112      A65D67A6 
 112      60D5E462 
 112      59202966 
 112      73C053B4 
 113 0170 D8420B4D 		.ascii	"\330B\013M\035\216h\344\266\220\321LB\347\272\034\251"
 113      1D8E68E4 
 113      B690D14C 
 113      42E7BA1C 
 113      A9
 114 0181 52B7D83F 		.ascii	"R\267\330?s[\22592\267@x}\2226\340\352\212\271\272)"
 114      735B9539 
 114      32B74078 
 114      7D9236E0 
 114      EA8AB9BA 
 115 0196 4B2A9196 		.ascii	"K*\221\226\346*+S\"\254\350\31041\262\301\346\237\337"
 115      E62A2B53 
 115      22ACE8C8 
 115      3431B2C1 
 115      E69FDF
 116 01a9 12E5272D 		.ascii	"\022\345'-N\232|\337\215\217\316\210\314w\026\227\225"
 116      4E9A7CDF 
 116      8D8FCE88 
 116      CC771697 
 116      95
 117 01ba 0ECF51F7 		.ascii	"\016\317Q\367,\242\363\316\366\015\247\254\311d\217"
 117      2CA2F3CE 
 117      F60DA7AC 
 117      C9648F
 118 01c9 102A247C 		.ascii	"\020*$|\001\006v\350\351\372Q\246\020Q\205[W\025\350"
 118      010676E8 
 118      E9FA51A6 
 118      1051855B 
 118      5715E8
 119 01dc 9583599A 		.ascii	"\225\203Y\232\253\212\206\2601\301K!\020\033\242O\010"
ARM GAS  /tmp/ccCuAX4u.s 			page 9


 119      AB8A86B0 
 119      31C14B21 
 119      101BA24F 
 119      08
 120 01ed 421363FB 		.ascii	"B\023c\373$\177e\205C\377*\277:N\376\200\340\253\304"
 120      247F6585 
 120      43FF2ABF 
 120      3A4EFE80 
 120      E0ABC4
 121 0200 1F14FC68 		.ascii	"\037\024\374h\206T`0\264\212\257\211\013\357\204a\201"
 121      86546030 
 121      B48AAF89 
 121      0BEF8461 
 121      81
 122 0211 C7A3821A 		.ascii	"\307\243\202\032\355\232\222&-\335O\215\276\0261_\257"
 122      ED9A9226 
 122      2DDD4F8D 
 122      BE16315F 
 122      AF
 123 0222 C0809D2E 		.ascii	"\300\200\235.\261\020G =\246;\027\347h^\013\235\203"
 123      B1104720 
 123      3DA63B17 
 123      E7685E0B 
 123      9D83
 124 0234 78A3888E 		.ascii	"x\243\210\216\362j\343\344\215\011\236F\2747ky\347\343"
 124      F26AE3E4 
 124      8D099E46 
 124      BC376B79 
 124      E7E3
 125 0246 E48D0B9E 		.ascii	"\344\215\013\236N\274\011\221\355vo\177 Qf\033`r\025"
 125      4EBC0991 
 125      ED766F7F 
 125      2051661B 
 125      607215
 126 0259 7F254EFC 		.ascii	"\177%N\374\224\300;\011?\215\341\022o\001\312}_\033"
 126      94C03B09 
 126      3F8DE112 
 126      6F01CA7D 
 126      5F1B
 127 026b B9384DF1 		.ascii	"\2718M\361\217`paZs\3775u\213'6\320F\201\267\340\246"
 127      8F607061 
 127      5A73FF35 
 127      758B2736 
 127      D04681B7 
 128 0281 8699DE8B 		.ascii	"\206\231\336\213\236d\012$\011\371\357\300E\333\376"
 128      9E640A24 
 128      09F9EFC0 
 128      45DBFE
 129 0290 F778AD2E 		.ascii	"\367x\255.\253tx\017.\213'\263/P\342\233\277+v\2468"
 129      AB74780F 
 129      2E8B27B3 
 129      2F50E29B 
 129      BF2B76A6 
 130 02a5 BA2B9081 		.ascii	"\272+\220\201\347,n\200=i\306\376\334\274cy\207\262"
 130      E72C6E80 
 130      3D69C6FE 
 130      DCBC6379 
ARM GAS  /tmp/ccCuAX4u.s 			page 10


 130      87B2
 131 02b7 8C824223 		.ascii	"\214\202B#\367h\276q\252\340tQ\241\221\225\235\271{"
 131      F768BE71 
 131      AAE07451 
 131      A191959D 
 131      B97B
 132 02c9 97919171 		.ascii	"\227\221\221q\300\310>\230y&\235Zr\012\213r\362\363"
 132      C0C83E98 
 132      79269D5A 
 132      720A8B72 
 132      F2F3
 133 02db 4FA41D67 		.ascii	"O\244\035g\377\000\201@\367+"
 133      FF008140 
 133      F72B
 134              		.text
 135              		.section	.gnu.lto_.symbol_nodes.7334592050e2d54a,"",%progbits
 136 0000 789C55C8 		.ascii	"x\234U\310\301\015\200 \020D\321a\026m\203V\264$+X\016"
 136      C10D8020 
 136      1044D161 
 136      166D8356 
 136      B4242B58 
 137 0015 2B104FD6 		.ascii	"+\020O\326c\021VBb\013n<I&?\223\274\031\300\346\201"
 137      63115642 
 137      620B6E3C 
 137      49263F93 
 137      BC19C0E6 
 138 002a 4605CE1B 		.ascii	"F\005\316\033\360\273\362\352\262S\303 \241P\371\011"
 138      F0BBF2EA 
 138      B253C320 
 138      A150F909 
 139 003a 90F3E250 		.ascii	"\220\363\342P\2512@\243\306?\210\317\3123\011\010\253"
 139      A93240A3 
 139      C63F88CF 
 139      CA330908 
 139      AB
 140 004b 3D4988B0 		.ascii	"=I\210\260\243'\274\363\223\032v"
 140      A327BCF3 
 140      931A76
 141              		.text
 142              		.section	.gnu.lto_.refs.7334592050e2d54a,"",%progbits
 143 0000 789C6363 		.ascii	"x\234cc```\004b\006\000\000D\000\010"
 143      60606004 
 143      62060000 
 143      440008
 144              		.text
 145              		.section	.gnu.lto_.decls.7334592050e2d54a,"",%progbits
 146 0000 789CB558 		.ascii	"x\234\265XkP\024W\026\356\333w\030a\200\301B+emY\265"
 146      6B501457 
 146      16EEDB77 
 146      186180C1 
 146      422B656D 
 147 0016 9645ADFC 		.ascii	"\226E\255\374H\030\321\324\256U\273\265\033\0350R\025"
 147      4818D1D4 
 147      AE55BBB5 
 147      1B1D3052 
 147      15
 148 0027 627620BB 		.ascii	"bv \273[\251\335\232 \216ajyd\031\314\352\237M\343`"
ARM GAS  /tmp/ccCuAX4u.s 			page 11


 148      5BA9DD9A 
 148      208E616A 
 148      796419CC 
 148      EA9F4DE3 
 149 003c C2C31762 		.ascii	"\302\303\027b| *>x\250\030AE\344%/\005d \"*\250\210"
 149      7C202A3E 
 149      78A81841 
 149      45E4252F 
 149      05642022 
 150 0053 2022BE01 		.ascii	" \"\276\001\361EDa\317\275\267\233\356i\206l*U\333\305"
 150      F1454461 
 150      CFBDB79B 
 150      EE69866C 
 150      2A55DBC5 
 151 0067 99DBE7F6 		.ascii	"\231\333\347\366w\277{\3569\247\357=\215\226\343\270"
 151      77BF7BEE 
 151      39A7EF3D 
 151      8D96E3B8 
 152 0077 EDEF701C 		.ascii	"\355\357p\034\322p\3342\304q\343pa\350\253\001\001\225"
 152      D270DC32 
 152      C471E370 
 152      61E8AB01 
 152      0195
 153 0089 ABE4D8E5 		.ascii	"\253\344\330\345\006r\036\244\001\344\002\210\003\244"
 153      06721EA4 
 153      01E40288 
 153      03A4
 154 0097 959B7CA5 		.ascii	"\225\233|\245\301 /h?\007\231\0072\023\364\031 \355"
 154      C1202F68 
 154      3F079907 
 154      3213F419 
 154      20ED
 155 00a9 70EF4B74 		.ascii	"p\357Kt\221\363W\320\367k\2209 \347\304\271\310\217"
 155      91F357D0 
 155      F76B9039 
 155      20E7C4B9 
 155      C88F
 156 00bb B738CF5C 		.ascii	"\2678\317\\\270\367\003\371\015\210?H\000\310|\304\346"
 156      B8F703F9 
 156      0D883F48 
 156      00C87CC4 
 156      E6
 157 00cc 5D00EDFB 		.ascii	"]\000\355\373 \277\005Y\204\230=\352k\263\310%\331\021"
 157      20BF0559 
 157      84983DEA 
 157      6BB3C825 
 157      D911
 158 00de 06FA9F45 		.ascii	"\006\372\237E;\376\016\355gH\266\255\017\372\376\201"
 158      3BFE0EED 
 158      6748B6AD 
 158      0FFAFE81 
 159 00ee 985D1741 		.ascii	"\230]\027At A\240\377\025d:\310(\350o@\306@\306A0\364"
 159      742041A0 
 159      FF15643A 
 159      C828E86F 
 159      40C640C6 
 160 0105 E941B420 		.ascii	"\351A\264 \274\350\023W\276\330\206QW\343\341\2438\015"
ARM GAS  /tmp/ccCuAX4u.s 			page 12


 160      BCE81357 
 160      BED88651 
 160      57E3E1A3 
 160      380D
 161 0117 A3793A44 		.ascii	"\243y:D<\353\003]\307\037\227\376\350\315\272\010\242"
 161      3CEB035D 
 161      C71F97FE 
 161      E8CDBA08 
 161      A2
 162 0128 69F7867B 		.ascii	"i\367\206{:\314\323\373\252\354+)^\001\005\002\273\334"
 162      3ACCD3FB 
 162      AAEC2B29 
 162      5E010502 
 162      BBDC
 163 013a 6339548C 		.ascii	"c9T\214\260D\325\266y\370\3204\374'\012\274\224T\230"
 163      B044D5B6 
 163      79F8D034 
 163      FC270ABC 
 163      945498
 164 014d 45687D75 		.ascii	"Eh}uH\003\352\323\226\314;zPg\352\320\234m\230\357\276"
 164      4803EAD3 
 164      96CC3B7A 
 164      5067EAD0 
 164      9C6D98EF 
 165 0162 3E7A538F 		.ascii	">zS\217t\376\311\202\260N\310\266\013\036\3138T\212"
 165      74FEC982 
 165      B04EC8B6 
 165      0B1ECB38 
 165      548A
 166 0174 66A33368 		.ascii	"f\2433h6\207\312\221?\231\3724\012\340\320)\350<\011"
 166      3687CA91 
 166      3F99FA34 
 166      0AE0D029 
 166      E83C09
 167 0187 9DB964BA 		.ascii	"\235\271d\272\352\216]\177\3345,\010sP\031\322\241\022"
 167      EA8E5D7F 
 167      DC352C08 
 167      735019D2 
 167      A112
 168 0199 84290682 		.ascii	"\204)\006\2022O\307\0148|(\375\200\026\333\021\261\200"
 168      324FC70C 
 168      387C28FD 
 168      8016DB11 
 168      B180
 169 01ab 2FDF7DF7 		.ascii	"/\337}\367<?\325\034g\247\234\343\336\341\271\365\353"
 169      3C3FD51C 
 169      67A79CE3 
 169      DEE1B9F5 
 169      EB
 170 01bc 05814795 		.ascii	"\005\201G\2250G\205<\007LI\032\350\205\211\312j*\253"
 170      3047853C 
 170      074C491A 
 170      E88589CA 
 170      6A2AAB
 171 01cf 3CBB5117 		.ascii	"<\273Q\027\002\347\242\351t\375\210\345\007\\\344\207"
 171      02E7A2E9 
 171      74FD88E5 
ARM GAS  /tmp/ccCuAX4u.s 			page 13


 171      075CE487 
 172 01df E9E3D285 		.ascii	"\351\343\322\205X?\364\362\254\021\241D\221\206\240"
 172      583FF4F2 
 172      AC11A144 
 172      9186A0
 173 01ee 891E5EE4 		.ascii	"\211\036^\344\340%^\372'\022 %+{\316\246\223.\226\245"
 173      E0255EFA 
 173      27122025 
 173      2B7BCEA6 
 173      932E96A5 
 174 0202 EC46318E 		.ascii	"\354F1\216u\361\362d\212!\223l\345&\036O\030%/\022\211"
 174      75F1F264 
 174      8A21936C 
 174      E5261E4F 
 174      18252F12 
 175 0217 E12EEAEB 		.ascii	"\341.\352\353\336\300\367\240[\360\3643\216\333\342"
 175      DEC0F7A0 
 175      5BF0F433 
 175      8EDBE2
 176 0226 1E4D03FF 		.ascii	"\036M\003\377d\360q\236\036\227\321\030\240\363\343"
 176      64F0719E 
 176      1E97D118 
 176      A0F3E3
 177 0235 AFAA7D58 		.ascii	"\257\252}X\026\360$A\206\232\367x\262,\230\016j\301"
 177      16F02441 
 177      869AF778 
 177      B22C980E 
 177      6AC1
 178 0247 86F16D6E 		.ascii	"\206\361mn\263\266\023\267o\261\013\323y\364\371;\250"
 178      B3B613B7 
 178      6FB10BD3 
 178      79F4F93B 
 178      A8
 179 0258 0E82510B 		.ascii	"\016\202Q\013\301\340\32094\013~c5l\262\236\352\344"
 179      C1E0D039 
 179      340B7E63 
 179      356CB29E 
 179      EAE4
 180 026a 1ECFB9D9 		.ascii	"\036\317\271\331Bv\217P\335}\306\257\274\366\033\241"
 180      42768F50 
 180      DD7DC6AF 
 180      BCF61BA1 
 181 027a 15C67D40 		.ascii	"\025\306}@q\250F\216S\015\311GT\215z\020\252B\335`\333"
 181      71A8468E 
 181      530DC947 
 181      548D7A10 
 181      AA42DD60 
 182 028f 79349724 		.ascii	"y4\227$\340\206\301l\037<\302\314:x-\377\261D6p\326"
 182      E086C16C 
 182      1F3CC2CC 
 182      3A782DFF 
 182      B1443670 
 183 02a4 2B53A85E 		.ascii	"+S\250^'\220\220\023\252z\231\252^M\325@\251\272\207"
 183      27909013 
 183      AA7A99AA 
 183      5E4DD540 
 183      A9BA87
ARM GAS  /tmp/ccCuAX4u.s 			page 14


 184 02b7 9E3578E2 		.ascii	"\2365x\342$\366B\264U\324\336\361\006\252\036H\235\361"
 184      24F642B4 
 184      55D4DEF1 
 184      06AA1E48 
 184      9DF1
 185 02c9 26FFB1C2 		.ascii	"&\377\261\302\373B\262\216\031\325(35\212/\011\272@"
 185      FB42B28E 
 185      19D52833 
 185      358A2F09 
 185      BA40
 186 02db 19524AEA 		.ascii	"\031RJ\3526b\\\317\030\232\212\2375#\221\301\321\371"
 186      36625CCF 
 186      189A8A9F 
 186      352391C1 
 186      D1F9
 187 02ed 07C72921 		.ascii	"\007\307)!\311\215\216o\222\3077I\343\035t\374\356+"
 187      C98D8E6F 
 187      92C73749 
 187      E31D74FC 
 187      EE2B
 188 02ff BD0779FC 		.ascii	"\275\007y\374\232\215o\310/\256A\032\236\345&\361\027"
 188      9A8D6FC8 
 188      2FAE411A 
 188      9EE526F1 
 188      17
 189 0310 F4395EE5 		.ascii	"\3649^\345Ui&\372Z\020\355|z\366\326v~Jw_\244\356\376"
 189      556926FA 
 189      5A10ED7C 
 189      7AF6D676 
 189      7E4A775F 
 190 0327 0189FE3E 		.ascii	"\001\211\376>t\"\353\250\227hU\347\203E\273\250U\200"
 190      7422EBA8 
 190      976855E7 
 190      8345BBA8 
 190      5580
 191 0339 41CDB255 		.ascii	"A\315\262U\315\222U\255\324\252\222\333\337Uy\260`_"
 191      CD9255AD 
 191      D4AA92DB 
 191      DF5579B0 
 191      605F
 192 034b 231499E5 		.ascii	"#\024\231\345\317\233\334\230\356N\036\017\034-\361"
 192      CF9BDC98 
 192      EE4E1E0F 
 192      1C2DF1
 193 035a 66C1AF26 		.ascii	"f\301\257&\217/\367\357O\362b\217[\211^\327\3360\244"
 193      8F2FF7EF 
 193      4FF2628F 
 193      5B895ED7 
 193      DE30A4
 194 036d C167305D 		.ascii	"\301g0]\324\316\266\242`\035\274\271\366\237\365\346"
 194      D4CEB6A2 
 194      601DBCB9 
 194      F69FF5E6 
 195 037d C280E6E6 		.ascii	"\302\200\346\346\321\0267|\226\215N;_\\/n>\215D\337"
 195      D116377C 
 195      968D4E3B 
 195      5F5C2F6E 
ARM GAS  /tmp/ccCuAX4u.s 			page 15


 195      3E8D44DF 
 196 0391 565657EE 		.ascii	"VVW\356\211k\330\303;\251\275uZ\\\317\024\311(_\321"
 196      896BD8C3 
 196      3BA9BD75 
 196      5A5CCF14 
 196      C9285FD1 
 197 03a5 A87D9D2F 		.ascii	"\250}\235/\300\327M\354ayIE\275\270\200\371\212\354"
 197      C0D74DEC 
 197      61794945 
 197      BDB880F9 
 197      8AEC
 198 03b7 F565D97B 		.ascii	"\365e\331{\272\377B\275\216\255G@\240W\266\335\374\000"
 198      BAFF42BD 
 198      8EAD4740 
 198      A057B6DD 
 198      FC00
 199 03c9 5F64236B 		.ascii	"_d#k\207\013\363\304\265a\222\274[\352\306}\310r\004"
 199      870BF3C4 
 199      B56192BC 
 199      5BEAC67D 
 199      C87204
 200 03dc B61CD22F 		.ascii	"\266\034\322/-\210C\275dgA\206\331\3506[\312\213-\205"
 200      2D8843BD 
 200      64674186 
 200      D9E8365B 
 200      CA8B2D85 
 201 03f0 4B7DB7D0 		.ascii	"K}\267\3200A\202kh\010\273\001}\213\242\357 _i\014\001"
 201      3041826B 
 201      6808BB01 
 201      7D8BA2EF 
 201      205F690C 
 202 0405 27DECEB9 		.ascii	"'\336\316\271\245W\242\333\177\012\375\375\301\234\035"
 202      A557A2DB 
 202      7F0AFDFD 
 202      C19C1D
 203 0414 3A7C9919 		.ascii	":|\231\031\271\373Y\327\0031^\376\240\346\276,\267\273"
 203      B9FB59D7 
 203      03315EFE 
 203      A0E6BE2C 
 203      B7BB
 204 0426 E30EF62C 		.ascii	"\343\016\366,\343\354\236\226i\270\223)\322\346\355"
 204      E3EC9E96 
 204      69B89329 
 204      D2E6ED
 205 0435 4B376FB4 		.ascii	"K7o\264\256c\011\356fO\252\322\267v!|\207)\003Iw{D\377"
 205      AE6309EE 
 205      664FAAD2 
 205      B776217C 
 205      87290349 
 206 044d CC02F53B 		.ascii	"\314\002\365;\307\243y\370>{4\326X7\017\017\260\373"
 206      C7A379F8 
 206      3E7B34D6 
 206      58370F0F 
 206      B0FB
 207 045f FAD3F979 		.ascii	"\372\323\371y\010?g\312pf\375#\035\036aJv[\326\031w"
 207      083F67CA 
 207      7066FD23 
ARM GAS  /tmp/ccCuAX4u.s 			page 16


 207      1D1E614A 
 207      765BD619 
 208 0474 3CCA94DC 		.ascii	"<\312\224\334\221\355\271^X\320P\345J\351\325dO\274"
 208      91EDB95E 
 208      58D050E5 
 208      4AE9D564 
 208      4FBC
 209 0486 9E29C945 		.ascii	"\236)\311EE;=q\012S\326\225_O\027w\230\036\242\367\345"
 209      453B3D71 
 209      0A53D695 
 209      5F4F1777 
 209      981EA2F7 
 210 049b F4657B88 		.ascii	"\364e{\210Q\321\202\236\332\326\374\012\341\215\014"
 210      51D1829E 
 210      DAD6FC0A 
 210      E18D0C
 211 04aa 9C3E349C 		.ascii	"\234>4\234\241\2352\016#R\034\346\3230\224\024\037\034"
 211      A19D320E 
 211      23521CE6 
 211      D3309414 
 211      1F1C
 212 04bc 7457C7E1 		.ascii	"tW\307\3412\240\333(\372G\352\331\021\311\263\347\316"
 212      32A0DB28 
 212      FA47EAD9 
 212      11C9B3E7 
 212      CE
 213 04cd 55BE45EA 		.ascii	"U\276E\3528L\205~\247\372\333\354\365\236\310\217]3"
 213      384C857E 
 213      A7FADBEC 
 213      F59EC88F 
 213      5D33
 214 04df FCA4CB9F 		.ascii	"\374\244\313\237\374\034\020\222\354p\324\245\342\224"
 214      FC1C1092 
 214      EC70D4A5 
 214      E294
 215 04ed A2BE4B89 		.ascii	"\242\276K\211\302\241Y\224\352\036\274v\353\370\031"
 215      C2A15994 
 215      EA1EBC76 
 215      EBF819
 216 04fc F27BD04F 		.ascii	"\362{\320OyK\311/\307\206\364~\015\033Y\022\246\360"
 216      794BC92F 
 216      C786F47E 
 216      0D1B5912 
 216      A6F0
 217 050e 0135FC31 		.ascii	"\0015\3741\205\007\312\350Z\005zX\215nsB'\012\3257\222"
 217      8507CAE8 
 217      5A057A58 
 217      8D6E7342 
 217      270AD537 
 218 0523 712285F7 		.ascii	"q\"\205\367!_\330\017\031\\J38\007\325\2664)\330\237"
 218      215FD80F 
 218      195C4A33 
 218      3807D5B6 
 218      3429D89F 
 219 0537 BA6657C2 		.ascii	"\272fW\302\333\024\360!5\374\226\332\364\341d,\303\257"
 219      DB14F021 
 219      35FC96DA 
ARM GAS  /tmp/ccCuAX4u.s 			page 17


 219      F4E1642C 
 219      C3AF
 220 0549 ABE1D714 		.ascii	"\253\341\327\024\354\351b<\004\330\326\320K@\274\240"
 220      ECE9623C 
 220      04D8D6D0 
 220      4B40BCA0 
 221 0559 0F091E36 		.ascii	"\017\011\0366\020\264\201\367G\337\360~\310\016\362"
 221      10B481F7 
 221      47DFF07E 
 221      C80EF2
 222 0568 16F9A171 		.ascii	"\026\371\241q\020\001\3567\201\274\201\373$h\223A\276"
 222      1001EE37 
 222      81BC81FB 
 222      24689341 
 222      BE
 223 0579 05D90232 		.ascii	"\005\331\0022\012}\233\241\035\2036\025\332\365 \211"
 223      0A7D9BA1 
 223      1D833615 
 223      DAF52089 
 224 0589 201B4152 		.ascii	" \033AR@\322x?\272!23_\377G\266\362\231\332J\203\332"
 224      40D2783F 
 224      BA213233 
 224      5FFF47B6 
 224      F299DA4A 
 225 059f 050F152E 		.ascii	"\005\017\025.x\342:zNp\245\017n\270\366\201\322e\012"
 225      78E23A7A 
 225      4E70A50F 
 225      6EB8F681 
 225      D2650A
 226 05b2 5B9EBBB4 		.ascii	"[\236\273\264E\001~\2550\345\241\032\374`\222)\303\012"
 226      45017EAD 
 226      30E5A11A 
 226      FC609229 
 226      C30A
 227 05c4 F823D770 		.ascii	"\370#\327pe\336\245(\014\277\252\206_\231\234\325\312"
 227      65DEA528 
 227      0CBFAA86 
 227      5F999CD5 
 227      CA
 228 05d5 85DE54E3 		.ascii	"\205\336T\343;\235\361\220\243M)b\246\276\206L}%\342"
 228      3B9DF190 
 228      A34D2962 
 228      A6BE864C 
 228      7D25E2
 229 05e8 A517115D 		.ascii	"\245\027\021]\222\315a\345\336\300\230o\"\244\007Aq"
 229      92CD61E5 
 229      DEC0986F 
 229      22A40741 
 229      71
 230 05f9 E2B92647 		.ascii	"\342\271&Gp,\031\227\236\022\204\024-\235\274\303\265"
 230      702C1997 
 230      9E128414 
 230      2D9DBCC3 
 230      B5
 231 060a B18AB5DD 		.ascii	"\261\212\265\335Pxb\320u\032;e\275riw\325\370\256I\236"
 231      507862D0 
 231      751A3B65 
ARM GAS  /tmp/ccCuAX4u.s 			page 18


 231      BD726977 
 231      D5F8AE49 
 232 061f 53C2EFBB 		.ascii	"S\302\357\273\336\017(\234T\365\315\355\371z\\O\267"
 232      DE0F289C 
 232      54F5CDED 
 232      F97A5C4F 
 232      B7
 233 0630 3DBE38F9 		.ascii	"=\2768\371z\201\017\362\237\301V\334\236\202\355d\305"
 233      7A810FF2 
 233      9FC156DC 
 233      9E82ED64 
 233      C5
 234 0641 19303A9D 		.ascii	"\0310:\235\2378\314\211\003\246xa\320VxO\376\337\357"
 234      9F38CC89 
 234      03A67861 
 234      D056784F 
 234      FEDFEF
 235 0654 0CA9AAAB 		.ascii	"\014\251\252\253\366\227h\274R'\352uj\242\274?o\343"
 235      F69768BC 
 235      5227EA75 
 235      6AA2BC3F 
 235      6FE3
 236 0666 BD68B501 		.ascii	"\275h\265\001-\200\257\216T\276\366\302mt\205\232\002"
 236      2D80AF8E 
 236      54BEF6C2 
 236      6D74859A 
 236      02
 237 0677 FB91210D 		.ascii	"\373\221!\015\362\237\215\000\214t\271\322\347\011\207"
 237      F29F8D00 
 237      8C74B9D2 
 237      E70987
 238 0686 76F13AF4 		.ascii	"v\361:\364\035\217\245\357\235L\0016\377\241\257I7\334"
 238      1D8FA5EF 
 238      9D4C0136 
 238      FFA1AF49 
 238      37DC
 239 0698 BBD3967E 		.ascii	"\273\323\226~\037\010\007\005<\213C\013\351\346\217"
 239      1F080705 
 239      3C8B430B 
 239      E9E68F
 240 06a7 B6C31AC9 		.ascii	"\266\303\032\311#\016\355\344g\243\035\374lv\322\014"
 240      230EEDE4 
 240      67A31DFC 
 240      6C76D20C 
 241 06b7 8C6AE41D 		.ascii	"\214j\344\035\036Qn\271~\312\344\345\035\236(\344,\032"
 241      1E516EB9 
 241      7ECAE4E5 
 241      1D9E28E4 
 241      2C1A
 242 06c9 3D56269E 		.ascii	"=V&\236\233\344(\252jN\252\360\234\362\364\311\342\305"
 242      9BE428AA 
 242      6A4EAAF0 
 242      9CF2F4C9 
 242      E2C5
 243 06db D367379B 		.ascii	"\323g7\233\356y\352\372Wb\0153\015\324\374\376\254M"
 243      EE79EAFA 
 243      57620D33 
ARM GAS  /tmp/ccCuAX4u.s 			page 19


 243      0DD4FCFE 
 243      AC4D
 244 06ed 5EEC5C5B 		.ascii	"^\354\\[\004\352\321\336m\016\2446f/\030\273\207'd\373"
 244      04EAD1DE 
 244      6D0EA436 
 244      662F18BB 
 244      872764FB 
 245 0701 A8319492 		.ascii	"\2501\224\222*\244\262y3\272K\257t.)1\345\351\263E\347"
 245      2AA4B279 
 245      33BA4BAF 
 245      742E2931 
 245      E5E9B345 
 246 0716 6653E7DE 		.ascii	"fS\347\336\313\023^\351q\007;5\3374\277M\361\200R\260"
 246      CB135EE9 
 246      71073B35 
 246      DF34BF4D 
 246      F18052B0 
 247 072a 1AAAE58E 		.ascii	"\032\252\345\216=\370hQ!\034K3\223<(\303~9\203\366\363"
 247      3DF86851 
 247      211C4B33 
 247      933C28C3 
 247      7E3983F6 
 248 073f AA72F900 		.ascii	"\252r\371\000O\312\302\241\227\216t\214\323\334(W\205"
 248      4FCAC2A1 
 248      978E748C 
 248      D3DC2857 
 248      85
 249 0750 7DA8739A 		.ascii	"}\250s\232\310\345\350\364{\000o\027|l\325j(\327A\231"
 249      C8E5E8F4 
 249      7B006F17 
 249      7C6CD56A 
 249      28D74199 
 250 0764 EBA09AEB 		.ascii	"\353\240\232\353\020\345\252{\331~l\032\316b\\;F_fj"
 250      10E5AA7B 
 250      D97E6C1A 
 250      CE625C3B 
 250      465F666A 
 251 0778 44AED126 		.ascii	"D\256\321&\277\374:\372I\220\275\214U\33792Y\216\232"
 251      BFFC3AFA 
 251      4990BD8C 
 251      55DF3932 
 251      598E9A
 252 078b 2C9792E5 		.ascii	",\227\222\345\276\032I\323\343\343\214l\257cg\221^$"
 252      BE1A49D3 
 252      E3E38C6C 
 252      AF636791 
 252      5E24
 253 079d 6BDB8DD9 		.ascii	"k\333\215\331'\301~\366I\220'S\345\251\251\362)UG\177"
 253      27C17EF6 
 253      49902753 
 253      E5A9A9F2 
 253      2955477F 
 254 07b1 ED4A5CCA 		.ascii	"\355J\\\312\230\216\034\333[\250\307\015LI\253\255\313"
 254      988E1CDB 
 254      5BA8C70D 
 254      4C49ABAD 
 254      CB
ARM GAS  /tmp/ccCuAX4u.s 			page 20


 255 07c2 D242218E 		.ascii	"\322B!\216\216\320$\234\242\\\337q\371@"
 255      8ED0249C 
 255      A25CDF71 
 255      F940
 256 07d0 99F79495 		.ascii	"\231\367\224\225\3711\236T\346\005\274X\231\367\333"
 256      F9319E54 
 256      E605BC58 
 256      99F7DB
 257 07df EF5F965C 		.ascii	"\357_\226\\8X\206;\0077m\024\262\023\205\017\032y\202"
 257      3858863B 
 257      07376D14 
 257      B213850F 
 257      1A7982
 258 07f2 44872563 		.ascii	"D\207%c\321Q^C4g{\277\247\366\216\274\250\251q\307\351"
 258      D1515E43 
 258      34677BBF 
 258      A7F68EBC 
 258      A8A971C7 
 259 0807 5A56E6DA 		.ascii	"ZV\346\332\327\217\271\311\361-=\251\214\357qy\355\307"
 259      D78FB9C9 
 259      F12D3DA9 
 259      8CEF7179 
 259      EDC7
 260 0819 D55C8594 		.ascii	"\325\\\205\224\353\300\265\353'\2648\207q\265W\215V"
 260      EBC0B5EB 
 260      27B43887 
 260      71B5578D 
 260      56
 261 082a 486E1C4E 		.ascii	"Hn\034Nsvc\221LU\244\246:A\251\266\3454\244hp\031\243"
 261      73766391 
 261      4C55A4A6 
 261      3A41A9B6 
 261      E534A468 
 262 0841 7A7EF787 		.ascii	"z~\367\207\014\355D\252\274\377\310)UN\312\\'\325\\"
 262      0CED44AA 
 262      BCFFC829 
 262      554ECA5C 
 262      27D55C
 263 0854 A728D785 		.ascii	"\247(\327\205\276c\265z\334\302\270\2066\015\356\324"
 263      BE63B57A 
 263      DCC2B886 
 263      360DEED4 
 264 0864 4FA4CAFC 		.ascii	"O\244\312\374\303\316\251R,\223\025\253\311NS\262\236"
 264      C3CEA952 
 264      2C9315AB 
 264      C94E53B2 
 264      9E
 265 0875 7DF732BC 		.ascii	"}\3672\274q/#\333W\177\255R2\254m\257\363\032Kd\252"
 265      712F23DB 
 265      577FAD52 
 265      32AC6DAF 
 265      F31A4B64 
 266 088a 1235D519 		.ascii	"\0225\325\031J\225^\367\342\231'\036`T-)[awz\306\224"
 266      4A955EF7 
 266      E299271E 
 266      60542D29 
 266      5B61777A 
ARM GAS  /tmp/ccCuAX4u.s 			page 21


 267 08a0 A7AD75A9 		.ascii	"\247\255u\251\036x\224)\2515\327\277\361\300\366iT\331"
 267      1E789429 
 267      A935D7BF 
 267      F1C0F669 
 267      54D9
 268 08b2 7FBF34C3 		.ascii	"\177\2774\303\007\2472\245\242\263\330\2003\330\375"
 268      07A732A5 
 268      A2B3D880 
 268      33D8FD
 269 08c1 E1D28DB7 		.ascii	"\341\322\215\267\335p\026S\356\224$\275\324\340l\246"
 269      DD701653 
 269      EE9424BD 
 269      D4E06CA6 
 270 08d1 B496F5DC 		.ascii	"\264\226\365\334\325\343\034\246ln\335\327\351.~z\221"
 270      D5E31CA6 
 270      6C6EDDD7 
 270      E92E7E7A 
 270      91
 271 08e2 EFF01DA5 		.ascii	"\357\360\035\245\275Cz\234O\037z\235H\031]\241(E\375"
 271      BD437A9C 
 271      4F1F7A9D 
 271      48195DA1 
 271      2845FD
 272 08f5 C502F4DE 		.ascii	"\305\002\364\336\023\234v<\025R\253\026\321\003\247"
 272      139C763C 
 272      1552AB16 
 272      D103A7
 273 0904 0C56E6F8 		.ascii	"\014V\346\370\351\232\244i\215|>U\250\341\223\217\277"
 273      E99AA469 
 273      8D7C3E55 
 273      A8E1938F 
 273      BF
 274 0915 877132BC 		.ascii	"\207q2\274Z\015\237T\037\365*\3205.\321\312\012F\001"
 274      5A0D9F54 
 274      1FF52AD0 
 274      352ED1CA 
 274      0A4601
 275 0928 3EAB06BB 		.ascii	">\253\006\273(?\025\206\227\273^\247\202\274W\201.U"
 275      283F1586 
 275      97BB5EA7 
 275      82BC5781 
 275      2E55
 276 093a A315F58E 		.ascii	"\243\025\365\216\323YZ\013{3;\242\035\342A\372\003\034"
 276      D3595A0B 
 276      7B333BA2 
 276      1DE241FA 
 276      031C
 277 094c 320D7000 		.ascii	"2\015p\000\326\203\\\004i\004i\0069\017r\001\344\034"
 277      D6835C04 
 277      69046906 
 277      390F7201 
 277      E41C
 278 095e 4813488B 		.ascii	"H\023H\213SQY\253\230\274\322\265\217\025\246>T\240"
 278      535159AB 
 278      98BCD2B5 
 278      8F15A63E 
 278      54A0
ARM GAS  /tmp/ccCuAX4u.s 			page 22


 279 0970 EB5C9BCA 		.ascii	"\353\\\233\312\374 \226\006\203\254\030r\270*\206^\016"
 279      FC209606 
 279      83AC1872 
 279      B82A865E 
 279      0E
 280 0981 FA1EB00B 		.ascii	"\372\036\260\013\215\363)Y\225k\247J\345\307\213\202"
 280      8DF32959 
 280      956BA74A 
 280      E5C78B82 
 281 0991 822E4FDC 		.ascii	"\202.O\334C\023\214\337\370:\243\337\007\315\360w\351"
 281      43138CDF 
 281      F83AA3DF 
 281      07CDF077 
 281      E9
 282 09a2 0FD4066E 		.ascii	"\017\324\006n\370\245.aV\327\377\250\205\263\036]\002"
 282      F8A52E61 
 282      56D7FFA8 
 282      85B31E5D 
 282      02
 283 09b3 9256F9F5 		.ascii	"\222V\371\365s\320z\206\3747\363\374\226#\356\312\203"
 283      73D07A86 
 283      FC37F3FC 
 283      9623EECA 
 283      83
 284 09c4 EF925355 		.ascii	"\357\222SUqY<\370.\323\203\257\256\253\260\320\035?"
 284      71593CF8 
 284      2ED383AF 
 284      AEABB0D0 
 284      1D3F
 285 09d6 A6866B4E 		.ascii	"\246\206kN\354}\373D\217\340\245\360g\036\030hQx\340"
 285      EC7DFB44 
 285      8FE0A5F0 
 285      671E1868 
 285      5178E0
 286 09e9 0A4CD5EE 		.ascii	"\012L\325\356:\007\235\026*\177\003\266\213\253\274"
 286      3A079D16 
 286      2A7F03B6 
 286      8BABBC
 287 09f8 06ABBC0A 		.ascii	"\006\253\274\012\253\350p\012\354p\250s~O\346VF\352"
 287      ABE8700A 
 287      EC70A873 
 287      7E4FE656 
 287      46EA
 288 0a0a 560B8B54 		.ascii	"V\013\213T\273s\244\310\177N\372\336\302\367\3313\346"
 288      BB73A4C8 
 288      7F4EFADE 
 288      C2F7D933 
 288      E6
 289 0a1b FA42C7D6 		.ascii	"\372B\307\326\223\032\265\353'\212\341N0d*\243\3304"
 289      931AB5EB 
 289      278AE14E 
 289      30642AA3 
 289      D834
 290 0a2d 632D1AE2 		.ascii	"c-\032\342\332\033\000\272.\273\266]r\355\231\374\007"
 290      DA1B00BA 
 290      2EBBB65D 
 290      72ED99FC 
ARM GAS  /tmp/ccCuAX4u.s 			page 23


 290      07
 291 0a3e 7D5E4AD7 		.ascii	"}^J\327\336pr\355M\321\2657\251k3\327\025\366j\225\340"
 291      DE7072ED 
 291      4DD1B537 
 291      A96B33D7 
 291      15F66A95 
 292 0a53 8B4E0548 		.ascii	"\213N\005H\227\010&\355\302\000\2031\312\272\302\272"
 292      970826ED 
 292      C2008331 
 292      CABAC2BA 
 293 0a63 3CCC1067 		.ascii	"<\314\020g3DED\033\276\214\213O\260\031\302\302C\027"
 293      33444544 
 293      1BBE8C8B 
 293      4FB019C2 
 293      C24317
 294 0a76 2E307CF4 		.ascii	".0|\364Q\220!<$\364\253@\362\304lK0GG\257\014\210t\377"
 294      5190213C 
 294      24F4AB40 
 294      F2C46C4B 
 294      304747AF 
 295 0a8e F0E34FE7 		.ascii	"\360\343O\347\030\003\0039\235\331\274\332\032\233\260"
 295      18030339 
 295      9DD9BCDA 
 295      1A9BB0
 296 0a9d 70813961 		.ascii	"p\2019a\221a\265-\336\020\021\037\363^l\\\254\345=K"
 296      9161B52D 
 296      DE10111F 
 296      F35E6C5C 
 296      ACE53D4B 
 297 0ab1 C40A2BED 		.ascii	"\304\012+\355\261\306FF\257^i1\304DDFYc-\006\363J\313"
 297      B1C64646 
 297      AF5E6931 
 297      C4444446 
 297      59632D06 
 298 0ac8 AA88D5D1 		.ascii	"\252\210\325\321\011\346\204\265_Zl\001Q\234\273\304"
 298      09E684B5 
 298      5F5A6C01 
 298      519CBBC4 
 299 0ad8 F0DEFF60 		.ascii	"\360\336\377`\260\255\265\031\300\204\225\000'\303\376"
 299      B0ADB519 
 299      C0849500 
 299      27C3FE
 300 0ae7 62894C88 		.ascii	"b\211L\210\213_2\377\375_\260\000\316\223\335\231\255"
 300      8B5F32FF 
 300      FD5FB000 
 300      CE93DD99 
 300      AD
 301 0af8 B1D6045F 		.ascii	"\261\326\004_3\031`\266\306\377\313l\371\322\032\035"
 301      331960B6 
 301      C6FFCB6C 
 301      F9D21A1D 
 302 0b08 F7C56A4B 		.ascii	"\367\305jK\200\023gd\\LL\\\254H\273\330\024j\014]c\210"
 302      80136764 
 302      5C4C4C5C 
 302      AC48BBD8 
 302      146A0C5D 
 303 0b1e 8C8A8C8B 		.ascii	"\214\212\214\213\267\230\277\372]\014\330\342\033\031"
ARM GAS  /tmp/ccCuAX4u.s 			page 24


 303      B798BFFA 
 303      5D0CD8E2 
 303      1B19
 304 0b2c 15B6D616 		.ascii	"\025\266\326\026n\215\261\304/\213\210]\031m\211\017"
 304      6E8DB1C4 
 304      2F8B885D 
 304      196D890F 
 305 0b3c 99E3C410 		.ascii	"\231\343\304\020\2370\261\212\310(X\007\214\231\036"
 305      9F30B18A 
 305      C8285807 
 305      8C991E
 306 0b4b FB953532 		.ascii	"\373\2255286bE\264\205\255\344\335)\326!\316.\316KF"
 306      38366245 
 306      B485ADE4 
 306      DD29D621 
 306      CE2ECE4B 
 307 0b60 C16837A3 		.ascii	"\301h7\2431\324\264\220_n\322\004\205.6\341 \243I\263"
 307      31D4B490 
 307      5F6ED204 
 307      852E36E1 
 307      20A349B3 
 308 0b74 2428DC84 		.ascii	"$(\334\204\215F\0236\201,6\231\360'aFl\3748\\c4\006"
 308      8D461336 
 308      812C3699 
 308      F0276146 
 308      6CFC385C 
 309 0b8b 9B287E01 		.ascii	"\233(~\001\375\015\304\301\037\232\3700\030\031\022"
 309      FD0DC4C1 
 309      1F9AF830 
 309      181912
 310 0b9a 6CD28485 		.ascii	"l\322\204\205\002\332hZ\000\022\010\310\277\231~n>\330"
 310      02DA685A 
 310      001208C8 
 310      BF997E6E 
 310      3ED8
 311 0bac 126248D0 		.ascii	"\022bH\320\254d\375\236\023\2129A\023\031\025\021\357"
 311      AC64FD9E 
 311      138A3941 
 311      13191511 
 311      EF
 312 0bbd 1B678B88 		.ascii	"\033g\213\210\006\227|\024\027\371\317\245\361q1!a\246"
 312      06977C14 
 312      17F9CFA5 
 312      F1713121 
 312      61A6
 313 0bcf 39937809 		.ascii	"9\223x\011\206x\206\264\304!\324\211\212\021\2764,\321"
 313      867886B4 
 313      C421D489 
 313      8A11BE34 
 313      2CD1
 314 0be1 D0615E05 		.ascii	"\320a^\005=f\253-\336c\242\313\333l\266Y\022\314K\026"
 314      3D66AB2D 
 314      DE63A2CB 
 314      DB6CB659 
 314      12CC4B16 
 315 0bf5 87057F62 		.ascii	"\207\005\177b\012\361\216\210\376w\304Z\033\2043\032"
 315      0AF18E88 
ARM GAS  /tmp/ccCuAX4u.s 			page 25


 315      FE77C45A 
 315      1B84331A 
 316 0c05 72ECF7AE 		.ascii	"r\354\367\256\242gY\223@|h0\206\206\205\204\031\214"
 316      A2675993 
 316      407C6830 
 316      86868584 
 316      198C
 317 0c17 103C4388 		.ascii	"\020<C\210\024\222\030\233\325f\376\"\2228v\006\261"
 317      1492189B 
 317      D566FE22 
 317      92387606 
 317      B1
 318 0c28 66B9732C 		.ascii	"f\271s,g\212\253\37146Za\0355\327\251k&\265nu\254\223"
 318      678AABF9 
 318      34365A61 
 318      1D35D7A9 
 318      6B26B56E 
 319 0c3f C99E8A4E 		.ascii	"\311\236\212N\210\221\3214m\361'K\002\203?\246\355\002"
 319      8891D134 
 319      6DF1274B 
 319      02833FA6 
 319      ED02
 320 0c51 68B58B97 		.ascii	"h\265\213\227-\201\306\235t\233\302\302\351\315\002"
 320      2D81C69D 
 320      749BC2C2 
 320      E9CD02
 321 0c60 72838D21 		.ascii	"r\203\215!&\215q)\004\213\204(L\025\031\305\262\302"
 321      268D7129 
 321      048B8428 
 321      4C1519C5 
 321      B2C2
 322 0c72 C2597496 		.ascii	"\302Yt\226\006\256Y\303\342\262*p\376\3025+HdLF\243"
 322      06AE59C3 
 322      E2B22A70 
 322      FEC2352B 
 322      48644C46 
 323 0c87 391CDEB4 		.ascii	"9\034\336\264 \313*mH\220qyP\260>h\311\207\241\306O"
 323      20CB2A6D 
 323      48907179 
 323      50B03E68 
 323      C987A1C6 
 324 0c9c A5DEFF02 		.ascii	"\245\336\377\002\202\321\317\000"
 324      82D1CF00 
 325              		.text
 326              		.section	.gnu.lto_.symtab.7334592050e2d54a,"",%progbits
 327 0000 56656374 		.ascii	"VectorB0\000"
 327      6F724230 
 327      00
 328 0009 00       		.ascii	"\000"
 329 000a 00       		.ascii	"\000"
 330 000b 00       		.ascii	"\000"
 331 000c 00000000 		.ascii	"\000\000\000\000\000\000\000\000"
 331      00000000 
 332 0014 C5000000 		.ascii	"\305\000\000\000"
 333 0018 73745F6C 		.ascii	"st_lld_init\000"
 333      6C645F69 
 333      6E697400 
ARM GAS  /tmp/ccCuAX4u.s 			page 26


 334 0024 00       		.ascii	"\000"
 335 0025 00       		.ascii	"\000"
 336 0026 00       		.ascii	"\000"
 337 0027 00000000 		.ascii	"\000\000\000\000\000\000\000\000"
 337      00000000 
 338 002f C7000000 		.ascii	"\307\000\000\000"
 339 0033 5F706F72 		.ascii	"_port_irq_epilogue\000"
 339      745F6972 
 339      715F6570 
 339      696C6F67 
 339      756500
 340 0046 00       		.ascii	"\000"
 341 0047 02       		.ascii	"\002"
 342 0048 00       		.ascii	"\000"
 343 0049 00000000 		.ascii	"\000\000\000\000\000\000\000\000"
 343      00000000 
 344 0051 C9000000 		.ascii	"\311\000\000\000"
 345 0055 63685379 		.ascii	"chSysTimerHandlerI\000"
 345      7354696D 
 345      65724861 
 345      6E646C65 
 345      724900
 346 0068 00       		.ascii	"\000"
 347 0069 02       		.ascii	"\002"
 348 006a 00       		.ascii	"\000"
 349 006b 00000000 		.ascii	"\000\000\000\000\000\000\000\000"
 349      00000000 
 350 0073 CB000000 		.ascii	"\313\000\000\000"
 351 0077 6E766963 		.ascii	"nvicEnableVector\000"
 351      456E6162 
 351      6C655665 
 351      63746F72 
 351      00
 352 0088 00       		.ascii	"\000"
 353 0089 02       		.ascii	"\002"
 354 008a 00       		.ascii	"\000"
 355 008b 00000000 		.ascii	"\000\000\000\000\000\000\000\000"
 355      00000000 
 356 0093 D0000000 		.ascii	"\320\000\000\000"
 357              		.text
 358              		.section	.gnu.lto_.opts,"",%progbits
 359 0000 272D666D 		.ascii	"'-fmath-errno' '-fsigned-zeros' '-ftrapping-math' '"
 359      6174682D 
 359      6572726E 
 359      6F272027 
 359      2D667369 
 360 0033 2D666E6F 		.ascii	"-fno-trapv' '-fno-openmp' '-fno-openacc' '-mcpu=cor"
 360      2D747261 
 360      70762720 
 360      272D666E 
 360      6F2D6F70 
 361 0066 7465782D 		.ascii	"tex-m3' '-mthumb' '-O2' '-fomit-frame-pointer' '-fa"
 361      6D332720 
 361      272D6D74 
 361      68756D62 
 361      2720272D 
 362 0099 6C69676E 		.ascii	"lign-functions=16' '-ffunction-sections' '-fdata-se"
ARM GAS  /tmp/ccCuAX4u.s 			page 27


 362      2D66756E 
 362      6374696F 
 362      6E733D31 
 362      36272027 
 363 00cc 6374696F 		.ascii	"ctions' '-fno-common' '-flto'\000"
 363      6E732720 
 363      272D666E 
 363      6F2D636F 
 363      6D6D6F6E 
 364              		.text
 365              		.comm	__gnu_lto_v1,1,1
 366              		.comm	__gnu_lto_slim,1,1
 367              		.ident	"GCC: (GNU) 7.3.0"
ARM GAS  /tmp/ccCuAX4u.s 			page 28


DEFINED SYMBOLS
                            *ABS*:0000000000000000 hal_st_lld.c
                            *COM*:0000000000000001 __gnu_lto_v1
                            *COM*:0000000000000001 __gnu_lto_slim

NO UNDEFINED SYMBOLS
