ARM GAS  /tmp/ccpmNySC.s 			page 1


   1              		.cpu cortex-m3
   2              		.eabi_attribute 20, 1
   3              		.eabi_attribute 21, 1
   4              		.eabi_attribute 23, 3
   5              		.eabi_attribute 24, 1
   6              		.eabi_attribute 25, 1
   7              		.eabi_attribute 26, 1
   8              		.eabi_attribute 30, 2
   9              		.eabi_attribute 34, 1
  10              		.eabi_attribute 18, 4
  11              		.file	"main.c"
  12              		.section	.gnu.lto_.profile.fd7c9f854dcd7c31,"",%progbits
  13 0000 789C6363 		.ascii	"x\234cc```\001bF\006}n\000\000\341\000F"
  13      60606001 
  13      6246067D 
  13      6E0000E1 
  13      0046
  14              		.text
  15              		.section	.gnu.lto_.icf.fd7c9f854dcd7c31,"",%progbits
  16 0000 789C6363 		.ascii	"x\234cc``\340`@\000F\2069\237\226\036`d\000\000\016"
  16      6060E060 
  16      40004686 
  16      399F961E 
  16      60640000 
  17 0015 880304   		.ascii	"\210\003\004"
  18              		.text
  19              		.section	.gnu.lto_.jmpfuncs.fd7c9f854dcd7c31,"",%progbits
  20 0000 789C6363 		.ascii	"x\234cc``X\315\200\000\214@\314\3048\205\231\361\364"
  20      606058CD 
  20      80008C40 
  20      CCC43885 
  20      99F1F4
  21 0013 CB45CFD9 		.ascii	"\313E\317\331\272\231\347030^\340g\334\314(\303\300"
  21      BA99E730 
  21      33305EE0 
  21      67DCCC28 
  21      C3C0
  22 0025 788005C8 		.ascii	"x\200\005\310\004\022\014\014l \025_\247\334\274\314"
  22      04120C0C 
  22      6C20155F 
  22      A7DCBCCC 
  23 0035 0852C1C8 		.ascii	"\010R\301\310\330\260\240\245\201\205q\013T\021\003"
  23      D8B0A0A5 
  23      8185710B 
  23      541103
  24 0044 10FFF8FF 		.ascii	"\020\377\370\377\377??#\023P\331\264\326C\347\331!\312"
  24      FF3F3F23 
  24      1350D9B4 
  24      D643E7D9 
  24      21CA
  25 0056 1818B732 		.ascii	"\030\030\2672\312\2001P\274\253\361\315a~\210\005\015"
  25      CA803150 
  25      BCABF1CD 
  25      617E8805 
  25      0D
  26 0067 071818B7 		.ascii	"\007\030\030\267A5\003\331`+@JN\236\232\276\202\007"
  26      413503D9 
ARM GAS  /tmp/ccpmNySC.s 			page 2


  26      602B404A 
  26      4E9E9ABE 
  26      8207
  27 0079 A4848991 		.ascii	"\244\204\211\221\235q;T\001;X\032\010\000\210[.\015"
  27      9D713B54 
  27      013B581A 
  27      0800885B 
  27      2E0D
  28              		.text
  29              		.section	.gnu.lto_.inline.fd7c9f854dcd7c31,"",%progbits
  30 0000 789C6363 		.ascii	"x\234cc``\320c@\000F\006\006\336\231\334\214\014Ll\007"
  30      6060D063 
  30      40004606 
  30      06DE99DC 
  30      8C0C4C6C 
  31 0015 CEAB30B0 		.ascii	"\316\2530\26000\201\004\231\200\002\214\014,\274\014"
  31      30308104 
  31      9980028C 
  31      0C2CBC0C 
  32 0025 0CCC2025 		.ascii	"\014\314 %\\0\202\001\000j\353\002\342"
  32      5C308201 
  32      006AEB02 
  32      E2
  33              		.text
  34              		.section	.gnu.lto_.pureconst.fd7c9f854dcd7c31,"",%progbits
  35 0000 789C6363 		.ascii	"x\234cc```\006bF\006S\000\000\232\000@"
  35      60606006 
  35      62460653 
  35      00009A00 
  35      40
  36              		.text
  37              		.section	.gnu.lto_main.fd7c9f854dcd7c31,"",%progbits
  38 0000 789C9551 		.ascii	"x\234\225Q;O\024a\024\275g\356\2673+\017\011\211\345"
  38      3B4F1461 
  38      14BD67EE 
  38      B7332B0F 
  38      0989E5
  39 0013 16B4346E 		.ascii	"\026\2644naa\355\03711V\026\362\027v\226]\236R\220\010"
  39      6161ED1F 
  39      31315616 
  39      F2177696 
  39      5D9E5290 
  40 0028 43B24ECC 		.ascii	"C\262N\314\204F\032_\341\271<dXH\214\032\037\010\005"
  40      84461A5F 
  40      E1B93C64 
  40      58488C1A 
  40      1F0805
  41 003b C44E6308 		.ascii	"\304Nc\010d\033\013\032\023\301sg\2146\333x\223\357"
  41      641B0B1A 
  41      13C17367 
  41      8C36DB78 
  41      93EF
  42 004d 75EEF9CE 		.ascii	"u\356\371\316\375\276s}\021\271\355\211\\\341z\223\003"
  42      FDBE737D 
  42      11B9ED89 
  42      5CE17A93 
  42      03
ARM GAS  /tmp/ccpmNySC.s 			page 3


  43 005e 058137FD 		.ascii	"\005\2017\375A\244Z\364\240\371F\341\362\215\313\221"
  43      41A45AF4 
  43      A0F946E1 
  43      F28DCB91 
  44 006e 5B908AA7 		.ascii	"[\220\212\247\016\234\344OL\351\214b\277\376\"\326\007"
  44      0E9CE44F 
  44      4CE98C62 
  44      BFFE22D6 
  44      07
  45 007f 1AABC0F1 		.ascii	"\032\253\300\361\370\343}\343\333U;\002\003<\256>\332"
  45      F8E37DE3 
  45      DB553B02 
  45      033CAE3E 
  45      DA
  46 0090 BF31F824 		.ascii	"\2771\370$d\244sG\327\032\013\251\213\325\223\210\344"
  46      64A47347 
  46      D71A0BA9 
  46      8BD59388 
  46      E4
  47 00a1 2594B088 		.ascii	"%\224\260\210\222U_\306\240\220\373\365\345\305l\257"
  47      92555FC6 
  47      A090FBF5 
  47      E5C56CAF 
  48 00b1 EF2C4B70 		.ascii	"\357,Kp\005\276\200\233\347\237\013ixq9\026\246{\363"
  48      05BE809B 
  48      E79F0B69 
  48      78713916 
  48      A67BF3
  49 00c4 B8745D90 		.ascii	"\270t]\220X)\301Id\234\003a*\023\004PK\245\215Z\262"
  49      5829C149 
  49      649C0361 
  49      2A130450 
  49      4BA58D5A 
  50 00d9 D19F5DA5 		.ascii	"\321\237]\245^\263\331\376\022T~\205\305X]\244\324\302"
  50      5EB3D9FE 
  50      12547E85 
  50      C5585DA4 
  50      D4C2
  51 00eb 2A2ABC58 		.ascii	"**\274X\310x[\350\314\243-X\373\313\033M\276w\342\371"
  51      C8785BE8 
  51      CCA32D58 
  51      FBCB1B4D 
  51      BE77E2F9 
  52 00ff 91954793 		.ascii	"\221\225G\223<&\316g\216\017`\177\016\020&\365\320a"
  52      3C26CE67 
  52      8E0F607F 
  52      0E1026F5 
  52      D061
  53 0111 1D25C293 		.ascii	"\035%\302\223\325\366n\237\301jo\304F\006\276y;\267"
  53      D5F66E9F 
  53      C16A6FC4 
  53      4606BE79 
  53      3BB7
  54 0123 D0636011 		.ascii	"\320c`\021\0016Q\212\325\2320A9\232\314/\234\241\265"
  54      0136518A 
  54      D59A3041 
  54      399ACC2F 
ARM GAS  /tmp/ccpmNySC.s 			page 4


  54      9CA1B5
  55 0136 7EBAE95B 		.ascii	"~\272\351[\315\206\202\027\242\221\326\307 \027\267"
  55      CD868217 
  55      A291D6C7 
  55      2017B7
  56 0145 5A0F9FBD 		.ascii	"Z\017\237\275\336\353N\360\270JK\007b\355\262Z\3302"
  56      DEEB4EF0 
  56      B84A4B07 
  56      62EDB25A 
  56      D832
  57 0157 1F993C19 		.ascii	"\037\231<\031>k\272\362\323\260^\265\\7^!\301l\326."
  57      3E6BBAF2 
  57      D3B05EB5 
  57      5C375E21 
  57      C16CD62E 
  58 016b 6CA34CED 		.ascii	"l\243L\355\332\317Q\344\322\036\325\355IV\360p2\003"
  58      DACF51E4 
  58      D21ED5ED 
  58      4956F070 
  58      3203
  59 017d FF573DFD 		.ascii	"\377W=\375\247\276\2032%\351W=9\357\344WO\244\216\264"
  59      A7BE8332 
  59      25E9573D 
  59      39EFE457 
  59      4FA48EB4 
  60 0191 56EED7BB 		.ascii	"V\356\327\273\323\371\023?7\346S\037v\315\204^\261n"
  60      D3F9133F 
  60      37E6531F 
  60      76CD845E 
  60      B16E
  61 01a3 3A3301E3 		.ascii	":3\001\343\326+Fp\377\316\275\241\353w\3457E\030\304"
  61      D62B4670 
  61      FFCEBDA1 
  61      EB77E537 
  61      4518C4
  62 01b6 A3       		.ascii	"\243"
  63              		.text
  64              		.section	.gnu.lto_.symbol_nodes.fd7c9f854dcd7c31,"",%progbits
  65 0000 789C55C8 		.ascii	"x\234U\310+\016\2000\020E\321;\323\006\266\305\2720"
  65      2B0E8030 
  65      1045D13B 
  65      D306B6C5 
  65      BA30
  66 0012 53C12FC1 		.ascii	"S\301/\301\260\205&\254\002\215F\242\021]\007\241\251"
  66      B08526AC 
  66      028D46A2 
  66      115D07A1 
  66      A9
  67 0023 A2E2E5BE 		.ascii	"\242\342\345\276\234\006\350\363\320A\015\266\013r\216"
  67      9C06E8F3 
  67      D0410DB6 
  67      0B728E
  68 0032 10056451 		.ascii	"\020\005dQ\223B\020B\227aV\323\012&5W\301\250\346\377"
  68      93421042 
  68      976156D3 
  68      0A263557 
  68      C1A8E6FF 
ARM GAS  /tmp/ccpmNySC.s 			page 5


  69 0046 E0F0ECCF 		.ascii	"\340\360\354\317+.\277\263TI\245B\212\367\332\362\001"
  69      2B2EBFB3 
  69      5449A542 
  69      8AF7DAF2 
  69      01
  70 0057 FB5F1ED1 		.ascii	"\373_\036\321"
  71              		.text
  72              		.section	.gnu.lto_.refs.fd7c9f854dcd7c31,"",%progbits
  73 0000 789C6363 		.ascii	"x\234cc```\004b\006\000\000D\000\010"
  73      60606004 
  73      62060000 
  73      440008
  74              		.text
  75              		.section	.gnu.lto_.decls.fd7c9f854dcd7c31,"",%progbits
  76 0000 789C9555 		.ascii	"x\234\225U[P\223G\024\376O6@\014\327A\353\350\0143\245"
  76      5B509347 
  76      14FE4F36 
  76      400CD741 
  76      EBE80C33 
  77 0015 0E33E645 		.ascii	"\0163\346E\"\340t\372\320'\261U\247\264v\300\276\370"
  77      22E074FA 
  77      D027B155 
  77      A7B476C0 
  77      BEF8
  78 0027 9246129B 		.ascii	"\222F\022\233LI\302\220\340\340\333_\211S\264\266\025"
  78      4C49C290 
  78      E0E0DB5F 
  78      8953B4B6 
  78      15
  79 0038 A556A82D 		.ascii	"\245V\250-\024/S\005\007/ *\"\310EQ\020+(\012U\203 "
  79      142F5305 
  79      072F202A 
  79      22C84551 
  79      102B280A 
  80 004f 370B0A88 		.ascii	"7\013\012\210 \020\207\236\335\375s\341\022\333\356"
  80      2010879E 
  80      DDFD73E1 
  80      12DBEE
  81 005e E4E4FFCF 		.ascii	"\344\344\377\317\356w\316w\316\331\335\363\373\013\202"
  81      EE77CE77 
  81      CED9DDF3 
  81      FB0B82
  82 006d B0442908 		.ascii	"\260D)\010\313e\202P\212\35738\360U\270\212BPV\242<"
  82      CB658250 
  82      8AEF3338 
  82      F055B88A 
  82      425056A2 
  83 0082 40E910F8 		.ascii	"@\351\020\370\360C\351B\031@y\205\362\032eJ\230?\352"
  83      F043E942 
  83      19407985 
  83      F21A654A 
  83      983FEA
  84 0095 411042F0 		.ascii	"A\020B\360\031N\375\243l\221|M\243L\2408\275\374\216"
  84      194EFDA3 
  84      6C917C4D 
  84      A34CA038 
  84      BDFC8E
ARM GAS  /tmp/ccpmNySC.s 			page 6


  85 00a8 A1B4A1D4 		.ascii	"\241\264\241\324\240\274A\351GAs\241\311\213oJ\342z"
  85      A0BC41E9 
  85      474173A1 
  85      C98B6F4A 
  85      E27A
  86 00ba 2571CF1D 		.ascii	"%q\317\0359\004\312'\272\006\374\211\014\350\373xV\376"
  86      3904CA27 
  86      BA06FC89 
  86      0CE8FB78 
  86      56FE
  87 00cc A5D0E862 		.ascii	"\245\320\350b\221\017\305r\001\316\001q\001\357\330"
  87      910FC572 
  87      01CE0171 
  87      01EFD8
  88 00db 4F1F26DF 		.ascii	"O\037&\337\021\010W\202\034\325\221[y\335!\250.QB$\252"
  88      11085782 
  88      1CD5915B 
  88      79DD21A8 
  88      2E514224 
  89 00f0 CFED3D9D 		.ascii	"\317\355=\235\201|u\031\252-\303M\277Jj\030\252g\333"
  89      817C7519 
  89      AA2DC34D 
  89      BF4A6A18 
  89      AA67DB
  90 0103 FEA85090 		.ascii	"\376\250P\220pF\362\250\341D\021\365\263R\011\264l\241"
  90      7046F2A8 
  90      E14411F5 
  90      B35209B4 
  90      6CA1
  91 0115 38553278 		.ascii	"8U2xq2\230OQD\313\217\243G\003\310R\372.s\264O?\014"
  91      7132984F 
  91      5144CB8F 
  91      A34703C8 
  91      52FA2E73 
  92 012d 01A52A4B 		.ascii	"\001\245*K\024w\212\005\231\342\242\015\002\234\207"
  92      14778A05 
  92      99E2A20D 
  92      029C87
  93 013c 08288308 		.ascii	"\010(\203\010\001\256\200\212\332\224B\264\000\0258"
  93      01AE808A 
  93      DA9442B4 
  93      001538
  94 014b 7909278F 		.ascii	"y\011'\217\323\320\253o\217\255\314\376V\024eP\011J"
  94      D3D0AB6F 
  94      8FADCCFE 
  94      56146550 
  94      094A
  95 015d B80C8461 		.ascii	"\270\014\204a\260>+\225<\231\023G\263\013\375\311\026"
  95      B03E2B95 
  95      3C991347 
  95      B30BFDC9 
  95      16
  96 016e 4651F14B 		.ascii	"FQ\361KO\275\314\027\305U\237\024\216\303+\256\355\242"
  96      4FBDCC17 
  96      C5559F14 
  96      8EC32BAE 
  96      EDA2
ARM GAS  /tmp/ccpmNySC.s 			page 7


  97 0180 14D54851 		.ascii	"\024\325HQ\345\241@F\316q\250\345\314GJt\232\371\237"
  97      E5A14046 
  97      CE71A8E5 
  97      CC474A74 
  97      9AF99F
  98 0193 9CA2C1F7 		.ascii	"\234\242\301\367955r\222\015\254\010y\025c7\375x\005"
  98      39353572 
  98      920DAC08 
  98      79156337 
  98      FD7805
  99 01a6 15A8DA6B 		.ascii	"\025\250\332k\357\225\005\221\203|\255\247\261d\247"
  99      EF950591 
  99      837CADA7 
  99      B164A7
 100 01b5 82E471A5 		.ascii	"\202\344q\245\267h\357`\010\371\215+E\373\357\034#\244"
 100      B768EF60 
 100      08F98D2B 
 100      45FBEF1C 
 100      23A4
 101 01c7 902B172A 		.ascii	"\220+\027*\207b\271\207\010\324.=\032\251\016\344\033"
 101      8762B987 
 101      08D42E3D 
 101      1AA90EE4 
 101      1B
 102 01d8 D609A89F 		.ascii	"\326\011\250\237z\3558\357G\2163\350\242\262\254\366"
 102      7AED38EF 
 102      478E33E8 
 102      A2B2ACF6 
 103 01e8 1902518B 		.ascii	"\031\002Q\213\243p\250\242\242\012E{&fxj\215\243\245"
 103      A370A8A2 
 103      A20A457B 
 103      2666786A 
 103      8DA3A5
 104 01fb 5F14F707 		.ascii	"_\024\367\007A\015\346X\2179\336\202\305\2364\352\360"
 104      410DE658 
 104      8F39DE82 
 104      C59E34EA 
 104      F0
 105 020c 8F6585F9 		.ascii	"\217e\205\371f\323\232\354C\001\271\0007\021q\203-R"
 105      66D39AEC 
 105      4301B900 
 105      37117183 
 105      2D52
 106 021e 3CA6092D 		.ascii	"<\246\011-\230q+D\301m\224;(M(wQ\376Di\206(v\3068i\215"
 106      98712B44 
 106      C16D943B 
 106      284D2877 
 106      51FE4469 
 107 0239 214FACB6 		.ascii	"!O\254\266\023\306\3308\227\261\2349\215\211p\243;4"
 107      13C6D838 
 107      97B19C39 
 107      8D8970A3 
 107      3B34
 108 024b 1EF4F5B9 		.ascii	"\036\364\365\271h\265'<\216\236\362B_\234\213\276\000"
 108      68B5273C 
 108      8E9EF242 
 108      5F9C8BBE 
ARM GAS  /tmp/ccpmNySC.s 			page 8


 108      00
 109 025c 73E15D5E 		.ascii	"s\341]^\360k\013'\317B\341\347\341\232#\374\033L\237"
 109      F06B0B27 
 109      CF42E1E7 
 109      E19A23FC 
 109      1B4C9F
 110 026f A204E92C 		.ascii	"\242\004\351,x\262js\204\027f\212\015\253\231\257\206"
 110      78B26A73 
 110      8417668A 
 110      0DAB99AF 
 110      86
 111 0280 0503F5CA 		.ascii	"\005\003\365\312j\324\213\270v\3418\031\032w\261{\242"
 111      6AD48BB8 
 111      76E13819 
 111      1A77B17B 
 111      A2
 112 0291 AF3C9438 		.ascii	"\257<\2248\330.\312\332\2357\233C`\261j\301\315\200"
 112      D82ECADA 
 112      9D379B43 
 112      60B16AC1 
 112      CD80
 113 02a3 FBB807FF 		.ascii	"\373\270\007\377g?xZ\315\375\376\330\012\240\015\015"
 113      673F785A 
 113      CDFDFED8 
 113      0AA00D0D 
 114 02b3 EF790E39 		.ascii	"\357y\0169M\222\361\217\344e\337\013\010\332\343\276"
 114      4D92F18F 
 114      E465DF0B 
 114      08DAE3BE 
 115 02c3 3A0CE88A 		.ascii	":\014\350\212U\200\007\020\3442\301W\304\237\274u\302"
 115      55800710 
 115      E432C157 
 115      C49FBC75 
 115      C2
 116 02d4 2927833C 		.ascii	")'\203<\336\361\272\276#\012_7\357/\2377\357\305\225"
 116      DEF1BABE 
 116      230A5F37 
 116      EF2F9F37 
 116      EFC595
 117 02e7 0F4FDE15 		.ascii	"\017O\336\025\305H\350\300\372\264{\202\252f7\217\316"
 117      C548E8C0 
 117      FAB47B82 
 117      AA66378F 
 117      CE
 118 02f8 D2E37EB5 		.ascii	"\322\343~\265\262*\320\001\217\000\3732\204\261\204"
 118      B22AD001 
 118      8F00FB32 
 118      84B184
 119 0307 00F83F3E 		.ascii	"\000\370?>\2510}\3065\200\317\343\254\214?$(U\\&\340"
 119      A9307DC6 
 119      3580CFE3 
 119      AC8C3F24 
 119      28555C26 
 120 031c 9E91493E 		.ascii	"\236\221I>d.\277\354'9\000o\257|\235\323\271\006\357"
 120      642EBFEC 
 120      2739006F 
 120      AF7C9DD3 
ARM GAS  /tmp/ccpmNySC.s 			page 9


 120      B906EF
 121 032f D4FCC5CB 		.ascii	"\324\374\305\313\216O\311<d^&\363b\025\334\313\356\240"
 121      8E4FC93C 
 121      645E26F3 
 121      6215DCCB 
 121      EEA0
 122 0341 3C4982D4 		.ascii	"<I\202\324\263\317<u\354\225u\302c\\\305O\311>E\012"
 122      B3CF3C75 
 122      EC9575C2 
 122      635CC54F 
 122      C93E450A 
 123 0355 EB0BB94D 		.ascii	"\353\013\271M\215\007\010)\346=\277~f\242:\224w\011"
 123      8D070829 
 123      E63DBF7E 
 123      66A23A94 
 123      7709
 124 0367 9957E35E 		.ascii	"\231W\343^\302\033w\361\336\231\034\277e\007\331y\312"
 124      C21B77F1 
 124      DE991CBF 
 124      6507D979 
 124      CA
 125 0378 14C364B0 		.ascii	"\024\303d\260\205v\217\010p\260\335}\002\313\360\337"
 125      85768F08 
 125      70B0DD7D 
 125      02CBF0DF 
 126 0388 2CE76455 		.ascii	",\347dUgG\313\375W\024\210\005O\260\3776\257n)\025E"
 126      6747CBFD 
 126      57148805 
 126      4FB0FF36 
 126      AF6E2915 
 127 039d EC8FA29C 		.ascii	"\354\217\242\234\3020\004\3676=\246\337\024\334\230"
 127      C23004F7 
 127      363DA6DF 
 127      14DC98
 128 03ac 4E8087E8 		.ascii	"N\200\207\350H\200.XA\033\336\276\335\015!\344\242\364"
 128      48802E58 
 128      411BDEBE 
 128      DD0D21E4 
 128      A2F4
 129 03be 25BAF173 		.ascii	"%\272\361sQ0\251c\212,o\362r\255\317\006\335\353\363"
 129      5130A963 
 129      8A2C6FF2 
 129      72ADCF06 
 129      DDEBF3
 130 03d1 98DCEF88 		.ascii	"\230\334\357\210\312g\307\244\007\217\311\323\271\307"
 130      CA67C7A4 
 130      078FC9D3 
 130      B9C7
 131 03df 04498E36 		.ascii	"\004I\2166\037w\206\312\351\371\240\010L\003\347\236"
 131      1F7786CA 
 131      E9F9A008 
 131      4C03E79E 
 132 03ef 387EDA25 		.ascii	"8~\332%\363N\370\313\245^\011\367\263\204\373@\312\270"
 132      F34EF8CB 
 132      A55E09F7 
 132      B384FB40 
 132      CAB8
ARM GAS  /tmp/ccpmNySC.s 			page 10


 133 0401 F441DD69 		.ascii	"\364A\335i\005f\334\211l}\217\327T\235\356\027\263\224"
 133      0566DC89 
 133      6C7D8FD7 
 133      549DEE17 
 133      B394
 134 0413 0C05DD1E 		.ascii	"\014\005\335\036\276n\351\033\012\003,\317\241c\231"
 134      BE6EE91B 
 134      0A032CCF 
 134      A16399
 135 0422 0742492E 		.ascii	"\007BI.ay\2267Te)Y\010\035\356\020\354u\343\331\301"
 135      61799637 
 135      54652959 
 135      081DEE10 
 135      EC75E3D9 
 136 0437 A4840164 		.ascii	"\244\204\001d\275\223\366\322@_\271?\177\313\025Q\361"
 136      BD93F6D2 
 136      405FB93F 
 136      7FCB1551 
 136      F1
 137 0448 2B32846E 		.ascii	"+2\204n\007\027\310}&\367\207#\376\214\230\"\376\006"
 137      0717C87D 
 137      26F78723 
 137      FE8C9822 
 137      FE06
 138 045a C65CBEFB 		.ascii	"\306\\\276\373P_0\271\314\231\247\312Jj\000TAR\0338"
 138      505F30B9 
 138      CC99A7CA 
 138      4A6A0054 
 138      41521B38 
 139 046e 159649BB 		.ascii	"\025\226I\273\333(^\350a\217?\274\324\370\360q\375a"
 139      DB285EE8 
 139      618F3FBC 
 139      D4F8F071 
 139      FD61
 140 0480 04E3F374 		.ascii	"\004\343\363t\000$\270^\237\323\315+N\375\274\340\254"
 140      0024B85E 
 140      9FD3CD2B 
 140      4EFDBCE0 
 140      AC
 141 0491 AD9D7B86 		.ascii	"\255\235{\206\025>K>\306J\376\322U\362\201\207\305\265"
 141      153E4B3E 
 141      C64AFED2 
 141      55F28187 
 141      C5B5
 142 04a3 FE52C9DB 		.ascii	"\376R\311\333\206\302~\317,PQ\010<\363\304\364\314U"
 142      86C27ECF 
 142      2C505108 
 142      3CF3C4F4 
 142      CC55
 143 04b5 EF57ACDE 		.ascii	"\357W\254\336\225c\365\365A\344:\257\367\274\363<\213"
 143      9563F5F5 
 143      41E43AAF 
 143      F7BCF33C 
 143      8B
 144 04c6 6B62D679 		.ascii	"kb\326y\316~\343\234\014\221\250\032\247\3264\226\212"
 144      CE7EE39C 
 144      0C91A81A 
ARM GAS  /tmp/ccpmNySC.s 			page 11


 144      A7D63496 
 144      8A
 145 04d7 763F0A81 		.ascii	"v?\012\201q\017\327\270\213\3535\343\032>'v)\311(\347"
 145      710FD7B8 
 145      8BEB35E3 
 145      1A3E2776 
 145      29C928E7 
 146 04eb CAEF6D2D 		.ascii	"\312\357m-\013\224\354[gTUn\373I\217\375\244\313~\212"
 146      0B94EC5B 
 146      6754556E 
 146      FB498FFD 
 146      A4CB7E8A 
 147 04ff D9E73BA7 		.ascii	"\331\347;\247sC\274\273)\205{\272\3514\2536{\322\313"
 147      7343BCBB 
 147      29857BBA 
 147      E934AB36 
 147      7BD2CB
 148 0512 DD5BB147 		.ascii	"\335[\261G\356\015\036\233\005vJ`'\003\317\274|\226"
 148      EE0D1E9B 
 148      05764A60 
 148      2703CFBC 
 148      7C96
 149 0524 1DEA0DEE 		.ascii	"\035\352\015\356\237\005~#\201\351\323\337\2445\232"
 149      9F057E23 
 149      81E9D3DF 
 149      A4359A
 150 0533 A39315EB 		.ascii	"\243\223\025\353?\373\"2>&F k\023\023\225\032M\272\321"
 150      3FFB2232 
 150      3E264620 
 150      6B131395 
 150      1A4DBAD1 
 151 0547 6C8B8BD5 		.ascii	"l\213\213\325\330>P\247[\323\324\3324\323*\263\305\254"
 151      D83E50A7 
 151      5BD3D4DA 
 151      34D32AB3 
 151      C5AC
 152 0559 5FA5D76E 		.ascii	"_\245\327n5\262\031\24399%]\247W\233\264\311\006\243"
 152      35B219A3 
 152      3939255D 
 152      A7579BB4 
 152      C906A3
 153 056c 59AFD6E8 		.ascii	"Y\257\326\350\364\333\264\351)6\215mG\252\336\032m\020"
 153      F4DBB4E9 
 153      29368D6D 
 153      47AADE1A 
 153      6D10
 154 057e 142E0FAB 		.ascii	"\024.\017\253\376\305\203u\207U\255\261\332t\010G3\371"
 154      FEC58375 
 154      8755ADB1 
 154      DA740847 
 154      33F9
 155 0590 DAA4C444 		.ascii	"\332\244\304D\262i]\"\331\210\022\237\270\001%A\236"
 155      B2695D22 
 155      D988129F 
 155      B8012541 
 155      9E
 156 05a1 10FF4962 		.ascii	"\020\377Ib\\\264:\336`\334j\334\224\244\266X\325\311"
ARM GAS  /tmp/ccpmNySC.s 			page 12


 156      5CB43ADE 
 156      60DC6ADC 
 156      94A4B658 
 156      D5C9
 157 05b3 1693C962 		.ascii	"\026\223\311bV\3533l\352\244\315\370\3734.\366\343\230"
 157      56EB336C 
 157      EAA4CDF8 
 157      FB342EF6 
 157      E398
 158 05c5 8C0CB5D5 		.ascii	"\214\014\265\325f\212\213\335\026\263:.c+z\013Z\377"
 158      668A8BDD 
 158      16B33A2E 
 158      632B7A0B 
 158      5AFF
 159 05d7 F9C64D9A 		.ascii	"\371\306M\232\315\030\322:\3756\205\321b\262\350\364"
 159      CD18D23A 
 159      FD3685D1 
 159      62B2E8F4 
 160 05e7 1ADBFBB3 		.ascii	"\032\333\373\263<\031\264)\352TK\232\315\312\275\250"
 160      3C19B429 
 160      EA544B9A 
 160      CDCABDA8 
 161 05f7 1312D6A9 		.ascii	"\023\022\326\251\251\331\366\030\272\244IEII\321\321"
 161      A9D9F618 
 161      BAA44945 
 161      4949D1D1 
 162 0607 D068A502 		.ascii	"\320h\245\002x\271\004e\262a\263A\227\224\242\327\247"
 162      78B90465 
 162      B261B341 
 162      9794A2D7 
 162      A7
 163 0618 06630618 		.ascii	"\006c\006\030\274>m;Bm\357\315r\236fs\347\231l\260\031"
 163      BC3E6D3B 
 163      426DEFCD 
 163      729E6673 
 163      E7996CB0 
 164 062d 4D7AF413 		.ascii	"Mz\364\023\365\026\204!M\257\325\321\362\275\343\"\326"
 164      F5168421 
 164      4DAFD5D1 
 164      F2BDE322 
 164      D6
 165 063e 58F5B6AF 		.ascii	"X\365\266\257\322,\351\2514\366 \243\205\206j\322Z\277"
 165      D22CE9A9 
 165      34F620A3 
 165      85866AD2 
 165      5ABF
 166 0650 D6D8945C 		.ascii	"\326\330\224\\1\3524\266E\311\206\244\035\326\215f\243"
 166      31EA34B6 
 166      45C986A4 
 166      1DD68D66 
 166      A3
 167 0661 2DD2B773 		.ascii	"-\322\267s\014\023\035\007`R\024\370\356\274\"\270\220"
 167      0C131D07 
 167      605214F8 
 167      EEBC22B8 
 167      90
 168 0672 F88EB87F 		.ascii	"\370\216\270\177\000?\304\230\036"
ARM GAS  /tmp/ccpmNySC.s 			page 13


 168      003FC498 
 168      1E
 169              		.text
 170              		.section	.gnu.lto_.symtab.fd7c9f854dcd7c31,"",%progbits
 171 0000 6D61696E 		.ascii	"main\000"
 171      00
 172 0005 00       		.ascii	"\000"
 173 0006 00       		.ascii	"\000"
 174 0007 00       		.ascii	"\000"
 175 0008 00000000 		.ascii	"\000\000\000\000\000\000\000\000"
 175      00000000 
 176 0010 E2000000 		.ascii	"\342\000\000\000"
 177 0014 63685468 		.ascii	"chThdSleep\000"
 177      64536C65 
 177      657000
 178 001f 00       		.ascii	"\000"
 179 0020 02       		.ascii	"\002"
 180 0021 00       		.ascii	"\000"
 181 0022 00000000 		.ascii	"\000\000\000\000\000\000\000\000"
 181      00000000 
 182 002a E9000000 		.ascii	"\351\000\000\000"
 183 002e 5F70616C 		.ascii	"_pal_lld_setgroupmode\000"
 183      5F6C6C64 
 183      5F736574 
 183      67726F75 
 183      706D6F64 
 184 0044 00       		.ascii	"\000"
 185 0045 02       		.ascii	"\002"
 186 0046 00       		.ascii	"\000"
 187 0047 00000000 		.ascii	"\000\000\000\000\000\000\000\000"
 187      00000000 
 188 004f F5000000 		.ascii	"\365\000\000\000"
 189 0053 63685379 		.ascii	"chSysInit\000"
 189      73496E69 
 189      7400
 190 005d 00       		.ascii	"\000"
 191 005e 02       		.ascii	"\002"
 192 005f 00       		.ascii	"\000"
 193 0060 00000000 		.ascii	"\000\000\000\000\000\000\000\000"
 193      00000000 
 194 0068 F8000000 		.ascii	"\370\000\000\000"
 195 006c 68616C49 		.ascii	"halInit\000"
 195      6E697400 
 196 0074 00       		.ascii	"\000"
 197 0075 02       		.ascii	"\002"
 198 0076 00       		.ascii	"\000"
 199 0077 00000000 		.ascii	"\000\000\000\000\000\000\000\000"
 199      00000000 
 200 007f FA000000 		.ascii	"\372\000\000\000"
 201              		.text
 202              		.section	.gnu.lto_.opts,"",%progbits
 203 0000 272D666D 		.ascii	"'-fmath-errno' '-fsigned-zeros' '-ftrapping-math' '"
 203      6174682D 
 203      6572726E 
 203      6F272027 
 203      2D667369 
 204 0033 2D666E6F 		.ascii	"-fno-trapv' '-fno-openmp' '-fno-openacc' '-mcpu=cor"
ARM GAS  /tmp/ccpmNySC.s 			page 14


 204      2D747261 
 204      70762720 
 204      272D666E 
 204      6F2D6F70 
 205 0066 7465782D 		.ascii	"tex-m3' '-mthumb' '-O2' '-fomit-frame-pointer' '-fa"
 205      6D332720 
 205      272D6D74 
 205      68756D62 
 205      2720272D 
 206 0099 6C69676E 		.ascii	"lign-functions=16' '-ffunction-sections' '-fdata-se"
 206      2D66756E 
 206      6374696F 
 206      6E733D31 
 206      36272027 
 207 00cc 6374696F 		.ascii	"ctions' '-fno-common' '-flto'\000"
 207      6E732720 
 207      272D666E 
 207      6F2D636F 
 207      6D6D6F6E 
 208              		.text
 209              		.comm	__gnu_lto_v1,1,1
 210              		.comm	__gnu_lto_slim,1,1
 211              		.ident	"GCC: (GNU) 7.3.0"
ARM GAS  /tmp/ccpmNySC.s 			page 15


DEFINED SYMBOLS
                            *ABS*:0000000000000000 main.c
                            *COM*:0000000000000001 __gnu_lto_v1
                            *COM*:0000000000000001 __gnu_lto_slim

NO UNDEFINED SYMBOLS
