ARM GAS  /tmp/ccAiDpT0.s 			page 1


   1              		.cpu cortex-m3
   2              		.eabi_attribute 20, 1
   3              		.eabi_attribute 21, 1
   4              		.eabi_attribute 23, 3
   5              		.eabi_attribute 24, 1
   6              		.eabi_attribute 25, 1
   7              		.eabi_attribute 26, 1
   8              		.eabi_attribute 30, 2
   9              		.eabi_attribute 34, 1
  10              		.eabi_attribute 18, 4
  11              		.file	"memstreams.c"
  12              		.section	.gnu.lto_.profile.1420ef880637ce98,"",%progbits
  13 0000 789C6363 		.ascii	"x\234cc```\001bF\206\000K\000\001Q\000\225"
  13      60606001 
  13      62468600 
  13      4B000151 
  13      0095
  14              		.text
  15              		.section	.gnu.lto_.icf.1420ef880637ce98,"",%progbits
  16 0000 789C6363 		.ascii	"x\234cc``Pc@\0006\206\331k/vs2\276[\274\346\003'\323"
  16      60605063 
  16      40003686 
  16      D96B2F76 
  16      7332BE5B 
  17 0019 EE0F13CF 		.ascii	"\356\017\023\317\3611\203I\226\223\273wnfd]\373\373"
  17      F1318349 
  17      9693BB77 
  17      6E66645D 
  17      FBFB
  18 002b E7172E06 		.ascii	"\347\027.\006\000i\262\022\345"
  18      0069B212 
  18      E5
  19              		.text
  20              		.section	.gnu.lto_.jmpfuncs.1420ef880637ce98,"",%progbits
  21 0000 789C8D4E 		.ascii	"x\234\215NA\012\2000\014K\332n\036\367^O\373\310^\342"
  21      410A8030 
  21      0C4BDA6E 
  21      1EF75E4F 
  21      FBC85EE2 
  22 0014 C99FB946 		.ascii	"\311\237\271F\004\305\203\030\010M\240\011\251\0006"
  22      04C58318 
  22      084DA009 
  22      A90036
  23 0023 DC2830D2 		.ascii	"\334(0\322\373p$)H\233\344\"\305\341\226\327\253\255"
  23      FB702429 
  23      489BE422 
  23      C5E196D7 
  23      ABAD
  24 0035 24B80791 		.ascii	"$\270\007\221<\022-\323\337\336\237-q\266\274_~\264"
  24      3C122DD3 
  24      DFDE9F2D 
  24      71B6BC5F 
  24      7EB4
  25 0047 466855CB 		.ascii	"FhU\313x\351\327\030\021\023\360\01519"
  25      78E9D718 
  25      1113F00D 
  25      3139
ARM GAS  /tmp/ccAiDpT0.s 			page 2


  26              		.text
  27              		.section	.gnu.lto_.inline.1420ef880637ce98,"",%progbits
  28 0000 789C6363 		.ascii	"x\234cc``hdd\200\003V\006\006^\036Ff\006\005F\006f\007"
  28      60606864 
  28      64800356 
  28      06065E1E 
  28      46660605 
  29 0018 30990026 		.ascii	"0\231\000&\025\270\330\326\3511p\334\322cb`|\301\316"
  29      15B8D8D6 
  29      E93170DC 
  29      D2636260 
  29      7CC1CE
  30 002b 02214104 		.ascii	"\002!A\004\007\230\311\301\300\262@\236\207\201\361"
  30      0798C9C1 
  30      C0B2409E 
  30      8781F1
  31 003a 2EBB0013 		.ascii	".\273\000\023\230d`\332\305/\0012\220\221\201\207\033"
  31      986460DA 
  31      C52F0132 
  31      90918187 
  31      1B
  32 004b 6A1EC4A4 		.ascii	"j\036\304\244\006F\250\201\314\323\305\031\330\377\252"
  32      0646A881 
  32      CCD3C519 
  32      D8FFAA
  33 005a 61319079 		.ascii	"a1\220y\2218n\003\231\030\004%\031YP\014dR\000\371\000"
  33      91386E03 
  33      99180425 
  33      1959500C 
  33      645200F9 
  34 006f 6C2A3750 		.ascii	"l*7P\033\003\307\007\234\316d\272\300\317\0032Z\006"
  34      1B03C707 
  34      9CCE64BA 
  34      C0CF0332 
  34      5A06
  35 0081 C455000B 		.ascii	"\304U\000\013*\200\0045@F\263\360200O\360\003Af\204"
  35      2A800435 
  35      4046B3F0 
  35      3230304F 
  35      F0034166 
  36 0096 2DD060A0 		.ascii	"-\320`\240\201%,\014\034\354\214\014L\254\035\352\014"
  36      81252C0C 
  36      1CEC8C0C 
  36      4CAC1DEA 
  36      0C
  37 00a7 DC2BDC98 		.ascii	"\334+\334\230\300\021\000\000I\0135\372"
  37      C0110000 
  37      490B35FA 
  38              		.text
  39              		.section	.gnu.lto_.pureconst.1420ef880637ce98,"",%progbits
  40 0000 789C6363 		.ascii	"x\234cc``\340\006bV\006)F)&)f)\026)\000\004\023\000"
  40      6060E006 
  40      62560629 
  40      46292629 
  40      66291629 
  41 0018 A3       		.ascii	"\243"
  42              		.text
ARM GAS  /tmp/ccAiDpT0.s 			page 3


  43              		.section	.gnu.lto__put.1420ef880637ce98,"",%progbits
  44 0000 789C9552 		.ascii	"x\234\225R\337K\024Q\024\276\337\234\331\031W\315\250"
  44      DF4B1451 
  44      14BEDF9C 
  44      D91957CD 
  44      A8
  45 0011 A71EF6C1 		.ascii	"\247\036\366\301\207D\014t\244\037\217=\365\007\364"
  45      87440C74 
  45      A41F8F3D 
  45      F507F4
  46 0020 D05FA022 		.ascii	"\320_\240\"\270\340\222\264=\347\3255\3152\022R\263"
  46      B8E092B4 
  46      3DE7D535 
  46      CD321252 
  46      B3
  47 0031 65902591 		.ascii	"e\220%\221\242\010\223V+\323\232\324\314_[V\032\322"
  47      A2089356 
  47      2BD39AD4 
  47      CC5F5B56 
  47      1AD2
  48 0043 830F854B 		.ascii	"\203\017\205K\277#\"\037\255sf64z\321\2019s\356\235"
  48      BF23221F 
  48      AD736636 
  48      347AD181 
  48      3973EE9D 
  49 0057 F37DDF39 		.ascii	"\363}\3379\337\275\226R\352+)uD\005/B\012F\347s\245"
  49      DFBD9652 
  49      EA2B2975 
  49      44052F42 
  49      0A46E773 
  50 006c 9AF20CC3 		.ascii	"\232\362\014\303\374\240\224\316\247\033\031\376\024"
  50      FCA094CE 
  50      A71B19FE 
  50      14
  51 0079 12CC60DF 		.ascii	"\022\314`\337\004$\321yP\215\006\231hD\007u\021^\266"
  51      0424D179 
  51      508D0699 
  51      68440775 
  51      115EB6
  52 008c DC71E902 		.ascii	"\334q\351\002\271\244`\362\362G&\371\276H\226@1/\007"
  52      B9A460F2 
  52      F24726F9 
  52      BE489640 
  52      312F07
  53 009f C6136328 		.ascii	"\306\023c(\273\256\371\361\256tY}\351E\035v\311P=\\"
  53      BBAEF9F1 
  53      AE74597D 
  53      E9451D76 
  53      C9503D5C 
  54 00b3 9E460477 		.ascii	"\236F\004w\021\021\365a\224q\361\353\314r\247M\345P"
  54      1111F561 
  54      9471F1EB 
  54      CC72A74D 
  54      E550
  55 00c5 9C5FFEF5 		.ascii	"\234_\376\365\3313J\007\264n\326\336B?\351\375.\021"
  55      D9334A07 
  55      B46ED6DE 
ARM GAS  /tmp/ccAiDpT0.s 			page 4


  55      423FE9FD 
  55      2E11
  56 00d7 46405B81 		.ascii	"F@[\201\274\245p\017\245\\\356\266\336\\#\252\364\241"
  56      BCA5700F 
  56      A55CEEB6 
  56      DE5C23AA 
  56      F4A1
  57 00e9 F3EB3353 		.ascii	"\363\3533S\177\241_ZH\027\272\334\355\375\000z(\202"
  57      7FA15F5A 
  57      4817BADC 
  57      EDFD007A 
  57      2882
  58 00fb 4A019A0A 		.ascii	"J\001\232\012\017P*\325?\277/\317\207\351\240\217\274"
  58      0F502AD5 
  58      3FBF2FCF 
  58      87E9A08F 
  58      BC
  59 010c 35929E2B 		.ascii	"5\222\236+,\351\367\221\253\275{\257%\364\2146]\012"
  59      2CE9F791 
  59      ABBD7BAF 
  59      25F48C36 
  59      5D0A
  60 011e 61F45F61 		.ascii	"a\364_ay\270\374\335\320F\367.\313\304C\224\310@<\307"
  60      79B8FCDD 
  60      D046F72E 
  60      CBC44394 
  60      C8403CC7 
  61 0132 182C054E 		.ascii	"\030,\005N\006_\205<\275\361\273M{o\366\255\2443{\212"
  61      065F853C 
  61      BDF1BB4D 
  61      7B6FF6AD 
  61      A4337B8A 
  62 0146 C09A9621 		.ascii	"\300\232\226!\2018\330\246\204\220,-\0116\007#\014\231"
  62      8138D8A6 
  62      84902C2D 
  62      09360723 
  62      0C99
  63 0158 A5007E63 		.ascii	"\245\000~c\352\034\363\261\335\332S\355l\027g\011Oe"
  63      EA1CF3B1 
  63      DDDA53ED 
  63      6C176709 
  63      4F65
  64 016a D19C1AEC 		.ascii	"\321\234\032\354(\023\025\321LRX}B\363\350\307\213\223"
  64      281315D1 
  64      4C52587D 
  64      42F3E8C7 
  64      8B93
  65 017c 96EC2509 		.ascii	"\226\354%\011\334T\317\331\211\027\266\034@\310\037"
  65      DC54CFD9 
  65      8917B61C 
  65      40C81F
  66 018b 696C2233 		.ascii	"il\"3m\245\320\327\304'P\354R\036\2030.#\360\277\245"
  66      6DA5D0D7 
  66      C42750EC 
  66      521E8330 
  66      2E23F0BF 
  67 01a0 B695D502 		.ascii	"\266\225\325\002\347\266\016~\205\361\010)t\313\034"
ARM GAS  /tmp/ccAiDpT0.s 			page 5


  67      E7B60E7E 
  67      85F10829 
  67      74CB1C
  68 01af 0A8FE1F8 		.ascii	"\012\217\341\370\334\263\025\001\263\261C*\317\247\022"
  68      DCB31501 
  68      B3B1432A 
  68      CFA712
  69 01be 2BF084A9 		.ascii	"+\360\204\251\326\320\362v\362p\256If\363\035l\347\343"
  69      D6D0F276 
  69      F270AE49 
  69      66F31D6C 
  69      E7E3
  70 01d0 E33BC683 		.ascii	"\343;\306\203\371S\\J\344\246\240\035i\331\230\360\265"
  70      F9535C4A 
  70      E4A6A01D 
  70      69D998F0 
  70      B5
  71 01e1 8413937E 		.ascii	"\204\023\223~\333\011\267\365j(\3402\231N\364X!9{T\366"
  71      DB09B7F5 
  71      6A28E032 
  71      994EF458 
  71      21397B54 
  72 01f6 B65A64FF 		.ascii	"\266Zd\377gQ\252\310\025\214\211)\021\303S\246NRA\320"
  72      6751AAC8 
  72      158C8929 
  72      11C353A6 
  72      4E5241D0 
  73 020a 606FC20E 		.ascii	"`o\302\016HC\333j\260\\|\230\336\364\341Y\320[O+\002"
  73      4843DB6A 
  73      B05C7C98 
  73      DEF4E159 
  73      D05B4F2B 
  74 021f 961CD170 		.ascii	"\226\034\321p\333\302P\2764\303\347\217\031f`\255\245"
  74      DBC250BE 
  74      34C3E78F 
  74      196660AD 
  74      A5
  75 0230 F3C8B5BA 		.ascii	"\363\310\265\272M\231\331M\23198\314\355\333k\346\356"
  75      4D99D94D 
  75      993938CC 
  75      EDDB6BE6 
  75      EE
  76 0241 CD37182A 		.ascii	"\3157\030*I6\357\255\303f`\326MO\357\026I\003g0\217"
  76      4936EFAD 
  76      C36660D6 
  76      4D4FEF16 
  76      49036730 
  77 0256 883157B3 		.ascii	"\2101W\263\325\025\003\012\013\210\320hv\021|\017!,"
  77      D515030A 
  77      0B88D068 
  77      76117C0F 
  77      212C
  78 0268 ECEE810A 		.ascii	"\354\356\201\012\347X]\264:z\374\204s2\356\324U\325"
  78      E7585DB4 
  78      3A7AFC84 
  78      7332EED4 
  78      55D5
ARM GAS  /tmp/ccAiDpT0.s 			page 6


  79 027a 3BF5D16A 		.ascii	";\365\321j'~\372TmU,\356\304jc\271\264\242F\031\321"
  79      277EFA54 
  79      6D552CEE 
  79      C46A63B9 
  79      B4A24619 
  80 028f 0654532C 		.ascii	"\006TS,\336\360\007\002\370MO"
  80      DEF00702 
  80      F84D4F
  81              		.text
  82              		.section	.gnu.lto__get.1420ef880637ce98,"",%progbits
  83 0000 789C9552 		.ascii	"x\234\225R\337KTA\024\236\357\316\335\273?Z\213z\020"
  83      DF4B5441 
  83      149EEFCE 
  83      DDBB3F5A 
  83      8B7A10
  84 0013 82257C48 		.ascii	"\202%|H\304@\257\220\375\005\375\001=\364\324\243\206"
  84      C440AF90 
  84      FD05FD01 
  84      3DF4D4A3 
  84      86
  85 0024 E0824BD2 		.ascii	"\340\202K\322\366\0309\272\346\246\371 \230\226\313"
  85      F61839BA 
  85      E6A6F920 
  85      9896CB
  86 0033 45964412 		.ascii	"E\226D\022#J\3325SWo\232\246\345\226\225\206\365\020"
  86      234ADA35 
  86      53576F9A 
  86      A6E59695 
  86      86F510
  87 0046 51B89482 		.ascii	"Q\270\224\202\321/_\012\353\234{\2272z\311\201;w\346"
  87      D12F5F0A 
  87      EB9C7B97 
  87      327AC981 
  87      3B77E6
  88 0059 CCF9BEEF 		.ascii	"\314\371\276\357\234o\306\020B\314H!\216\010\367\203"
  88      9C6FC610 
  88      42CC4821 
  88      8E08F783 
  89 0069 4740EB78 		.ascii	"G@\353x,D\243O\323\364\367B\250\200\034\310\322/(\241"
  89      2C44A34F 
  89      D3F4F742 
  89      A8801CC8 
  89      D22F28A1 
  90 007d BB711DE0 		.ascii	"\273q\035\340\205\362A4hRG\003\332\345%\211\247\315"
  90      85F24134 
  90      68524703 
  90      DAE52589 
  90      A7CD
  91 008f B72C7951 		.ascii	"\267,yQZR@\247\355\247l\342\335n\336\002E\264\355\317"
  91      5A5240A7 
  91      EDA76CE2 
  91      DD6EDE02 
  91      45B4EDCF 
  92 00a3 C4C6517A 		.ascii	"\304\306QzM\321\260/\217\030\275\251E\345\267\244&\272"
  92      4DD1B02F 
  92      8F18BDA9 
  92      45E5B7A4 
ARM GAS  /tmp/ccAiDpT0.s 			page 7


  92      26BA
  93 00b5 293D8510 		.ascii	")=\205\020n#\304\352i\224R\362\363\354r\207W\226A\320"
  93      6E23C4EA 
  93      699452F2 
  93      F3EC7287 
  93      579641D0 
  94 00c9 BAF3DBBA 		.ascii	"\272\363\333\272\255\225\364+\325\244\354\205>\251\016"
  94      AD95F42B 
  94      D5A4EC85 
  94      3EA90E
  95 00d8 5A526218 		.ascii	"ZRb\030r;\220B\002wP\302\371_>.?\362\313\012\007{}8"
  95      723B9042 
  95      027750C2 
  95      F95F3E2E 
  95      3FF2CB0A 
  96 00f0 F53058DC 		.ascii	"\3650X\334\347`7{\366]\215\2519\245[T\362\310\337x\036"
  96      E760377B 
  96      F65D8DA9 
  96      39A55B54 
  96      F2C8DF78 
  97 0105 946EB50C 		.ascii	"\224n\265\014\256JY\351@':\223\223z\036\272\321S\330"
  97      AE4A59E9 
  97      40273A93 
  97      937A1EBA 
  97      D153D8
  98 0118 18535718 		.ascii	"\030SW\030\352\301\250\013=\034B\305o\340\333\241\255"
  98      EAC1A80B 
  98      3D1C42C5 
  98      6FE0DBA1 
  98      AD
  99 0129 AE0243C7 		.ascii	"\256\002C\307\030\212q\027\305\334\024\3652\016C\200"
  99      188A7117 
  99      C5DC14F5 
  99      320E4380 
 100 0139 FE1CBEF9 		.ascii	"\376\034\276\371\314c\253\255\237qe\347\366g\276\276"
 100      CC63ABAD 
 100      9F7165E7 
 100      F667BEBE 
 101 0149 D85B002A 		.ascii	"\330[\000*\332\320x\2224yu\236<\2745h\322|\340v\002"
 101      DAD07892 
 101      3479759E 
 101      3CBC3568 
 101      D27CE076 
 102 015e 82A1410E 		.ascii	"\202\241A\016\010q\2018\311ve\213V\332\322*f\213\034"
 102      08718138 
 102      C976658B 
 102      56DAD22A 
 102      668B1C
 103 0171 9A92DFDB 		.ascii	"\232\222\337\333KY\211u\023\322'\326\3204\372a`\332"
 103      4B598975 
 103      13D227D6 
 103      D034FA61 
 103      60DA
 104 0183 E0584282 		.ascii	"\340XB\202\212\353>?\365\304\313\027\241;\215\215Oe"
 104      8AEB3E3F 
 104      F5C4CB17 
 104      A13B8D8D 
ARM GAS  /tmp/ccAiDpT0.s 			page 8


 104      4F65
 105 0195 678D247A 		.ascii	"g\215$z\033\351&\212,\351#\0202\354\001\235-\305W^\357"
 105      1BE9268A 
 105      2CE92310 
 105      32EC019D 
 105      2DC5575E 
 106 01aa 326F28F7 		.ascii	"2o(\367\310\217\011$\321\305\275\010L\302t\270\347\313"
 106      C88F0924 
 106      D1C5BD08 
 106      4CC274B8 
 106      E7CB
 107 01bc 5C666D87 		.ascii	"\\fm\207T\266C\005\246\272GT\253h~5]\231/2\301\375\321"
 107      54B64305 
 107      A6BA4754 
 107      AB687E35 
 107      5D992F32 
 108 01d3 68A56BA4 		.ascii	"h\245k\244\267F\2159]\014\306\274n\202\334\221\226\027"
 108      B7468D39 
 108      5D0CC6BC 
 108      6E82DC91 
 108      9617
 109 01e5 538E1673 		.ascii	"S\216\026sb\332);f\265\274\364\270\\:\321\261\036)\374"
 109      62DA293B 
 109      66B5BCF4 
 109      B85C3AD1 
 109      B11E29FC 
 110 01f9 683BE1C6 		.ascii	"h;\341\306\002\333]\362\376\343R\362\000\335;!q\237"
 110      02DB5DF2 
 110      FEE352F2 
 110      00DD3B21 
 110      719F
 111 020b F53043EC 		.ascii	"\3650C\354\216\363\205\216\357c\354{\200E\272[2\351"
 111      8EF3858E 
 111      EF63EC7B 
 111      8045BA5B 
 111      32E9
 112 021d B32EA3C7 		.ascii	"\263.\243\3075(\035_\030\0120\251\037\300,\241Iu\251"
 112      35281D5F 
 112      180A30A9 
 112      1FC02CA1 
 112      4975A9
 113 0230 0D9CF35F 		.ascii	"\015\234\363_-\2251\362\301\037\347\346`\0227\263|\216"
 113      2D9531F2 
 113      C11FE7E6 
 113      601237B3 
 113      7C8E
 114 0242 67D3B5AE 		.ascii	"g\323\265\256V\220\345\331<=\377*6\240\211\2044(\266"
 114      5690E5D9 
 114      3C3DFF2A 
 114      36A08984 
 114      3428B6
 115 0255 E9E8E4AC 		.ascii	"\351\350\344\254\324\354\036\256B\3039\314#\244\215"
 115      D4EC1EAE 
 115      42C339CC 
 115      23A48D
 116 0264 AEBD21CF 		.ascii	"\256\275!\317\2032\261\276\010zW`\034\271u\250\334<"
 116      8332B1BE 
ARM GAS  /tmp/ccAiDpT0.s 			page 9


 116      087A5760 
 116      1CB975A8 
 116      DC3C
 117 0276 5A1BAE0E 		.ascii	"Z\033\256\016\037;n\236\212\232\265Uuf]\270\332\214"
 117      1F3B6E9E 
 117      8A9AB555 
 117      75665DB8 
 117      DA8C
 118 0288 9E395D53 		.ascii	"\2369]S\025\211\232\221\232H~Y~Rh\341z\031\211\326\243"
 118      15899A91 
 118      9A487E59 
 118      7E5268E1 
 118      7A1989D6 
 119 029d FA176A77 		.ascii	"\372\027jwC\266"
 119      43B6
 120              		.text
 121              		.section	.gnu.lto__reads.1420ef880637ce98,"",%progbits
 122 0000 789C9552 		.ascii	"x\234\225R\337K\024Q\024\276\337\2753\263\263\271\331"
 122      DF4B1451 
 122      14BEDFBD 
 122      33B3B3B9 
 122      D9
 123 0011 3FE08350 		.ascii	"?\340\203P\".\350\004\031\004Q/\275\364\026\324_\240"
 123      222EE804 
 123      1904512F 
 123      BDF416D4 
 123      5FA0
 124 0023 21B8E096 		.ascii	"!\270\340\226\264\275\357\365\327\232\351\203\221\256"
 124      B4BDEFF5 
 124      D79AE983 
 124      91AE
 125 0031 B22CB1B1 		.ascii	"\262,\261\261\250DDEfiV\223\326\226\232F\251\020\004"
 125      A8444445 
 125      66695693 
 125      D6969A46 
 125      A91004
 126 0044 06654925 		.ascii	"\006eI%VH?@\\;\367\316\246\345\223\016\314\235s\317"
 126      56483F40 
 126      5C3BF7CE 
 126      A6E5930E 
 126      CC9D73CF 
 127 0058 3DDF77BF 		.ascii	"=\337w\277\363\235\261\030cA\203\261\003\364-\247\027"
 127      F39DB118 
 127      634183B1 
 127      03F42DA7 
 127      17
 128 0069 26036F9F 		.ascii	"&\003o\237b\254\316\346\\t\007\231\334a\374\336\315"
 128      62ACCEE6 
 128      5C740799 
 128      DC61FCDE 
 128      CD
 129 007a 6440C0F0 		.ascii	"d@\300\360\322\006\240\002i\203E\2710\020E\233\350\020"
 129      D206A002 
 129      698345B9 
 129      3010459B 
 129      E810
 130 008c 78D97823 		.ascii	"x\331x#)ZER0\030\264\375>\231x\237\257\266@!m\027\227"
ARM GAS  /tmp/ccAiDpT0.s 			page 10


 130      295A4552 
 130      3018B4FD 
 130      3E99789F 
 130      AFB64021 
 131 00a3 32FD8192 		.ascii	"2\375\201\222>)\353\245\333\365\355\320\345\206\246"
 131      3E29EBA5 
 131      DBF5EDD0 
 131      E586A6
 132 00b2 A349C159 		.ascii	"\243I\301Y\234\252\373Q\200[(Pw\337F\011\325NO\316\266"
 132      9CAAFB51 
 132      805B2850 
 132      77DF4609 
 132      D54E4FCE 
 133 00c7 FB442918 		.ascii	"\373D)\030\305\027\177|qyq\217\306\315\247\205\334\223"
 133      C5177F7C 
 133      7179718F 
 133      C6CDA785 
 133      DC93
 134 00d9 14020310 		.ascii	"\024\002\003\020\377\002)\305p\007\305T\276\322:\033"
 134      FF0229C5 
 134      7007C554 
 134      BED23A1B 
 135 00e9 F78BBD1A 		.ascii	"\367\213\275\032za\241/\213\034\364y\217\206\032\270"
 135      7A61A12F 
 135      8B1CF479 
 135      8F861AB8 
 136 00f9 BB196A30 		.ascii	"\273\031j0\014j\350\252\354\210\347\213}\032:?\221n"
 136      0C6AE8AA 
 136      EC88E78B 
 136      7D1A3A3F 
 136      916E
 137 010b F7FDBDB5 		.ascii	"\367\375\275\265WC9\2066C9\303=\024\253\372\345\257"
 137      57433986 
 137      364339C3 
 137      3D14ABFA 
 137      E5AF
 138 011d B3137EB1 		.ascii	"\263\023~\261_c\257\016\364\217\007\212\322\032;\325"
 138      5F63AF0E 
 138      F48F078A 
 138      D21A3BD5 
 139 012d 6526A4DB 		.ascii	"e&\244\333X\230\024&\206\377\207\253\207\252\337\335"
 139      58981426 
 139      86FF87AB 
 139      87AADFDD 
 140 013d CC76EEB4 		.ascii	"\314v\356\264\014\334G\2212\203<x\000\213\201\202\353"
 140      0CDC4791 
 140      32833C78 
 140      008B8182 
 140      EB
 141 014e AF4C5766 		.ascii	"\257LWf\327\232\245\233\371\205\336t\033v\201\356\264"
 141      D79AA59B 
 141      F985DE74 
 141      1B7681EE 
 141      B4
 142 015f B85A845A 		.ascii	"\270Z\204Z\014\245\336T\213\245\266>\265\330Z\222\037"
 142      0CA5DE54 
 142      8BA5B63E 
ARM GAS  /tmp/ccAiDpT0.s 			page 11


 142      B5D85A92 
 142      1F
 143 0170 CA8E3CA8 		.ascii	"\312\216<\2508\000\325\037c\347\210\234\306&]\326B\302"
 143      3800D51F 
 143      63E7889C 
 143      C6265DD6 
 143      42C2
 144 0182 296A70D9 		.ascii	")jp\331G\324\247\026&\270\272R\011H\010?\373\214\372"
 144      47D4A716 
 144      26B8BA52 
 144      0948083F 
 144      FB8CFA
 145 0195 A14F2BE5 		.ascii	"\241O+\345*\225\020 \201\361\246\221\027>5GSw7<2\231"
 145      2A951020 
 145      81F1A691 
 145      173E3547 
 145      5377373C 
 146 01ab B152B854 		.ascii	"\261R\270T'\245\244\266|\204\301C\325\016\235\3154\277"
 146      27A5A4B6 
 146      7C84C143 
 146      D50E9DCD 
 146      34BF
 147 01bd 9ECB73AE 		.ascii	"\236\313s\256I\357\210\303E\012\235\252'\206Gp4\365"
 147      49EF88C3 
 147      450A9DAA 
 147      27864770 
 147      34F5
 148 01cf 58A9C7CC 		.ascii	"X\251\307\314\267I5\242\251\224-\030\325T\015\335\261"
 148      B74935A2 
 148      A9942D18 
 148      D5540DDD 
 148      B1
 149 01e0 16D3E312 		.ascii	"\026\323\343\022$\224\030\331\0074N\215\226\257\347"
 149      249418D9 
 149      07344E8D 
 149      96AFE7
 150 01ef F2B4C52D 		.ascii	"\362\264\305-\364ot\007s\275.\037\324\255\222+T\241"
 150      F46F7407 
 150      73BD2E1F 
 150      D4AD922B 
 150      54A1
 151 0201 0F8D7527 		.ascii	"\017\215u'\274a&\204\355Y\260z\334#2\266%\324\300c-"
 151      BC612684 
 151      ED59B07A 
 151      DC2332B6 
 151      25D4C063 
 152 0216 942BA14F 		.ascii	"\224+\241O<\241\311\330\025\237\307e\022\235\022\272"
 152      3CA1C9D8 
 152      159FC765 
 152      129D12BA 
 153 0226 88582A5F 		.ascii	"\210X*_\317\231\010\006\007\027\337\370\242\253\322"
 153      CF990806 
 153      0717DFF8 
 153      A2ABD2
 154 0235 4E0A3BAE 		.ascii	"N\012;\256:D\006Q\226\020\001]O\331\334L\262\207=\022"
 154      3A440651 
 154      9610015D 
ARM GAS  /tmp/ccAiDpT0.s 			page 12


 154      4FD9DC4C 
 154      B2873D12 
 155 0249 6B4B824A 		.ascii	"kK\202J\225iO7L{\346i\211\307\340\261\020\304\312\365"
 155      95694F37 
 155      4C7BE669 
 155      89C7E0B1 
 155      10C4CAF5 
 156 025d 3A735EE7 		.ascii	":s^\347\266N;\266A;\016\207\270\330\022y\2736\235\243"
 156      B64E3BB6 
 156      413B0E87 
 156      B8D81279 
 156      BB369DA3 
 157 0271 B6E9E027 		.ascii	"\266\351\340'l\032\000\2476h\022o\005\375|PF\223-\301"
 157      6C1A00A7 
 157      3668126F 
 157      05FD7C50 
 157      46932DC1 
 158 0285 32E74875 		.ascii	"2\347Hu\2502t\354\204s:\342TW\32485\241J'r\366LUE8\342"
 158      A83274EC 
 158      84733AE2 
 158      5457D438 
 158      35A14A27 
 159 02a0 84ABC2B9 		.ascii	"\204\253\302\271\260\354$\343\241Z^Y\213S\"\034\251"
 159      B0EC24E3 
 159      A15A5E59 
 159      8B53221C 
 159      A9
 160 02b1 FD0304DD 		.ascii	"\375\003\004\335\\\014"
 160      5C0C
 161              		.text
 162              		.section	.gnu.lto__writes.1420ef880637ce98,"",%progbits
 163 0000 789C9552 		.ascii	"x\234\225R\337K\024Q\024\276\337\2753;\273\356f\377"
 163      DF4B1451 
 163      14BEDFBD 
 163      333BBBEE 
 163      66FF
 164 0012 800F4289 		.ascii	"\200\017B\211(\350\004\031H\321S/\275\365\320_\240!"
 164      28E80419 
 164      48D1532F 
 164      BDF5D05F 
 164      A021
 165 0024 B8E096B4 		.ascii	"\270\340\226\264\275\357\365\327\232\331\203\221n\266"
 165      BDEFF5D7 
 165      9AD98391 
 165      6EB6
 166 0032 0CB121B5 		.ascii	"\014\261!\265\017\022\025\231\346\217jR\263\\\321(\025"
 166      0F121599 
 166      E68F6A52 
 166      B35CD128 
 166      15
 167 0043 C2A287CA 		.ascii	"\302\242\207\312\302\\\214\210$\010\327\316\275\263"
 167      C25C8C88 
 167      2408D7CE 
 167      BDB3
 168 0051 68F9A403 		.ascii	"h\371\244\003s\346\334s\317\367\335\357|w|\214\2612"
 168      73E6DC73 
 168      CFF7DDEF 
ARM GAS  /tmp/ccAiDpT0.s 			page 13


 168      7C777C8C 
 168      B132
 169 0063 83B16AFA 		.ascii	"\203\261j\372V\321\013\223\201w\3151\326\344\347\\\364"
 169      56D10B93 
 169      8177CD31 
 169      D6E4E75C 
 169      F4
 170 0074 96335960 		.ascii	"\2263Y`\374>\300dH\300\360\312\006\240\022\351\007\213"
 170      FC3EC064 
 170      48C0F0CA 
 170      06A012E9 
 170      078B
 171 0086 71612086 		.ascii	"qa \206\313\242[\340u\353=Gt\012G0\030\264\3741\233"
 171      CBA25BE0 
 171      75EB3D47 
 171      740A4730 
 171      18B4FC31 
 172 009b FC54A896 		.ascii	"\374T\250\226@1-\263kS\003\241\262\264\224\315\322\275"
 172      40312DB3 
 172      6B5303A1 
 172      B2B494CD 
 172      D2BD
 173 00ad 3676FC66 		.ascii	"6v\374fK\333IGp\226\240\356\001\024\341\001\212\324"
 173      4BDB4947 
 173      7096A0EE 
 173      0114E101 
 173      8AD4
 174 00bf D90F5146 		.ascii	"\331\017QF\275\363\263\213]\226\250\000\243\374\352"
 174      BDF3B38B 
 174      5D96A800 
 174      A3FCEA
 175 00ce AF559797 		.ascii	"\257U\227\227\336\322\270l\237\220\007\035!0\010\361"
 175      DED2B86C 
 175      9F90071D 
 175      213008F1 
 176 00de 2F904A0C 		.ascii	"/\220J\014C(\245\366?\235\213\211\2008\244\241W\276"
 176      4328A5F6 
 176      3F9D8B89 
 176      8038A4A1 
 176      57BE
 177 00f0 A673C843 		.ascii	"\246s\310C'ok\250\201G;\241\006\303\260\206n\310\356"
 177      276F6BA8 
 177      81473BA1 
 177      06C3B086 
 177      6EC8EE
 178 0103 44A138AC 		.ascii	"D\2418\254\241\237g\372\272\254<\364}ZC9FvB9\303(JU"
 178      A19F67FA 
 178      BAAC3CF4 
 178      7D5A4339 
 178      46764239 
 179 011b FFCFEF8B 		.ascii	"\377\317\357\2133\001qDc\373\007\0072\241\222>\215\315"
 179      33017144 
 179      63FB0707 
 179      32A1923E 
 179      8DCD
 180 012d F59849E9 		.ascii	"\365\230I\351\266\026;\302\304\330\377p\365P\367\307"
 180      B6163BC2 
ARM GAS  /tmp/ccAiDpT0.s 			page 14


 180      C4D8FF70 
 180      F550F7C7 
 181 013d FBB99E7D 		.ascii	"\373\271\236}>\003\217Q\242\314 \017\236\300\307@\311"
 181      3E038F51 
 181      A2CC200F 
 181      9EC0C740 
 181      C9
 182 014e DD37A62B 		.ascii	"\3357\246+s\233\355\322]_Fz4\270\037t\244\217\253 T"
 182      739BEDD2 
 182      5D5F467A 
 182      34B81F74 
 182      A48FAB20 
 183 0163 302858A6 		.ascii	"0(X\246\012>\265\264T\360kE\001(7\202Py\010j<\306.\022"
 183      0A3EB5B4 
 183      54F06B45 
 183      01283782 
 183      5079086A 
 184 017b 37DD9A74 		.ascii	"7\335\232tY\007\351\246\254\305e_\320\234\332\314pu"
 184      5907E9A6 
 184      ACC5655F 
 184      D09CDACC 
 184      7075
 185 018d A23A3F29 		.ascii	"\242:?)\002\354\033\232GVV\252T))@\372\022m\343\257"
 185      02EC1B9A 
 185      475656AA 
 185      54292940 
 185      FA126DE3 
 186 01a2 2C758DA6 		.ascii	",u\215\246\036nl|v\312\227\302\215&)%M\345'\014\236"
 186      1E6E6C7C 
 186      76CA97C2 
 186      8D262925 
 186      4DE5270C 
 187 01b7 AA69686F 		.ascii	"\252iho\241\375\355\207\240}Gz[\034.R\350Q#1<\203\255"
 187      A1FDED87 
 187      A07D477A 
 187      5B1C2E52 
 187      E8512331 
 188 01ce A9A72B3D 		.ascii	"\251\247+=f\276G\252qM\245\\\301\204\246j\351\215_7"
 188      66BE47AA 
 188      714DA55C 
 188      C184A66A 
 188      E98D5F37 
 189 01e2 3D2E4142 		.ascii	"=.AB\211\221-\243un\242j\253\026\324\016w\320\257\321"
 189      89912DA3 
 189      756EA26A 
 189      AB16D40E 
 189      77D0AFD1 
 190 01f6 5B9E9FB5 		.ascii	"[\236\237\265\377\230\036\225\\\241\016\275il9\341\335"
 190      FF981E95 
 190      5CA10EBD 
 190      696C39E1 
 190      DD
 191 0207 6552F83D 		.ascii	"eR\370=\013V\217zD\306\236\204Z\230\324B\271\022\372"
 191      0B568F7A 
 191      44C69E84 
 191      5A98D442 
 191      B912FA
ARM GAS  /tmp/ccAiDpT0.s 			page 15


 192 021a DC13EAC4 		.ascii	"\334\023\352\304W\362BM\242SB\263\210\247\012\3655\023"
 192      57F2424D 
 192      A25342B3 
 192      88A70AF5 
 192      3513
 193 022c C1F070F6 		.ascii	"\301\360p\366\235\025\333\220~G\004\022jBL!\306ts\210"
 193      9D15DB90 
 193      7E470412 
 193      6A424C21 
 193      C6747388 
 194 0240 D438A2C0 		.ascii	"\3248\242\300\023\224\255\366H|\273\022T\241L{\261m"
 194      1394ADF6 
 194      487CBB12 
 194      54A14C7B 
 194      B16D
 195 0252 DA4B4F4B 		.ascii	"\332KOK\"\016\217\305\"\242\374\254\013\227tm\367\264"
 195      220E8FC5 
 195      22A2FCAC 
 195      0B97746D 
 195      F7B4
 196 0264 D3DBB419 		.ascii	"\323\333\264\031\330\304\305\326\310\333\241\371<\265"
 196      D8C4C5D6 
 196      C8DBA1F9 
 196      3CB5
 197 0272 9F36D641 		.ascii	"\2376\326A\340 \2471\204XZ\022\364\363A\031M\266\224"
 197      E020A731 
 197      84585A12 
 197      F4F34119 
 197      4DB694
 198 0285 57DA27EA 		.ascii	"W\332'\352\303\265\341S\247\355sQ\273\276\246\301n\010"
 198      C3B5E153 
 198      A7ED7351 
 198      BBBEA6C1 
 198      6E08
 199 0297 D7DAD10B 		.ascii	"\327\332\321\013\347\353j\"Q;R\027\311\247\225g\030"
 199      E7EB6A22 
 199      513B5217 
 199      C9A79567 
 199      18
 200 02a8 0F37F2DA 		.ascii	"\0177\362\332F\234\025\221h\343_\012\017[\201"
 200      469C1591 
 200      68E35F0A 
 200      0F5B81
 201              		.text
 202              		.section	.gnu.lto_msObjectInit.1420ef880637ce98,"",%progbits
 203 0000 789C9D92 		.ascii	"x\234\235\222\317k\023A\024\307\347\273\263?RB\213\007"
 203      CF6B1341 
 203      14C7E7BB 
 203      B33F5242 
 203      8B07
 204 0012 0FA23DF4 		.ascii	"\017\242=\364 \304\012v\361\346E\020<\350\315\203\177"
 204      20C40A76 
 204      F1E64510 
 204      3CE8CD83 
 204      7F
 205 0023 4123290D 		.ascii	"A#)\0154T\032\275\210\220M\322\230\024\177\340\301F"
 205      34541ABD 
ARM GAS  /tmp/ccAiDpT0.s 			page 16


 205      88904DD2 
 205      98147FE0 
 205      C146
 206 0035 096B09B5 		.ascii	"\011k\011\2651\247`\245ZmS\315\032m\324\246\251T,X\324"
 206      31A760A5 
 206      5A6D53CD 
 206      1A6DD4A6 
 206      A9542C58 
 207 004a 2A56440B 		.ascii	"*VD\013*\322\202\265h\353\233i\004-^\314\300\260ov\337"
 207      2AD282B5 
 207      68EB9B69 
 207      042D5ECC 
 207      C0B06F76 
 208 005f F7F3DEBE 		.ascii	"\367\363\336\276\357\350\214\261~\316\330>zn\243\015"
 208      EFE88CB1 
 208      7ECED83E 
 208      7A6EA30D 
 209 006f CEA09C9F 		.ascii	"\316\240\234\237b,\354R\000\021X.\260\220\202\020\316"
 209      622CEC52 
 209      0011582E 
 209      B0908210 
 209      CE
 210 0080 F00B1CC5 		.ascii	"\360\013\034\305\370\373\021\2459k\321r.\366\031\247"
 210      F8FB11A5 
 210      396BD172 
 210      2EF619A7 
 211 0090 ACD8169B 		.ascii	"\254\330\026\233\344I\332ba\010\315\2245\335=h\363\323"
 211      E449DA62 
 211      6108CD94 
 211      35DD3D68 
 211      F3D3
 212 00a2 DCE6804A 		.ascii	"\334\346\200J\307\257\225\324|\2038*h\242\343\342\227"
 212      C7AF95D4 
 212      7C83382A 
 212      68A2E3E2 
 212      97
 213 00b3 99721DDF 		.ascii	"\231r\035\337\005F\361\362\354\360\016O\306\262\"\226"
 213      0546F1F2 
 213      ECF00E4F 
 213      C6B22296 
 214 00c3 3339C0AD 		.ascii	"39\300\255\3556\347\030\006'\036n\242\0217\320\310\350"
 214      ED36E718 
 214      06271E6E 
 214      A21137D0 
 214      C8E8
 215 00d5 15C32D78 		.ascii	"\025\303-x(;\333\235\237\255\343\273\245r\360\365\322"
 215      283BDB9D 
 215      9FADE3BB 
 215      A572F0F5 
 215      D2
 216 00e6 B2AB2AFD 		.ascii	"\262\253*\375\221\221R\025\2677JU\206\021)\355\017\317"
 216      91915215 
 216      B7374A55 
 216      861129ED 
 216      0FCF
 217 00f8 94EBF91E 		.ascii	"\224\353\371\036)}\323\223;\253V\245\245\313\233\257"
 217      297DD393 
ARM GAS  /tmp/ccAiDpT0.s 			page 17


 217      3BAB56A5 
 217      A5CB9BAF 
 218 0108 44AD8336 		.ascii	"D\255\2036\3270\272Q\2541\344\245\370[\2668\256\362"
 218      D730BA51 
 218      AC31E4A5 
 218      F85BB638 
 218      AEF2
 219 011a BD52BC90 		.ascii	"\275R\274\220\234\030\325~\327]oY\303\330?\244w\340"
 219      9C18D57E 
 219      D75D6F59 
 219      C3D83FA4 
 219      77E0
 220 012c 11F96FAF 		.ascii	"\021\371o\257\257\366\326\353\352\372\210p\027:\003"
 220      AFF6D6EB 
 220      EAFA8870 
 220      173A03
 221 013b 05D79E6A 		.ascii	"\005\327\236j\216\265\272\026\267\234w\031\024\016\270"
 221      8EB5BA16 
 221      B79C7719 
 221      140EB8
 222 014a 69D8F48B 		.ascii	"i\330\364\213*D\267:DY\027$\201%HG>X\016\353\341\212"
 222      2A44B73A 
 222      44591724 
 222      81254847 
 222      3E580EEB 
 223 0160 88A20E5B 		.ascii	"\210\242\016[@d%\236\313\237\0248*\221\214\025\237\030"
 223      4064259E 
 223      CB9F1438 
 223      2A918C15 
 223      9F18
 224 0172 62BE5C76 		.ascii	"b\276\\v8V\254\224\3644\372\302dRz\253\315\365\024\015"
 224      3856AC94 
 224      F434FAC2 
 224      64527AAB 
 224      CDF5140D 
 225 0186 BE406D89 		.ascii	"\276@m\211\217\317\342\317\347\334fN\030\330ds\003\016"
 225      8FCFE2CF 
 225      E7DC664E 
 225      18D86473 
 225      030E
 226 0198 D2E895EE 		.ascii	"\322\350\225\356\341\036\314?a\206\204EW\012\213\015"
 226      E11ECC3F 
 226      61868445 
 226      570A8B0D 
 227 01a8 A19F16D9 		.ascii	"\241\237\026\331l\244E\036\275\373>\375)\341\026\005"
 227      6CA4451E 
 227      BDFB3EFD 
 227      29E11605 
 228 01b8 36D9DC85 		.ascii	"6\331\334\205\373t7\212Uzt`(\006\312\276D\225\257B0"
 228      FB74378A 
 228      557A7460 
 228      2806CABE 
 228      4495AF42 
 229 01cd 1E109FD8 		.ascii	"\036\020\237\330\343\010\211\256S\037_\314\033\325\256"
 229      E30889AE 
 229      531F5FCC 
 229      1BD5AE
ARM GAS  /tmp/ccAiDpT0.s 			page 18


 230 01dc FFA34D15 		.ascii	"\377\243M\025%\331\246\230\034\036\302L\221\257\222"
 230      25D9A698 
 230      1C1EC24C 
 230      91AF92
 231 01eb F6B2169A 		.ascii	"\366\262\026\232\206G\222\246\010\332cA\323\327i\257"
 231      864792A6 
 231      08DA6341 
 231      D3D769AF 
 232 01fb 6AA34D48 		.ascii	"j\243MH\232\264\267,h.A[\3720W\033mR\322TA\253\374m"
 232      9AB4B72C 
 232      682E415B 
 232      FA30571B 
 232      6D52D254 
 233 0213 88068629 		.ascii	"\210\006\206)R}F$\275v\016\362.\211\225\240\271\320"
 233      527D4624 
 233      BD760EF2 
 233      2E8995A0 
 233      B9D0
 234 0225 BDA0DFD9 		.ascii	"\275\240\337\331\331b\356o\367{\375\207\016\233\235"
 234      D962EE6F 
 234      F77BFD87 
 234      0E9B9D
 235 0234 41B3BDB5 		.ascii	"A\263\275\265\303\354\360{\315\340\261._k h\006|\201"
 235      C3ECF07B 
 235      CDE0B12E 
 235      5F6B2068 
 235      067C81
 236 0247 6AD87284 		.ascii	"j\330r\204\361@\360\250\356=\336\326\346\353R\203\376"
 236      F140F0A8 
 236      EE3DDED6 
 236      E6EB5283 
 236      FE
 237 0258 133EEEEB 		.ascii	"\023>\356\353\014\376\00214F\364"
 237      0CFE0231 
 237      3446F4
 238              		.text
 239              		.section	.gnu.lto_vmt.1420ef880637ce98,"",%progbits
 240 0000 789C6363 		.ascii	"x\234cc``\330\000\304:\014\0200\205\231q\347\3167\267"
 240      6060D800 
 240      C43A0C10 
 240      30859971 
 240      E7CE37B7 
 241 0014 D9EBFF36 		.ascii	"\331\353\3776t44<\350^\317<\233y\0163\3034f\014\271"
 241      7434343C 
 241      E85ECF3C 
 241      9B790E33 
 241      C334660C 
 242 0029 05DB78E6 		.ascii	"\005\333x\34603Ncf\304\220\370\006\324\3014\215\231"
 242      30334E63 
 242      66C490F8 
 242      06D4C134 
 242      8D99
 243 003b 09436213 		.ascii	"\011Cb\023P\202y\03233Xb\375\233\235?y\273\201\",\214"
 243      5082791A 
 243      33335862 
 243      FD9B9D3F 
 243      79BB8122 
ARM GAS  /tmp/ccAiDpT0.s 			page 19


 244 0051 20EED9FB 		.ascii	" \356\331\373s\2370Ylk\350X\320\0200\207\231u*3\003"
 244      739F3059 
 244      6C6BE858 
 244      D0103087 
 244      99752A33 
 245 0066 E3764699 		.ascii	"\343vF\231\251\314\214\214\333\030\353\247231n\005Q"
 245      A9CC8C8C 
 245      DB18EBA7 
 245      3233316E 
 245      0551
 246 0078 CC8C5B40 		.ascii	"\314\214[@\024\013\343f\306z\006\306\035\214\026\014"
 246      140BE366 
 246      C67A06C6 
 246      1D8C160C 
 247 0088 5A7AFACE 		.ascii	"Zz\372\316\031\231I\231\376\301\372\371\305\372\031"
 247      19994999 
 247      FEC1FAF9 
 247      C5FA19
 248 0097 8939FA39 		.ascii	"\2119\3729\231I\372\305%E\251\211\271\305\372\271\251"
 248      9949FAC5 
 248      2545A989 
 248      B9C5FAB9 
 248      A9
 249 00a8 B950A65E 		.ascii	"\271P\246^2\003\000^:O\355"
 249      3203005E 
 249      3A4FED
 250              		.text
 251              		.section	.gnu.lto_.symbol_nodes.1420ef880637ce98,"",%progbits
 252 0000 789C6363 		.ascii	"x\234cc``\350\003b\006\2466\246z\006\206\011\347\030"
 252      6060E803 
 252      6206A636 
 252      A67A0686 
 252      09E718
 253 0013 1880D48E 		.ascii	"\030\200\324\216\005\007\033\330\200b\355L\365\214\350"
 253      05071BD8 
 253      8062ED4C 
 253      F58CE8
 254 0022 62AD4CF5 		.ascii	"b\255L\365L\350b-L\365\314\350b\235L\365,0\261]\015"
 254      4CE8622D 
 254      4CF5CCE8 
 254      629D4CF5 
 254      2C30B15D 
 255 0037 8E0C0CAC 		.ascii	"\216\014\014\254\035L\014\015J\014\014\314\214]L\365"
 255      1D4C0C0D 
 255      4A0C0CCC 
 255      8C5D4CF5 
 256 0047 AC602906 		.ascii	"\254`)\006\206\206\006\007\240\010\023\033\303\223\266"
 256      86860607 
 256      A008131B 
 256      C393B6
 257 0056 37F2CCCC 		.ascii	"7\362\314\314\020\232\001\000\265\210$\371"
 257      109A0100 
 257      B58824F9 
 258              		.text
 259              		.section	.gnu.lto_.refs.1420ef880637ce98,"",%progbits
 260 0000 789C6363 		.ascii	"x\234cc``\020\000bF\026&VF\026V&f&&&\006&F\006\000\003"
 260      60601000 
ARM GAS  /tmp/ccAiDpT0.s 			page 20


 260      62461626 
 260      56461656 
 260      26662626 
 261 001b 51003B   		.ascii	"Q\000;"
 262              		.text
 263              		.section	.gnu.lto_.decls.1420ef880637ce98,"",%progbits
 264 0000 789C8D56 		.ascii	"x\234\215VkLTI\026\276u\253\351n\232\227\243\306a\262"
 264      6B4C5449 
 264      16BE75AB 
 264      E96E9A97 
 264      A3C661B2 
 265 0014 24EB384C 		.ascii	"$\3538L\226\231D\332G6\343&\363g\343\217\331\375\341"
 265      969944DA 
 265      4736E326 
 265      F367E38F 
 265      D9FDE1
 266 0027 4EB2EE6E 		.ascii	"N\262\356n\302f\262-4\215\364\204n\010}\331\321\375"
 266      C266B22D 
 266      348DF484 
 266      6E087DD9 
 266      D1FD
 267 0039 75792922 		.ascii	"uy)\" \017_\274\224E\024y\012\001\005\345a+\212oD\034"
 267      200F5FBC 
 267      94451479 
 267      0A0105E5 
 267      612B8A6F 
 268 004f 45471E0E 		.ascii	"EG\036\016\342\000\256\212\240\202\210\312\236\252\272"
 268      E200AE8A 
 268      A08288CA 
 268      9EAABA
 269 005e B7FBD274 		.ascii	"\267\373\322t\217\336p\270]\247\316\371\3169_\235\252"
 269      8FDE70B8 
 269      5DA7CEF9 
 269      CE395F9D 
 269      AA
 270 006f BA6A8EE3 		.ascii	"\272j\216\343N\007p\334w<\307\211 s\360h@w\006D\015"
 270      4E0770DC 
 270      773CC789 
 270      2073F068 
 270      40770644 
 271 0084 62006925 		.ascii	"b\000i%6 \035 \235 \032\304\321\207\314\373\300o?\220"
 271      36201D20 
 271      9D201AC4 
 271      D187CCFB 
 271      C06F3F90 
 272 0098 00908F40 		.ascii	"\000\220\217@\002AB@\210\311\027\222\235\374|\014\370"
 272      02414240 
 272      88C91792 
 272      9DFC7C0C 
 272      F8
 273 00a9 3A782F06 		.ascii	":x/\006Y\012\322\247\300'\230aR\0345b\2610\310;\020"
 273      590AD2A7 
 273      C0279861 
 273      521C3562 
 273      B130C83B 
 274 00be 04632C61 		.ascii	"\004c,a\372\270`\222\3477\036p\011&\301v\207K0\3478"
 274      FAB86092 
ARM GAS  /tmp/ccAiDpT0.s 			page 21


 274      E7371E70 
 274      0926C176 
 274      874B30E7 
 275 00d3 27AE9F1B 		.ascii	"'\256\237\033\334\337\272\340vH\270\247\025\371\022"
 275      DCDFBAE0 
 275      7648B8A7 
 275      15F912
 276 00e2 CC2F4156 		.ascii	"\314/AV\241\205\270\340Ny\011q\203\375\031L\372\270"
 276      A185B8E0 
 276      4E790971 
 276      83FD194C 
 276      FAB8
 277 00f4 C1EEE416 		.ascii	"\301\356\344\026r\241\304W\362A\360?\362\200\277\032"
 277      72A1C457 
 277      F241F03F 
 277      F280BF1A 
 278 0104 26BDE1BD 		.ascii	"&\275\341\275I\021\203\340\312\353Hpg\341\375\032\304"
 278      491183E0 
 278      CAEB4870 
 278      67E1FD1A 
 278      C4
 279 0115 0BE4AD94 		.ascii	"\013\344\255\224\263\214Oj \260\201\036\326r#\317\326"
 279      B38C4F6A 
 279      20B0811E 
 279      D67223CF 
 279      D6
 280 0126 7F126400 		.ascii	"\177\022d\000d\030\344\221\304\265\2149\005\362\022"
 280      6418E491 
 280      C4B58C39 
 280      05F212
 281 0135 6406E439 		.ascii	"d\006\3449\3104\210J\342\332G\3213\256\317n\214\216"
 281      C834884A 
 281      E2DA47D1 
 281      33AECF6E 
 281      8C8E
 282 0147 A50E5768 		.ascii	"\245\016Whwb\024\244Cs\210\214\037\237\234\361cc2=\327"
 282      776214A4 
 282      4373888C 
 282      1F9F9CF1 
 282      6363323D 
 283 015c BEAD94C7 		.ascii	"\276\255\224\307<\375}%\355\222:\264Zd\217\366;\016"
 283      3CFD7D25 
 283      ED923AB4 
 283      5A648FF6 
 283      3B0E
 284 016e 1D475886 		.ascii	"\035GX\206i\264?\257Q\341\337\023;\276\276f\370{\024"
 284      69B43FAF 
 284      51E1DF13 
 284      3BBEBE66 
 284      F87B14
 285 0181 A23B42CC 		.ascii	"\242;B\314\354s\323\313\232Eq\021:\211t\250\011at\002"
 285      EC73D3CB 
 285      9A457111 
 285      3A8974A8 
 285      09617402 
 286 0195 85928283 		.ascii	"\205\222\202\203\310r\247\211b\222(\036\022q \207\326"
 286      C872A789 
ARM GAS  /tmp/ccAiDpT0.s 			page 22


 286      6292281E 
 286      12712087 
 286      D6
 287 01a6 06A15541 		.ascii	"\006\241UA\034jF!$4\261B\215(\0105\240 \002_q\360\350"
 287      1C6A4621 
 287      2434B142 
 287      8D280835 
 287      A020025F 
 288 01bd 393FBC85 		.ascii	"9?\274\205\302\017\324\214wa\007\376\205\243+\032RE"
 288      C20FD48C 
 288      776107FE 
 288      85A32B1A 
 288      5245
 289 01cf 9147AD10 		.ascii	"\221G\255\020\340\2243\000\304s\037\241\305M\004\342"
 289      E0943300 
 289      C4731FA1 
 289      C54D04E2 
 290 01df 0C516EA4 		.ascii	"\014Qn\244\324\025a\250}\261\016\251`8q\255\340\201"
 290      D41561A8 
 290      7DB10EA9 
 290      603871AD 
 290      E081
 291 01f1 3F0C97EA 		.ascii	"?\014\227\352\320r\030V6V\037\011\360M'\210%\311\242"
 291      D0721856 
 291      36561F09 
 291      F04D2788 
 291      25C9A2
 292 0204 F79F68C4 		.ascii	"\367\237h\304v@h\003\004\016\235F\276\204\013\362\006"
 292      76406803 
 292      040E9D46 
 292      BE840BF2 
 292      06
 293 0215 E3FE8B15 		.ascii	"\343\376\213\025U\004*\014h\205'@\301l\030c\266lf\274"
 293      55042A0C 
 293      68852740 
 293      C16C1863 
 293      B66C66BC 
 294 0229 C917D722 		.ascii	"\311\027\327\"Z\323\265\356\351SZ\244\013Is\240s\016"
 294      5AD3B5EE 
 294      E9535AA4 
 294      0B4973A0 
 294      730E
 295 023b 68740E32 		.ascii	"ht\0162\016\2232>\003J;(Y\361\343\265+Z\006Dq9\352\200"
 295      0E93323E 
 295      034A3B28 
 295      59F1E3B5 
 295      2B5A0644 
 296 0253 54CE3A8B 		.ascii	"T\316:\213\017#\265\023%\304\231\0319+\252t\022\021"
 296      0F23B513 
 296      25C49919 
 296      392BAA74 
 296      1211
 297 0265 69EF2102 		.ascii	"i\357!\002\354\273\257\327\214\363\3122\317\317+\263"
 297      ECBBAFD7 
 297      8CF3CA32 
 297      CFCF2BB3 
 298 0275 532AB393 		.ascii	"S*\263\223\226\331\363\354j\261\017cl\021\014\013Z^"
ARM GAS  /tmp/ccAiDpT0.s 			page 23


 298      96D9F3EC 
 298      6AB10F63 
 298      6C110C0B 
 298      5A5E
 299 0287 5CF66243 		.ascii	"\\\366bC-\014\247\313\317\236W\341QZ\"*M\274u\305\017"
 299      2D0CA7CB 
 299      CF9E57E1 
 299      515A222A 
 299      4DBC75C5 
 300 029c 3F6683F2 		.ascii	"?f\203\362\224\226\273\336x\202\015r\346\312~\364\306"
 300      9496BBDE 
 300      78820D72 
 300      E6CA7EF4 
 300      C6
 301 02ad AFD8606E 		.ascii	"\257\330`n\374\371\200/~\303\006\215\203=\345>*\330"
 301      FCF9802F 
 301      7EC3068D 
 301      833DE53E 
 301      2AD8
 302 02bf 00946BAB 		.ascii	"\000\224k\253\212\350\316\245\357\334HU\006_\324\205"
 302      8AE8CEA5 
 302      EFDC4855 
 302      065FD485 
 303 02cf A8EAFCDC 		.ascii	"\250\352\374\334\264=\200\205\345\025I-eI\245f\326\354"
 303      B43D8085 
 303      E515492D 
 303      6549A566 
 303      D6EC
 304 02e1 D3C150CD 		.ascii	"\323\301P\315\226B\003\252\341g\257O\250\230\212\360"
 304      964203AA 
 304      E167AF4F 
 304      A8988AF0 
 305 02f1 B80554C5 		.ascii	"\270\005T\305\371}\365\376X\244\235\316\267\337lN\361"
 305      F97DF5FE 
 305      58A49DCE 
 305      B7DF6C4E 
 305      F1
 306 0302 73B670D3 		.ascii	"s\266p\323\357\022\267\223\026\273\015I\374\350dY-u"
 306      EF12B793 
 306      16BB0D49 
 306      FCE86459 
 306      2D75
 307 0314 98B860C5 		.ascii	"\230\270`\305n\001\265j\211\332\233\240\354a\324N\316"
 307      6E01B56A 
 307      89DA9BA0 
 307      EC61D44E 
 307      CE
 308 0325 3C6B54E1 		.ascii	"<kT\341t\026\243!\357\315~\177E\033\2579N\333\370.\304"
 308      7416A321 
 308      EFCD7E7F 
 308      451BAF39 
 308      4EDBF82E 
 309 033a E875C6B8 		.ascii	"\350u\306\270\215<\006\271\343>Ho\306\315{j\234\313"
 309      8D3C06B9 
 309      E33E486F 
 309      C6CD7B6A 
 309      9CCB
ARM GAS  /tmp/ccAiDpT0.s 			page 24


 310 034c 82345DE9 		.ascii	"\2024]\351\233U\354\225+_\337\242\205\364A\220\237\234"
 310      9B55EC95 
 310      2B5FDFA2 
 310      85F44190 
 310      9F9C
 311 035e 41EE7A0E 		.ascii	"A\356z\016r\317}\220\327\267\307\222\264\201{\211Gv"
 311      72CF7D90 
 311      D7B7C792 
 311      B4817B89 
 311      4776
 312 0370 B2B88821 		.ascii	"\262\270\210!\336\200\371n\332$\375(\020\376_G*v8L\337"
 312      DE80F96E 
 312      DA24FD28 
 312      10FE5F47 
 312      2A76384C 
 313 0385 69EB9ED7 		.ascii	"i\353\236\327R0\257h\251\001\326R`\370t\333\251~\177"
 313      5230AF68 
 313      A901D652 
 313      60F874DB 
 313      A97E7F
 314 0398 DCC38E9B 		.ascii	"\334\303\216\233\242\341\314,/\272\322\035\216\305o"
 314      A2E1CC2C 
 314      2FBAD21D 
 314      8EC56F
 315 03a7 EDA97FC8 		.ascii	"\355\251\177\310t\260\315\320}\266\374o\333\317Tc\271"
 315      74B0CDD0 
 315      7DB6FC6F 
 315      DBCF5463 
 315      B9
 316 03b8 257E66BA 		.ascii	"%~f\272\247\215I;xe\202\035\363\022|@\023\034\222\023"
 316      A78D493B 
 316      7865821D 
 316      F3127C40 
 316      131C9213 
 317 03cc 6C3F5E31 		.ascii	"l?^1\210\224\011>\230\227\340\260#\301[#'\247|p\257"
 317      8894093E 
 317      9897E0B0 
 317      23C15B23 
 317      27A77C70 
 318 03e1 E704FBF2 		.ascii	"\347\004\373\362\206ZX\307\302\006A\277\260d2_\210\327"
 318      865A58C7 
 318      C20641BF 
 318      B064325F 
 318      88D7
 319 03f3 03E40447 		.ascii	"\003\344\004G\230\256\242\177WV\200\347\004\307h\202"
 319      98AEA27F 
 319      575680E7 
 319      04C76882 
 320 0403 A3728247 		.ascii	"\243r\202G\017\277\255\361V&86/\301G\216\004k{F_\362"
 320      0FBFADF1 
 320      56263836 
 320      2FC1478E 
 320      046B7B46 
 321 0419 B89F25D8 		.ascii	"\270\237%\330\323Z\325\345\217\237\260\301\304\233\342"
 321      D35AD5E5 
 321      8F9FB0C1 
 321      C49BE2
ARM GAS  /tmp/ccAiDpT0.s 			page 25


 322 0428 266FB649 		.ascii	"&o\266I\226\022\322\006\263\2635l\223\224\320s\277\277"
 322      9612D206 
 322      B3B3356C 
 322      9394D073 
 322      BFBF
 323 043a 34CD0FBF 		.ascii	"4\315\017\277f\266\265\325\263u:9aV\330Cq\250\306\337"
 323      66B6B5D5 
 323      B3753A39 
 323      6156D843 
 323      71A8C6DF 
 324 044e F38A4FD0 		.ascii	"\363\212O\320|\237\311\371V\355\252\372X\231\356\304"
 324      7C9FC9F9 
 324      56EDAAFA 
 324      5899EEC4 
 325 045e BC7427E5 		.ascii	"\274t'\345t5u73\217\253Q\360\222\340\340\340\220\340"
 325      74357537 
 325      338FAB51 
 325      F092E0E0 
 325      E090E0
 326 0471 52626F9F 		.ascii	"Rbo\237\036\\\327\324(\212;\324\244/\3205\350\322\027"
 326      1E5CD7D4 
 326      288A3BD4 
 326      A42FD035 
 326      E8D217
 327 0484 6889B321 		.ascii	"h\211\263!/R\204v\362\237\313\241\331\200@X\364\024"
 327      2F528476 
 327      F29FCBA1 
 327      D9804058 
 327      F414
 328 0496 2C9E108B 		.ascii	",\236\020\213\307\222\013\364,z\005\355;\205\202\321"
 328      C7920BF4 
 328      2C7A05ED 
 328      3B8582D1 
 329 04a6 4B901990 		.ascii	"K\220\031\220\347 \323(\230\336Z,\\7\272\270\212\360"
 329      E720D328 
 329      98DE5A2C 
 329      5C37BAB8 
 329      8AF0
 330 04b8 871EBA46 		.ascii	"\207\036\272F\322;\003)L\3112\375\317\255\351j\027K"
 330      D23B0329 
 330      4CC932FD 
 330      CFADE96A 
 330      174B
 331 04ca A8128DBB 		.ascii	"\250\022\215\273Z^@\016S\266'\237n\307p\231\022#N\332"
 331      5A5E400E 
 331      53B6279F 
 331      6EC77099 
 331      12234EDA 
 332 04de 8ECEDCA6 		.ascii	"\216\316\334\246\276*\020\355)\230\364\037\032tO\004"
 332      BE2A10ED 
 332      2998F41F 
 332      1A744F04 
 333 04ee 4502C2D3 		.ascii	"E\002\302\323ss\212|\226H\204\244y$\204\363\310\006"
 333      73738A7C 
 333      964884A4 
 333      792484F3 
 333      C806
ARM GAS  /tmp/ccAiDpT0.s 			page 26


 334 0500 60E44EF4 		.ascii	"`\344N\364\354\362S\256\332kE<\016\315:\232\354E\336"
 334      ECF253AE 
 334      DA6B453C 
 334      0ECD3A9A 
 334      EC45DE
 335 0513 4F83FEB8 		.ascii	"O\203\376\270\002\223^\321t\017m\337\212`\375\2268V"
 335      02935ED1 
 335      740F6DDF 
 335      8A60FD96 
 335      3856
 336 0525 B0333FE8 		.ascii	"\2603?\350P\262\010\014\200\007\272\012\301E\376W\270"
 336      50B2080C 
 336      8007BA0A 
 336      C145FE57 
 336      B8
 337 0536 EACA57B3 		.ascii	"\352\312W\263*\011\263\227]\255\025U\272,\302\033WS"
 337      2A09B397 
 337      5DAD1555 
 337      BA2CC21B 
 337      5753
 338 0548 05B56E1B 		.ascii	"\005\265n\033\203\243\346\244+\222\370\020\364\026j"
 338      83A3E6A4 
 338      2B92F810 
 338      F4166A
 339 0557 4FE683D1 		.ascii	"O\346\203\321;x'\302{naW\220(\227\334'\304\332\202\255"
 339      3B7827C2 
 339      7B6E6157 
 339      902897DC 
 339      27C4DA82 
 340 056c E0D4FEC5 		.ascii	"\340\324\376\305\211\020\211\230-\\BGu\344\274\272\342"
 340      89108998 
 340      2D5C4247 
 340      75E4BCBA 
 340      E2
 341 057d 960B8605 		.ascii	"\226\013\206\005\264\356\251\274\335\253\305u\224V\276"
 341      B4EEA9BC 
 341      DDABC575 
 341      9456BE
 342 058c 36297D8F 		.ascii	"6)}\217/\012Y\302b\364|B\232d\033\370\246\360\216c\233"
 342      2F0A59C2 
 342      62F47C42 
 342      9A641BF8 
 342      A6F08E63 
 343 05a1 04F4B409 		.ascii	"\004\364\264\011R\241\304\017)\027\302N=:qO\243\\\366"
 343      52A1C40F 
 343      2917C24E 
 343      3D3A714F 
 343      A35CF6
 344 05b4 6DBC72D9 		.ascii	"m\274r\331\267\363\354\302\2077\030\237:\323v\332g\020"
 344      B7F3ECC2 
 344      8737189F 
 344      3AD376DA 
 344      6710
 345 05c6 0E707238 		.ascii	"\016pr8,\242\020\010\261\377\360&\302>j\345\0071=hy"
 345      2CA21008 
 345      B1FFF026 
 345      C23E6AE5 
ARM GAS  /tmp/ccAiDpT0.s 			page 27


 345      07313D68 
 346 05db F6924CC9 		.ascii	"\366\222L\311@vA\016\015/a\3602.\375\223\000\220\022"
 346      4076410E 
 346      0D2F61F0 
 346      322EFD93 
 346      009012
 347 05ee 95CDB370 		.ascii	"\225\315\263p\362\303>\244\331\017\205\037S\361\316"
 347      F2C33EA4 
 347      D90F851F 
 347      53F1CE
 348 05fd 600A9705 		.ascii	"`\012\227\005\271r\216iGR\316\"\221\304X\375\360`\006"
 348      B9728E69 
 348      4752CE22 
 348      91C458FD 
 348      F06006
 349 0610 7F1FCE27 		.ascii	"\177\037\316'\016\375\223\343\262\2651\364\320\274\320"
 349      0EFD93E3 
 349      B2B531F4 
 349      D0BCD0
 350 061f 56742E00 		.ascii	"Vt.\000\267\321\345C\311\345\275\015\332\025%\242\375"
 350      B7D1E543 
 350      C9E5BD0D 
 350      DA1525A2 
 350      FD
 351 0630 BE68EF7D 		.ascii	"\276h\357}\025\262\277uT\024u*z\361\245;W\020~\302\377"
 351      15B2BF75 
 351      5414752A 
 351      7AF1A53B 
 351      57107EC2 
 352 0645 1D8085D2 		.ascii	"\035\200\205\322\370A\200\333\311\257\000\347\224\241"
 352      F84180DB 
 352      C9AF00E7 
 352      94A1
 353 0653 AA542D7E 		.ascii	"\252T-~\302\220\306w6\347{KHC\237@3\301w\034\\\341\344"
 353      C290C677 
 353      36E77B4B 
 353      48439F40 
 353      33C1771C 
 354 066a 44CD7022 		.ascii	"D\315p\"e\270\"eR\244\316{#3j<\311\220R\352\013K\274"
 354      65B82265 
 354      52A4CE7B 
 354      23336A3C 
 354      C99052EA 
 355 0681 24A4CE69 		.ascii	"$\244\316i\354\200\"\227]\226\023*\313\025j\027\205"
 355      EC802297 
 355      5D96132A 
 355      CB156A17 
 355      85
 356 0692 BA59D91A 		.ascii	"\272Y\331\032\215g\030\322\317\217\012o\250%\244\311"
 356      8D6718D2 
 356      CF8F0A6F 
 356      A825A4C9 
 357 06a2 C358DC2D 		.ascii	"\303X\334-\222O|r'e;q\262]qr(\316\201\275\271\357|p"
 357      924F7C72 
 357      27653B71 
 357      B25D7172 
 357      28CE81BD 
ARM GAS  /tmp/ccAiDpT0.s 			page 28


 358 06ba A2CAE315 		.ascii	"\242\312\343\025ZWw\251\0129ty<Uf\354\257\350\322:."
 358      5A5777A9 
 358      0A397479 
 358      3C5566EC 
 358      AFE8D23A 
 359 06cf FEDD4C99 		.ascii	"\376\335L\231\230\2767\207]\374\320\234h\017S\246\227"
 359      98BE3787 
 359      5DFCD09C 
 359      680F53A6 
 359      97
 360 06e0 F476CFFB 		.ascii	"\364v\317\3734\331\264LqO\355\343\311=\265\227\227\356"
 360      34D9B44C 
 360      714FEDE3 
 360      C93DB597 
 360      97EE
 361 06f2 A9AB537D 		.ascii	"\251\253S}s:(\244\004\012yW\344\353\240\004\314P\256"
 361      733A28A4 
 361      040A7957 
 361      E4EBA004 
 361      CC50AE
 362 0705 B3945CD7 		.ascii	"\263\224\\\327R\366\323R\012+[\032\3248\213\225r\355"
 362      52F6D352 
 362      0A2B5B1A 
 362      D4388B95 
 362      72ED
 363 0717 D8D84E35 		.ascii	"\330\330N5\336\303\006u\205\277\\\326@f\250\200xRM\242"
 363      DEC30675 
 363      85BF5CD6 
 363      4066A880 
 363      78524DA2 
 364 072b BDDC0F17 		.ascii	"\275\334\017\027\260\351\322\303\007z\274\311t\021L"
 364      B0E9D2C3 
 364      077ABCC9 
 364      74114C
 365 073a A34296B8 		.ascii	"\243B\226\270;.:jf\355\254\302p_t\200\331\025\237\034"
 365      3B2E3A6A 
 365      66EDACC2 
 365      705F7480 
 365      D9159F1C 
 366 074e 2EF6962F 		.ascii	".\366\226/\347\203Lw;9c\312\377\323R\325AQK\243\265"
 366      E7834C77 
 366      3B3963CA 
 366      FFD352D5 
 366      41514BA3 
 367 0763 E58F35A8 		.ascii	"\345\2175\250\250\315\177\371O\331.\037\312\314\323"
 367      A8CD7FF9 
 367      4FD92E1F 
 367      CACCD3
 368 0772 E032167F 		.ascii	"\3402\026\177\342\340\363#j\022\377\020\324XJ\310 \247"
 368      E2E0F323 
 368      6A12FF10 
 368      D4584AC8 
 368      20A7
 369 0784 7A5F7EAB 		.ascii	"z_~\253\027\256f\026U\373\312\272i\001\207I\206e,\312"
 369      17AE6616 
 369      55FBCABA 
 369      69018749 
ARM GAS  /tmp/ccAiDpT0.s 			page 29


 369      86652CCA 
 370 0798 B6777B1B 		.ascii	"\266w{\033\260\222ZH@\242\026\035\001\023TN\331-\221"
 370      B0925A48 
 370      40A2161D 
 370      0113544E 
 370      D92D91
 371 07ab D9EDAA3C 		.ascii	"\331\355\252<~^\003\354\336\207N\031\311\372\254\245"
 371      7E5E03EC 
 371      DE874E19 
 371      C9FAACA5 
 372 07bb 6E544C4B 		.ascii	"nTLK\027W\211\251\230X\242|\231`T\314\253\310\210\355"
 372      175789A9 
 372      9858A27C 
 372      996054CC 
 372      ABC888ED 
 373 07cf B4       		.ascii	"\264"
 374 07d0 A394DB9C 		.ascii	"\243\224\333\234\263e\027\360\347\207\304n;\331@_\027"
 374      B36517F0 
 374      E787C46E 
 374      3BD9405F 
 374      17
 375 07e1 EC86AFE3 		.ascii	"\354\206\257\343\305\364F\272\312>\\\025\347:\321\374"
 375      C5F446BA 
 375      CA3E5C15 
 375      E73AD1FC 
 376 07f1 0B72ADE0 		.ascii	"\013r\255\340?\007\317\035\343\343\035:\345yFb9\317"
 376      3F07CF1D 
 376      E3E31D3A 
 376      E5794662 
 376      39CF
 377 0803 B34AE93C 		.ascii	"\263J\351<\253\244\347\231;\322\247\256?],\373'\201"
 377      ABA4E799 
 377      3BD2A7AE 
 377      3F5D2CFB 
 377      2781
 378 0815 7FC43285 		.ascii	"\177\3042\205{\270|\011V\264\267U\262\217\272jh\276"
 378      7BB87C09 
 378      56B4B755 
 378      B28FBA6A 
 378      68BE
 379 0827 2ADEADEB 		.ascii	"*\336\255\353&\245+\260\305\372\011\014\357\3146\277"
 379      26A52BB0 
 379      C5FA090C 
 379      EFCC36BF 
 380 0837 64DEB5E0 		.ascii	"d\336\265\340]\303\274\013s\362\202~\215\336:J\3571"
 380      5DC3BC0B 
 380      73F2827E 
 380      8DDE3A4A 
 380      EF31
 381 0849 4A2F1D7C 		.ascii	"J/\035|\021\252_\037m\2160\177\273Q\037k\323G\207\307"
 381      11AA5F1F 
 381      6D8E307F 
 381      BB511F6B 
 381      D34787C7 
 382 085d E863CC11 		.ascii	"\350c\314\021z\233\020o\012\267\330\364\026\223E\372"
 382      7A9B106F 
 382      0AB7D8F4 
ARM GAS  /tmp/ccAiDpT0.s 			page 30


 382      169345FA 
 383 086d 196AD47E 		.ascii	"\031j\324~\363\227\277/_\277z5\347m0$\230\255\302:\203"
 383      F397BF2F 
 383      5FBF7A35 
 383      E76D3024 
 383      98ADC23A 
 384 0882 B04E9F60 		.ascii	"\260N\237`\213\327\207\307[VZc\255\246\225\246\360\010"
 384      8BD787C7 
 384      5B565A63 
 384      ADA695A6 
 384      F008
 385 0894 33D598AD 		.ascii	"3\325\230\255\306\230\204H\223\336\022n\2146[MzC\244"
 385      C6988448 
 385      93DE126E 
 385      8C365B4D 
 385      7A43A4
 386 08a7 292A3C21 		.ascii	")*<!F0\010[\343L\266\320hN#\001\254|\017\200m\253Mo"
 386      4630085B 
 386      E34CB6D0 
 386      684E2301 
 386      AC7C0F80 
 387 08bf B0099160 		.ascii	"\260\011\221`\015^j\233\371?&\203\260\206\232\22047"
 387      0D5E6A9B 
 387      F93F2683 
 387      B0869A90 
 387      3437
 388 08d1 1B8D2ECE 		.ascii	"\033\215.\316_\205\256\015]\345t\027\"!2xbS\254ME\274"
 388      5F85AE0D 
 388      5DE57417 
 388      22213278 
 388      6253AC4D 
 389 08e7 D5110951 		.ascii	"\325\021\011QQ\246x\374o\213\200\343\022\004(\005\240"
 389      51A678FC 
 389      6F8B80E3 
 389      12042805 
 389      A0
 390 08f8 D7AE3108 		.ascii	"\327\2561\010\032\351\355e\261m6\010\177\230\307\212"
 390      1AE9ED65 
 390      B16D3608 
 390      7F98C78A 
 391 0908 31D66289 		.ascii	"1\326b\211\265\352\343b\343\005\233\376\217\177\335"
 391      B5EAE362 
 391      E3059BFE 
 391      8F7FDD
 392 0917 B07EC316 		.ascii	"\260~\303\026\242\2133\307\230\342m\372o\326\257\327"
 392      A28B33C7 
 392      98E26DFA 
 392      6FD6AFD7 
 393 0927 1BA3E5CA 		.ascii	"\033\243\345\312T\300V\244\327\017\361f\301\024`\266"
 393      54C056A4 
 393      D70FF166 
 393      C11460B6 
 394 0937 DA8470AB 		.ascii	"\332\204p\253\321d\210\215\212\262\231\004\337\015&"
 394      D164888D 
 394      8AB29904 
 394      DF0D26
 395 0946 CB46CAE6 		.ascii	"\313F\312\346?6\374\015o6\011_~(\367P\272\023\"6~+C"
ARM GAS  /tmp/ccAiDpT0.s 			page 31


 395      3F36FC0D 
 395      6F36095F 
 395      7E28F750 
 395      BA132236 
 396 095d 5119A082 		.ascii	"Q\031\240\202\017\3060r*\003\304T\033H\2026\215\201"
 396      0FC63072 
 396      2A03C454 
 396      1B488236 
 396      8D81
 397 096f A668F3B5 		.ascii	"\246h\363\265\330\276\215\370\336d\024\376l5\013j07"
 397      D8BE8DF8 
 397      DE6414FE 
 397      6C350B6A 
 397      3037
 398 0981 C66D55C5 		.ascii	"\306mU\305\230\302\2434\326X!:>\366\007\264Z\023e]n"
 398      98C2A334 
 398      D658213A 
 398      3EF607B4 
 398      5A13655D 
 399 0996 8B331941 		.ascii	"\2133\031Ac\265&\304\304\204\274o\315\204x\263u3\344"
 399      63B526C4 
 399      C484BC6F 
 399      CD8478B3 
 399      7533E4
 400 09a9 FC7FC24E 		.ascii	"\374\177\302NF\363"
 400      46F3
 401              		.text
 402              		.section	.gnu.lto_.symtab.1420ef880637ce98,"",%progbits
 403 0000 6D734F62 		.ascii	"msObjectInit\000"
 403      6A656374 
 403      496E6974 
 403      00
 404 000d 00       		.ascii	"\000"
 405 000e 00       		.ascii	"\000"
 406 000f 00       		.ascii	"\000"
 407 0010 00000000 		.ascii	"\000\000\000\000\000\000\000\000"
 407      00000000 
 408 0018 18010000 		.ascii	"\030\001\000\000"
 409              		.text
 410              		.section	.gnu.lto_.opts,"",%progbits
 411 0000 272D666D 		.ascii	"'-fmath-errno' '-fsigned-zeros' '-ftrapping-math' '"
 411      6174682D 
 411      6572726E 
 411      6F272027 
 411      2D667369 
 412 0033 2D666E6F 		.ascii	"-fno-trapv' '-fno-openmp' '-fno-openacc' '-mcpu=cor"
 412      2D747261 
 412      70762720 
 412      272D666E 
 412      6F2D6F70 
 413 0066 7465782D 		.ascii	"tex-m3' '-mthumb' '-O2' '-fomit-frame-pointer' '-fa"
 413      6D332720 
 413      272D6D74 
 413      68756D62 
 413      2720272D 
 414 0099 6C69676E 		.ascii	"lign-functions=16' '-ffunction-sections' '-fdata-se"
 414      2D66756E 
ARM GAS  /tmp/ccAiDpT0.s 			page 32


 414      6374696F 
 414      6E733D31 
 414      36272027 
 415 00cc 6374696F 		.ascii	"ctions' '-fno-common' '-flto'\000"
 415      6E732720 
 415      272D666E 
 415      6F2D636F 
 415      6D6D6F6E 
 416              		.text
 417              		.comm	__gnu_lto_v1,1,1
 418              		.comm	__gnu_lto_slim,1,1
 419              		.ident	"GCC: (GNU) 7.3.0"
ARM GAS  /tmp/ccAiDpT0.s 			page 33


DEFINED SYMBOLS
                            *ABS*:0000000000000000 memstreams.c
                            *COM*:0000000000000001 __gnu_lto_v1
                            *COM*:0000000000000001 __gnu_lto_slim

NO UNDEFINED SYMBOLS
