ARM GAS  /tmp/ccEBv768.s 			page 1


   1              		.cpu cortex-m3
   2              		.eabi_attribute 20, 1
   3              		.eabi_attribute 21, 1
   4              		.eabi_attribute 23, 3
   5              		.eabi_attribute 24, 1
   6              		.eabi_attribute 25, 1
   7              		.eabi_attribute 26, 1
   8              		.eabi_attribute 30, 2
   9              		.eabi_attribute 34, 1
  10              		.eabi_attribute 18, 4
  11              		.file	"nullstreams.c"
  12              		.section	.gnu.lto_.profile.c14694e94aa41a61,"",%progbits
  13 0000 789C6363 		.ascii	"x\234cc```\001bF\006n6\000\000\224\000\035"
  13      60606001 
  13      6246066E 
  13      36000094 
  13      001D
  14              		.text
  15              		.section	.gnu.lto_.icf.c14694e94aa41a61,"",%progbits
  16 0000 789C6363 		.ascii	"x\234cc``Pc@\0006\206%;6\254`d\\\374u\375e&\246\237"
  16      60605063 
  16      40003686 
  16      253B36AC 
  16      60645CFC 
  17 001a 7F7E6DE4 		.ascii	"\177~m\344f>\362\376\367m^\226\245\037\332\337s\260"
  17      663EF2FE 
  17      F76D5E96 
  17      A51FDADF 
  17      73B0
  18 002c AEFDFDF3 		.ascii	"\256\375\375\363\013\027\003\000~\013\024\006"
  18      0B170300 
  18      7E0B1406 
  19              		.text
  20              		.section	.gnu.lto_.jmpfuncs.c14694e94aa41a61,"",%progbits
  21 0000 789C458A 		.ascii	"x\234E\212\201\011\000 \014\303\322u\372\230\207\371"
  21      81090020 
  21      0CC3D275 
  21      FA9887F9 
  22 0010 C88E7582 		.ascii	"\310\216u\202`!PB&\260\370\033XRR\246\321.\207\256\341"
  22      60215042 
  22      26B0F81B 
  22      585252A6 
  22      D12E87AE 
  23 0025 193711F1 		.ascii	"\0317\021\361E\372\375\354\252\363\301\001\013\251\007"
  23      45FAFDEC 
  23      AAF3C101 
  23      0BA907
  24 0034 B7       		.ascii	"\267"
  25              		.text
  26              		.section	.gnu.lto_.inline.c14694e94aa41a61,"",%progbits
  27 0000 789C6363 		.ascii	"x\234cc``\210e@\000V\006\006f&F\006& \223m\201<\210"
  27      60608865 
  27      40005606 
  27      06662646 
  27      06262093 
  28 0018 6260C410 		.ascii	"b`\304\020a\302\020a\306\020aa`a\006\2120\276`g`\357"
  28      61C21061 
ARM GAS  /tmp/ccEBv768.s 			page 2


  28      C6106161 
  28      6061068A 
  28      30BE6067 
  29 002e 50070B31 		.ascii	"P\007\0131\000\000\355\016\005a"
  29      0000ED0E 
  29      0561
  30              		.text
  31              		.section	.gnu.lto_.pureconst.c14694e94aa41a61,"",%progbits
  32 0000 789C6363 		.ascii	"x\234cc``\340\006bV\006\006F\006&\006f\006\026)\000"
  32      6060E006 
  32      62560606 
  32      46062606 
  32      66061629 
  33 0015 01A3003B 		.ascii	"\001\243\000;"
  34              		.text
  35              		.section	.gnu.lto_writes.c14694e94aa41a61,"",%progbits
  36 0000 789C5D90 		.ascii	"x\234]\220\277KBQ\024\307\317\367\336\347\217\240\374"
  36      BF4B4251 
  36      14C7CFF7 
  36      DEE78FA0 
  36      FC
  37 0011 076A6808 		.ascii	"\007jh\010D\002\037A\215M-m\015\355\201F\240`&Y\263"
  37      44021F41 
  37      8D4D2D6D 
  37      0DED8146 
  37      A0602659 
  38 0026 372D2A6C 		.ascii	"7-*l02\003yC!\362\306\212\254\354\307\360\246\2260("
  38      30320379 
  38      4321F2C6 
  38      8AACECC7 
  38      F0A69630 
  39 003b F31F28A1 		.ascii	"\363\037(\241!\021\032\232*\353\274\207C8\\\356\367"
  39      21111A9A 
  39      2AEBBC87 
  39      43385CEE 
  39      F7
  40 004c DCFBF9DC 		.ascii	"\334\373\371\334\3139n\"\232\003\321\004\357\203\274"
  40      CB396E22 
  40      9A03D104 
  40      EF83BC
  41 005b 200922F7 		.ascii	" \011\"\367@\264\346\025\200\035\224\027\224\022HaG"
  41      40B4E615 
  41      801D9417 
  41      94124861 
  41      47
  42 006c E6251ED7 		.ascii	"\346%\036\327O\014\231\225\006c\032\227\037\265\342"
  42      4F0C9995 
  42      06631A97 
  42      1FB5E2
  43 007b ABCF2E81 		.ascii	"\253\317.\201a.[\355\273J\177\300T*\255\254\203\352"
  43      612E5BED 
  43      BB4A7FC0 
  43      542AADAC 
  43      83EA
  44 008d E4516663 		.ascii	"\344Qfc\332\220\202\012LW0\2043\014\331_\234#\300l\275"
  44      DA90820A 
  44      4C573084 
ARM GAS  /tmp/ccEBv768.s 			page 3


  44      330CD95F 
  44      9C23C06C 
  45 00a2 D6C87964 		.ascii	"\326\310yd\020\304y\357\363\335\022\376\262\3435KR\215"
  45      10C479EF 
  45      F3DD12FE 
  45      B2E3354B 
  45      528D
  46 00b4 1852E202 		.ascii	"\030R\342\002\362\277\310G\204K\370\031\377\3126\012"
  46      F2BFC847 
  46      844BF819 
  46      FFCA360A 
  47 00c4 7D72CC51 		.ascii	"}r\314Qw\337\314\016\272\352w\331Q5T{U\215p\345\250"
  47      77DFCC0E 
  47      BAEA77D9 
  47      5135547B 
  47      558D70E5 
  48 00d9 3F2A5FF0 		.ascii	"?*_\360\311qGm\336\227r\236\256\372l:\252\300u\257*"
  48      C971476D 
  48      DE97729E 
  48      AEFA6C3A 
  48      AAC075AF 
  49 00ee 0837F0DB 		.ascii	"\0107\360\333\374\313ig\177\300\255\331\355p\027\267"
  49      FCCB6967 
  49      7FC0ADD9 
  49      ED7017B7 
  50 00fe 70130F8E 		.ascii	"p\023\017\216\216\237\\\226\352\374n*\253e\242\341\342"
  50      8E9F5C96 
  50      EAFC6E2A 
  50      AB65A2E1 
  50      E2
  51 010f 49383C6D 		.ascii	"I8<m1\305\363S\026m\363\033\2342\026\265\221>4\353\260"
  51      31C5F353 
  51      166DF31B 
  51      9C3216B5 
  51      913E34EB 
  52 0124 DDA2B465 		.ascii	"\335\242\264e\246`\337\011\242\321\240>\025\211\206"
  52      A660DF09 
  52      A2D1A03E 
  52      158986
  53 0133 A333B3FA 		.ascii	"\2433\263\372RR\217\204bz,\032\326\223+\313\013\241"
  53      52528F84 
  53      627A2C1A 
  53      D6932BCB 
  53      0BA1
  54 0145 C5A41E5F 		.ascii	"\305\244\036_\215\305\27298O\"\232\020\341\004\342\177"
  54      8DC5BA39 
  54      384F229A 
  54      10E104E2 
  54      7F
  55 0156 AF688337 		.ascii	"\257h\2037"
  56              		.text
  57              		.section	.gnu.lto_reads.c14694e94aa41a61,"",%progbits
  58 0000 789C5D90 		.ascii	"x\234]\220\275K\202Q\024\306\317s\257_A\371\017\324"
  58      BD4B8251 
  58      14C6CF73 
  58      AF5F41F9 
  58      0FD4
ARM GAS  /tmp/ccEBv768.s 			page 4


  59 0012 D0108804 		.ascii	"\320\020\210\004\276\00456\265\2645\364\027h\004\012"
  59      BE043536 
  59      B5B435F4 
  59      1768040A 
  60 0022 6692357B 		.ascii	"f\2225{\323\244\302\006#3\010\207B\324\261\"\373.x\211"
  60      D3A4C206 
  60      23330887 
  60      42D4B122 
  60      FB2E7889 
  61 0036 68098B12 		.ascii	"h\011\213\022\241\241\251\202\006C\010\212\206\310:"
  61      A1A1A982 
  61      0643088A 
  61      86C83A
  62 0045 EF8B4138 		.ascii	"\357\213A8\\\356s\356}~\347p\036\033\021\371A4\300w"
  62      5CEE73EE 
  62      7D7EE770 
  62      1E1B11F9 
  62      4134C077 
  63 0059 271F4882 		.ascii	"'\037H\202H]\023\315:\004`\010\345\000E\005\242X\222"
  63      485D13CD 
  63      3A046008 
  63      E5004505 
  63      A25892
  64 006c 6989DBB9 		.ascii	"i\211\333\271\355\254L\312,\333,\\\276\225\327\237\234"
  64      EDAC4CCA 
  64      2CDB2C5C 
  64      BE95D79F 
  64      9C
  65 007d 46097473 		.ascii	"F\011ts\371Z\277,\265\273\213J\305\224\276v?\270\031"
  65      F95ABF2C 
  65      B5BB8B4A 
  65      C594BE76 
  65      3FB819
  66 0090 4F0C67A5 		.ascii	"O\014g\245\240\014\273K\350\302.\272\214\021{p\263\267"
  66      A00CBB4B 
  66      E8C22EBA 
  66      8C117B70 
  66      B3B7
  67 00a2 52AEA6EC 		.ascii	"R\256\246\354\322\003b\275\362Q\323\205+or\0179\251"
  67      D20362BD 
  67      F251D385 
  67      2B6F720F 
  67      39A9
  68 00b4 7AB25262 		.ascii	"z\262Rb\037\362?\310O\204\003\270\330\376\225\254f\332"
  68      1FF23FC8 
  68      4F8403B8 
  68      D8FE95AC 
  68      66DA
  69 00c6 649F892E 		.ascii	"d\237\211.\277\024\033h\242\027y\023\265\340\260\025"
  69      BF141B68 
  69      A2177913 
  69      B5E0B015 
  70 00d6 B5108E4C 		.ascii	"\265\020\216L\364[\2453N\331o\242\317W\271\224\375o"
  70      F45BA533 
  70      4ED96FA2 
  70      CF57B994 
  70      FD6F
ARM GAS  /tmp/ccEBv768.s 			page 5


  71 00e8 6AC14405 		.ascii	"j\301D\005\216[QA8\201\313\360?\3564V;l\026c\035\336"
  71      8E5B5141 
  71      3881CBF0 
  71      3FEE3456 
  71      3B6C1663 
  72 00fe E21436E2 		.ascii	"\342\0246\342\340h\353\316\252\253\306\317\274\322\337"
  72      E068EBCE 
  72      AAABC6CF 
  72      BCD2DF
  73 010d 0BF8B40A 		.ascii	"\013\370\264\012\242\005\376\347\344\224N\213L\263\212"
  73      A205FEE7 
  73      E4944E8B 
  73      4CB38A
  74 011c EB54476C 		.ascii	"\353TGl\243V\201Aq\247L\342\374\306n\304&@83Sa\012\206"
  74      A3568141 
  74      71A74CE2 
  74      FCC66EC4 
  74      26403833 
  75 0134 97F95E8F 		.ascii	"\227\371^\2176\344\017\370\002#\243\332dD\363{\203Z"
  75      36E40FF8 
  75      0223A3DA 
  75      6444F37B 
  75      835A
  76 0146 30E0D322 		.ascii	"0\340\323\"\323S\343\336\211\210\026\232\011\006\233"
  76      D353E3DE 
  76      8988169A 
  76      09069B
  77 0155 DA334622 		.ascii	"\3323F\"\020\026\2760B\277\203\274\207f"
  77      1016BE30 
  77      42BF83BC 
  77      8766
  78              		.text
  79              		.section	.gnu.lto_put.c14694e94aa41a61,"",%progbits
  80 0000 789C4D8F 		.ascii	"x\234M\2179KCA\024\205\357\231y&)\324\037\240),\204"
  80      394B4341 
  80      1485EF99 
  80      792629D4 
  80      1FA0292C 
  81 0015 1002792E 		.ascii	"\020\002y.\225\265 v\026\376\202D\204<x.\030\2553fq"
  81      95B52076 
  81      16FE8244 
  81      843C782E 
  81      18AD3366 
  82 002a C1140135 		.ascii	"\301\024\0015\001y\205\242A\320B\305}\203\207\244\020"
  82      017985A2 
  82      41D042C5 
  82      7D8387A4 
  82      10
  83 003b 248A8A7F 		.ascii	"$\212\212\177\300\245\022\004\013-D\242w\242\202\003"
  83      C0A51204 
  83      0B2D44A2 
  83      77A28203 
  84 004b C39C3B73 		.ascii	"\303\234;s\276;\367x\210(\004\2426>\033yC\022D\356\222"
  84      BE3BF778 
  84      882804A2 
  84      363E1B79 
  84      431244EE 
ARM GAS  /tmp/ccEBv768.s 			page 6


  85 0060 68DC2700 		.ascii	"h\334'\000-\224\017\224\020H +\347$\256\323\233\216"
  85      2D940F94 
  85      1048202B 
  85      E724AED3 
  85      9B8E
  86 0072 9C910EDB 		.ascii	"\234\221\016\333\014._\313\013\017\365\272\004\232\270"
  86      0C2E5FCB 
  86      0B0FF5BA 
  86      049AB8
  87 0081 2C9EA64E 		.ascii	",\236\246N\020\\U\274\334\302G\307R*\323\355HAyv\357"
  87      105C55BC 
  87      DCC247C7 
  87      522AD3ED 
  87      48417976 
  88 0096 C08F6DF8 		.ascii	"\300\217m\370\365\027\273\010\262\367\266|\227\363\312"
  88      F517BB08 
  88      B2F7B67C 
  88      97F3CA
  89 00a5 3088F5EC 		.ascii	"0\210\365\354\333\263+\002E\245\222\312--K\325\354H"
  89      DBB32B02 
  89      45A592CA 
  89      2D2D4BD5 
  89      EC48
  90 00b7 893DC8FF 		.ascii	"\211=\310\377 _\021\366\021`\2733\261\366$ek\025\275"
  90      205F11F6 
  90      1160BB33 
  90      B1F62465 
  90      6B15BD
  91 00ca 783F2FFD 		.ascii	"x?/\375\241\217i\251j\035i\340\340\007m\367\243E\203"
  91      A18F69A9 
  91      6A1D69E0 
  91      E0076DF7 
  91      A34583
  92 00dd 06E11001 		.ascii	"\006\341\020\001\355\276\337\252\314\327y\014=\021\017"
  92      EDBEDFAA 
  92      CCD7790C 
  92      3D110F
  93 00ec 72040F71 		.ascii	"r\004\017qv\332\270\251qU\345kR\271\237+(t\011\242)"
  93      76DAB8A9 
  93      7155E56B 
  93      52B99F2B 
  93      287409A2 
  94 0101 7EE7F0CA 		.ascii	"~\347\360\312\245i\236\237U\312\245\027$\027\327\263"
  94      A5699E9F 
  94      55CAA517 
  94      2417D7B3 
  95 0111 0D9AE24E 		.ascii	"\015\232\342N\371\314\331\225W'\027 \034W\2031\005\355"
  95      F9CCD995 
  95      57271720 
  95      1C578331 
  95      05ED
  96 0123 653E1436 		.ascii	"e>\0246;cV\324\352\3515\207\342f,b\233\266\0255\343"
  96      3B6356D4 
  96      EAE93587 
  96      E2662C62 
  96      9BB61535 
  97 0138 A323FD91 		.ascii	"\243#\375\221\201\27098f\333\277:\334G\302\032F\364"
ARM GAS  /tmp/ccEBv768.s 			page 7


  97      81B83938 
  97      66DBBF3A 
  97      DC47C21A 
  97      46F4
  98 014a 1B41C971 		.ascii	"\033A\311q\355"
  98      ED
  99              		.text
 100              		.section	.gnu.lto_get.c14694e94aa41a61,"",%progbits
 101 0000 789C4D4F 		.ascii	"x\234MO\311J\003A\024|\325o\034#\242\037\2409x\020B"
 101      C94A0341 
 101      147CD56F 
 101      1C23A21F 
 101      A0397810 
 102 0015 1066FC07 		.ascii	"\020f\374\007\301\253\007\277 \021!\003\343\202\243"
 102      C1AB07BF 
 102      20112103 
 102      E382A3
 103 0024 E7B489A0 		.ascii	"\347\264\211\240b\016\0017\010\203\010!xtK\\@\241\005"
 103      620E0137 
 103      08830821 
 103      78744B5C 
 103      40A105
 104 0037 AF1117BC 		.ascii	"\257\021\027\274\213\012\036\004!\210\327\350k\361`"
 104      8B0A1E04 
 104      2188D7E8 
 104      6BF160
 105 0046 43415577 		.ascii	"CAUwU\365{.\021}\012\206\005\375\0020A\225o\210\026"
 105      55F57B2E 
 105      117D0A86 
 105      05FD0230 
 105      41956F88 
 106 005b 130AB044 		.ascii	"\023\012\260D'@y\205<J\274\301\270[:\210y\215c\2619"
 106      27407985 
 106      3C4ABCC1 
 106      B85B3A88 
 106      798D63B1 
 107 0070 225BCDCA 		.ascii	"\"[\315\312K\257\225\300\200\310\332e\361\002\351=-"
 107      4BAF95C0 
 107      80C8DA65 
 107      F102E93D 
 107      2D
 108 0081 C76C57DC 		.ascii	"\307lW\334\235\372\255\356\212Y\321\226\330\353H\342"
 108      9DFAADEE 
 108      8A59D196 
 108      D8EB48E2 
 109 0091 1849FB47 		.ascii	"\030I\373G\003i1?4\037\313\235\354\201\204\257\177\275"
 109      0369313F 
 109      341FCB9D 
 109      EC8184AF 
 109      7FBD
 110 00a3 1B95AA69 		.ascii	"\033\225\252i]\320\346\272\312z0f\306\011\370\177P\256"
 110      5DD0E6BA 
 110      CA7A3066 
 110      C609F87F 
 110      50AE
 111 00b5 08A74859 		.ascii	"\010\247HY\377\363a{\263\307ul\261\364\235\301%\010"
 111      FFF3617B 
ARM GAS  /tmp/ccEBv768.s 			page 8


 111      B3C7756C 
 111      B1F49DC1 
 111      2508
 112 00c7 D9BFEF30 		.ascii	"\331\277\3570\272\375\275\254\315k\025\215QE\264\"\357"
 112      BAFDBDAC 
 112      CD6B158D 
 112      5145B422 
 112      EF
 113 00d8 B28436B4 		.ascii	"\262\2046\264*c\010+\032\372@a\367\255\324gS\322t\365"
 113      2A63082B 
 113      1AFA4061 
 113      F7ADD467 
 113      53D274F5 
 114 00ec 74D4EAB6 		.ascii	"t\324\352\266\033(88\377\235OR\260^\311\017y\376H.\310"
 114      1B283838 
 114      FF9D4F52 
 114      B05EC90F 
 114      79FE482E 
 115 0101 0663E3FE 		.ascii	"\006c\343\376L\344\3472\241\037\006Y?\232\237\233\314"
 115      4CE4E732 
 115      A11F0659 
 115      3F9A9F9B 
 115      CC
 116 0112 4C45FEF4 		.ascii	"LE\376\364B\030\376qo\202T0\373\003\217\276bI"
 116      4218FE71 
 116      6F825430 
 116      FB038FBE 
 116      6249
 117              		.text
 118              		.section	.gnu.lto_nullObjectInit.c14694e94aa41a61,"",%progbits
 119 0000 789C4D50 		.ascii	"x\234MP\317K\033Q\020\236og\263\006C\245G\261\036<\024"
 119      CF4B1B51 
 119      109E6F67 
 119      B30643A5 
 119      47B11E3C 
 120 0015 8214B2F8 		.ascii	"\202\024\262\3707\024z\365\340_\240\"\030X54\355\245"
 120      37147AF5 
 120      E05FA022 
 120      18583534 
 120      EDA5
 121 0027 977D499A 		.ascii	"\227}I\232&\242B\017\215-\272\226\025R\352E\374\221"
 121      26A2420F 
 121      8D2DBA96 
 121      1552EA45 
 121      FC91
 122 0039 D6346A9B 		.ascii	"\3264j\233%\207\236\214%\245\207\236<Xh\241jA\264\007"
 122      25879E8C 
 122      25A5879E 
 122      3C5868A1 
 122      6A41B407 
 123 004d 85C6CE8B 		.ascii	"\205\306\316\213980\274\231y\337\373\346\373\236ED\005"
 123      393830BC 
 123      9979DFFB 
 123      E6FB9E45 
 123      4405
 124 005f 100DC879 		.ascii	"\020\015\310yG\022L0\236\357\023\245\302\006\240\013"
 124      47124C30 
ARM GAS  /tmp/ccEBv768.s 			page 9


 124      9EEF13A5 
 124      C206A00B 
 125 006f 1506B906 		.ascii	"\025\006\271\006\\\314\362\013F-\367\263b\364\277U\022"
 125      5CCCF20B 
 125      462DF7B3 
 125      62F4BF55 
 125      12
 126 0080 C1CB03EB 		.ascii	"\301\313\003\353\231\312v{L4/\251\003%\364\013\252\361"
 126      99CA767B 
 126      4C342FA9 
 126      0325F40B 
 126      AAF1
 127 0092 74DDE319 		.ascii	"t\335\343\031\366\0300\245=\255/\374\350\322\255\201"
 127      F61830A5 
 127      3DAD2FFC 
 127      E8D2AD81 
 128 00a2 3E697F2D 		.ascii	">i\177-o\036\233\034\003I\275\264\322X\354\214\276Q"
 128      6F1E9B1C 
 128      0349BDB4 
 128      D258EC8C 
 128      BE51
 129 00b4 2AAD82BD 		.ascii	"*\255\202\275\"\253\273\0363\266\300B\210\367\350\305"
 129      22ABBB1E 
 129      33B6C042 
 129      88F7E8C5 
 130 00c4 3BF4928C 		.ascii	";\364\222\214\010eD5\376p\243Y\270e\231\327\013\361"
 130      08654435 
 130      FE70A359 
 130      B86599D7 
 130      0BF1
 131 00d6 01168978 		.ascii	"\001\026\211xZ\373\032\012T\363*\247\202\363\"\376>"
 131      5AFB1A0A 
 131      54F32AA7 
 131      82F322FE 
 131      3E
 132 00e7 3045BAC6 		.ascii	"0E\272\306S^P\342A\0054\315\206\2562\001\375F\3722\267"
 132      535E50E2 
 132      410534CD 
 132      86AE3201 
 132      FD46FA32 
 133 00fc 544EE8C7 		.ascii	"TN\350\307B8\237\255}\351\320\332\270\245g\267V\377"
 133      42389FAD 
 133      7DE9D0DA 
 133      B8A567B7 
 133      56FF
 134 010e 6CF9789D 		.ascii	"l\371x\235\022\203~\217\307\346\202\210\256\210\010"
 134      12837E8F 
 134      C7E68288 
 134      AE8808
 135 011d 7DF92DF7 		.ascii	"}\371-\367\375 b\257j\363}\036\207\260\015\037\205\226"
 135      FD2062AF 
 135      6AF37D1E 
 135      87B00D1F 
 135      8596
 136 012f 73ECC0BE 		.ascii	"s\354\300\276I\026j\221e.\253g]\356?%_\024\3625Nf\027"
 136      49166A91 
 136      652EAB67 
ARM GAS  /tmp/ccEBv768.s 			page 10


 136      5DEE3F25 
 136      5F14F235 
 137 0146 8D937C44 		.ascii	"\215\223|D/\270\355\261\205\217\362\257\273m\366L\261"
 137      2FB8EDB1 
 137      858FF2AF 
 137      BB6DF64C 
 137      B1
 138 0157 9485A05F 		.ascii	"\224\205\240_\311\346'\232\342\223\320\013u\025.\375"
 138      C9E6279A 
 138      E293D00B 
 138      75152EFD 
 139 0167 41DA3F9A 		.ascii	"A\332?\232C\313\260\216\274\250\025;\006\321\275\230"
 139      43CBB08E 
 139      BCA8153B 
 139      06D1BD98 
 140 0177 7D7F3C3E 		.ascii	"}\177<>\022\037\034\262\247\222\366\370\260c;\361\021"
 140      121F1CB2 
 140      A792F6F8 
 140      B0633BF1 
 140      11
 141 0188 3BF9E8E1 		.ascii	";\371\350\341\330\360D\322\236|\3548\355:6J<\231L\374"
 141      D8F044D2 
 141      9E7CEC38 
 141      ED3A364A 
 141      3C994CFC 
 142 019c 07EB1898 		.ascii	"\007\353\030\230\021"
 142      11
 143              		.text
 144              		.section	.gnu.lto_vmt.c14694e94aa41a61,"",%progbits
 145 0000 789C6363 		.ascii	"x\234cc``\330\000\304\272\014\0200\205\231q\347\316"
 145      6060D800 
 145      C4BA0C10 
 145      30859971 
 145      E7CE
 146 0012 37B7D9EB 		.ascii	"7\267\331\353\3776t44<\350\236\303<\223y\0163\3034f"
 146      FF367434 
 146      343CE89E 
 146      C33C9379 
 146      0E33C334 
 147 0027 0CB9059B 		.ascii	"\014\271\005\233x\34603Ncf\304\220\370\006\324\3014"
 147      78E63033 
 147      4E6366C4 
 147      90F806D4 
 147      C134
 148 0039 8D990943 		.ascii	"\215\231\011Cb\033P\202y\03233Xb\375\233\235?y\273\201"
 148      621B5082 
 148      791A3333 
 148      5862FD9B 
 148      9D3F79BB 
 149 004e 222C8C20 		.ascii	"\",\214 \356\331\373s\2370Ylk\350X\320\0200\207\231"
 149      EED9FB73 
 149      9F30596C 
 149      6BE858D0 
 149      10308799 
 150 0062 752A3303 		.ascii	"u*3\003\343vF\231\251\314\214\214\333\030\353\24723"
 150      E3764699 
 150      A9CC8C8C 
ARM GAS  /tmp/ccEBv768.s 			page 11


 150      DB18EBA7 
 150      3233
 151 0074 316E0551 		.ascii	"1n\005Q\314\214[@\024\013\343f\306z\006\306\035\214"
 151      CC8C5B40 
 151      140BE366 
 151      C67A06C6 
 151      1D8C
 152 0086 160CDA7A 		.ascii	"\026\014\332z\372\316\031\231I\231\376\301\372\371\305"
 152      FACE1999 
 152      4999FEC1 
 152      FAF9C5
 153 0095 FA198939 		.ascii	"\372\031\2119\3729\231I\372\305%E\251\211\271\305\372"
 153      FA399949 
 153      FAC52545 
 153      A989B9C5 
 153      FA
 154 00a6 79A53939 		.ascii	"y\24599P\266^2\003\000\237\211PV"
 154      50B65E32 
 154      03009F89 
 154      5056
 155              		.text
 156              		.section	.gnu.lto_.symbol_nodes.c14694e94aa41a61,"",%progbits
 157 0000 789C6363 		.ascii	"x\234cc``\310\005b\006\246\026\246z\006\206\011\347"
 157      6060C805 
 157      6206A616 
 157      A67A0686 
 157      09E7
 158 0012 181880D4 		.ascii	"\030\030\200\324\216\005\007\033\330\200b\255L\365\214"
 158      8E05071B 
 158      D88062AD 
 158      4CF58C
 159 0021 E8626D4C 		.ascii	"\350bmL\365L\350b\355L\365\314\350b\235L\365,0\261]"
 159      F54CE862 
 159      ED4CF5CC 
 159      E8629D4C 
 159      F52C30B1 
 160 0036 0D8E0C0C 		.ascii	"\015\216\014\014\254\035L\014\015J\014\014\314\014\000"
 160      AC1D4C0C 
 160      0D4A0C0C 
 160      CC0C00
 161 0045 76B31C28 		.ascii	"v\263\034("
 162              		.text
 163              		.section	.gnu.lto_.refs.c14694e94aa41a61,"",%progbits
 164 0000 789C6363 		.ascii	"x\234cc``\020\000bF\026&VF\026V&\006&F&&&f\006\000\003"
 164      60601000 
 164      62461626 
 164      56461656 
 164      26062646 
 165 001b 3F003B   		.ascii	"?\000;"
 166              		.text
 167              		.section	.gnu.lto_.decls.c14694e94aa41a61,"",%progbits
 168 0000 789C8D56 		.ascii	"x\234\215Vkl\024U\024\2363w\037\355v\273m,QL\032CHM"
 168      6B6C1455 
 168      149E3377 
 168      1FED76BB 
 168      6D2C514C 
 169 0018 1A0D5D1E 		.ascii	"\032\015]\036\011b\342\017M\177\240?\320D\324\244&\272"
ARM GAS  /tmp/ccEBv768.s 			page 12


 169      0962E20F 
 169      4D7FA03F 
 169      D044D4A4 
 169      26BA
 170 002a 96ED42D7 		.ascii	"\226\355B\327\264[\322\235\252\370k\354\313\362n#jA"
 170      B45BD29D 
 170      AAF86BEC 
 170      CBF26E23 
 170      6A41
 171 003c 10020854 		.ascii	"\020\002\010Th\025Y\250\264R\027\250\245\226\002k\201"
 171      681559A8 
 171      B45217A8 
 171      A596026B 
 171      81
 172 004d 82D09750 		.ascii	"\202\320\227P\250h\351\003JKia=\367\336\231\235\331"
 172      A868E903 
 172      4A4B6961 
 172      3DF7DE99 
 172      9DD9
 173 005f 75373AD9 		.ascii	"u7:\3313\273\367\314\371\316\371\356w\317\275\263&A"
 173      33BBF7CC 
 173      F9CEF9EE 
 173      77CFBDB3 
 173      2641
 174 0071 1092AD82 		.ascii	"\020\222\255\2020\004\202p\001-\210\227\031}\307\321"
 174      30048270 
 174      012D8897 
 174      197DC7D1 
 175 0081 4C680E34 		.ascii	"Lh\0164?Z3Z\013Z\023ZP\340\227\021\215 \306\210fB3\243"
 175      3F5A335A 
 175      0B5A135A 
 175      50E09711 
 175      8D20C688 
 176 0099 25A0E147 		.ascii	"%\240\341G\260\202\020v\231E\036\377\030\332\014%\237"
 176      B0821076 
 176      99451EFF 
 176      18DA0C25 
 176      9F
 177 00aa 9A9B5EA0 		.ascii	"\232\233^\240\344\212\274\022b\340Zt8c\024\\b\004\356"
 177      E48ABC12 
 177      62E05A74 
 177      3863145C 
 177      6204EE
 178 00bd 7705D7A4 		.ascii	"w\005\327\244\303\231\242\340\222\020g\210\202S1\346"
 178      C399A2E0 
 178      92106788 
 178      825331E6 
 179 00cd 28982710 		.ascii	"(\230'\020C5{O\207\243\032=B\273\2176\241`\247\224\357"
 179      43357B4F 
 179      87A31A3D 
 179      42BB8F36 
 179      A160A794 
 180 00e2 581A3D29 		.ascii	"X\032=)r\315\207\321\256\242\375\2016\200\226\245\344"
 180      72CD87D1 
 180      AEA2FD81 
 180      368096A5 
 180      E4
ARM GAS  /tmp/ccEBv768.s 			page 13


 181 00f3 A0F3B98B 		.ascii	"\240\363\271\2136\2126\2166\2026&p\276fe\015\250\026"
 181      368A368E 
 181      36823626 
 181      70BE6665 
 181      0DA816
 182 0106 D174DC44 		.ascii	"\321t\334D\340\267\322\357\267\222\265\004\036\263\200"
 182      E0B7D2EF 
 182      B792B504 
 182      1EB380
 183 0115 0187A367 		.ascii	"\001\207\243g\266\\\267\341p\206\005f\341\360\273\262"
 183      B65CB7E1 
 183      70860566 
 183      E1F0BBB2 
 184 0125 FE9A381C 		.ascii	"\376\2328\034\246Z \010t<xt2\221\217)\370\307M\345\335"
 184      A65A2008 
 184      743C7874 
 184      32918F29 
 184      F8C74DE5 
 185 013a 0622B2DF 		.ascii	"\006\"\262\337\227\002\215s2\016\310\374\212{G\200z"
 185      97028D73 
 185      320EC8FC 
 185      8A7B4780 
 185      7A
 186 014b 206A119F 		.ascii	" j\021\237\377n\255\201,\244q\342\301\332\376\367!\335"
 186      FF6EAD81 
 186      2CA471E2 
 186      C1DAFEF7 
 186      21DD
 187 015d B28786F9 		.ascii	"\262\207\206\371OUg\224}*\313\"4\202\005\216\002f\204"
 187      4F556794 
 187      7D2ACB22 
 187      3482058E 
 187      026684
 188 0170 0CAA47AA 		.ascii	"\014\252G\252\005\357\025\262\\,\313\273d2S\200\005"
 188      05EF15B2 
 188      5C2CCBBB 
 188      64325380 
 188      05
 189 0181 A9303755 		.ascii	"\25107U\200\006H\247\265i\024\034\201T8\014\2514\177"
 189      800648A7 
 189      B569141C 
 189      8154380C 
 189      A9347F
 190 0194 CDF67DCD 		.ascii	"\315\366}\315\211d\025\313\337S;|\226\204\012\234\333"
 190      896415CB 
 190      DF533B7C 
 190      96840A9C 
 190      DB
 191 01a5 37FB5019 		.ascii	"7\373P\031-\320\204\005~\322\012`\275\350\025\216E\257"
 191      2DD08405 
 191      7ED20A60 
 191      BDE8158E 
 191      45AF
 192 01b7 30397042 		.ascii	"09pB6X\224\370\212\377\216\017\234\253\035\026\255k"
 192      365894F8 
 192      8AFF8E0F 
 192      9CAB1D16 
ARM GAS  /tmp/ccEBv768.s 			page 14


 192      AD6B
 193 01c9 68FC8E12 		.ascii	"h\374\216\0229\376e\370\031\353\373\360\371!|.\200\037"
 193      39FE65F8 
 193      19EBFBF0 
 193      F9217C2E 
 193      801F
 194 01db ACAC77F0 		.ascii	"\254\254w\360\033\203\273[k\366\3235\310B\225\361J\322"
 194      1B83BB5B 
 194      6BF6D335 
 194      C84295F1 
 194      4AD2
 195 01ed 099DC585 		.ascii	"\011\235\305\205\336=9\\o%\337\001\233\341\231\300D"
 195      DE3D395C 
 195      6F25DF01 
 195      9BE199C0 
 195      44
 196 01fe 431C58D2 		.ascii	"C\034X\322+B\331\205Pj\370\005\371d)|N\240\3638:\271"
 196      2B42D985 
 196      506AF805 
 196      F964297C 
 196      4EA0F338 
 197 0214 141375B3 		.ascii	"\024\023u\263\033{dy\0264#\225\223\232\024YT\011\352"
 197      1B7B6479 
 197      16342395 
 197      939A1459 
 197      5409EA
 198 0227 C43ADFFA 		.ascii	"\304:\337\372\016\354I\322\323n\012\243\335\242\320"
 198      0EEC49D2 
 198      D36E0AA3 
 198      DDA2D0
 199 0236 6E61B4AB 		.ascii	"na\264\253\202\273/\304\223[\214\024t\214\264oK\340"
 199      82BB2FC4 
 199      935B8C14 
 199      748CB46F 
 199      4BE0
 200 0248 7D948CC3 		.ascii	"}\224\214\303-\215cmF>\214\303ap\370n\217\225\334\346"
 200      2D8D636D 
 200      463E8CC3 
 200      6170F86E 
 200      8F95DCE6 
 201 025c A1BEDE8E 		.ascii	"\241\276\336\216\275\011\006lk\226\335c\240\276\346"
 201      BD09066C 
 201      6B96DD63 
 201      A0BEE6
 202 026b 356B9732 		.ascii	"5k\2272\227\303\012\247\201\271~\011N\370\223x\012Q"
 202      97C30AA7 
 202      81B97E09 
 202      4EF89378 
 202      0A51
 203 027d 5760062F 		.ascii	"W`\006/P\266\276\366K\013\016M\\33\272\372G\036\034"
 203      50B6BEF6 
 203      4B0B0E4D 
 203      5C3333BA 
 203      FA471E1C 
 204 0291 3170179D 		.ascii	"1p\027\235\360G\350\332\266\271\353\240\215\214r\335"
 204      F047E8DA 
 204      B6B9EBA0 
ARM GAS  /tmp/ccEBv768.s 			page 15


 204      8D8C72DD 
 205 02a1 9ACEFF58 		.ascii	"\232\316\377X\232\250k\275\205\233G\250\034\347\221"
 205      9AA86BBD 
 205      859B47A8 
 205      1CE791
 206 02b0 C46F9A1C 		.ascii	"\304o\232\034&\2451\344\177I\333\201\322\232\024i\003"
 206      26A531E4 
 206      7F49DB81 
 206      D29A1469 
 206      03
 207 02c1 E83CC797 		.ascii	"\350<\307\227\372\316\344\210\317@\246x\215C\237MW\333"
 207      FACEE488 
 207      CF40A678 
 207      8D439F4D 
 207      57DB
 208 02d3 74DD37FF 		.ascii	"t\3357\3770\353\276N\254qA\253q\036b\026\271\030\275"
 208      30EBBE4E 
 208      AC7141AB 
 208      711E6216 
 208      B918BD
 209 02e6 C8A575E7 		.ascii	"\310\245u\347\257\232H\011\333jb\375\351\256)]\213\377"
 209      AF9A4809 
 209      DB6A62FD 
 209      E9AE295D 
 209      8BFF
 210 02f8 FAC245B6 		.ascii	"\372\302E\266\207~\307\"\227\264\"\235\261\213\\\216"
 210      877EC722 
 210      97B4229D 
 210      B18B5C8E 
 211 0308 5EE441E7 		.ascii	"^\344A\347\255\342\270\231_PDe\211\234\3143\236\305"
 211      ADE2B899 
 211      5F504465 
 211      899CCC33 
 211      9EC5
 212 031a E767D8EA 		.ascii	"\347g\330\352_\201\231xo\007\003\337\324\023\227\217"
 212      5F819978 
 212      6F0703DF 
 212      D413978F 
 213 032a 05C25A1C 		.ascii	"\005\302Z\034\237\353z\345*\357\025\014\034*o\350\266"
 213      9FEB7AE5 
 213      2AEF150C 
 213      1C2A6FE8 
 213      B6
 214 033b 9193FC98 		.ascii	"\221\223\374\230\330\332\277~\203\221\255tsh\361\177"
 214      D8DABF7E 
 214      8391AD74 
 214      7368F17F 
 215 034b EA387883 		.ascii	"\3528x\203\373\260\261\240\233/\377\303\246\343\007"
 215      FBB0B1A0 
 215      9B2FFFC3 
 215      A6E307
 216 035a 88DA123D 		.ascii	"\210\332\022=\3347\344+^-\352\0116\207\021\354c\004"
 216      DC37E42B 
 216      5E2DEA09 
 216      368711EC 
 216      6304
 217 036c 7B55824D 		.ascii	"{U\202M\207kzAO\260/\214\340\037!\202\027\007\216\216"
ARM GAS  /tmp/ccEBv768.s 			page 16


 217      876B7A41 
 217      4FB02F8C 
 217      E01F2182 
 217      17078E8E 
 218 0380 2790D6D8 		.ascii	"'\220\326\330\004\273>\273\326\310;\0267,\\\347d\326"
 218      04BB3EBB 
 218      D6C83B16 
 218      372C5CE7 
 218      64D6
 219 0392 8FC9E792 		.ascii	"\217\311\347\222T\202\375\334W\323\275qCRl\2027\031"
 219      5482FDDC 
 219      57D3BD71 
 219      43526C82 
 219      3719
 220 03a4 C11B2AC1 		.ascii	"\301\033*\301}\337<\254\215\327\023\274\031Fp D\260"
 220      7DDF3CAC 
 220      8DD713BC 
 220      19467020 
 220      44B0
 221 03b6 AEE3CF7B 		.ascii	"\256\343\317{\"9\313\011\026\327\215\265\333H\017\037"
 221      2239CB09 
 221      16D78DB5 
 221      DB480F1F 
 222 03c6 8C4E6FAB 		.ascii	"\214No\253\217\347\233d\006\025\255\267\262\322\314"
 222      8FE79B64 
 222      0615ADB7 
 222      B2D2CC
 223 03d5 37C90E76 		.ascii	"7\311\016v^w\357\254H$\203<\266\356\300\324\367\026"
 223      5E77EFAC 
 223      4824833C 
 223      B6EEC0D4 
 223      F716
 224 03e7 95309FD8 		.ascii	"\2250\237\330\015\371Z\255-\366\212\0171\276\267U\276"
 224      0DF95AAD 
 224      2DF68A0F 
 224      31BEB755 
 224      BE
 225 03f8 FB37EE7F 		.ascii	"\3737\356\177BOw(\214\356\260J\327\374C{\305\332\004"
 225      424F7728 
 225      8CEEB04A 
 225      D7FC437B 
 225      C5DA04
 226 040b 484B4B49 		.ascii	"HKKIKKO\333I\343\375\247z\026\035\361\311\362j\023\355"
 226      4B4B4FDB 
 226      49E3FDA7 
 226      7A161DF1 
 226      C9F26A13 
 227 0420 0B68C32E 		.ascii	"\013h\303.\275\003)ZC\376\3122\370\350]\340\200\000"
 227      BD03295A 
 227      43FECA32 
 227      F8E85DE0 
 227      8000
 228 0432 B4CEA50A 		.ascii	"\264\316\245\012\300\265\310X\273\026Z\305\210\243!"
 228      C0B5C858 
 228      BB165AC5 
 228      88A321
 229 0441 43F81B03 		.ascii	"C\370\033\003\376\242\001\267\024\004\2667\334\303N"
ARM GAS  /tmp/ccEBv768.s 			page 17


 229      FEA201B7 
 229      1404B637 
 229      DCC34E
 230 0450 BF0B6930 		.ascii	"\277\013i0\2126\2166\2026\006i\354\305\244+D\227\351"
 230      8A368E36 
 230      82360669 
 230      ECC5A42B 
 230      4497E9
 231 0463 CFA885E6 		.ascii	"\317\250\205\346EP\302Y\302`dd+\204B\371\236\034*'\370"
 231      4550C259 
 231      C2606464 
 231      2B8442F9 
 231      9E1C2A27 
 232 0478 12A44182 		.ascii	"\022\244A\202\262\035\265\202\343\013\267\310\376RB"
 232      B21DB582 
 232      E30BB7C8 
 232      FE5242
 233 0487 FB0FBAA2 		.ascii	"\373\017\272\242\013\3012\241\340\365\243\255;I\212"
 233      0BC132A1 
 233      E0F5A3AD 
 233      3B498A
 234 0496 32CB8A98 		.ascii	"2\313\212\230\263\024bN\021s\014\224_\032\015\333\246"
 234      B314624E 
 234      11730C94 
 234      5F1A0DDB 
 234      A6
 235 04a7 13BA7A02 		.ascii	"\023\272z\002\334WW\215L\327\2579a\200\224\364\264*"
 235      DC57578D 
 235      4CD7AF39 
 235      618094F4 
 235      B42A
 236 04b9 E5C860F5 		.ascii	"\345\310`\365\264\310IE\322\007(\351\224\222\237\317"
 236      B4C84945 
 236      D20728E9 
 236      94929FCF 
 237 04c9 76FC4B36 		.ascii	"v\374K6\333\311h\263m\251~jW\211\214\302a!8\205\234"
 237      DBC968B3 
 237      6DA97E6A 
 237      57898CC2 
 237      61213885 
 238 04de 27A34B4C 		.ascii	"'\243KLw\336\206\256#V\262\225\2603\356\362F_\235\021"
 238      77DE86AE 
 238      2356B295 
 238      B033EEF2 
 238      465F9D11 
 239 04f2 D2537885 		.ascii	"\322Sx\205\316j\023\255\360\010\261\323\332\011G\013"
 239      CE6A13AD 
 239      F008B1D3 
 239      DA09470B 
 240 0502 2A4D1049 		.ascii	"*M\020I\027\036\"\313h\214\261\316\301\211\317O\207"
 240      171E22CB 
 240      688CB1CE 
 240      C189CF4F 
 240      87
 241 0513 29F2284C 		.ascii	")\362(L\221\240\362\222\013\262\227\\\303\361c?'\364"
 241      91A0F292 
 241      0BB2975C 
ARM GAS  /tmp/ccEBv768.s 			page 18


 241      C3F1633F 
 241      27F4
 242 0525 E2A144F7 		.ascii	"\342\241D\367M2K\001\300\357\370M\215\215\203\352\005"
 242      4D324B01 
 242      C0EFF84D 
 242      8D8D83EA 
 242      05
 243 0536 DC8F5E91 		.ascii	"\334\217^\221\177)\241t\240B \344\021\225\034\242\232"
 243      7F29A174 
 243      A04220E4 
 243      11951CA2 
 243      9A
 244 0547 977D9404 		.ascii	"\227}\224\004\240\317\312\237\363r\352\305\3779\362"
 244      A0CFCA9F 
 244      F372EAC5 
 244      FF39F2
 245 0556 1F3A1C77 		.ascii	"\037:\034w\211Z1\035\344_\\\205\320\343\020)m\222\240"
 245      895A311D 
 245      E45F5C85 
 245      D0E31029 
 245      6D92A0
 246 0569 2AD6DFBB 		.ascii	"*\326\337\273N\354\303SX\200\267\005\2412.\217\235'"
 246      4EECC353 
 246      5880B705 
 246      A1322E8F 
 246      9D27
 247 057b A7BFDA56 		.ascii	"\247\277\332V\005d/[/\270\336\260i\253i\366\0169\320"
 247      05642F5B 
 247      2FB8DEB0 
 247      69AB69F6 
 247      0E39D0
 248 058e 87FF346E 		.ascii	"\207\3774n\317\275w\262\\\016\340\272\274\310\016=("
 248      CFBD77B2 
 248      5C0EE0BA 
 248      BCC80E3D 
 248      28
 249 059f 16438B86 		.ascii	"\026C\213\206?\361\376\011\246\003Y\354\305\214%\342"
 249      3FF1FE09 
 249      A60359EC 
 249      C58C25E2 
 250 05af 6CFA07AB 		.ascii	"l\372\007\253\352\214\317H\256\360dc\333\247;mJ\262"
 250      EA8CCF48 
 250      AEF06463 
 250      DBA73B6D 
 250      4AB2
 251 05c1 6B7B88BC 		.ascii	"k{\210\274\0113%\263\343\273TKT\032\231\250\214%\272"
 251      093325B3 
 251      E3BB544B 
 251      541A99A8 
 251      8C25BA
 252 05d4 DAEE3F24 		.ascii	"\332\356?$*\330\241\001\202{\015\377\262\341\333\221"
 252      2AD8A101 
 252      827B0DFF 
 252      B2E1DB91 
 253 05e4 BE9DDAB4 		.ascii	"\276\235\332\264\336i\203\010t9C\327}]|?IA\37753\004"
 253      DE698308 
 253      743943D7 
ARM GAS  /tmp/ccEBv768.s 			page 19


 253      7D5D7C3F 
 253      4941FF35 
 254 05fa A627DDA0 		.ascii	"\246'\335\240\006\036\214\004\177\312\300\225\033\036"
 254      061E8C04 
 254      7FCAC095 
 254      1B1E
 255 0608 4CC5913E 		.ascii	"L\305\221>>\207\355\273'\036\332\330i\213\215\244\034"
 255      3E87EDBB 
 255      271EDAD8 
 255      698B8DA4 
 255      1C
 256 0619 B757DA7C 		.ascii	"\267W\332|\235a\357\257\367\036\327\235\266kDz\332\256"
 256      9D61EFAF 
 256      F71ED79D 
 256      B66B447A 
 256      DAAE
 257 062b 1695D3B6 		.ascii	"\026\225\323\266\261\372h\245\005\251\354@*\217\266"
 257      B1FA68A5 
 257      05A9EC40 
 257      2A8FB6
 258 063a 58435C30 		.ascii	"XC\\0\014*4\031*\"eX\313\270\024\357\375d_\302\323\273"
 258      0C2A3419 
 258      2A226558 
 258      CBB814EF 
 258      FD645FC2 
 259 0650 E4805FF6 		.ascii	"\344\200_\366\337\334\3748*\310w\376)>\213\3209\"0\317"
 259      DFDCFC38 
 259      2AC877FE 
 259      293E8BD0 
 259      392230CF 
 260 0664 BBA200EB 		.ascii	"\273\242\000\353\304\247\205g2\354\231\271\356e\356"
 260      C4A78567 
 260      32EC99B9 
 260      EE65EE
 261 0673 D796DA0B 		.ascii	"\327\226\332\013\274\366\334\354<{\236{\231\335+\025"
 261      BCF6DCEC 
 261      3C7B9E7B 
 261      99DD2B15 
 262 0683 BAB2F3BD 		.ascii	"\272\262\363\275vOQ^\236\362;\303\031\267\370\3257g"
 262      764F515E 
 262      9EF23BC3 
 262      19B7F8D5 
 262      3767
 263 0695 65CE9B27 		.ascii	"e\316\233'\304;\034En\217\264\310!-\262\027y\013\355"
 263      C43B1C45 
 263      6E8FB4C8 
 263      212DB217 
 263      790BED
 264 06a8 D985F973 		.ascii	"\331\205\371s<\005\036\327\034W\36627\363\270=\316\274"
 264      3C051ED7 
 264      1C57F632 
 264      37F3B83D 
 264      CEBC
 265 06ba A21C973D 		.ascii	"\242\034\227=?\333\231\353\366\270\354\216\034\327\362"
 265      3FDB99EB 
 265      F6B8EC8E 
 265      1CD7F2
ARM GAS  /tmp/ccEBv768.s 			page 20


 266 06c9 ECA23CC9 		.ascii	"\354\242<\311!\255Z\351\362f\344\012f%\301\234\377H"
 266      21AD5AE9 
 266      F266E40A 
 266      6625C19C 
 266      FF48
 267 06db E05DE5B5 		.ascii	"\340]\345\265;\274R\016F#\312\344u\177\354rH\363Y\010"
 267      3BBC520E 
 267      4623CAE4 
 267      757FEC72 
 267      48F35908 
 268 06ef E5B9C2E9 		.ascii	"\345\271\302\351\214\000?\227\261 c\256\006\227r\260"
 268      8C003F97 
 268      B12063AE 
 268      069772B0 
 269 06ff 3222C907 		.ascii	"2\"\311\007\371\022YY$!uL\265`\276C2+\337\306|\357\012"
 269      F9125959 
 269      2421754C 
 269      B560BE43 
 269      322BDFC6 
 270 0716 87F47C98 		.ascii	"\207\364|\230\014\316\202\374\374\002\217}eA\241\344"
 270      0CCE82FC 
 270      FC028F7D 
 270      6541A1E4 
 271 0726 B5BFF4FA 		.ascii	"\265\277\364\372\222\314%\037Q\337Jw\236\253\320k_\234"
 271      92CC251F 
 271      51DF4A77 
 271      9EABD06B 
 271      5F9C
 272 0738 996977E6 		.ascii	"\231iw\346\25231\240:9\306\017\013\335\222+\311\355"
 272      AA3331A0 
 272      3A39C60F 
 272      0BDD922B 
 272      C9ED
 273 074a F14AD91E 		.ascii	"\361J\331\036\247\313Q\260|\271\327%%\276\212\362-e"
 273      A7CB51B0 
 273      7CB9D725 
 273      25BE8AF2 
 273      2D65
 274 075c F2BDB5E4 		.ascii	"\362\275\265\344\015\262\302%=\373\277\325\316\025,"
 274      0DB2C225 
 274      3DFBBFD5 
 274      CE152C
 275 076b 1ADAC4D2 		.ascii	"\032\332\304\322{\377?\332)\030)-\257\215:_[\366\276"
 275      7BFF3FDA 
 275      2918292D 
 275      AF8D3A5F 
 275      5BF6BE
 276 077e CB29BDE2 		.ascii	"\313)\275\342qK\377\000#\000\037\243"
 276      714BFF00 
 276      23001FA3 
 277              		.text
 278              		.section	.gnu.lto_.symtab.c14694e94aa41a61,"",%progbits
 279 0000 6E756C6C 		.ascii	"nullObjectInit\000"
 279      4F626A65 
 279      6374496E 
 279      697400
 280 000f 00       		.ascii	"\000"
ARM GAS  /tmp/ccEBv768.s 			page 21


 281 0010 00       		.ascii	"\000"
 282 0011 00       		.ascii	"\000"
 283 0012 00000000 		.ascii	"\000\000\000\000\000\000\000\000"
 283      00000000 
 284 001a 0B010000 		.ascii	"\013\001\000\000"
 285              		.text
 286              		.section	.gnu.lto_.opts,"",%progbits
 287 0000 272D666D 		.ascii	"'-fmath-errno' '-fsigned-zeros' '-ftrapping-math' '"
 287      6174682D 
 287      6572726E 
 287      6F272027 
 287      2D667369 
 288 0033 2D666E6F 		.ascii	"-fno-trapv' '-fno-openmp' '-fno-openacc' '-mcpu=cor"
 288      2D747261 
 288      70762720 
 288      272D666E 
 288      6F2D6F70 
 289 0066 7465782D 		.ascii	"tex-m3' '-mthumb' '-O2' '-fomit-frame-pointer' '-fa"
 289      6D332720 
 289      272D6D74 
 289      68756D62 
 289      2720272D 
 290 0099 6C69676E 		.ascii	"lign-functions=16' '-ffunction-sections' '-fdata-se"
 290      2D66756E 
 290      6374696F 
 290      6E733D31 
 290      36272027 
 291 00cc 6374696F 		.ascii	"ctions' '-fno-common' '-flto'\000"
 291      6E732720 
 291      272D666E 
 291      6F2D636F 
 291      6D6D6F6E 
 292              		.text
 293              		.comm	__gnu_lto_v1,1,1
 294              		.comm	__gnu_lto_slim,1,1
 295              		.ident	"GCC: (GNU) 7.3.0"
ARM GAS  /tmp/ccEBv768.s 			page 22


DEFINED SYMBOLS
                            *ABS*:0000000000000000 nullstreams.c
                            *COM*:0000000000000001 __gnu_lto_v1
                            *COM*:0000000000000001 __gnu_lto_slim

NO UNDEFINED SYMBOLS
