ARM GAS  /tmp/cc7OwuA7.s 			page 1


   1              		.cpu cortex-m3
   2              		.eabi_attribute 20, 1
   3              		.eabi_attribute 21, 1
   4              		.eabi_attribute 23, 3
   5              		.eabi_attribute 24, 1
   6              		.eabi_attribute 25, 1
   7              		.eabi_attribute 26, 1
   8              		.eabi_attribute 30, 2
   9              		.eabi_attribute 34, 1
  10              		.eabi_attribute 18, 4
  11              		.file	"nvic.c"
  12              		.section	.gnu.lto_.profile.3a869f129337241d,"",%progbits
  13 0000 789C6363 		.ascii	"x\234cc```\001bF\006)1\000\000\302\000<"
  13      60606001 
  13      62460629 
  13      310000C2 
  13      003C
  14              		.text
  15              		.section	.gnu.lto_.icf.3a869f129337241d,"",%progbits
  16 0000 789C6363 		.ascii	"x\234cc``\220b@\000\026\206'{W\26621\276\230{\256\225"
  16      60609062 
  16      40001686 
  16      277B57B6 
  16      3231BE98 
  17 0017 83E9E18F 		.ascii	"\203\351\341\217\253\215|\314\177'n\\\302\315\000\000"
  17      AB8D7CCC 
  17      7F276E5C 
  17      C2CD0000 
  18 0027 A57E0C07 		.ascii	"\245~\014\007"
  19              		.text
  20              		.section	.gnu.lto_.jmpfuncs.3a869f129337241d,"",%progbits
  21 0000 789C6363 		.ascii	"x\234cc``\320a@\000\026\006&FF\346\3729\314\014 \314"
  21      6060D061 
  21      40001606 
  21      264646E6 
  21      FA39CC0C 
  22 0016 0804209A 		.ascii	"\010\004 \232\011Y\220\031*\310\000\000\237-\007\005"
  22      09599019 
  22      2AC80000 
  22      9F2D0705 
  23              		.text
  24              		.section	.gnu.lto_.inline.3a869f129337241d,"",%progbits
  25 0000 789C4D8C 		.ascii	"x\234M\214\321\021\2000\014B!\215i\364\307\021\352\004"
  25      D1118030 
  25      0C42218D 
  25      69F4C711 
  25      EA04
  26 0012 2ED9453A 		.ascii	".\331E:\222\2438\202\261\236U>\270\343\036`\000*>)\260"
  26      92A33882 
  26      B19E553E 
  26      B8E31E60 
  26      002A3E29 
  27 0027 CC146E8C 		.ascii	"\314\024n\214p\233\332\271\303Z\021\310\261*\"y\020"
  27      709BDAB9 
  27      C35A11C8 
  27      B12A2279 
  27      10
ARM GAS  /tmp/cc7OwuA7.s 			page 2


  28 0038 07E199EC 		.ascii	"\007\341\231\354\225\244\255<\225\240\332O\004\223\222"
  28      95A4AD3C 
  28      95A0DA4F 
  28      049392
  29 0047 FD25C5EE 		.ascii	"\375%\305\356w\020J\310\366N\007\034S\\\2260\015\244"
  29      77104AC8 
  29      F64E071C 
  29      535C9630 
  29      0DA4
  30              		.text
  31              		.section	.gnu.lto_.pureconst.3a869f129337241d,"",%progbits
  32 0000 789C6363 		.ascii	"x\234cc``\340\004b\026\006)F)&)f)\000\002\304\000\202"
  32      6060E004 
  32      62160629 
  32      46292629 
  32      66290002 
  33              		.text
  34              		.section	.gnu.lto_nvicEnableVector.3a869f129337241d,"",%progbits
  35 0000 789C9D53 		.ascii	"x\234\235S\337K\024Q\024\276\337\234\231\331m[\367="
  35      DF4B1451 
  35      14BEDF9C 
  35      99D96D5B 
  35      F73D
  36 0012 92F22158 		.ascii	"\222\362!X\204p\360\241? \204\036\002\011\352/\250}"
  36      8470F0A1 
  36      3F20841E 
  36      0209EA2F 
  36      A87D
  37 0024 71217745 		.ascii	"q!wECz\363\356\256\255?\332\007\301Ua\231b\245\265\204"
  37      437AF3EE 
  37      AEAD3FDA 
  37      07C15561 
  37      9962A5B5 
  38 0039 B06D59AD 		.ascii	"\260mY\255\326\254\246mM%*\022\351\275\224\002#1\237"
  38      D6ACA66D 
  38      4D252A12 
  38      E9BD9402 
  38      23319F
  39 004c 0AD43A77 		.ascii	"\012\324:wf\241\240z\250\013\367\316\371\361\235s\276"
  39      66A1A07A 
  39      A80BF7CE 
  39      F9F19D73 
  39      BE
  40 005d 6FEE8C29 		.ascii	"o\356\214)\2048MB\234\340\347a\336 \001m\344\225\020"
  40      84384D42 
  40      9CE0E761 
  40      DE20016D 
  40      E49510
  41 0070 09BF0628 		.ascii	"\011\277\006(C\372!\3724\364!CYBu\340CEk\276%y9\023"
  41      43FA21FA 
  41      34F42143 
  41      594275E0 
  41      43456BBE 
  42 0088 3B87E4B4 		.ascii	";\207\344\264\003\233\313\307y\253\2052\232\031\365"
  42      039BCBC7 
  42      79AB8532 
  42      9A19F5
ARM GAS  /tmp/cc7OwuA7.s 			page 3


  43 0097 A6FFAE4D 		.ascii	"\246\377\256MW\311&@g\367\313\313\334zH\271\032\232"
  43      57C92640 
  43      67F7CBCB 
  43      DC7A48B9 
  43      1A9A
  44 00a9 D8DD93D9 		.ascii	"\330\335\223\331\361\020Y\020lo\274\2701\342\013OI\231"
  44      F1105910 
  44      6C6FBCB8 
  44      31E20B4F 
  44      4999
  45 00bb 944EAD40 		.ascii	"\224N\255@\362\230M\204{ n\21094b\026\215\202C\002\367"
  45      F2984D84 
  45      7B206E88 
  45      39346216 
  45      8D824302 
  46 00d0 1166F8ED 		.ascii	"\021f\370\355\344\307\317D\255n\351\373\345wY\243^\272"
  46      E4C7CF44 
  46      AD6EE9FB 
  46      E57759A3 
  46      5EBA
  47 00e2 31552F7D 		.ascii	"1U/}\360\207\322\012\302.\276\264?\326`\352\036W\314"
  47      F087D20A 
  47      C22EBEB4 
  47      3FD660EA 
  47      1E57CC
  48 00f5 C31460A3 		.ascii	"\303\024`\243\270j8r\377\373\200t\326nb\342T\020\\\243"
  48      B86A3872 
  48      FFFB8074 
  48      D66E62E2 
  48      54105CA3 
  49 0109 6BEA203E 		.ascii	"k\352 >\014]\035\006\037\246\011\325\310\017\305D\210"
  49      0C5D1D06 
  49      1FA609D5 
  49      C80FC544 
  49      88
  50 011a 416EC26F 		.ascii	"An\302oG:b\2104e\245\034\261\211\344\316\300^1\240z"
  50      473A6288 
  50      3465A51C 
  50      B189E4CE 
  50      C05E31A0 
  51 012f E7083932 		.ascii	"\347\010929\224\332N\303\013h\034\373\365\335\230\320"
  51      3994DA4E 
  51      C30B681C 
  51      FBF5DD98 
  51      D0
  52 0140 F190396E 		.ascii	"\361\2209n\242\2726\374\215\024\210\323\343W\252\257"
  52      A2BA36FC 
  52      8D1488D3 
  52      E357AAAF 
  53 0150 7D2AED73 		.ascii	"}*\355sE\316Nn}\015z\256\254\246d\210C\345O\243\353"
  53      45CE4E6E 
  53      7D0D7AAE 
  53      ACA66488 
  53      43E54FA3 
  54 0165 BE3CAE27 		.ascii	"\276<\256'\370\016\362Gl\362\343\021\253]\340N\252`"
  54      F80EF247 
  54      6CF2E311 
ARM GAS  /tmp/cc7OwuA7.s 			page 4


  54      AB5DE04E 
  54      AA60
  55 0177 3193980C 		.ascii	"1\223\230\014X3\262?!\233l:\200\307\310c\314\275\035"
  55      5833B23F 
  55      219B6C3A 
  55      80C7C863 
  55      CCBD1D
  56 018a 4EBE5D9D 		.ascii	"N\276]\235+\207Z\213*\231\217\331\024\300\023X9\362"
  56      2B875A8B 
  56      2A998FD9 
  56      14C01358 
  56      39F2
  57 019c BB37E7A0 		.ascii	"\2737\347\240\2259*\306\273\351k\245i\315#M\234\346"
  57      95392AC6 
  57      BBE96BA5 
  57      69CD234D 
  57      9CE6
  58 01ae C2D1C29D 		.ascii	"\302\321\302\235J\203\242a\340(\236\272\244S;\351!\303"
  58      4A83A261 
  58      E0289EBA 
  58      A4533BE9 
  58      21C3
  59 01c0 03E91E68 		.ascii	"\003\351\036h\2450\277\033\364\224\031\250z\240\355"
  59      A530BF1B 
  59      F49419A8 
  59      7AA0ED
  60 01cf F48ACF03 		.ascii	"\364\212\317\003\031JMm)\355\367\020\30034r\377\272"
  60      194A4D6D 
  60      29EDF710 
  60      C0333472 
  60      FFBA
  61 01e1 7CA32EFF 		.ascii	"|\243.\377_\304\035D\315\025\207\337\305\365\332\024"
  61      5FC41D44 
  61      CD1587DF 
  61      C5F5DA14 
  62 01f1 C4A212A7 		.ascii	"\304\242\022\247\273\342\236+q\2067k\246\264\200\377"
  62      BBE29E2B 
  62      7186376B 
  62      A6B480FF 
  63 0201 9AB6E44E 		.ascii	"\232\266\344N\323\3762m\371\347\264\025o\332\026\222"
  63      D3FE326D 
  63      F9E7B415 
  63      6FDA1692 
  64 0211 F962C69D 		.ascii	"\371b\306\235\345\376\034\203\314\224\277\024np\274"
  64      E5FE1C83 
  64      CC94BF14 
  64      6E70BC
  65 0220 C56AEB88 		.ascii	"\305j\353\210^\210\2369g\305{\254\216\363\027\255\256"
  65      5E889E39 
  65      67C57BAC 
  65      8EF317AD 
  65      AE
  66 0231 78F7A51E 		.ascii	"x\367\245\036+\022\357\354\214\307\254\223g\333\333"
  66      2B12EFEC 
  66      8CC7AC93 
  66      67DBDB
  67 0240 DA2F5BB1 		.ascii	"\332/[\261\336h\244%\"\020\323\273\272\243\361\037E"
ARM GAS  /tmp/cc7OwuA7.s 			page 5


  67      DE68A425 
  67      2210D3BB 
  67      BAA3F11F 
  67      45
  68 0251 C91B91   		.ascii	"\311\033\221"
  69              		.text
  70              		.section	.gnu.lto_nvicDisableVector.3a869f129337241d,"",%progbits
  71 0000 789C9551 		.ascii	"x\234\225Q\337KTA\024\236o\316\275{7\177\354\263\320"
  71      DF4B5441 
  71      149E6FCE 
  71      BD7B377F 
  71      ECB3D0
  72 0013 523E0422 		.ascii	"R>\004\"\204\323\376\011!\364&A\375\005\265/.\345nd"
  72      84D3FE09 
  72      21F42641 
  72      FD05B52F 
  72      2EE56E64 
  73 0027 486FCEBA 		.ascii	"Ho\316\272z\3252\020\324\015\226K\\i#!\312b\327j\355"
  73      7AD53210 
  73      D40D964B 
  73      5C692321 
  73      CA62D76A 
  74 003c D7ED6684 		.ascii	"\327\355f\204\224ER\375\001\255D\024HE\017\005j\235"
  74      944552FD 
  74      01AD4414 
  74      48450F05 
  74      6A9D
  75 004e B9B787A0 		.ascii	"\271\267\207\240\247\016\314\31493\3379\3377\347$\204"
  75      A70ECCCC 
  75      3933DF39 
  75      DF37E724 
  75      84
  76 005f 1027A410 		.ascii	"\020'\244\020\007\370\334\315\013$ \247_\012QLJ\300"
  76      07F8DCCD 
  76      0B2420A7 
  76      5F0A514C 
  76      4AC0
  77 0071 383A0931 		.ascii	"8:\0111,1\214)\232%\204\343\037\032\262\373\252f\013"
  77      2C318C29 
  77      9A2584E3 
  77      1F1AB2FB 
  77      AA660B
  78 0084 2ED613AE 		.ascii	".\326\023\256\036\353\360H\2102/c\250\241\233Q\257G"
  78      1EEBF048 
  78      88322F63 
  78      A8A19B51 
  78      AF47
  79 0096 6F7A749E 		.ascii	"ozt\236<\002,\016\277\256U\232)\023Jtr\270\255g\313"
  79      3C022C0E 
  79      BFAE559A 
  79      29134A74 
  79      72B8AD67 
  80 00ab 295210EC 		.ascii	")R\020\354o<\277<\355t]\321zD\007/\252\244\367yD\270"
  80      6F3CBF3C 
  80      ED745DD1 
  80      7A44072F 
  80      AAA4F779 
ARM GAS  /tmp/cc7OwuA7.s 			page 6


  81 00c1 0DE28258 		.ascii	"\015\342\202XB\032u\244\005_\011\334A\227\301\277\277"
  81      421A75A4 
  81      055F09DC 
  81      4197C1BF 
  81      BF
  82 00d2 B533D79E 		.ascii	"\2653\327\236\260bB\334EB\200\235\305u;\320;\277\306"
  82      B06242DC 
  82      4542809D 
  82      C5753BD0 
  82      3BBFC6
  83 00e5 75B051C5 		.ascii	"u\260Q\305\333C\254\330#K\232\215x\263-D\351b\202\223"
  83      DB43ACD8 
  83      234B9A8D 
  83      78B32D44 
  83      E9628293 
  84 00f9 F84B3A10 		.ascii	"\370K:\020\223$\215W\012\304'\224\266\334\265\332\202"
  84      93248D57 
  84      0AC42794 
  84      B6DCB5DA 
  84      82
  85 010a 34C52A84 		.ascii	"4\305*\204\012\031\3053\325\033\215v\243\330\302^4X"
  85      0A19C533 
  85      D51B8D76 
  85      A3D8C25E 
  85      3458
  86 011c 03C3BEB9 		.ascii	"\003\303\276\271\223v\014\2221h\265\272\274\325f@6l"
  86      93760C92 
  86      3168B5BA 
  86      BCD56640 
  86      366C
  87 012e 2CC7A02F 		.ascii	",\307\240/\356\252\023\203L\267\352+\317\334d\214\000"
  87      EEAA1383 
  87      4CB7EA2B 
  87      CFDC648C 
  87      00
  88 013f EE21CDF5 		.ascii	"\356!\315\365\031\024\2769\3673\252\304\210\362X\370"
  88      1914BE39 
  88      F733AAC4 
  88      88F258F8 
  89 014f CA318844 		.ascii	"\3121\210D\324\216\372\374\346\217\2668\324aI\247\370"
  89      D48EFAFC 
  89      E68FB638 
  89      D46149A7 
  89      F8
  90 0160 AAF679A6 		.ascii	"\252\366y\246\351\370\270T\344\226\373{<r\360\200\373"
  90      E9F8B854 
  90      E496FB7B 
  90      3C72F080 
  90      FB
  91 0171 729FE94C 		.ascii	"r\237\351L\302\323\251\342|\213\272\256G\213\272\323"
  91      C2D3A9E2 
  91      7C8BBAAE 
  91      478BBAD3 
  92 0181 A3241EC2 		.ascii	"\243$\036\302\307\\4\014~|\267\276TKe\026\315\243?\344"
  92      C75C340C 
  92      7E7CB7BE 
  92      544B6516 
ARM GAS  /tmp/cc7OwuA7.s 			page 7


  92      CDA33FE4 
  93 0195 D12E3C82 		.ascii	"\321.<\202b\365\321\240\002dX\243Q\363\375\343B\323"
  93      62F5D1A0 
  93      026458A3 
  93      51F3FDE3 
  93      42D3
  94 01a7 F923E77F 		.ascii	"\371#\347\177\310Z\3608\"\303\277dy\217Z\021\0322+\""
  94      C85AF038 
  94      22C3BF64 
  94      798F5A11 
  94      1A322B22 
  95 01bb 7B82CCDF 		.ascii	"{\202\314\337\177m\205\300\012\327\334\304\210\177\355"
  95      7F6D85C0 
  95      0AD7DCC4 
  95      887FED
  96 01ca 02A2311A 		.ascii	"\002\2421\032\233\340Z<\025\026\270\277G\365\366\347"
  96      9BE05A3C 
  96      1516B8BF 
  96      47F5F6E7 
  97 01da 8EE70E1F 		.ascii	"\216\347\016\037U\205A\325\177\354\244:U8}fPe\013\003"
  97      558541D5 
  97      7FECA43A 
  97      55387D66 
  97      50650B03 
  98 01ee 0385BC3A 		.ascii	"\003\205\274:x\244\257\267\357\254\312\017\345\262="
  98      78A4AFB7 
  98      EFACCA0F 
  98      E5B23D
  99 01fd 5981FC6F 		.ascii	"Y\201\374o\036\001\325\210"
  99      1E01D588 
 100              		.text
 101              		.section	.gnu.lto_nvicSetSystemHandlerPriority.3a869f129337241d,"",%progbits
 102 0000 789C6D51 		.ascii	"x\234mQ\315k\023Q\020\237\337\233\335\315*X\257E{\350"
 102      CD6B1351 
 102      109FDF9B 
 102      DDCD2A58 
 102      AF457BE8 
 103 0014 410805E9 		.ascii	"A\010\005\351\243'\017\236\244\027/E\320\277\240F!\201"
 103      A3270F9E 
 103      A4172F45 
 103      D0BFA046 
 103      2181
 104 0026 365B5211 		.ascii	"6[R\021o}I\332\246V\021\321\264\225\260\310^J-\"U\352"
 104      6F7D49DA 
 104      A65611D1 
 104      B495B0C8 
 104      5E4A2D22 
 105 003c 576CAC4B 		.ascii	"Wl\254KN^\252\266\210`o~\240\020P\324\346\340\251:o"
 105      4E5EAAB6 
 105      88606F7E 
 105      A01050D4 
 105      E6E0A93A 
 106 0051 8DE0C107 		.ascii	"\215\340\301\007\363\336|\375\346\375f\306#\242\035"
 106      F3DE7CFD 
 106      E6FD66C6 
 106      23A21D
 107 0060 101D95F7 		.ascii	"\020\035\225\367\240\010\230\240\256\276 *\372\012\260"
ARM GAS  /tmp/cc7OwuA7.s 			page 8


 107      A00898A0 
 107      AEBE202A 
 107      FA0AB0
 108 006f 8AF14113 		.ascii	"\212\361A\023\012\023\270\314UF\263\362\251\256\372"
 108      0A13B8CC 
 108      5546B3F2 
 108      A9AEFA
 109 007e 968C9C78 		.ascii	"\226\214\234x\241\355M\233\251\356\220\211\346E\354"
 109      A1ED4D9B 
 109      A9EE9089 
 109      E645EC
 110 008d C12AFA24 		.ascii	"\301*\372$ks\362n\310\2278d\300\021\363\373F\355C\227"
 110      6B73F26E 
 110      C8973864 
 110      C011F3FB 
 110      46ED4397 
 111 00a1 35157AC5 		.ascii	"5\025z\305,__o\370\254A\242o\255\3368\236^4\246d\342"
 111      2C5F5F6F 
 111      F8AC41A2 
 111      6FADDE38 
 111      9E5E34A6 
 112 00b7 8F8B6C0E 		.ascii	"\217\213l\016\205\314x\010\226zx\200\036\334G\017\211"
 112      85CC7808 
 112      967A7880 
 112      1EDC470F 
 112      89
 113 00c8 8BF00869 		.ascii	"\213\360\010i\311\276]\372\374\205\371H\202|\377\374"
 113      C9BE5DFA 
 113      FC85F948 
 113      827CFFFC 
 114 00d8 5DD5ED40 		.ascii	"]\325\355@\333K\035\350\343\377@\353H'\371\367v\347"
 114      DB4B1DE8 
 114      E3FF40EB 
 114      4827F9F7 
 114      76E7
 115 00ea F6794EF4 		.ascii	"\366yN\364\227-\236\300#\351\234V\266\334\330\354\376"
 115      972D9EC0 
 115      23E99C56 
 115      B6DCD8EC 
 115      FE
 116 00fb AA0883EE 		.ascii	"\252\010\203\356\355\035?\005\2019\312^B_\300.\354\357"
 116      ED1D3F05 
 116      8139CA5E 
 116      425FC02E 
 116      ECEF
 117 010d 44338292 		.ascii	"D3\202\222\201\230\230.\262\262Z9\246\026J?*\033\365"
 117      8198982E 
 117      B2B25A39 
 117      A6164A3F 
 117      2A1BF5
 118 0120 066CB51A 		.ascii	"\006l\265\032\243&\037\266P\3766\335q(\361\375;\017"
 118      A3261FB6 
 118      50FE36DD 
 118      7128F1FD 
 118      3B0F
 119 0132 170ED684 		.ascii	"\027\016\326\204X\013\315\327\263o]\233$\341\371\251"
 119      580BCDD7 
ARM GAS  /tmp/cc7OwuA7.s 			page 9


 119      B36F5D9B 
 119      24E1F9A9 
 120 0142 E6CB940D 		.ascii	"\346\313\224\015{Ig\305z\243\352\3761\315v\331t\211"
 120      7B4967C5 
 120      7AA3EAFE 
 120      31CD76D9 
 120      7489
 121 0154 ABB5D97E 		.ascii	"\253\265\331~\345F\270Y\224\271G\007BN\341\251\264\330"
 121      E546B859 
 121      94B94707 
 121      424EE1A9 
 121      B4D8
 122 0166 904A1670 		.ascii	"\220J\026pmvyy\257\276c&\213\2467d\037\353\2100\227"
 122      6D767979 
 122      AFBE6326 
 122      8BA63764 
 122      1FEB8830 
 123 017b 6C44826F 		.ascii	"lD\202on\375\\\330?\260b\203Q>\344=x\006]c7\331V\214"
 123      6EFD5CD8 
 123      3FB06283 
 123      513EE43D 
 123      78065D63 
 124 0193 01E1485F 		.ascii	"\001\341H_Q\212\326\256$\224\223-\3160l\177\212\350"
 124      518AD6AE 
 124      2494932D 
 124      CE306C7F 
 124      8AE8
 125 01a5 70BF1ECC 		.ascii	"p\277\036\314\346N\347N\234\322\301\270\316\016\217"
 125      E64EE74E 
 125      9CD2C1B8 
 125      CE0E8F
 126 01b4 E8B1A070 		.ascii	"\350\261\240pn\\g\202\321\321 \257\217\235\034\032\034"
 126      6E5C6782 
 126      D1D120AF 
 126      8F9D1C1A 
 126      1C
 127 01c5 BAA0F3E7 		.ascii	"\272\240\363\347s\231\376\014\245\262\303\3713#g\013"
 127      7399FE0C 
 127      A5B2C3F9 
 127      3323670B 
 128 01d5 CE582117 		.ascii	"\316X!\027\374\006[>\262\310"
 128      FC065B3E 
 128      B2C8
 129              		.text
 130              		.section	.gnu.lto_nvicClearPending.3a869f129337241d,"",%progbits
 131 0000 789C3551 		.ascii	"x\2345Q\317KTQ\024>\337=\357\315\233Bg\0354\224\213"
 131      CF4B5451 
 131      143EDF3D 
 131      EFCD9B42 
 131      671D3494 
 132 0015 40A4F0E6 		.ascii	"@\244\360\346\237\020.Z\211P\177A\315\306\201\234\211"
 132      9F102E5A 
 132      89507F41 
 132      CDC6819C 
 132      89
 133 0026 0C69E79D 		.ascii	"\014i\347\235\031\235\321\022\022\324\011\206G<qDZ\224"
 133      199DD112 
ARM GAS  /tmp/cc7OwuA7.s 			page 10


 133      12D40986 
 133      473C7144 
 133      5A94
 134 0038 C5683563 		.ascii	"\305h5c?\036C-\"*\224h\325*E\250@J\010Z\250u\356{x\340"
 134      3F1E432D 
 134      222A9468 
 134      D52A45A8 
 134      404A085A 
 135 0052 DE7BCE77 		.ascii	"\336{\316w\317w\356w\317I\020\321\037\020\235\227\363"
 135      CF77EE77 
 135      CF4910D1 
 135      1F109D97 
 135      F3
 136 0063 A42C3041 		.ascii	"\244,0A\315|$*$\025`\035\223\004\215)\214a\232\347\030"
 136      CD7C242A 
 136      2415601D 
 136      93048D29 
 136      8C619AE7 
 137 0078 EDCA4E53 		.ascii	"\355\312NS\365,\033\261\360^\313+\233\211\023>\023U"
 137      F52C1BB1 
 137      F05ECB2B 
 137      9B89133E 
 137      1355
 138 008a 65594303 		.ascii	"eYC\003=\222\2651\376\330\347;\3543\340H\370\373Cm+"
 138      3D92B531 
 138      FED8E73B 
 138      EC33E048 
 138      F8FB436D 
 139 009f 6543852E 		.ascii	"eC\205.\011\017\314\\5\305\032$\376\366\373\305\031"
 139      090FCC5C 
 139      35C51A24 
 139      FEF6FBC5 
 139      19
 140 00b0 AF7BC998 		.ascii	"\257{\311\230\242\011\337\324\331\234\361\231\361\024"
 140      A209DFD4 
 140      D99CF199 
 140      F114
 141 00be 2C05B186 		.ascii	",\005\261\2064V\221&\201\010\317\320m\363\277=9\234"
 141      34569126 
 141      8108CFD0 
 141      6DF3BF3D 
 141      399C
 142 00d0 EF4C38F1 		.ascii	"\357L8\361\203x\216\004\211xZ\331tCs\370\257b\302\257"
 142      83788E04 
 142      89785AD9 
 142      744373F8 
 142      AF62C2AF 
 143 00e4 756C5C14 		.ascii	"ul\\\024\305>;J6\227\255\347\330\315ET\203&\205)\377"
 143      C53E3B4A 
 143      3697ADE7 
 143      D8CD4554 
 143      83268529 
 144 00f9 32214DB1 		.ascii	"2!M\261\262^)\244\037(\355\227\017\326\003e+\326\030"
 144      B25E29A4 
 144      1F28ED97 
 144      0FD60365 
 144      2BD618
ARM GAS  /tmp/cc7OwuA7.s 			page 11


 145 010c 3576E5AD 		.ascii	"5v\345\255\331\372\243f\247\225\355\3404\232\"D\322"
 145      D9FAA366 
 145      A795EDE0 
 145      349A2244 
 145      D2
 146 011d 7E951F78 		.ascii	"~\225\037xq\222\302\331\264\244Zp\257<\345\306 \307"
 146      7192C2D9 
 146      B4A45A70 
 146      AF3CE5C6 
 146      20C7
 147 012f CC77F5D6 		.ascii	"\314w\365\326~\207e\272p\321\212\230\305\275\312\021"
 147      7E8765BA 
 147      70D18A98 
 147      C5BDCA11 
 148 013f D311B220 		.ascii	"\323\021\262 \355\317\267\277G4!T'\332\237<KHD]Y]\330"
 148      EDCFB7BF 
 148      47342154 
 148      27DA9F3C 
 148      4B48445D 
 149 0156 FDDB1187 		.ascii	"\375\333\021\207\246]2)\201\032?g\267\274\000\367\013"
 149      A65D3229 
 149      811A3F67 
 149      B7BC00F7 
 149      0B
 150 0167 D2F9E094 		.ascii	"\322\371\340\224\317\036^H{\326\245\266%\274\235.,\034"
 150      CF1E5E48 
 150      7BD6A5B6 
 150      25BC9D2E 
 150      2C1C
 151 0179 D70FCD78 		.ascii	"\327\017\315x\301t\371\234\304K\004\230\217f\"\227_"
 151      C174F99C 
 151      C44B0498 
 151      8F662297 
 151      5F
 152 018a 36D71AA9 		.ascii	"6\327\032\251\276\025{\031\214\372|\014\257\240Ej4\257"
 152      BE157B19 
 152      8CFA7C0C 
 152      AFA0456A 
 152      34AF
 153 019c D7E81341 		.ascii	"\327\350\023A\264\213b\260x\027QC\255M\312\307\2445"
 153      B48B62B0 
 153      78175143 
 153      AD4DCAC7 
 153      A435
 154 01ae 8AE85CAF 		.ascii	"\212\350\\\257\356\037\312^\315\016^\326\371\021=t\345"
 154      EE1FCA5E 
 154      CD0E5ED6 
 154      F9113D74 
 154      E5
 155 01bf 9ABE9EBF 		.ascii	"\232\276\236\277qsDg\362\303\303\371\234\276pi\240\177"
 155      71734467 
 155      F2C3C3F9 
 155      9CBE7069 
 155      A07F
 156 01d1 E096CE8D 		.ascii	"\340\226\316\215f3\275\031B\356?\314\010\256,"
 156      6633BD19 
 156      42EE3FCC 
ARM GAS  /tmp/cc7OwuA7.s 			page 12


 156      08AE2C
 157              		.text
 158              		.section	.gnu.lto_.symbol_nodes.3a869f129337241d,"",%progbits
 159 0000 789C6363 		.ascii	"x\234cc``\360\002b\006\246\026\246z\006\206\011\347"
 159      6060F002 
 159      6206A616 
 159      A67A0686 
 159      09E7
 160 0012 181880D4 		.ascii	"\030\030\200\324\256\006G\240H+S=#\252H\033S=\023\252"
 160      AE0647A0 
 160      482B533D 
 160      23AA481B 
 160      533D13AA 
 161 0026 483B533D 		.ascii	"H;S=3\212\010\003\000\255\216\021\331"
 161      338A0803 
 161      00AD8E11 
 161      D9
 162              		.text
 163              		.section	.gnu.lto_.refs.3a869f129337241d,"",%progbits
 164 0000 789C6363 		.ascii	"x\234cc```\004b\006\000\000D\000\010"
 164      60606004 
 164      62060000 
 164      440008
 165              		.text
 166              		.section	.gnu.lto_.decls.3a869f129337241d,"",%progbits
 167 0000 789CBD59 		.ascii	"x\234\275Y{P\224\327\025\337\373\335\005\226\267E\246"
 167      7B5094D7 
 167      15DFFBDD 
 167      0596B745 
 167      A6
 168 0011 31ED669A 		.ascii	"1\355f\232:\246a\246\211\253\261ml\377hCV\255\374a\302"
 168      3AA661A6 
 168      89ABB16D 
 168      6CFF6843 
 168      56ADFC61 
 169 0026 2C893349 		.ascii	",\2113I3\331\020$\205\214B\006\260\023\247\177\364\343"
 169      33D91024 
 169      858C4206 
 169      B013A77F 
 169      F4E3
 170 0038 61443106 		.ascii	"aD1\006\224 \002\006\004|\342\003T@!\350\202\362\020"
 170      94200206 
 170      047CE203 
 170      544021E8 
 170      82F210
 171 004b 050C0A8A 		.ascii	"\005\014\012\212<\026\221\267\010\013\250\010\242\364"
 171      3C1691B7 
 171      080BA808 
 171      A2F4
 172 0059 DCC7B7FB 		.ascii	"\334\307\267\373\361\301\246\351L\247\337x\366\333s"
 172      F1C1A6E9 
 172      4CA7DF78 
 172      F6DB73
 173 0068 EFEF9EFB 		.ascii	"\357\357\236\373\273\347\334{\356YtT\251T\237\274\250"
 173      BBE7DC7B 
 173      EE597454 
 173      A9549FBC 
ARM GAS  /tmp/cc7OwuA7.s 			page 13


 173      A8
 174 0079 527D2EA8 		.ascii	"R}.\250T\031H\245\232\201\307\001\332\312A@U\225\251"
 174      541948A5 
 174      9A81C701 
 174      DACA4140 
 174      5595A9
 175 008c D8A306A9 		.ascii	"\330\243\006\251\006\271\012R\007\322\240\232\373|\003"
 175      06B90A52 
 175      07D2A09A 
 175      FB7C03
 176 009b 03DC893D 		.ascii	"\003\334\211=\020/\020o>^\013\362*\310\007 \277\006"
 176      102F106F 
 176      3E5E0BF2 
 176      2AC80720 
 176      BF06
 177 00ad CCAF40FA 		.ascii	"\314\257@\372\341{\037\310\023\220\011\020\014\262\000"
 177      E17B1FC8 
 177      13900910 
 177      0CB200
 178 00bc DAB5209E 		.ascii	"\332\265 \236\210\315]=\317\034{\241\303m\2369\224\366"
 178      88CD5D3D 
 178      CF1C7BA1 
 178      C36D9E39 
 178      94F6
 179 00ce 25BBD23C 		.ascii	"%\273\322<\260<\325B\304\346@|\035\312'\035:\\\354\360"
 179      B03CD542 
 179      C4E6407C 
 179      1DCA271D 
 179      3A5CECF0 
 180 00e2 27B623A0 		.ascii	"'\266#\240\377\013\220w\020\263I\354|\300\355\325q="
 180      FF0B9077 
 180      10B349EC 
 180      7CC0EDD5 
 180      713D
 181 00f4 1ACDB699 		.ascii	"\032\315\266\231i\307&\341\373\341<|\311p-\2679\237"
 181      69C726E1 
 181      FBE13C7C 
 181      C9702DB7 
 181      399F
 182 0106 8F93316A 		.ascii	"\217\2231j\2579\232\207\0230z\325\005\221hyB\323\251"
 182      AF399A87 
 182      13307AD5 
 182      05916879 
 182      42D3A9
 183 0119 A1F393EE 		.ascii	"\241\363\223\356\254\211 R\017\236\256q\305\002\375"
 183      AC892052 
 183      0F9EAE71 
 183      C502FD
 184 0128 6E9949FD 		.ascii	"n\231I\375\315\322\343\"{4\037\253P!\302\222\245\306"
 184      CDD2E322 
 184      7B341FAB 
 184      5021C292 
 184      A5C6
 185 013a 6FC6729D 		.ascii	"o\306r\235\360\233\024\367C\\~\006\261\352\345\202\324"
 185      F09B14F7 
 185      435C7E06 
 185      B1EAE582 
ARM GAS  /tmp/cc7OwuA7.s 			page 14


 185      D4
 186 014b A08ED6A5 		.ascii	"\240\216\326\245\335\363\000\325\333\005\275\234\214"
 186      DDF300D5 
 186      DB05BD9C 
 186      8C
 187 0158 0573CBD3 		.ascii	"\005s\313\3236\017\344\342\023/\2121bV\254\350\274V"
 187      360FE4E2 
 187      132F8A31 
 187      6256ACE8 
 187      BC56
 188 016a 85CE232D 		.ascii	"\205\316#-:\207\264*T\212|\310\314Eh\251\012\235\205"
 188      3A87B42A 
 188      548A7CC8 
 188      CC4568A9 
 188      0A9D85
 189 017d C633D078 		.ascii	"\3063\320x\210Lg\272\225\372\347}c\242\3702*A.\250\030"
 189      884C67BA 
 189      95FAE77D 
 189      63A2F832 
 189      2A412EA8 
 190 0192 618A81C5 		.ascii	"a\212\201\305\275\352\302\010\034\315M\312v\304\377"
 190      BDEAC208 
 190      1CCD4DCA 
 190      76C4FF
 191 01a1 240484D2 		.ascii	"$\004\204\322\364\236J\301\336\024\027\354N\321wdq\325"
 191      F49E4AC1 
 191      DE1417EC 
 191      4ED17764 
 191      71D5
 192 01b3 56511450 		.ascii	"VQ\024P\031L\361\275m\012\230\221\274\240\025\346))"
 192      194CF1BD 
 192      6D0A9891 
 192      BCA015E6 
 192      2929
 193 01c5 2FBBE86A 		.ascii	"/\273\350jF\355\010\266\001Z@\227\217\020\373\2047\021"
 193      46ED08B6 
 193      015A4097 
 193      8F10FB84 
 193      3711
 194 01d7 AACF480F 		.ascii	"\252\317H\017b\355\320*\260\027\207\022E\032\202\254"
 194      62EDD02A 
 194      B0178712 
 194      451A82AC 
 195 01e7 2D02B721 		.ascii	"-\002\267!Hv\351?n\000\311\255\262~6\235\364\260\240"
 195      4876E93F 
 195      6E00C9AD 
 195      B27E369D 
 195      F4B0A0
 196 01fa B32FB271 		.ascii	"\263/\262q\254I\260M&\0332\207\253\312\332m%e[$\342"
 196      AC49B04D 
 196      261B3287 
 196      ABCADA6D 
 196      25655B24 
 197 020f D12EE836 		.ascii	"\321.\3506\357\024:Q\007\364\302\316K\324l\244qO\277"
 197      EF143A51 
 197      07F4C2CE 
 197      4BD46CA4 
ARM GAS  /tmp/cc7OwuA7.s 			page 15


 197      714FBF
 198 0222 D99523E0 		.ascii	"\331\225#\340\323\210*\325G\012\313\221Z`~Caj\322vu"
 198      D3882AD5 
 198      470ACB91 
 198      5A607E43 
 198      616AD276 
 199 0237 E2F045B5 		.ascii	"\342\360E\265\265\255\002\321\306\312\231\011\223'\333"
 199      B5AD02D1 
 199      C6CA9909 
 199      9327DB
 200 0246 2D02D948 		.ascii	"-\002\331H\226k\373]\331nY@6\317\205\216\024aQ\012\211"
 200      966BFB5D 
 200      D96E5940 
 200      36CF858E 
 200      1461510A 
 201 025b 4F62ACB8 		.ascii	"Ob\254\270@@\237\374\034UB\324.C\324T\250\012-\202\317"
 201      40409FFC 
 201      1C5542D4 
 201      2E43D454 
 201      A80A2D82 
 202 0270 4B48CD68 		.ascii	"KH\315h\305W\216\2449-\316\022\263:E\223\371\334\222"
 202      C5578EA4 
 202      392DCE12 
 202      B33A4593 
 202      F9DC92
 203 0283 BEB3A208 		.ascii	"\276\263\242\010\361\024\325\004\207\312m\001-'\373"
 203      F114D504 
 203      87CA6D01 
 203      2D27FB
 204 0292 16995027 		.ascii	"\026\231P'B\027\221\031\026Q\215\026\303\360\246\216"
 204      42179119 
 204      16518D16 
 204      C3F0A68E 
 205 02a2 320BC616 		.ascii	"2\013\306\026\373\374\367\336\310.q\267K\246\226\222"
 205      FBFCF7DE 
 205      C82E71B7 
 205      4BA69692 
 206 02b2 B9229129 		.ascii	"\271\"\221)\270tzH\340d\032_L\023M1\"\331[\200B56*5"
 206      B8747A48 
 206      E0641A5F 
 206      4C134D31 
 206      22D95B80 
 207 02cb 4A2A5729 		.ascii	"J*W)\225\202'\367c1\216a\347\356\356PJ\237\203d\351"
 207      958227F7 
 207      63318E61 
 207      E7EEEE50 
 207      4A9F8364 
 208 02e0 97564B64 		.ascii	"\227VKdQ\327l\226\256)-\325QKe\207\367\372\341Lf\350"
 208      51D76C96 
 208      AE292DD5 
 208      514B6587 
 208      F7FAE14C 
 209 02f6 C2C5993B 		.ascii	"\302\305\231;\216\334\320\340K\263(\325\333\014\325"
 209      8EDCD0E0 
 209      4BB328D5 
 209      DB0CD5
 210 0305 2B0D3550 		.ascii	"+\0155PC\307\2332K\335X\234D-\211L\371\266\263\\\267"
ARM GAS  /tmp/cc7OwuA7.s 			page 16


 210      43C79B32 
 210      4BDD589C 
 210      442D894C 
 210      F9B6B35C 
 211 031a 38819E7C 		.ascii	"8\201\236|\342^1bz\2427\350\375M\207\323\334Y \305\003"
 211      E25E3162 
 211      7AA237E8 
 211      FD4D87D3 
 211      DC5920C5 
 212 032f 081AF64F 		.ascii	"\010\032\366OO\307\251q>_S\363\363\253<G\304:\220\255"
 212      4FC7A971 
 212      3E5F53F3 
 212      F3AB3C47 
 212      C43A90AD 
 213 0343 D1D3F6AD 		.ascii	"\321\323\366\255\273K<q-=\260\244C:\262*\324LN \322"
 213      BB4B3C71 
 213      2D3DB0A4 
 213      433AB22A 
 213      D44C4E20 
 214 0358 695113A8 		.ascii	"iQ\023\250\200\316K\311.\304^\2114\020\242\370\226\232"
 214      80CE4BC9 
 214      2EC45E89 
 214      3410A2F8 
 214      969A
 215 036a C6E806C0 		.ascii	"\306\350\006\300\033)\374\026\362\222\006\021t\367\301"
 215      1B29FC16 
 215      F2920611 
 215      74F7C1
 216 0379 EE2C67CE 		.ascii	"\356,g\316\334\021\364\257\222\272r<8sB\354z\322\316"
 216      DC11F4AF 
 216      92BA723C 
 216      387342EC 
 216      7AD2CE
 217 038c 3D6ACE94 		.ascii	"=j\316\224\244\300]\267\222\376\202K\030\317\333\005"
 217      A4C05DB7 
 217      92FE824B 
 217      18CFDB05 
 218 039c 7BF21D18 		.ascii	"{\362\035\030v\204`K\322\232\323\\\355\362l\227x\266"
 218      7684604B 
 218      D29AD35C 
 218      EDF26C97 
 218      78B6
 219 03ae 319EA7B6 		.ascii	"1\236\247\266v\037\325\300h-\344W$K\256Z\226\\\317\232"
 219      761FD5C0 
 219      682DE457 
 219      244BAE5A 
 219      965CCF9A 
 220 03c2 C64FA871 		.ascii	"\306O\250q\031\235I(8\321\3759\362q\221\262\335\322"
 220      199D4928 
 220      38D1FD39 
 220      F27191B2 
 220      DDD2
 221 03d4 ADDB486C 		.ascii	"\255\333Hl\272`a\235\266\330h\311\222hZ\023sD\274H\205"
 221      BA60619D 
 221      B6D868C9 
 221      92685A13 
 221      7344BC48 
ARM GAS  /tmp/cc7OwuA7.s 			page 17


 222 03e9 5668D132 		.ascii	"Vh\3212Hjw!\251iyR3\003\235\0166\377\321\314#\227\335"
 222      486A7721 
 222      A9697952 
 222      33039D0E 
 222      36FFD1CC 
 223 0400 71359BA0 		.ascii	"q5\233\240\343\304H=\266\316\000\311\356\014Mv=0\303"
 223      E3C4483D 
 223      B6CE00C9 
 223      EE0C4D76 
 223      3D30C3
 224 0413 3DDB0C5D 		.ascii	"=\333\014]\310\316\024\335\363O\321dNiu\265\205\002"
 224      C8CE14DD 
 224      F34FD164 
 224      4E6975B5 
 224      8502
 225 0425 517B77A0 		.ascii	"Q{w\240\277\205z\244\227\206\242]\012E\314\345\355\367"
 225      BF857AA4 
 225      9786A25D 
 225      0A45CCE5 
 225      EDF7
 226 0437 11715FEC 		.ascii	"\021q_\354O\263\236Z99\242\226[\357\3731\353E\346\344"
 226      4FB39E5A 
 226      3939A296 
 226      5BEFFB31 
 226      EB45E6E4 
 227 044b ED7C4B66 		.ascii	"\355|Kf\221\233\247\244}\324\344\312\364N\342\376\311"
 227      919BA7A4 
 227      7DD4E4CA 
 227      F44EE2FE 
 227      C9
 228 045c A1D4260D 		.ascii	"\241\324&\015\017\264\007\350\227\3063F\335p\003\213"
 228      0FB407E8 
 228      97C63346 
 228      DD70038B 
 229 046c 74456B59 		.ascii	"tEkY<\217\364\233\240^\333u\276\307\376\206\034\226"
 229      3C8FF49B 
 229      A05EDB75 
 229      BEC7FE86 
 229      1C96
 230 047e 02FD80F1 		.ascii	"\002\375\200\361|\236\225\321,(7\344}\200\017R\370\010"
 230      7C9E95D1 
 230      2C2837E4 
 230      7D800F52 
 230      F808
 231 0490 E5392CF1 		.ascii	"\3459,\361\334\373`\362\027|?\312/H/zA\242\223\375\027"
 231      DCFB60F2 
 231      177C3FCA 
 231      2F482F7A 
 231      41A293FD 
 232 04a5 335C384B 		.ascii	"3\\8K\222\021/\335H\317s\302-\214\345\303\035['\370"
 232      92112FDD 
 232      48CF73C2 
 232      2D8CE5C3 
 232      1D5B27F8 
 233 04b9 B92187AE 		.ascii	"\271!\207\256\273v\354\264\207]\226\217$\226\017\031"
 233      BB76ECB4 
 233      875D968F 
ARM GAS  /tmp/cc7OwuA7.s 			page 18


 233      24960F19 
 234 04c9 CB8CC1F1 		.ascii	"\313\214\301\361\031\017%\3131\200\217R\370c\312\362"
 234      190F25CB 
 234      31808F52 
 234      F863CAF2 
 235 04d9 91C432B5 		.ascii	"\221\3042\265\261`5\013\325O\271Ba\300\215\013S\015"
 235      B160350B 
 235      D54FB942 
 235      61C08D0B 
 235      530D
 236 04eb 9E72F313 		.ascii	"\236r\363\023?f~\242\350i+_u\026&[\243\264%\211\337"
 236      3F667EA2 
 236      E8692B5F 
 236      7516265B 
 236      A3B42589 
 237 0500 039DF253 		.ascii	"\003\235\362S\353\315Omt\177\3766\214;\230\033\306\367"
 237      EBCD4F6D 
 237      747FFE36 
 237      8C3B981B 
 237      C6F7
 238 0512 6EDDAE61 		.ascii	"n\335\256a\340\027@=pjxHc\327\015\317%7<c<\237U\230"
 238      E017403D 
 238      706A7848 
 238      63D70DCF 
 238      25373C63 
 239 052a B33D956E 		.ascii	"\263=\225nx\012\360)\012\237\241<\237K<\317\226\215"
 239      780AF029 
 239      0A9FA13C 
 239      9F4B3CCF 
 239      968D
 240 053c 1E94B207 		.ascii	"\036\224\262\007\341\331\223\327\225\343\202\373\031"
 240      E1D993D7 
 240      95E382FB 
 240      19
 241 0549 8F63A684 		.ascii	"\217c\246\204\032\036\216,\022\253\231t\313~7\374\200"
 241      1A1E8E2C 
 241      12AB9974 
 241      CB7E37FC 
 241      80
 242 055a 754A81F4 		.ascii	"uJ\201\364\342\201l\030(*\020\360\004\353|fNLt\342#"
 242      E2816C18 
 242      282A10F0 
 242      04EB7C66 
 242      4E4C74E2 
 243 056f C9DE34B7 		.ascii	"\311\3364\2674\025\270\341i\326Y\324{\245J\032I:\267"
 243      3415B8E1 
 243      69D659D4 
 243      7BA54A1A 
 243      493AB7
 244 0582 9FEA4A70 		.ascii	"\237\352Jp\300[1K\235\355};<\360\016\246TW\305|NX\321"
 244      C05B314B 
 244      9DED7D3B 
 244      3CF00EA6 
 244      5457C57C 
 245 0599 EBF55EDC 		.ascii	"\353\365^\334klP\034I\320\225\271\005\231\23090\213"
 245      6B6C501C 
 245      49D095B9 
ARM GAS  /tmp/cc7OwuA7.s 			page 19


 245      05999839 
 245      308B
 246 05ab 6EFF33E5 		.ascii	"n\3773\345;b=\361>\012\3664O\305\232\335\320\022\366"
 246      3B623DF1 
 246      3E0AF634 
 246      4FC59ADD 
 246      D012F6
 247 05be 2C5CE243 		.ascii	",\\\342C\337\331b\\\264h\232\270\277\362\316\3158Q\334"
 247      DFD9625C 
 247      B4689AB8 
 247      BFF2CECD 
 247      3851DC
 248 05d1 ED869E20 		.ascii	"\355\206\236 /\224 `\224\",\264F\022<\011\376YNJY\206"
 248      2F942060 
 248      94222CB4 
 248      46123C09 
 248      FE594E4A 
 249 05e7 AFF8083E 		.ascii	"\257\370\010>\242!\343\003\270\0251\260tF\321m$C\223"
 249      A221E303 
 249      B81531B0 
 249      7446D16D 
 249      244393
 250 05fa C433F837 		.ascii	"\3043\3707@\307a\342f4\315\321\222\363\321$R\330\036"
 250      40C761E2 
 250      6634CDD1 
 250      92F3D124 
 250      52D81E
 251 060d E3684264 		.ascii	"\343hBd\034)\210X\224\350\012\031z\273\222v\274\240"
 251      1C298858 
 251      94E80A19 
 251      7ABB9276 
 251      BCA0
 252 061f 607247C6 		.ascii	"`rG\306$VP0\211\221\243\343b\341\346\375(\215\242\311"
 252      24565030 
 252      8991A3E3 
 252      62E1E6FD 
 252      288DA2C9 
 253 0633 A6DEC5D1 		.ascii	"\246\336\305\321\326\023q\335\306$\211\357+\021\012"
 253      D61371DD 
 253      C62489EF 
 253      2B110A
 254 0642 01F4B5A0 		.ascii	"\001\364\265\240E;\251%\002\207\003\203R\005\037\364"
 254      453BA925 
 254      02870383 
 254      52051FF4 
 255 0652 8DB004A5 		.ascii	"\215\260\004\245\201\354\001\331\013\262\037$\031$\003"
 255      81EC01D9 
 255      0BB21F24 
 255      192403
 256 0661 24096437 		.ascii	"$\011d7H:H\"\310>\220o\205%\264\006c\264ke\264\267)"
 256      483A4822 
 256      C83E906F 
 256      8525B406 
 256      63B46B65 
 257 0678 697F65A3 		.ascii	"i\177e\243\315\362|\357\035\257h\340BP*\236\343m\246"
 257      CDF27CEF 
 257      1DAF68E0 
ARM GAS  /tmp/cc7OwuA7.s 			page 20


 257      42502A9E 
 257      E36DA6
 258 068b EADBBC77 		.ascii	"\352\333\274w\213b\3152rc\242\233\334\275\322=\212~"
 258      8B62CD32 
 258      7263A29B 
 258      DCBDD23D 
 258      8A7E
 259 069d 50866EEA 		.ascii	"P\206n\352C\333\314;\2243\217\316As\236\220\374\320"
 259      43DBCC3B 
 259      94338FCE 
 259      41739E90 
 259      FCD0
 260 06af 10B72DA5 		.ascii	"\020\267-\245D4\240\014]\227,t\321\312\320\211\202\002"
 260      4434A00C 
 260      5D972C74 
 260      D1CAD089 
 260      8202
 261 06c1 DD28436F 		.ascii	"\335(CoU\242\343lh\222\232\233\315\227\021n\241\273"
 261      55A2E36C 
 261      68929A9B 
 261      CD97116E 
 261      A1BB
 262 06d3 5E88992A 		.ascii	"^\210\231*(r@\013}\346\015\022\034a\237\377I\234\230"
 262      2872400B 
 262      7DE60D12 
 262      1C619FFF 
 262      499C98
 263 06e6 E73BDA34 		.ascii	"\347;\3324\3603\011e\202\301\357\004\353\375J\342@y"
 263      F0330965 
 263      82C1EF04 
 263      EBFD4AE2 
 263      4079
 264 06f8 6DEF9BBA 		.ascii	"m\357\233\272\212\335vX\177\242P\240-i\035\020\334h"
 264      8ADD7658 
 264      7FA250A0 
 264      2D691D10 
 264      DC68
 265 070a D90D6F52 		.ascii	"\331\015oR|\325U\267\361<\023O\216\362\314@K\016OJ\026"
 265      7CD555B7 
 265      F13C134F 
 265      8EF2CC40 
 265      4B0E4F4A 
 266 071f 626C747A 		.ascii	"bltz\1771\327\275e\311\305\233'\227\241\324\204XO\273"
 266      7F31D7BD 
 266      65C9C59B 
 266      2797A1D4 
 266      84584FBB 
 267 0733 F9F190C0 		.ascii	"\371\361\220\300\363\3439\226\037o\266\367\244\270)"
 267      F3E33996 
 267      1F6FB6F7 
 267      A4B829
 268 0742 F3E34170 		.ascii	"\363\343ApR.u\354a\301K\032D\320\205\215\267\036;\343"
 268      522E75EC 
 268      61C14B1A 
 268      44D0858D 
 268      B71E3BE3 
 269 0756 7B2C05B5 		.ascii	"{,\005\265\244\354\030r\220.\215\370\237ri\344\366\026"
ARM GAS  /tmp/cc7OwuA7.s 			page 21


 269      A4EC1872 
 269      902E8DF8 
 269      9F7269E4 
 269      F616
 270 0768 8C38CB27 		.ascii	"\2148\313';*\374\310d7z\017\304\361\033\376\272J\366"
 270      3B2AFCC8 
 270      64377A0F 
 270      C4F11BFE 
 270      BA4AF6
 271 077b 6BC18BFD 		.ascii	"k\301\213\375Z\220\362\2467\317\233\245U\215W\020\356"
 271      5A90F2A6 
 271      37CF9BA5 
 271      558D5710 
 271      EE
 272 078c 67DC2AC6 		.ascii	"g\334*\306\362\017\363\261$cv&^\232\261\357\223|\311"
 272      F20FF3B1 
 272      24637626 
 272      5E9AB1EF 
 272      937CC9
 273 079f 27A7044A 		.ascii	"'\247\004J\363Qb\376\032\245KN\000\313\343\224e\001"
 273      F35162FE 
 273      1AA54B4E 
 273      00CBE394 
 273      6501
 274 07b1 65992FB1 		.ascii	"e\231/\261\334\267\177\360\244\240\\\223]tBea\025\217"
 274      DCB77FF0 
 274      A4A05C93 
 274      5D744265 
 274      61158F
 275 07c4 6D0DD17B 		.ascii	"m\015\321{\237\237\251u\302\017\030\351"
 275      9F9FA975 
 275      C20F18E9 
 276 07d0 3DBB9FD4 		.ascii	"=\273\237\324j\360(S\212\207\363\212\335\031\322D\364"
 276      6AF02853 
 276      8A87F38A 
 276      DD19D244 
 276      F4
 277 07e1 B4D287B5 		.ascii	"\264\322\207\265\274d\321\310\272\275y\367x\236\345"
 277      BC64D1C8 
 277      BABD79F7 
 277      789EE5
 278 07f0 A0237EC4 		.ascii	"\240#~\304\306&Y\306\3668\332]n\211\264\334et\265\305"
 278      C62659C6 
 278      F638DA5D 
 278      6E89B4DC 
 278      6574B5C5 
 279 0804 8539231A 		.ascii	"\2059#\032\345r\317\301\002\212\351\002J\351\002J\244"
 279      E572CFC1 
 279      028AE902 
 279      4AE9024A 
 279      A4
 280 0815 059446E7 		.ascii	"\005\224F\3476a\345r\355\242\217\364f\354\342aXI\252"
 280      3661E572 
 280      EDA28FF4 
 280      66ECE261 
 280      5849AA
 281 0828 8CC90383 		.ascii	"\214\311\003\203\356x\222\221|0<}\312\003?gJi\361\367"
ARM GAS  /tmp/cc7OwuA7.s 			page 22


 281      EE789291 
 281      7C303C7D 
 281      CA033F67 
 281      4A69F1F7 
 282 083c 557C75CB 		.ascii	"U|u\313H\315\177\274\274\336\025\307\252i\337tb\346"
 282      48CD7FBC 
 282      BCDE15C7 
 282      AA69DF74 
 282      62E6
 283 084e 1967BC9D 		.ascii	"\031g\274\235)\351\343\355\003|\363\373\2208\347|\267"
 283      29E9E3ED 
 283      037CF3FB 
 283      9038E77C 
 283      B7
 284 085f DB19EF62 		.ascii	"\333\031\357b}3\211\361\373\234\360\036\246$\327'\347"
 284      7D3389F1 
 284      FB9CF01E 
 284      A624D727 
 284      E7
 285 0870 B8E254A6 		.ascii	"\270\342T\246\014\307\365t\362\255\263\010\324\247\375"
 285      0CC7F574 
 285      F2ADB308 
 285      D4A7FD
 286 087f C92DFCE7 		.ascii	"\311-\374\347\213\233\254\032\361\346\325\310\311\307"
 286      8B9BAC1A 
 286      F1E6D5C8 
 286      C9C7
 287 088d BBF6BAE2 		.ascii	"\273\366\272\342\357\330\320[-q\3479\326\025\324\330"
 287      EFD8D05B 
 287      2D71E739 
 287      D615D4D8 
 288 089d E3178A1C 		.ascii	"\343\027\212\034\354\272\366\232\344\332\253l'}}2\367"
 288      ECBAF69A 
 288      E4DAAB6C 
 288      277D7D32 
 288      F7
 289 08ae A2A3B260 		.ascii	"\242\243\262`\276\002\336\252\241\336\252\243\336\272"
 289      BE02DEAA 
 289      A1DEAAA3 
 289      DEBA
 290 08bc 2679ABBE 		.ascii	"&y\253\2767\241\301UY\000\333E\2275\266\275\205\263"
 290      37A1C155 
 290      5900DB45 
 290      9735B6BD 
 290      85B3
 291 08ce 19C947F5 		.ascii	"\031\311G\365mw\021>\304\224\270\253W\016;\341cL\031"
 291      6D77113E 
 291      C494B8AB 
 291      570E3BE1 
 291      634C19
 292 08e1 3A5A57E3 		.ascii	":ZW\343\210\363\231\322\335;u\016\343B\246\034\032\312"
 292      88F399D2 
 292      DD3B750E 
 292      E342A61C 
 292      1ACA
 293 08f3 FEDA1997 		.ascii	"\376\332\031\227\3601\335\303\365\334A;\311azj)\272"
 293      F031DDC3 
ARM GAS  /tmp/cc7OwuA7.s 			page 23


 293      F5DC413B 
 293      C9617A6A 
 293      29BA
 294 0905 29B9846C 		.ascii	")\271\204l\267\301G=3\032l\242\340\027\012\032\257e"
 294      B7C1473D 
 294      331A6CA2 
 294      E0170A1A 
 294      AF65
 295 0917 39235A4A 		.ascii	"9#ZJ\330\036\037\376\316\026\223!]\327\017\360\313\346"
 295      D81E1FFE 
 295      CE169321 
 295      5DD70FF0 
 295      CBE6
 296 0929 B4E0854E 		.ascii	"\264\340\205NBFl\205\204'\235\012\224\247L\361cFVU\324"
 296      42466C85 
 296      84279D0A 
 296      94A74CF1 
 296      63465655 
 297 093e 03BA96A3 		.ascii	"\003\272\226\243\245\205\243j9:\031n\347\212Pv;\223"
 297      A585A36A 
 297      393A196E 
 297      E78A5076 
 297      3B93
 298 0950 AD7796A3 		.ascii	"\255w\226\243\255\251\347\014E\237Gs\256\347f\260\327"
 298      ADA9E70C 
 298      459F4773 
 298      AEE766B0 
 298      D7
 299 0961 443B5B79 		.ascii	"D;[y\332\357\203\264?\010\251\274\003\244\037\344\001"
 299      DAEF83B4 
 299      3F08A9BC 
 299      03A41FE4 
 299      01
 300 0972 4827C85D 		.ascii	"H'\310]\220\026\220\001\220\373 \335 \275 = m C \303"
 300      90169001 
 300      90FB20DD 
 300      20BD203D 
 300      206D2043 
 301 0988 2066903B 		.ascii	" f\220; \267A\332A\356\201tY\257oRGt\205\330\352\210"
 301      20B741DA 
 301      41EE8174 
 301      59AF6F52 
 301      477485D8 
 302 099e 8B4AA665 		.ascii	"\213J\246e\263\326E.\272Pv\321\035\003/\034\341h);\362"
 302      B3D6452E 
 302      BA5076D1 
 302      1D032F1C 
 302      E168293B 
 303 09b3 7A5556A3 		.ascii	"zUV\243\324\032m\266o(m\353lN`>\233\012\261\371\254"
 303      D41A6DB6 
 303      6F286DEB 
 303      6C4E603E 
 303      9B0AB1F9 
 304 09c8 707E9FC9 		.ascii	"p~\237\311lw\311l_W\242\217+\321\2032t\303\374h\211"
 304      6C77C96C 
 304      5F57A28F 
 304      2BD18332 
ARM GAS  /tmp/cc7OwuA7.s 			page 24


 304      74C3FC68 
 305 09dd 0A351E6A 		.ascii	"\0125\036j\203\337R\302\263\347\024n\334)p9\320:d\226"
 305      83DF52C2 
 305      B3E7146E 
 305      DC297039 
 305      D03A6496 
 306 09f1 5372E618 		.ascii	"Sr\346\030\257\225y\374\262\322\370\2459\360;2x\271"
 306      AF9579FC 
 306      B2D2F8A5 
 306      39F03B32 
 306      78B9
 307 0a03 126E9A03 		.ascii	"\022n\232\003o\224\301+\346\207\313\312\261\307\035"
 307      6F94C12B 
 307      E687CBCA 
 307      B1C71D
 308 0a12 AC1C6B55 		.ascii	"\254\034kU\226c\304T\263\331;;\226\234\020b\253Qi\253"
 308      9663C454 
 308      B3D93B3B 
 308      969C1062 
 308      AB5169AB 
 309 0a26 58E9E329 		.ascii	"X\351\343)\231\217\253\224hV\216\311\303]a\264\205\373"
 309      998FAB94 
 309      68568EC9 
 309      C35D61B4 
 309      85FB
 310 0a38 E6BC9B43 		.ascii	"\346\274\233Cf\273B\266\252\312\371}&\217\266\014}a"
 310      66BB42B6 
 310      AACAF97D 
 310      268FB60C 
 310      7D61
 311 0a4a FE3D3DCB 		.ascii	"\376==\313\3032\342?\314\277L+q\222\011BX\270\277\207"
 311      C332E23F 
 311      CCBF4C2B 
 311      71920942 
 311      58B8BF87 
 312 0a5e 709FE770 		.ascii	"p\237\347p\351zAE\263\212\275z\363\267\365j\\Es\222"
 312      E97A4145 
 312      B38ABD7A 
 312      F3B7F56A 
 312      5C457392 
 313 0a72 D03E7036 		.ascii	"\320>p6\301UY\354IG\036\215\302I\377\177\234z\026\367"
 313      C15559EC 
 313      49471E8D 
 313      C249FF7F 
 313      9C7A16F7 
 314 0a86 E1014752 		.ascii	"\341\001GR\014Z`\302\021[1\330*\025\2039\275]\227\324"
 314      0C5A60C2 
 314      115B31D8 
 314      2A158339 
 314      BD5D97D4 
 315 0a9a F262D032 		.ascii	"\362b\3202\253\030\034\343\305\340\030-\006\217\335"
 315      AB181CE3 
 315      C5E0182D 
 315      068FDD
 316 0aa9 BE5DA1C6 		.ascii	"\276]\241\306\015,Kg\367\327]\341\267\344K\344\3171"
 316      0D2C4B67 
 316      F7D75DE1 
ARM GAS  /tmp/cc7OwuA7.s 			page 25


 316      B7E44BE4 
 316      CF31
 317 0abb 7B867621 		.ascii	"{\206v!\226\244\373I\322>P7\236\342\202\333\031\366"
 317      96A4FB49 
 317      D23E5037 
 317      9EE282DB 
 317      19F6
 318 0acd 5CD98337 		.ascii	"\\\331\2037\030\224\374>lOhkEv\257\255'\322\2655\301"
 318      1894FC3E 
 318      6C4F686B 
 318      4576AFAD 
 318      27D2B535 
 319 0ae2 AEADA627 		.ascii	"\256\255\246'eSn\270\227\032R\037\217=fQ#\037-\0028"
 319      65536EB8 
 319      971A521F 
 319      8F3D6651 
 319      231F2D02 
 320 0af7 627F5022 		.ascii	"b\177P\"\377%\240B\317`oM\012X\372/\2064\021\314[\376"
 320      FF25A042 
 320      CF606F4D 
 320      0A58FA2F 
 320      863411CC 
 321 0b0d 459AE1BB 		.ascii	"E\232\341\273\206\276\347\371\323\322\024\270\377\031"
 321      86BEE7F9 
 321      D3D214B8 
 321      FF19
 322 0b1b 9D6F1AA2 		.ascii	"\235o\032\242\363\224M\230\231y\241\031\311o>b\373\021"
 322      F3944D98 
 322      9979A119 
 322      C96F3E62 
 322      FB11
 323 0b2d F43FA411 		.ascii	"\364?\244\021\177No\276'\322\315W\220Q3\351\354\302"
 323      7F4E6FBE 
 323      27D2CD57 
 323      905133E9 
 323      ECC2
 324 0b3f 6DC7FF27 		.ascii	"m\307\377'\333yc\271\323\263n\325\231\037\263\235Y\327"
 324      DB7963B9 
 324      D3B36ED5 
 324      991FB39D 
 324      59D7
 325 0b51 54A27E25 		.ascii	"T\242~%G\274n\022M\255\347\226\245\307\230\304\330\267"
 325      47BC6E12 
 325      4DADE796 
 325      A5C798C4 
 325      D8B7
 326 0b63 9088BDD0 		.ascii	"\220\210\275\320c\010e\035Z,\033:\016-\037\013*\024"
 326      6308651D 
 326      5A2C1B3A 
 326      0E2D1F0B 
 326      2A14
 327 0b75 8D5F51FD 		.ascii	"\215_Q\375v\251N\037\022\372i\350\273\001\272\360H]"
 327      76A94E1F 
 327      12FA69E8 
 327      BB01BAF0 
 327      485D
 328 0b87 48E046DD 		.ascii	"H\340F\335\027\341\021Q\221\272\240\360M\233\302\303"
ARM GAS  /tmp/cc7OwuA7.s 			page 26


 328      17E11151 
 328      91BAA0F0 
 328      4D9BC2C3 
 329 0b97 74BE8675 		.ascii	"t\276\206u\372u_\352\302\376\021\032\2644H\363\327w"
 329      FA755FEA 
 329      C2FE111A 
 329      B43448F3 
 329      D777
 330 0ba9 DE7F59BF 		.ascii	"\336\177Y\277|\271\312\305h\334\034\032\026\265\342"
 330      7CB9CAC5 
 330      68DC1C1A 
 330      16B5E2
 331 0bb8 0D63D44A 		.ascii	"\015c\324J\335\346\310\010]`\304\246\327\303\302\303"
 331      DDE6C808 
 331      5D60C4A6 
 331      D7C3C2C3 
 332 0bc8 825F0F0E 		.ascii	"\202_\017\016\3744\224\266\204\206\005m\334\274!X\267"
 332      FC3494B6 
 332      8486056D 
 332      DCBC2158 
 332      B7
 333 0bd9 29302824 		.ascii	")0($4,Xg\334\020\374Y\340\346\215Q\306\250-_\004G.\015"
 333      342C5867 
 333      DC10FC59 
 333      E0E68D51 
 333      C6A82D5F 
 334 0bf1 5169240B 		.ascii	"Qi$\013\257\377\007\013\221[\"u\306\310\250\015\000"
 334      AFFF070B 
 334      915B2275 
 334      C6C8A80D 
 334      00
 335 0c02 87610B08 		.ascii	"\207a\013\010\225\325a\201\237n\014^\037\034\024\025"
 335      95D56181 
 335      9F6E0C5E 
 335      1F1C1415 
 336 0c12 1EF1DA7F 		.ascii	"\036\361\332\177\261\000\325\317\310{Uh\244m\270\226"
 336      B100D5CF 
 336      C87B5568 
 336      A46DB896 
 337 0c22 B4040447 		.ascii	"\264\004\004G\005l\211\214\012\336\26460l\303\306\340"
 337      056C898C 
 337      0ADEB436 
 337      306CC3C6 
 337      E0
 338 0c33 08FF88D0 		.ascii	"\010\377\210\320\360\210\320\250-t2\375\306\340\300"
 338      F088D0A8 
 338      2D7432FD 
 338      C6E0C0
 339 0c42 08FFE030 		.ascii	"\010\377\3400 \360wg\303\352\200\325\206\365\253W\375"
 339      20F07767 
 339      C3EA80D5 
 339      86F5AB57 
 339      FD
 340 0c53 5EF0F377 		.ascii	"^\360\363wf^Xi\214r\342ok\367\357\324~\276o\033\254"
 340      665E5869 
 340      8C72E26F 
 340      6BF7EFD4 
ARM GAS  /tmp/cc7OwuA7.s 			page 27


 340      7EBE6F1B 
 341 0c68 EA0AB59F 		.ascii	"\352\012\265\237\336\337\246\276\241\366\013\3607h\014"
 341      DEDFA6BE 
 341      A1F60BF0 
 341      37680C
 342 0c77 4C5B0E9D 		.ascii	"L[\016\235\253m\235\313\240s\265A\035\360\236\237\341"
 342      AB6D9DCB 
 342      A073B541 
 342      1DF09E9F 
 342      E1
 343 0c88 4FB396C6 		.ascii	"O\263\226\306\027\024\374e\024Y\224N\277.\300/@\247"
 343      1714FC65 
 343      1459944E 
 343      BF2EC02F 
 343      40A7
 344 0c9a 0F8F08D6 		.ascii	"\017\217\010\326\371qO\005\201b\014\332\264\002\334"
 344      F9714F05 
 344      81620CDA 
 344      B402DC
 345 0ca9 E4FCCE7A 		.ascii	"\344\374\316z?\275\361=\3605\230\3635\250\327\255[c"
 345      3FBDF13D 
 345      F03598F3 
 345      35A8D7AD 
 345      5B63
 346 0cbb C0BEAB0C 		.ascii	"\300\276\253\014x\025\274\375\327\030\324\276k\002\014"
 346      7815BCFD 
 346      D718D4BE 
 346      6B020C
 347 0cca EAB7D7F8 		.ascii	"\352\267\327\370\032\034\240\013\000\253\210\276\226"
 347      1A1CA00B 
 347      00AB88BE 
 347      96
 348 0cd7 7CE8E1C3 		.ascii	"|\350\341\303!`\255>\300\200\003\326\372c\275\036\336"
 348      2160AD3E 
 348      C08003D6 
 348      FA63BD1E 
 348      DE
 349 0ce8 7A8383AF 		.ascii	"z\203\203\257\237AoP\257\177\357]\003\360\005\204\336"
 349      9F416F50 
 349      AF7FEF5D 
 349      03F00584 
 349      DE
 350 0cf9 FF7DBF55 		.ascii	"\377}\277U\360\351\2537h\002\364o\323\271\334\215\306"
 350      F0E9AB37 
 350      6802F46F 
 350      D3B9DC8D 
 350      C6
 351 0d0a CF368705 		.ascii	"\3176\207\005\031\215K\377\360\307\345+4\222\246\016"
 351      198D4BFF 
 351      F0C7E52B 
 351      3492A60E 
 352 0d1a 0A098CF8 		.ascii	"\012\011\214\3707`K\370\254"
 352      37604BF8 
 352      AC
 353              		.text
 354              		.section	.gnu.lto_.symtab.3a869f129337241d,"",%progbits
 355 0000 6E766963 		.ascii	"nvicEnableVector\000"
ARM GAS  /tmp/cc7OwuA7.s 			page 28


 355      456E6162 
 355      6C655665 
 355      63746F72 
 355      00
 356 0011 00       		.ascii	"\000"
 357 0012 00       		.ascii	"\000"
 358 0013 00       		.ascii	"\000"
 359 0014 00000000 		.ascii	"\000\000\000\000\000\000\000\000"
 359      00000000 
 360 001c C7000000 		.ascii	"\307\000\000\000"
 361 0020 6E766963 		.ascii	"nvicDisableVector\000"
 361      44697361 
 361      626C6556 
 361      6563746F 
 361      7200
 362 0032 00       		.ascii	"\000"
 363 0033 00       		.ascii	"\000"
 364 0034 00       		.ascii	"\000"
 365 0035 00000000 		.ascii	"\000\000\000\000\000\000\000\000"
 365      00000000 
 366 003d CB000000 		.ascii	"\313\000\000\000"
 367 0041 6E766963 		.ascii	"nvicSetSystemHandlerPriority\000"
 367      53657453 
 367      79737465 
 367      6D48616E 
 367      646C6572 
 368 005e 00       		.ascii	"\000"
 369 005f 00       		.ascii	"\000"
 370 0060 00       		.ascii	"\000"
 371 0061 00000000 		.ascii	"\000\000\000\000\000\000\000\000"
 371      00000000 
 372 0069 CD000000 		.ascii	"\315\000\000\000"
 373 006d 6E766963 		.ascii	"nvicClearPending\000"
 373      436C6561 
 373      7250656E 
 373      64696E67 
 373      00
 374 007e 00       		.ascii	"\000"
 375 007f 00       		.ascii	"\000"
 376 0080 00       		.ascii	"\000"
 377 0081 00000000 		.ascii	"\000\000\000\000\000\000\000\000"
 377      00000000 
 378 0089 CF000000 		.ascii	"\317\000\000\000"
 379              		.text
 380              		.section	.gnu.lto_.opts,"",%progbits
 381 0000 272D666D 		.ascii	"'-fmath-errno' '-fsigned-zeros' '-ftrapping-math' '"
 381      6174682D 
 381      6572726E 
 381      6F272027 
 381      2D667369 
 382 0033 2D666E6F 		.ascii	"-fno-trapv' '-fno-openmp' '-fno-openacc' '-mcpu=cor"
 382      2D747261 
 382      70762720 
 382      272D666E 
 382      6F2D6F70 
 383 0066 7465782D 		.ascii	"tex-m3' '-mthumb' '-O2' '-fomit-frame-pointer' '-fa"
 383      6D332720 
ARM GAS  /tmp/cc7OwuA7.s 			page 29


 383      272D6D74 
 383      68756D62 
 383      2720272D 
 384 0099 6C69676E 		.ascii	"lign-functions=16' '-ffunction-sections' '-fdata-se"
 384      2D66756E 
 384      6374696F 
 384      6E733D31 
 384      36272027 
 385 00cc 6374696F 		.ascii	"ctions' '-fno-common' '-flto'\000"
 385      6E732720 
 385      272D666E 
 385      6F2D636F 
 385      6D6D6F6E 
 386              		.text
 387              		.comm	__gnu_lto_v1,1,1
 388              		.comm	__gnu_lto_slim,1,1
 389              		.ident	"GCC: (GNU) 7.3.0"
ARM GAS  /tmp/cc7OwuA7.s 			page 30


DEFINED SYMBOLS
                            *ABS*:0000000000000000 nvic.c
                            *COM*:0000000000000001 __gnu_lto_v1
                            *COM*:0000000000000001 __gnu_lto_slim

NO UNDEFINED SYMBOLS
