ARM GAS  /tmp/ccXZ5GSe.s 			page 1


   1              		.cpu cortex-m3
   2              		.eabi_attribute 20, 1
   3              		.eabi_attribute 21, 1
   4              		.eabi_attribute 23, 3
   5              		.eabi_attribute 24, 1
   6              		.eabi_attribute 25, 1
   7              		.eabi_attribute 26, 1
   8              		.eabi_attribute 30, 2
   9              		.eabi_attribute 34, 1
  10              		.eabi_attribute 18, 4
  11              		.file	"stm32_isr.c"
  12              		.section	.gnu.lto_.profile.bd25e75965adc366,"",%progbits
  13 0000 789C6363 		.ascii	"x\234cc```\005bF\206\245\214\252\000\002\243\000\330"
  13      60606005 
  13      624686A5 
  13      8CAA0002 
  13      A300D8
  14              		.text
  15              		.section	.gnu.lto_.icf.bd25e75965adc366,"",%progbits
  16 0000 789C6363 		.ascii	"x\234cc``\340c@\000&\206\223k\0376s2\376X|\342\017;"
  16      6060E063 
  16      40002686 
  16      936B1F36 
  16      7332FE58 
  17 0018 0300300A 		.ascii	"\003\0000\012\006a"
  17      0661
  18              		.text
  19              		.section	.gnu.lto_.jmpfuncs.bd25e75965adc366,"",%progbits
  20 0000 789C6363 		.ascii	"x\234cc``8\317\310\000\007L@\314\3028\205\231q\353\351"
  20      606038CF 
  20      C800074C 
  20      40CCC238 
  20      859971EB 
  21 0015 03B7D8BB 		.ascii	"\003\267\330\273\231\347030j0nf\224a`<\300\302\250\001"
  21      99E73033 
  21      306A306E 
  21      66946160 
  21      3CC0C2A8 
  22 002a C40C0C20 		.ascii	"\304\014\014 \351\247+\016?\346\202H\2631n\201J\263"
  22      E9A72B0E 
  22      3FE68248 
  22      B3316E81 
  22      4AB3
  23 003c 81A5C1DA 		.ascii	"\201\245\301\332\037\317|\272\213\033\"/\316\270\025"
  23      1FCF7CBA 
  23      8B1B222F 
  23      CEB815
  24 004b 2A2F0ED1 		.ascii	"*/\016\321\216M\375\331\205k\316\261A\324s1n\203\312"
  24      8E4DFDD9 
  24      856BCEB1 
  24      41D47331 
  24      6E83CA
  25 005e 73E1563F 		.ascii	"s\341V?\355\354\304]P\365\234\214\333\241\362\234\270"
  25      EDECC45D 
  25      50F59C8C 
  25      DBA1F29C 
  25      B8
ARM GAS  /tmp/ccXZ5GSe.s 			page 2


  26 006f D577FDBA 		.ascii	"\325w\375\272\336\307\001Q\317\301\270\003*\317\201"
  26      DEC70151 
  26      CFC1B803 
  26      2ACF81
  27 007e 5BFDC953 		.ascii	"[\375\311S\323W\360@\324\2633\356\204\312\263\343P\217"
  27      D357F040 
  27      D4B333EE 
  27      84CAB3E3 
  27      508F
  28 0090 2680C107 		.ascii	"&\200\301\007\006+#Z\030\002\005PC\005(\200\352m\240"
  28      062B235A 
  28      18020550 
  28      43052880 
  28      EA6DA0
  29 00a3 00AABF80 		.ascii	"\000\252\277\200\002\250\016\007\012\240\272\214\011"
  29      02A80E07 
  29      0AA0BA8C 
  29      09
  30 00b0 DD660600 		.ascii	"\335f\006\000M\273U\224"
  30      4DBB5594 
  31              		.text
  32              		.section	.gnu.lto_.inline.bd25e75965adc366,"",%progbits
  33 0000 789C6363 		.ascii	"x\234cc``hf@\000&\006\006\211k\014\214 \232\201m\201"
  33      60606866 
  33      40002606 
  33      06896B0C 
  33      8C209A81 
  34 0016 3C886260 		.ascii	"<\210b`\346\001\213\023O12\010\236G3\203\211\033$L\014"
  34      E6018B13 
  34      4F313208 
  34      9E473383 
  34      891B244C 
  35 002b C90000AF 		.ascii	"\311\000\000\257K\004\310"
  35      4B04C8
  36              		.text
  37              		.section	.gnu.lto_.pureconst.bd25e75965adc366,"",%progbits
  38 0000 789C6363 		.ascii	"x\234cc```\005b&\006\011F\011\000\000\364\000?"
  38      60606005 
  38      62260609 
  38      46090000 
  38      F4003F
  39              		.text
  40              		.section	.gnu.lto_irqInit.bd25e75965adc366,"",%progbits
  41 0000 789C7DD2 		.ascii	"x\234}\322?H\002Q\030\000\360\357\273W\347iEcA\321\234"
  41      3F480251 
  41      1800F0EF 
  41      BB57E769 
  41      456341D1 
  42 0015 8B474A53 		.ascii	"\213GJSc\320\026\016\266G\265(\024\206\347\340vWa\332"
  42      63D0160E 
  42      B647B528 
  42      1486E7E0 
  42      765761DA 
  43 0029 1FA2A094 		.ascii	"\037\242\240\224\340\020k\311!\020)\263\263\254\313"
  43      E0106BC9 
  43      211029B3 
  43      B3ACCB
ARM GAS  /tmp/ccXZ5GSe.s 			page 3


  44 0038 A60A1D5A 		.ascii	"\246\012\035Z\202\232\312l\222\332\203\254w\276 n\350"
  44      829ACA6C 
  44      92DA83AC 
  44      77BE206E 
  44      E8
  45 0049 3EF8DEFB 		.ascii	">\370\336\373x\357\375\2767\274\307\003\300\010\007"
  45      78EFFDBE 
  45      37BCC703 
  45      C00807
  46 0058 304CE73E 		.ascii	"0L\347>\232H\000\271\315*\300\202\300!\032\205\" \310"
  46      9A4800B9 
  46      CD2AC082 
  46      C0211A85 
  46      2220C8
  47 006b 1CCAB84E 		.ascii	"\034\312\270N\266\011\226co\032\347<Ph\350\311\315\356"
  47      B6099663 
  47      6F1AE73C 
  47      5068E8C9 
  47      CDEE
  48 007d 6525DAAB 		.ascii	"e%\332\253\022\200\004M#\360\010\235@\217\275\344\232"
  48      1280044D 
  48      23F0089D 
  48      408FBDE4 
  48      9A
  49 008e 3B5D7C1B 		.ascii	";]|\033[\307c\344\001i\221\275o\327\225\346wL\321_\367"
  49      5BC763E4 
  49      016991BD 
  49      6FD795E6 
  49      774CD15F 
  50 00a3 B1E0B503 		.ascii	"\261\340\265\003\304\351>\275D\321a\205pF\265\244C\003"
  50      C4E93EBD 
  50      44D16185 
  50      7046B5A4 
  50      4303
  51 00b5 A3E96C8A 		.ascii	"\243\351l\212\264\024m\245i\215'\233\374\245\010*\301"
  51      B4146DA5 
  51      698D279B 
  51      FCA5082A 
  51      C1
  52 00c6 04A16D30 		.ascii	"\004\241m0\217\262\261Q\317\\\327\034kD%\034\362x\202"
  52      8FB2B151 
  52      CF5CD71C 
  52      6B44251C 
  52      F27882
  53 00d9 FD46AA84 		.ascii	"\375F\252\204\264|n\340\177^`\374\3466\231\351d\334"
  53      B47C6EE0 
  53      7F5E60FC 
  53      E63699E9 
  53      64DC
  54 00eb 86A7669E 		.ascii	"\206\247f\236\267\340\032\343\253\237\017\033\002\343"
  54      B7E01AE3 
  54      AB9F0F1B 
  54      02E3
  55 00f9 0216CD5C 		.ascii	"\002\026\315\\\263\340g\214'*[E\236q;\236\233y\311\202"
  55      B3E0678C 
  55      272A5B45 
  55      9E713B9E 
ARM GAS  /tmp/ccXZ5GSe.s 			page 4


  55      9B79C982 
  56 010d 9718AFEC 		.ascii	"\227\030\257\354\035V\177\271\003/\314\374\331\202_"
  56      1D567FB9 
  56      032FCCFC 
  56      D9825F
  57 011c 325EDBAD 		.ascii	"2^\333\255\027;\030\357A\335\314\353\026\374\212\361"
  57      173B18EF 
  57      41DDCCEB 
  57      16FC8AF1 
  58 012c FC9DFE68 		.ascii	"\374\235\376hc|\020\313\177\374\035\027\323\037)ly#"
  58      637C10CB 
  58      7FFC1D17 
  58      D31F296C 
  58      7923
  59 013e E214D137 		.ascii	"\342\024\3217\245\337\313\343\022G\375\201\351\200\327"
  59      A5DFCBE3 
  59      1247FD81 
  59      E980D7
  60 014d 270625D1 		.ascii	"'\006%\321?5+\316\007CaI\364M\214{\334l\034\033\212"
  60      3F352BCE 
  60      07436149 
  60      F44D8C7B 
  60      DC6C1C1B 
  61 0162 4444293C 		.ascii	"DD)<\347qO\006\244\220k\006~\000\302r\303\375"
  61      E7714F06 
  61      A4906B06 
  61      7E00C272 
  61      C3FD
  62              		.text
  63              		.section	.gnu.lto_irqDeinit.bd25e75965adc366,"",%progbits
  64 0000 789C7DD2 		.ascii	"x\234}\322\315K\002A\024\000\360\367vj]\255\350XP\340"
  64      CD4B0241 
  64      1400F0F7 
  64      766A5DAD 
  64      E85850E0 
  65 0014 352F2E29 		.ascii	"5/.)\375\005A\267\350`\367\250.\012\205\341z\360\266"
  65      FD0541B7 
  65      E860F7A8 
  65      2E0A85E1 
  65      7AF0B6
  66 0027 DBA7F641 		.ascii	"\333\247\366A\024\224\022,h]\362\020D\224\331Z\326f"
  66      1494122C 
  66      685DF210 
  66      4494D95A 
  66      D666
  67 0039 A70A3D44 		.ascii	"\247\012=D\020\324\251\304 \260NAPd\315:\301\236\332"
  67      10D4A9C4 
  67      20B04E41 
  67      5064CD3A 
  67      C19EDA
  68 004c 076FE631 		.ascii	"\007o\34613\2777\207\031\036\000\234\034@\017\235;h"
  68      33BF3787 
  68      191E009C 
  68      1C400F9D 
  68      3B68
  69 005e 2201E456 		.ascii	"\"\001\344VJ\000\223\002\207h\024\212\200 s(\343\022"
  69      4A009302 
ARM GAS  /tmp/ccXZ5GSe.s 			page 5


  69      8768148A 
  69      80207328 
  69      E312
  70 0070 59235888 		.ascii	"Y#X\210>k\234k[\241\241'n[\347\224\331v\225\000\304"
  70      3E6B9C6B 
  70      5BA1A127 
  70      6E5BE794 
  70      D9769500 
  71 0085 691A81FB 		.ascii	"i\032\201\373\350\002z\354i\257\266\336\3027\260u<@"
  71      E8027AEC 
  71      69AFB6DE 
  71      C237B075 
  71      3C40
  72 0097 1E9016BB 		.ascii	"\036\220\026\2737\215\272R\373\211*\372\373\026~\015"
  72      378DBA52 
  72      FB892AFA 
  72      FB167E0D 
  73 00a7 D8016274 		.ascii	"\330\001bt\237^\242\3500O8\243\232\326\241\2123\251"
  73      9F5EA2E8 
  73      304F38A3 
  73      9AD6A18A 
  73      33A9
  74 00b9 6C92D415 		.ascii	"l\222\324\025m\245i\325\007\233\374\255\010*\3018\241"
  74      6DA569D5 
  74      079BFCAD 
  74      082AC138 
  74      A1
  75 00ca 6D3083B2 		.ascii	"m0\203\262\261QI_\224\035\213D%\034\362x\210\235*!u"
  75      B151495F 
  75      941D8B44 
  75      251CF278 
  75      889D2A21 
  76 00df AB39FFA7 		.ascii	"\2539\377\247YF/\257\022\351fFmxd\322\274\005\325\030"
  76      59462FAF 
  76      12E96646 
  76      6D7864D2 
  76      BC05D518 
  77 00f3 5DF8BC5B 		.ascii	"]\370\274[\026\030\0250g\322G\013z\314h\274\270\232"
  77      16181530 
  77      67D2470B 
  77      7ACC68BC 
  77      B89A
  78 0105 E319B5E3 		.ascii	"\343\031\265\343\211I+\0264\317hqs\247\364G\035xj\322"
  78      89492B16 
  78      34CF6871 
  78      73A7F447 
  78      1D786AD2 
  79 0119 170B7AC6 		.ascii	"\027\013z\306hy\243\222kb\264\015u\223\276Z\320sF3\327"
  79      6879A392 
  79      6B62B40D 
  79      7593BE5A 
  79      D0734633 
  80 012e FABD8DD1 		.ascii	"\372\275\215\321.,0\372\206S\251\217$\326\255\0211\012"
  80      2E2C30FA 
  80      8653A98F 
  80      24D6AD11 
  80      310A
ARM GAS  /tmp/ccXZ5GSe.s 			page 6


  81 0140 E8BBD12F 		.ascii	"\350\273\321/\344u\213\275\376\300H`\300'\006%\321?"
  81      E4758BBD 
  81      FEC04860 
  81      C0270625 
  81      D13F
  82 0152 3C264E04 		.ascii	"<&N\004CaI\364\015\366{=l\354\353\216DD)<\356\365\014"
  82      436149F4 
  82      0DF67B3D 
  82      6CECEB8E 
  82      4444293C 
  83 0169 05A4907B 		.ascii	"\005\244\220{\024~\001\347\357\277."
  83      147E01E7 
  83      EFBF2E
  84              		.text
  85              		.section	.gnu.lto_.symbol_nodes.bd25e75965adc366,"",%progbits
  86 0000 789C55CB 		.ascii	"x\234U\313\301\011\2000\014\205\341\327\024\234K'K\017"
  86      C1098030 
  86      0C85E1D7 
  86      149C4B27 
  86      4B0F
  87 0012 55AF0ED1 		.ascii	"U\257\016\321!\304s\317\316\240\3209\304\264>A\017\341"
  87      21C473CF 
  87      CEA0D039 
  87      C4B43E41 
  87      0FE1
  88 0024 0B7F4807 		.ascii	"\013\177H\007`\265\201DQ`\331\001c\013\203\225Q\324"
  88      60B58144 
  88      5160D901 
  88      630B8395 
  88      51D4
  89 0036 FD8A9B44 		.ascii	"\375\212\233D\245\025 \204\336\302,\352\277\301C\220"
  89      A5152084 
  89      DEC22CEA 
  89      BFC14390 
  90 0046 8ECB5533 		.ascii	"\216\313U3-4\236\217\211fZ\252\266\265?3\323B\343{\247"
  90      2D349E8F 
  90      89665AAA 
  90      B6B53F33 
  90      D342E37B 
  91 005b 99D63FDC 		.ascii	"\231\326?\334\365\3505\227"
  91      F5E83597 
  92              		.text
  93              		.section	.gnu.lto_.refs.bd25e75965adc366,"",%progbits
  94 0000 789C6363 		.ascii	"x\234cc```\004b\006\000\000D\000\010"
  94      60606004 
  94      62060000 
  94      440008
  95              		.text
  96              		.section	.gnu.lto_.decls.bd25e75965adc366,"",%progbits
  97 0000 789C9553 		.ascii	"x\234\225S]L\024W\024\276\347\316\312\317\200J\233\306"
  97      5D4C1457 
  97      14BEE7CE 
  97      CACF804A 
  97      9BC6
  98 0012 D0C407C2 		.ascii	"\320\304\007\302\213>\310N\201\027\237H\015\376\264"
  98      8B3EC84E 
  98      81179F48 
ARM GAS  /tmp/ccXZ5GSe.s 			page 7


  98      0DFEB4
  99 0021 0F68525B 		.ascii	"\017hR[\037|Y\227e\032&\331\235\325\235\301\340\333"
  99      1F7C5997 
  99      651A26D9 
  99      9DD59DC1 
  99      E0DB
 100 0033 045B6384 		.ascii	"\004[c\204\004LA\003j\212HZ\210&b\253\255\240+\254-"
 100      044C4103 
 100      6A8A485A 
 100      882662AB 
 100      ADA02BAC 
 101 0048 2CCA223F 		.ascii	",\312\"?mML\224%\240\011\211>\010)\022i\223\365\334"
 101      6D4D4C94 
 101      25A00989 
 101      3E082912 
 101      6993F5DC 
 102 005c 7B6776D7 		.ascii	"{gv\327\237\215\361f\356\334\271\337\234\357;\337\235"
 102      9F8DF166 
 102      EEDCB9DF 
 102      9CEF3BDF 
 102      9D
 103 006d 73268B10 		.ascii	"s&\213\020r\336E\310n \244\007\237\0238$\\#8\021\"a"
 103      72DE45C8 
 103      6E20A407 
 103      9F133824 
 103      5C233811 
 104 0083 22068690 		.ascii	"\"\006\206\220a\234Q\2341\234\223\344\355\321\010\""
 104      619C519C 
 104      319C93E4 
 104      EDD10822 
 105 0093 EE00CE29 		.ascii	"\356\000\316)\233;f\277\2436?\366\016^s\032o\332\346"
 105      9B3B66BF 
 105      A3363FF6 
 105      0E5E731A 
 105      6FDAE6
 106 00a6 4DA4F1A2 		.ascii	"M\244\361\242\031\362\265J\360h\264\367\242\324(\301"
 106      19F2B54A 
 106      F068B4F7 
 106      A2D428C1 
 107 00b6 261998F3 		.ascii	"&\031\230\363\365\010]~\326\377r\255\200X\304\217m="
 107      F5085D7E 
 107      D6FF72AD 
 107      8058C48F 
 107      6D3D
 108 00c8 737912E5 		.ascii	"sy\022\345\317\313]\363wd\367%K\214\234\000\201k 9R"
 108      CFCB5DF3 
 108      7764F725 
 108      4B8C9C00 
 108      816B2039 
 109 00dd D3CD4BDD 		.ascii	"\323\315K\335\331R\005\017\234\372\256\357,\223\375"
 109      D952050F 
 109      9CFAAEEF 
 109      2C93FD
 110 00ec 5806176E 		.ascii	"X\006\027n\027\307;\346\327\341\366\023\031\212Z%\032"
 110      17C73BE6 
 110      D7E1F613 
 110      198A5A25 
ARM GAS  /tmp/ccXZ5GSe.s 			page 8


 110      1A
 111 00fd 7FF0DFC3 		.ascii	"\177\360\337\303u o>nY\015V\347Q+\367\013\002\375\260"
 111      75206F3E 
 111      6E590D56 
 111      E7512BF7 
 111      0B02FDB0 
 112 0111 11AEC346 		.ascii	"\021\256\303F\0027`3K\375\033\270\011\\E\360W\004\177"
 112      02376033 
 112      4BFD1BB8 
 112      095C45F0 
 112      57047F
 113 0124 62E98626 		.ascii	"b\351\206&\332+\332\227,\253\010\006@\206\337A\3421"
 113      DA2BDA97 
 113      2CAB0806 
 113      4086DF41 
 113      E231
 114 0136 F89537C9 		.ascii	"\370\2257\311\302@o\367\311\256,\251\001\230\003z\343"
 114      C2406FF7 
 114      C9AE2CA9 
 114      0198037A 
 114      E3
 115 0147 CC93619A 		.ascii	"\314\223a\232)\307\255\2149\342\275\305#\337[\026\205"
 115      29C7AD8C 
 115      39E2BDC5 
 115      23DF5B16 
 115      85
 116 0158 30E6B899 		.ascii	"0\346\270\231\312\201)\331\202(&\032\210\204\007\363"
 116      CA8129D9 
 116      8228261A 
 116      888407F3 
 117 0168 E2F008F0 		.ascii	"\342\360\010\360\343B\001??\200\270\343\312&\337'\234"
 117      E342013F 
 117      3F80B8E3 
 117      CA26DF27 
 117      9C
 118 0179 01024794 		.ascii	"\001\002G\224\212\305\016e\033\207\002I\204\332\032"
 118      8AC50E65 
 118      1B870249 
 118      84DA1A
 119 0188 D4D1E597 		.ascii	"\324\321\345\227-\000\351\252\342\275H\347\014\321v"
 119      2D00E9AA 
 119      E2BD48E7 
 119      0CD176
 120 0197 E2218D27 		.ascii	"\342!\215' \232J\226Fy\313+I\276N\232J\035\022\354r"
 120      209A4A96 
 120      4679CB2B 
 120      49BE4E9A 
 120      4A1D12EC 
 121 01ac 5F791C6F 		.ascii	"_y\034o\242\2630\203o\367\023\322\222\343\347\205o|"
 121      A2B33083 
 121      6FF713D2 
 121      92E3E785 
 121      6F7C
 122 01be BADA0C52 		.ascii	"\272\332\014R?\257\001\014'V\206\326\213.\240\254A\236"
 122      3FAF010C 
 122      275686D6 
 122      8B2EA0AC 
ARM GAS  /tmp/ccXZ5GSe.s 			page 9


 122      419E
 123 01d0 C7CEE589 		.ascii	"\307\316\345\211.(\300\355\245\246D\353\232\302S\354"
 123      2E28C0ED 
 123      A5A644EB 
 123      9AC253EC 
 124 01e0 B3B71CB5 		.ascii	"\263\267\034\265\012(\034\330\000\177`1nc1\010\374\011"
 124      0A281CD8 
 124      007F6031 
 124      6E633108 
 124      FC09
 125 01f2 8578D75D 		.ascii	"\205x\327]vig\226\377w\025wZ\235\263\330\006\327\213"
 125      76696796 
 125      FF771577 
 125      5A9DB3D8 
 125      06D78B
 126 0205 6EC68E59 		.ascii	"n\306\216Y\223\310\373\234\307A$U\247\010\353G\030\202"
 126      93C8FB9C 
 126      C7412455 
 126      A708EB47 
 126      1882
 127 0217 59804188 		.ascii	"Y\200A\210\243\267a(F\376\302\343\027\377\312\322\262"
 127      A3B76128 
 127      46FEC2E3 
 127      17FFCAD2 
 127      B2
 128 0228 B0F5C3D2 		.ascii	"\260\365\303\322\375X\266-6]\321a\0155X\254\342Li$\245"
 128      FD58B62D 
 128      365DD161 
 128      0D3558AC 
 128      E24C6924 
 129 023d 34F2A652 		.ascii	"4\362\246R\224+\235\371{\356\002\225\022B)\332s-\002"
 129      942B9DF9 
 129      7BEE0295 
 129      124229DA 
 129      732D02
 130 0250 2E2A1A83 		.ascii	".*\032\203\231Ell\345\347AW\022\273\003\034\\\2745s"
 130      99456C6C 
 130      E5E74157 
 130      12BB031C 
 130      5CBC3573 
 131 0264 8A663CEB 		.ascii	"\212f<\353\030?\353]\260\017\333\375\313\331\213\371"
 131      183FEB5D 
 131      B00FDBFD 
 131      CBD98BF9 
 132 0274 E86F16FB 		.ascii	"\350o\026\3731zwk{\337\202u\\\346Q0\232\3627j\377y\020"
 132      317A776B 
 132      7BDF8275 
 132      5CE65130 
 132      9AF2376A 
 133 028b E3BEFE99 		.ascii	"\343\276\376\231\011?\227\2440\315\350\353\364_]\003"
 133      093F97A4 
 133      30CDE8EB 
 133      F45F5D03 
 134 029b 6B335A98 		.ascii	"k3Z\230\340\026\3569\026:\227W>\263\035\254~\332a\335"
 134      E016EE39 
 134      163A9757 
 134      3EB31DAC 
ARM GAS  /tmp/ccXZ5GSe.s 			page 10


 134      7EDA61DD 
 135 02af A62C00C6 		.ascii	"\246,\000\306S\331\307\235\354\223<{GC\337\\V\376\211"
 135      53D9C79D 
 135      EC933C7B 
 135      4743DF5C 
 135      56FE89
 136 02c2 E4BFC6CD 		.ascii	"\344\277\306\315:\277\033\201)\310\347\301\270bp[be"
 136      3ABF1B81 
 136      29C8E7C1 
 136      B862705B 
 136      6265
 137 02d4 7E4D7AF0 		.ascii	"~Mz\360\304k\301\323v0[\313\334Je\255V\255\355\331\253"
 137      C46BC1D3 
 137      76305BCB 
 137      DC4A65AD 
 137      56ADEDD9 
 138 02e9 040DA5D6 		.ascii	"\004\015\245\326\353W\016\006C\246\241\354\375\272\252"
 138      EB570E06 
 138      43A6A1EC 
 138      FDBAAA
 139 02f8 BC4CDC77 		.ascii	"\274L\334w\226\326\327+\206\031(/\363hF\310\355\313"
 139      96D6D72B 
 139      8619282F 
 139      F36846C8 
 139      EDCB
 140 030a D9B5FB9B 		.ascii	"\331\265\373\233\242\312\322R\"{<u\232n\"nnU\352\214"
 140      A2CAD252 
 140      227B3C75 
 140      9A6E226E 
 140      6E55EA8C 
 141 031e 90E20D05 		.ascii	"\220\342\015\005J\364\240\256\226\250\336j\215#\232"
 141      4AF4A0AE 
 141      96A8DE6A 
 141      8D239A
 142 032d EEF3D7D5 		.ascii	"\356\363\327\325\250J\300\353\253\325tU\361\324\250"
 142      A84AC0EB 
 142      ABD57455 
 142      F1D4A8
 143 033c DF7AEBFC 		.ascii	"\337z\353\374\246\307<rP5\334\265$\307Q(y\217\202q\304"
 143      A6C73C72 
 143      5035DCB5 
 143      24C75128 
 143      798F8271 
 144 0351 503C8659 		.ascii	"P<\206Y\203\341H\313\326B\207\276\3245\263\374\303\355"
 144      83E148CB 
 144      D64287BE 
 144      D435B3FC 
 144      C3ED
 145 0363 935CE46E 		.ascii	"\223\\\344nW5d\027\350\2075\337\016\335[\355W\367\251"
 145      57356417 
 145      E88735DF 
 145      0EDD5BED 
 145      57F7A9
 146 0376 3E3318DA 		.ascii	">3\030\332\222A\316\027\014\004\202\272\262\355\253"
 146      9241CE17 
 146      0C0482BA 
 146      B2EDAB
ARM GAS  /tmp/ccXZ5GSe.s 			page 11


 147 0385 AACAAA7A 		.ascii	"\252\312\252z\205\261\320\303Gl\335\256\031)\372+\327"
 147      85B1D0C3 
 147      476CDDAE 
 147      1929FA2B 
 147      D7
 148 0396 D5BA70   		.ascii	"\325\272p"
 149              		.text
 150              		.section	.gnu.lto_.symtab.bd25e75965adc366,"",%progbits
 151 0000 69727149 		.ascii	"irqInit\000"
 151      6E697400 
 152 0008 00       		.ascii	"\000"
 153 0009 00       		.ascii	"\000"
 154 000a 00       		.ascii	"\000"
 155 000b 00000000 		.ascii	"\000\000\000\000\000\000\000\000"
 155      00000000 
 156 0013 C5000000 		.ascii	"\305\000\000\000"
 157 0017 69727144 		.ascii	"irqDeinit\000"
 157      65696E69 
 157      7400
 158 0021 00       		.ascii	"\000"
 159 0022 00       		.ascii	"\000"
 160 0023 00       		.ascii	"\000"
 161 0024 00000000 		.ascii	"\000\000\000\000\000\000\000\000"
 161      00000000 
 162 002c C7000000 		.ascii	"\307\000\000\000"
 163 0030 6E766963 		.ascii	"nvicEnableVector\000"
 163      456E6162 
 163      6C655665 
 163      63746F72 
 163      00
 164 0041 00       		.ascii	"\000"
 165 0042 02       		.ascii	"\002"
 166 0043 00       		.ascii	"\000"
 167 0044 00000000 		.ascii	"\000\000\000\000\000\000\000\000"
 167      00000000 
 168 004c CC000000 		.ascii	"\314\000\000\000"
 169 0050 6E766963 		.ascii	"nvicDisableVector\000"
 169      44697361 
 169      626C6556 
 169      6563746F 
 169      7200
 170 0062 00       		.ascii	"\000"
 171 0063 02       		.ascii	"\002"
 172 0064 00       		.ascii	"\000"
 173 0065 00000000 		.ascii	"\000\000\000\000\000\000\000\000"
 173      00000000 
 174 006d D0000000 		.ascii	"\320\000\000\000"
 175              		.text
 176              		.section	.gnu.lto_.opts,"",%progbits
 177 0000 272D666D 		.ascii	"'-fmath-errno' '-fsigned-zeros' '-ftrapping-math' '"
 177      6174682D 
 177      6572726E 
 177      6F272027 
 177      2D667369 
 178 0033 2D666E6F 		.ascii	"-fno-trapv' '-fno-openmp' '-fno-openacc' '-mcpu=cor"
 178      2D747261 
 178      70762720 
ARM GAS  /tmp/ccXZ5GSe.s 			page 12


 178      272D666E 
 178      6F2D6F70 
 179 0066 7465782D 		.ascii	"tex-m3' '-mthumb' '-O2' '-fomit-frame-pointer' '-fa"
 179      6D332720 
 179      272D6D74 
 179      68756D62 
 179      2720272D 
 180 0099 6C69676E 		.ascii	"lign-functions=16' '-ffunction-sections' '-fdata-se"
 180      2D66756E 
 180      6374696F 
 180      6E733D31 
 180      36272027 
 181 00cc 6374696F 		.ascii	"ctions' '-fno-common' '-flto'\000"
 181      6E732720 
 181      272D666E 
 181      6F2D636F 
 181      6D6D6F6E 
 182              		.text
 183              		.comm	__gnu_lto_v1,1,1
 184              		.comm	__gnu_lto_slim,1,1
 185              		.ident	"GCC: (GNU) 7.3.0"
ARM GAS  /tmp/ccXZ5GSe.s 			page 13


DEFINED SYMBOLS
                            *ABS*:0000000000000000 stm32_isr.c
                            *COM*:0000000000000001 __gnu_lto_v1
                            *COM*:0000000000000001 __gnu_lto_slim

NO UNDEFINED SYMBOLS
